checking for paramfile
no paramfile: using command line arguments
Progress  2014-10-23 04:59:47.885553000+0000  LOG_START

_____________________________________________________________________________

        Wrapper (_swiftwrap.staging)
_____________________________________________________________________________

python -out stdout.txt -err stderr.txt -i -d /s3/wordCount-s3fs-mapreduce/input|/s3/wordCount-s3fs-mapreduce/output/3 -if /s3/wordCount-s3fs-mapreduce/input/split-0003 -of -cf /s3/wordCount-s3fs-mapreduce/output/3/*.txt -cdmfile -status provider -a /s3/wordCount-s3fs-mapreduce/wordCount.py 3 16 /s3/wordCount-s3fs-mapreduce/input/split-0003
PWD=/s3/wordCount-s3fs-mapreduce/wordCount-run003/jobs/z/python-zs8yu7zl
EXEC=/usr/bin/python
STDIN=
STDOUT=stdout.txt
STDERR=stderr.txt
DIRS=/s3/wordCount-s3fs-mapreduce/input|/s3/wordCount-s3fs-mapreduce/output/3
INF=/s3/wordCount-s3fs-mapreduce/input/split-0003
OUTF=
COLLECT=/s3/wordCount-s3fs-mapreduce/output/3/*.txt
ARGS=/s3/wordCount-s3fs-mapreduce/wordCount.py 3 16 /s3/wordCount-s3fs-mapreduce/input/split-0003
ARGC=4
Progress  2014-10-23 04:59:48.571868163+0000  CREATE_INPUTDIR
Created output directory: /s3/wordCount-s3fs-mapreduce/input
Created output directory: /s3/wordCount-s3fs-mapreduce/output/3
Progress  2014-10-23 04:59:49.072623482+0000  EXECUTE
Progress  2014-10-23 04:59:55.694567340+0000  COLLECT
Collect list is /s3/wordCount-s3fs-mapreduce/output/3/*.txt
Collecting /s3/wordCount-s3fs-mapreduce/output/3/*.txt
Progress  2014-10-23 04:59:56.221487656+0000  EXECUTE_DONE
Job ran successfully
Progress  2014-10-23 04:59:56.303248421+0000  END
