2014-10-22 05:23:24,592+0000 INFO  Loader JAVA Oracle Corporation Java HotSpot(TM) 64-Bit Server VM 1.7.0_51
2014-10-22 05:23:24,597+0000 INFO  Loader VERSION Swift trunk git-rev: 2d334140f2c288e5aeb3d354de0ecda35b4b3aac heads/master 6130 (modified locally)
2014-10-22 05:23:24,597+0000 INFO  Loader RUN_ID run004
2014-10-22 05:23:24,597+0000 INFO  Loader ARGUMENTS [-runid, run004, -logfile, /home/ubuntu/swift-cloud-tutorial/cs553-a2/wordCount-adv/run004/swift.log, wordCount.swift]
2014-10-22 05:23:24,597+0000 INFO  Loader MAX_HEAP 954728448
2014-10-22 05:23:24,597+0000 INFO  Loader GLOBUS_HOSTNAME ip-172-31-14-249
2014-10-22 05:23:24,597+0000 INFO  Loader CWD /home/ubuntu/swift-cloud-tutorial/cs553-a2/wordCount-adv/.
2014-10-22 05:23:24,600+0000 DEBUG Loader SWIFT_CONFIGURATION 
[D] /usr/local/bin/swift-trunk/etc/swift.conf
[R] swift.conf
[C] <Command Line>
{
    TCPPortRange: "50000, 50100"                            # [D] line 27
    alwaysTransferWrapperLog: true                          # [R] line 46
    executionRetries: 0                                     # [R] line 43
    fileOperationsThrottle: 8                               # [D] line 121
    fileTransfersThrottle: 4                                # [D] line 107
    hostJobSubmitThrottle: 2                                # [D] line 95
    jobSubmitThrottle: 4                                    # [D] line 83
    keepSiteDir: true                                       # [R] line 44
    lazyErrors: false                                       # [R] line 42
    logProvenance: false                                    # [D] line 200
    maxForeachThreads: 16384                                # [D] line 194
    providerStagingPinSwiftFiles: false                     # [R] line 45
    replicationEnabled: false                               # [D] line 146
    replicationLimit: 3                                     # [D] line 157
    replicationMinQueueTime: 60                             # [D] line 153
	site {
		cloud-static {
            app.python.executable: "/usr/bin/python"        # [R] line 32
			execution {
                URL: "http://127.0.0.1:50010"               # [R] line 23
                jobManager: "local:local"                   # [R] line 24
				options {
                    maxJobs: 10                             # [R] line 26
                    tasksPerNode: 4                         # [R] line 27
				}
                type: "coaster-persistent"                  # [R] line 22
			}
            filesystem.type: "local"                        # [R] line 37
            initialParallelTasks: 20                        # [R] line 35
            maxParallelTasks: 20                            # [R] line 36
            staging: "local"                                # [R] line 39
            workDirectory: "/tmp/swiftwork"                 # [R] line 38
		}
		local {
            app.m_script.executable: "/home/ubuntu/swift-cloud-tutorial/cs553-a2/wordCount-adv/merge.sh"# [C]
			execution {
                URL: "localhost"                            # [R] line 10
                type: "local"                               # [R] line 9
			}
			filesystem {
                URL: "localhost"                            # [R] line 6
                type: "local"                               # [R] line 5
			}
            initialParallelTasks: 31                        # [R] line 17
            maxParallelTasks: 32                            # [R] line 16
            workDirectory: "/tmp/ubuntu/swiftwork"          # [C]
		}
	}
    sites: [local, cloud-static]                            # [R] line 1
    tracingEnabled: false                                   # [D] line 51
}

2014-10-22 05:23:24,602+0000 DEBUG textfiles BEGIN SWIFTSCRIPT:
type file;

file wc_script <"wordCount.py">;
file m_script <"merge.py">;

app (file outfile) wordCount (file infile, file wc_script)
{
    python @wc_script @infile stdout=@outfile;
}

app (file outfile) merge (file[] infiles, file m_py)
{
    m_script @filenames(infiles) stdout=@outfile;
}

file infile[] <filesys_mapper;pattern="split-*", location="input">;
file wcfile[];
file wclog[] <simple_mapper;prefix="wclog",suffix=".txt", padding=4, location="output">;

tracef("test\n");
foreach f,i in infile {
//    tracef("%s\n",@f);
    wcfile[i]=wordCount(f,wc_script);
}

file mfile <"output/result.txt">;
file mlog <"output/mlog.txt">;

mfile=merge(wcfile,m_script);


2014-10-22 05:23:24,602+0000 DEBUG textfiles END SWIFTSCRIPT:
2014-10-22 05:23:24,603+0000 INFO  Loader wordCount.swift: source file is new. Recompiling.
2014-10-22 05:23:25,543+0000 INFO  Warnings Warning: The @ syntax for function invocation is deprecated
2014-10-22 05:23:26,634+0000 INFO  Loader RUN_START
2014-10-22 05:23:26,649+0000 INFO  SwiftExecutor swift.home = /usr/local/bin/swift-trunk
2014-10-22 05:23:26,699+0000 INFO  AbstractScheduler Setting resources to: {cloud-static=cloud-static, local=local}
2014-10-22 05:23:26,713+0000 INFO  GlobalSubmitQueue No global submit throttle set. Using default (1024)
2014-10-22 05:23:26,735+0000 INFO  LateBindingScheduler jobs queued: 0
2014-10-22 05:23:26,737+0000 INFO  LateBindingScheduler jobs queued: 0
2014-10-22 05:23:26,759+0000 INFO  RuntimeStats$ProgressTicker HeapMax: 954728448, CrtHeap: 75497472, UsedHeap: 21520752, JVMThreads: 14
2014-10-22 05:23:26,760+0000 INFO  RuntimeStats$ProgressTicker 
2014-10-22 05:23:26,764+0000 DEBUG swift INTERNALPROC_START thread=R-6 name=tracef
2014-10-22 05:23:26,764+0000 DEBUG swift PROCEDURE line=11 thread=R-8 name=merge
2014-10-22 05:23:26,769+0000 INFO  Tracef test

2014-10-22 05:23:26,769+0000 DEBUG swift INTERNALPROC_END thread=R-6 name=tracef
2014-10-22 05:23:26,770+0000 DEBUG swift FOREACH_IT_START line=21 thread=R-7-0
2014-10-22 05:23:26,770+0000 DEBUG swift SCOPE thread=R-7-0
2014-10-22 05:23:26,770+0000 DEBUG swift PROCEDURE line=6 thread=R-7-0 name=wordCount
2014-10-22 05:23:26,770+0000 DEBUG swift FOREACH_IT_START line=21 thread=R-7-1
2014-10-22 05:23:26,770+0000 DEBUG swift SCOPE thread=R-7-1
2014-10-22 05:23:26,770+0000 DEBUG swift PROCEDURE line=6 thread=R-7-1 name=wordCount
2014-10-22 05:23:26,771+0000 DEBUG swift FOREACH_IT_START line=21 thread=R-7-2
2014-10-22 05:23:26,771+0000 DEBUG swift SCOPE thread=R-7-2
2014-10-22 05:23:26,771+0000 DEBUG swift PROCEDURE line=6 thread=R-7-2 name=wordCount
2014-10-22 05:23:26,774+0000 DEBUG swift FOREACH_IT_START line=21 thread=R-7-3
2014-10-22 05:23:26,774+0000 DEBUG swift SCOPE thread=R-7-3
2014-10-22 05:23:26,774+0000 DEBUG swift PROCEDURE line=6 thread=R-7-3 name=wordCount
2014-10-22 05:23:26,778+0000 DEBUG swift FOREACH_IT_START line=21 thread=R-7-4
2014-10-22 05:23:26,778+0000 DEBUG swift SCOPE thread=R-7-4
2014-10-22 05:23:26,778+0000 DEBUG swift PROCEDURE line=6 thread=R-7-4 name=wordCount
2014-10-22 05:23:26,779+0000 DEBUG swift FOREACH_IT_START line=21 thread=R-7x2
2014-10-22 05:23:26,779+0000 DEBUG swift SCOPE thread=R-7x2
2014-10-22 05:23:26,779+0000 DEBUG swift PROCEDURE line=6 thread=R-7x2 name=wordCount
2014-10-22 05:23:26,778+0000 DEBUG swift FOREACH_IT_START line=21 thread=R-7-5
2014-10-22 05:23:26,780+0000 DEBUG swift SCOPE thread=R-7-5
2014-10-22 05:23:26,780+0000 DEBUG swift PROCEDURE line=6 thread=R-7-5 name=wordCount
2014-10-22 05:23:26,780+0000 DEBUG swift FOREACH_IT_START line=21 thread=R-7-9
2014-10-22 05:23:26,780+0000 DEBUG swift SCOPE thread=R-7-9
2014-10-22 05:23:26,779+0000 DEBUG swift FOREACH_IT_START line=21 thread=R-7-8
2014-10-22 05:23:26,780+0000 DEBUG swift SCOPE thread=R-7-8
2014-10-22 05:23:26,779+0000 DEBUG swift FOREACH_IT_START line=21 thread=R-7-6
2014-10-22 05:23:26,780+0000 DEBUG swift FOREACH_IT_START line=21 thread=R-7-10
2014-10-22 05:23:26,781+0000 DEBUG swift SCOPE thread=R-7-10
2014-10-22 05:23:26,781+0000 DEBUG swift SCOPE thread=R-7-6
2014-10-22 05:23:26,781+0000 DEBUG swift PROCEDURE line=6 thread=R-7-9 name=wordCount
2014-10-22 05:23:26,782+0000 DEBUG swift THREAD_ASSOCIATION jobid=python-u7qb96zl thread=R-7-1 host=cloud-static replicationGroup=null
2014-10-22 05:23:26,782+0000 DEBUG swift PROCEDURE line=6 thread=R-7-8 name=wordCount
2014-10-22 05:23:26,783+0000 DEBUG swift THREAD_ASSOCIATION jobid=python-v7qb96zl thread=R-7-2 host=cloud-static replicationGroup=null
2014-10-22 05:23:26,784+0000 DEBUG swift PROCEDURE line=6 thread=R-7-10 name=wordCount
2014-10-22 05:23:26,784+0000 DEBUG swift JOB_START jobid=python-v7qb96zl tr=python arguments=[wordCount.py, input/split-0008] tmpdir=wordCount-run004/jobs/v/python-v7qb96zl host=cloud-static
2014-10-22 05:23:26,785+0000 DEBUG swift THREAD_ASSOCIATION jobid=python-x7qb96zl thread=R-7-3 host=cloud-static replicationGroup=null
2014-10-22 05:23:26,785+0000 DEBUG swift JOB_START jobid=python-x7qb96zl tr=python arguments=[wordCount.py, input/split-0006] tmpdir=wordCount-run004/jobs/x/python-x7qb96zl host=cloud-static
2014-10-22 05:23:26,786+0000 DEBUG swift PROCEDURE line=6 thread=R-7-6 name=wordCount
2014-10-22 05:23:26,786+0000 DEBUG swift JOB_START jobid=python-u7qb96zl tr=python arguments=[wordCount.py, input/split-0001] tmpdir=wordCount-run004/jobs/u/python-u7qb96zl host=cloud-static
2014-10-22 05:23:26,787+0000 DEBUG swift THREAD_ASSOCIATION jobid=python-y7qb96zl thread=R-7-4 host=cloud-static replicationGroup=null
2014-10-22 05:23:26,791+0000 DEBUG swift JOB_START jobid=python-y7qb96zl tr=python arguments=[wordCount.py, input/split-0009] tmpdir=wordCount-run004/jobs/y/python-y7qb96zl host=cloud-static
2014-10-22 05:23:26,799+0000 INFO  Execute JOB_TASK jobid=python-x7qb96zl taskid=urn:R-7-3-1413955404590 exec=/bin/bash dir=wordCount-run004/jobs/x/python-x7qb96zl args=_swiftwrap.staging -e /usr/bin/python -out _concurrent/wcfile-17-R/[3] -err stderr.txt -i -d input|_concurrent/wcfile-17-R -if input/split-0006|wordCount.py -of _concurrent/wcfile-17-R/[3] -cf  -cdmfile  -status provider -a wordCount.py input/split-0006
2014-10-22 05:23:26,799+0000 INFO  Execute JOB_TASK jobid=python-u7qb96zl taskid=urn:R-7-1-1413955404592 exec=/bin/bash dir=wordCount-run004/jobs/u/python-u7qb96zl args=_swiftwrap.staging -e /usr/bin/python -out _concurrent/wcfile-17-R/[1] -err stderr.txt -i -d input|_concurrent/wcfile-17-R -if wordCount.py|input/split-0001 -of _concurrent/wcfile-17-R/[1] -cf  -cdmfile  -status provider -a wordCount.py input/split-0001
2014-10-22 05:23:26,800+0000 DEBUG swift THREAD_ASSOCIATION jobid=python-z7qb96zl thread=R-7-0 host=cloud-static replicationGroup=null
2014-10-22 05:23:26,801+0000 DEBUG swift JOB_START jobid=python-z7qb96zl tr=python arguments=[wordCount.py, input/split-0005] tmpdir=wordCount-run004/jobs/z/python-z7qb96zl host=cloud-static
2014-10-22 05:23:26,801+0000 INFO  Execute JOB_TASK jobid=python-z7qb96zl taskid=urn:R-7-0-1413955404594 exec=/bin/bash dir=wordCount-run004/jobs/z/python-z7qb96zl args=_swiftwrap.staging -e /usr/bin/python -out _concurrent/wcfile-17-R/[0] -err stderr.txt -i -d input|_concurrent/wcfile-17-R -if input/split-0005|wordCount.py -of _concurrent/wcfile-17-R/[0] -cf  -cdmfile  -status provider -a wordCount.py input/split-0005
2014-10-22 05:23:26,802+0000 DEBUG swift THREAD_ASSOCIATION jobid=python-08qb96zl thread=R-7x2 host=cloud-static replicationGroup=null
2014-10-22 05:23:26,802+0000 DEBUG swift JOB_START jobid=python-08qb96zl tr=python arguments=[wordCount.py, input/split-0004] tmpdir=wordCount-run004/jobs/0/python-08qb96zl host=cloud-static
2014-10-22 05:23:26,802+0000 INFO  Execute JOB_TASK jobid=python-08qb96zl taskid=urn:R-7x2-1413955404596 exec=/bin/bash dir=wordCount-run004/jobs/0/python-08qb96zl args=_swiftwrap.staging -e /usr/bin/python -out _concurrent/wcfile-17-R/[7] -err stderr.txt -i -d input|_concurrent/wcfile-17-R -if wordCount.py|input/split-0004 -of _concurrent/wcfile-17-R/[7] -cf  -cdmfile  -status provider -a wordCount.py input/split-0004
2014-10-22 05:23:26,805+0000 DEBUG swift THREAD_ASSOCIATION jobid=python-18qb96zl thread=R-7-9 host=cloud-static replicationGroup=null
2014-10-22 05:23:26,805+0000 DEBUG swift JOB_START jobid=python-18qb96zl tr=python arguments=[wordCount.py, input/split-0000] tmpdir=wordCount-run004/jobs/1/python-18qb96zl host=cloud-static
2014-10-22 05:23:26,806+0000 INFO  Execute JOB_TASK jobid=python-18qb96zl taskid=urn:R-7-9-1413955404598 exec=/bin/bash dir=wordCount-run004/jobs/1/python-18qb96zl args=_swiftwrap.staging -e /usr/bin/python -out _concurrent/wcfile-17-R/[9] -err stderr.txt -i -d input|_concurrent/wcfile-17-R -if wordCount.py|input/split-0000 -of _concurrent/wcfile-17-R/[9] -cf  -cdmfile  -status provider -a wordCount.py input/split-0000
2014-10-22 05:23:26,807+0000 DEBUG swift THREAD_ASSOCIATION jobid=python-28qb96zl thread=R-7-8 host=cloud-static replicationGroup=null
2014-10-22 05:23:26,807+0000 DEBUG swift JOB_START jobid=python-28qb96zl tr=python arguments=[wordCount.py, input/split-0003] tmpdir=wordCount-run004/jobs/2/python-28qb96zl host=cloud-static
2014-10-22 05:23:26,807+0000 INFO  Execute TASK_STATUS_CHANGE taskid=urn:R-7-1-1413955404592 status=8
2014-10-22 05:23:26,808+0000 INFO  Execute JOB_TASK jobid=python-28qb96zl taskid=urn:R-7-8-1413955404600 exec=/bin/bash dir=wordCount-run004/jobs/2/python-28qb96zl args=_swiftwrap.staging -e /usr/bin/python -out _concurrent/wcfile-17-R/[8] -err stderr.txt -i -d input|_concurrent/wcfile-17-R -if wordCount.py|input/split-0003 -of _concurrent/wcfile-17-R/[8] -cf  -cdmfile  -status provider -a wordCount.py input/split-0003
2014-10-22 05:23:26,808+0000 DEBUG swift THREAD_ASSOCIATION jobid=python-38qb96zl thread=R-7-10 host=cloud-static replicationGroup=null
2014-10-22 05:23:26,809+0000 INFO  Execute TASK_STATUS_CHANGE taskid=urn:R-7-3-1413955404590 status=8
2014-10-22 05:23:26,809+0000 INFO  Execute JOB_TASK jobid=python-y7qb96zl taskid=urn:R-7-4-1413955404601 exec=/bin/bash dir=wordCount-run004/jobs/y/python-y7qb96zl args=_swiftwrap.staging -e /usr/bin/python -out _concurrent/wcfile-17-R/[4] -err stderr.txt -i -d input|_concurrent/wcfile-17-R -if wordCount.py|input/split-0009 -of _concurrent/wcfile-17-R/[4] -cf  -cdmfile  -status provider -a wordCount.py input/split-0009
2014-10-22 05:23:26,809+0000 DEBUG swift JOB_START jobid=python-38qb96zl tr=python arguments=[wordCount.py, input/split-0007] tmpdir=wordCount-run004/jobs/3/python-38qb96zl host=cloud-static
2014-10-22 05:23:26,809+0000 DEBUG swift THREAD_ASSOCIATION jobid=python-48qb96zl thread=R-7-6 host=cloud-static replicationGroup=null
2014-10-22 05:23:26,810+0000 DEBUG swift JOB_START jobid=python-48qb96zl tr=python arguments=[wordCount.py, input/split-0010] tmpdir=wordCount-run004/jobs/4/python-48qb96zl host=cloud-static
2014-10-22 05:23:26,799+0000 INFO  Execute JOB_TASK jobid=python-v7qb96zl taskid=urn:R-7-2-1413955404591 exec=/bin/bash dir=wordCount-run004/jobs/v/python-v7qb96zl args=_swiftwrap.staging -e /usr/bin/python -out _concurrent/wcfile-17-R/[2] -err stderr.txt -i -d input|_concurrent/wcfile-17-R -if wordCount.py|input/split-0008 -of _concurrent/wcfile-17-R/[2] -cf  -cdmfile  -status provider -a wordCount.py input/split-0008
2014-10-22 05:23:26,810+0000 INFO  Execute JOB_TASK jobid=python-38qb96zl taskid=urn:R-7-10-1413955404603 exec=/bin/bash dir=wordCount-run004/jobs/3/python-38qb96zl args=_swiftwrap.staging -e /usr/bin/python -out _concurrent/wcfile-17-R/[10-19]/[10] -err stderr.txt -i -d input|_concurrent/wcfile-17-R/[10-19] -if wordCount.py|input/split-0007 -of _concurrent/wcfile-17-R/[10-19]/[10] -cf  -cdmfile  -status provider -a wordCount.py input/split-0007
2014-10-22 05:23:26,813+0000 DEBUG swift THREAD_ASSOCIATION jobid=python-58qb96zl thread=R-7-5 host=cloud-static replicationGroup=null
2014-10-22 05:23:26,813+0000 DEBUG swift JOB_START jobid=python-58qb96zl tr=python arguments=[wordCount.py, input/split-0002] tmpdir=wordCount-run004/jobs/5/python-58qb96zl host=cloud-static
2014-10-22 05:23:26,814+0000 INFO  Execute JOB_TASK jobid=python-58qb96zl taskid=urn:R-7-5-1413955404605 exec=/bin/bash dir=wordCount-run004/jobs/5/python-58qb96zl args=_swiftwrap.staging -e /usr/bin/python -out _concurrent/wcfile-17-R/[5] -err stderr.txt -i -d input|_concurrent/wcfile-17-R -if wordCount.py|input/split-0002 -of _concurrent/wcfile-17-R/[5] -cf  -cdmfile  -status provider -a wordCount.py input/split-0002
2014-10-22 05:23:26,815+0000 INFO  Execute JOB_TASK jobid=python-48qb96zl taskid=urn:R-7-6-1413955404607 exec=/bin/bash dir=wordCount-run004/jobs/4/python-48qb96zl args=_swiftwrap.staging -e /usr/bin/python -out _concurrent/wcfile-17-R/[6] -err stderr.txt -i -d input|_concurrent/wcfile-17-R -if wordCount.py|input/split-0010 -of _concurrent/wcfile-17-R/[6] -cf  -cdmfile  -status provider -a wordCount.py input/split-0010
2014-10-22 05:23:26,832+0000 INFO  AbstractCoasterChannel TCPChannel[client, http://127.0.0.1:50010] setting name to http://127.0.0.1:50010
2014-10-22 05:23:26,839+0000 INFO  AbstractTCPChannel http://127.0.0.1:50010: channel started
2014-10-22 05:23:26,841+0000 INFO  AbstractCoasterChannel Timeout check started for http://127.0.0.1:50010
2014-10-22 05:23:26,844+0000 INFO  AbstractStreamCoasterChannel Using NIO sender for http://127.0.0.1:50010
2014-10-22 05:23:26,882+0000 INFO  Execute TASK_STATUS_CHANGE taskid=urn:R-7x2-1413955404596 status=8
2014-10-22 05:23:26,882+0000 INFO  Execute TASK_STATUS_CHANGE taskid=urn:R-7-9-1413955404598 status=8
2014-10-22 05:23:26,882+0000 INFO  Execute TASK_STATUS_CHANGE taskid=urn:R-7-8-1413955404600 status=8
2014-10-22 05:23:26,883+0000 INFO  Execute TASK_STATUS_CHANGE taskid=urn:R-7-4-1413955404601 status=8
2014-10-22 05:23:26,883+0000 INFO  Execute TASK_STATUS_CHANGE taskid=urn:R-7-2-1413955404591 status=8
2014-10-22 05:23:26,883+0000 INFO  Execute TASK_STATUS_CHANGE taskid=urn:R-7-10-1413955404603 status=8
2014-10-22 05:23:26,884+0000 INFO  Execute TASK_STATUS_CHANGE taskid=urn:R-7-5-1413955404605 status=8
2014-10-22 05:23:26,884+0000 INFO  Execute TASK_STATUS_CHANGE taskid=urn:R-7-6-1413955404607 status=8
2014-10-22 05:23:26,882+0000 INFO  Execute TASK_STATUS_CHANGE taskid=urn:R-7-0-1413955404594 status=8
2014-10-22 05:23:26,977+0000 INFO  Execute TASK_STATUS_CHANGE taskid=urn:R-7-1-1413955404592 status=1
2014-10-22 05:23:26,978+0000 INFO  Execute TASK_STATUS_CHANGE taskid=urn:R-7-3-1413955404590 status=1
2014-10-22 05:23:26,978+0000 INFO  Execute TASK_STATUS_CHANGE taskid=urn:R-7x2-1413955404596 status=1
2014-10-22 05:23:26,978+0000 INFO  Execute TASK_STATUS_CHANGE taskid=urn:R-7-9-1413955404598 status=1
2014-10-22 05:23:26,978+0000 INFO  Execute TASK_STATUS_CHANGE taskid=urn:R-7-8-1413955404600 status=1
2014-10-22 05:23:26,978+0000 INFO  Execute TASK_STATUS_CHANGE taskid=urn:R-7-4-1413955404601 status=1
2014-10-22 05:23:26,979+0000 INFO  Execute TASK_STATUS_CHANGE taskid=urn:R-7-2-1413955404591 status=1
2014-10-22 05:23:26,979+0000 INFO  Execute TASK_STATUS_CHANGE taskid=urn:R-7-10-1413955404603 status=1
2014-10-22 05:23:26,979+0000 INFO  Execute TASK_STATUS_CHANGE taskid=urn:R-7-5-1413955404605 status=1
2014-10-22 05:23:26,979+0000 INFO  Execute TASK_STATUS_CHANGE taskid=urn:R-7-6-1413955404607 status=1
2014-10-22 05:23:26,979+0000 INFO  Execute TASK_STATUS_CHANGE taskid=urn:R-7-0-1413955404594 status=1
2014-10-22 05:23:26,983+0000 INFO  Execute TASK_STATUS_CHANGE taskid=urn:R-7-1-1413955404592 status=16 workerid=0099:000000
2014-10-22 05:23:26,985+0000 INFO  GetFileHandler Handler(tag: 5, GET) request complete; src=file://localhost//home/ubuntu/swift-cloud-tutorial/cs553-a2/wordCount-adv/input/split-0001
2014-10-22 05:23:26,992+0000 INFO  GetFileHandler Handler(tag: 5, GET) reader: LR-Handler(tag: 5, GET)
2014-10-22 05:23:26,992+0000 INFO  GetFileHandler Handler(tag: 5, GET) sending length: 101822, 1764846126
2014-10-22 05:23:26,999+0000 INFO  ReadBuffer RB-LR-Handler(tag: 5, GET) will ask for 4 buffers for a size of 101822
2014-10-22 05:23:26,999+0000 INFO  ReadBuffer RB-LR-Handler(tag: 5, GET) actual allocated buffers 4(0 queued)
2014-10-22 05:23:26,999+0000 INFO  LocalIOProvider LR-Handler(tag: 5, GET) rbuf: RB-LR-Handler(tag: 5, GET)
2014-10-22 05:23:27,000+0000 INFO  Execute TASK_STATUS_CHANGE taskid=urn:R-7-3-1413955404590 status=16 workerid=0099:000000
2014-10-22 05:23:27,001+0000 INFO  GetFileHandler Handler(tag: 8, GET) request complete; src=file://localhost//usr/local/bin/swift-trunk/libexec/_swiftwrap.staging
2014-10-22 05:23:27,001+0000 INFO  GetFileHandler Handler(tag: 8, GET) reader: LR-Handler(tag: 8, GET)
2014-10-22 05:23:27,001+0000 INFO  GetFileHandler Handler(tag: 8, GET) sending length: 6253, 976297458
2014-10-22 05:23:27,001+0000 INFO  ReadBuffer RB-LR-Handler(tag: 8, GET) will ask for 1 buffers for a size of 6253
2014-10-22 05:23:27,001+0000 INFO  ReadBuffer RB-LR-Handler(tag: 8, GET) actual allocated buffers 1(0 queued)
2014-10-22 05:23:27,001+0000 INFO  LocalIOProvider LR-Handler(tag: 8, GET) rbuf: RB-LR-Handler(tag: 8, GET)
2014-10-22 05:23:27,002+0000 INFO  GetFileHandler Handler(tag: 5, GET) unregistering (last)
2014-10-22 05:23:27,002+0000 INFO  ReadBuffer RB-LR-Handler(tag: -1, GET) de-allocating 4 buffers
2014-10-22 05:23:27,002+0000 INFO  GetFileHandler Handler(tag: 8, GET) unregistering (last)
2014-10-22 05:23:27,002+0000 INFO  ReadBuffer RB-LR-Handler(tag: -1, GET) de-allocating 1 buffers
2014-10-22 05:23:27,089+0000 INFO  GetFileHandler Handler(tag: 9, GET) request complete; src=file://localhost//usr/local/bin/swift-trunk/libexec/_swiftwrap.staging
2014-10-22 05:23:27,089+0000 INFO  GetFileHandler Handler(tag: 9, GET) reader: LR-Handler(tag: 9, GET)
2014-10-22 05:23:27,089+0000 INFO  GetFileHandler Handler(tag: 9, GET) sending length: 6253, 1269556487
2014-10-22 05:23:27,089+0000 INFO  ReadBuffer RB-LR-Handler(tag: 9, GET) will ask for 1 buffers for a size of 6253
2014-10-22 05:23:27,090+0000 INFO  ReadBuffer RB-LR-Handler(tag: 9, GET) actual allocated buffers 1(0 queued)
2014-10-22 05:23:27,090+0000 INFO  LocalIOProvider LR-Handler(tag: 9, GET) rbuf: RB-LR-Handler(tag: 9, GET)
2014-10-22 05:23:27,090+0000 INFO  GetFileHandler Handler(tag: 10, GET) request complete; src=file://localhost//home/ubuntu/swift-cloud-tutorial/cs553-a2/wordCount-adv/input/split-0006
2014-10-22 05:23:27,090+0000 INFO  GetFileHandler Handler(tag: 10, GET) reader: LR-Handler(tag: 10, GET)
2014-10-22 05:23:27,090+0000 INFO  GetFileHandler Handler(tag: 10, GET) sending length: 104332, 868505765
2014-10-22 05:23:27,090+0000 INFO  ReadBuffer RB-LR-Handler(tag: 10, GET) will ask for 4 buffers for a size of 104332
2014-10-22 05:23:27,090+0000 INFO  ReadBuffer RB-LR-Handler(tag: 10, GET) actual allocated buffers 4(0 queued)
2014-10-22 05:23:27,090+0000 INFO  LocalIOProvider LR-Handler(tag: 10, GET) rbuf: RB-LR-Handler(tag: 10, GET)
2014-10-22 05:23:27,090+0000 INFO  GetFileHandler Handler(tag: 9, GET) unregistering (last)
2014-10-22 05:23:27,090+0000 INFO  ReadBuffer RB-LR-Handler(tag: -1, GET) de-allocating 1 buffers
2014-10-22 05:23:27,091+0000 INFO  GetFileHandler Handler(tag: 10, GET) unregistering (last)
2014-10-22 05:23:27,091+0000 INFO  ReadBuffer RB-LR-Handler(tag: -1, GET) de-allocating 4 buffers
2014-10-22 05:23:27,149+0000 INFO  GetFileHandler Handler(tag: 11, GET) request complete; src=file://localhost//home/ubuntu/swift-cloud-tutorial/cs553-a2/wordCount-adv/wordCount.py
2014-10-22 05:23:27,149+0000 INFO  GetFileHandler Handler(tag: 11, GET) reader: LR-Handler(tag: 11, GET)
2014-10-22 05:23:27,149+0000 INFO  GetFileHandler Handler(tag: 11, GET) sending length: 584, 839813879
2014-10-22 05:23:27,149+0000 INFO  ReadBuffer RB-LR-Handler(tag: 11, GET) will ask for 1 buffers for a size of 584
2014-10-22 05:23:27,150+0000 INFO  ReadBuffer RB-LR-Handler(tag: 11, GET) actual allocated buffers 1(0 queued)
2014-10-22 05:23:27,150+0000 INFO  LocalIOProvider LR-Handler(tag: 11, GET) rbuf: RB-LR-Handler(tag: 11, GET)
2014-10-22 05:23:27,150+0000 INFO  GetFileHandler Handler(tag: 12, GET) request complete; src=file://localhost//home/ubuntu/swift-cloud-tutorial/cs553-a2/wordCount-adv/wordCount.py
2014-10-22 05:23:27,150+0000 INFO  GetFileHandler Handler(tag: 12, GET) reader: LR-Handler(tag: 12, GET)
2014-10-22 05:23:27,150+0000 INFO  GetFileHandler Handler(tag: 12, GET) sending length: 584, 1343585275
2014-10-22 05:23:27,150+0000 INFO  ReadBuffer RB-LR-Handler(tag: 12, GET) will ask for 1 buffers for a size of 584
2014-10-22 05:23:27,150+0000 INFO  ReadBuffer RB-LR-Handler(tag: 12, GET) actual allocated buffers 1(0 queued)
2014-10-22 05:23:27,150+0000 INFO  LocalIOProvider LR-Handler(tag: 12, GET) rbuf: RB-LR-Handler(tag: 12, GET)
2014-10-22 05:23:27,151+0000 INFO  GetFileHandler Handler(tag: 11, GET) unregistering (last)
2014-10-22 05:23:27,151+0000 INFO  ReadBuffer RB-LR-Handler(tag: -1, GET) de-allocating 1 buffers
2014-10-22 05:23:27,151+0000 INFO  GetFileHandler Handler(tag: 12, GET) unregistering (last)
2014-10-22 05:23:27,151+0000 INFO  ReadBuffer RB-LR-Handler(tag: -1, GET) de-allocating 1 buffers
2014-10-22 05:23:27,241+0000 INFO  Execute TASK_STATUS_CHANGE taskid=urn:R-7-1-1413955404592 status=2 workerid=0099:000000
2014-10-22 05:23:27,242+0000 INFO  Execute TASK_STATUS_CHANGE taskid=urn:R-7-3-1413955404590 status=2 workerid=0099:000000
2014-10-22 05:23:27,317+0000 INFO  Execute TASK_STATUS_CHANGE taskid=urn:R-7-1-1413955404592 status=17
2014-10-22 05:23:27,318+0000 INFO  PutFileHandler Handler(tag: 16, PUT) source: /tmp/swiftwork/wordCount-run004/jobs/u/python-u7qb96zl/wrapper.log
2014-10-22 05:23:27,318+0000 INFO  PutFileHandler Handler(tag: 16, PUT) destination: file://localhost/run004/wordCount-run004.d/python-u7qb96zl.info
2014-10-22 05:23:27,320+0000 INFO  PutFileHandler Handler(tag: 17, PUT) source: /tmp/swiftwork/wordCount-run004/jobs/u/python-u7qb96zl/_concurrent/wcfile-17-R/[1]
2014-10-22 05:23:27,320+0000 INFO  PutFileHandler Handler(tag: 16, PUT) Transfer done
2014-10-22 05:23:27,320+0000 INFO  PutFileHandler Handler(tag: 17, PUT) destination: file://localhost//home/ubuntu/swift-cloud-tutorial/cs553-a2/wordCount-adv/_concurrent/wcfile-17-R/[1]
2014-10-22 05:23:27,321+0000 INFO  PutFileHandler Handler(tag: 17, PUT) Transfer done
2014-10-22 05:23:27,321+0000 INFO  Execute TASK_STATUS_CHANGE taskid=urn:R-7-3-1413955404590 status=17
2014-10-22 05:23:27,321+0000 INFO  PutFileHandler Handler(tag: 19, PUT) source: /tmp/swiftwork/wordCount-run004/jobs/x/python-x7qb96zl/_concurrent/wcfile-17-R/[3]
2014-10-22 05:23:27,321+0000 INFO  PutFileHandler Handler(tag: 19, PUT) destination: file://localhost//home/ubuntu/swift-cloud-tutorial/cs553-a2/wordCount-adv/_concurrent/wcfile-17-R/[3]
2014-10-22 05:23:27,322+0000 INFO  PutFileHandler Handler(tag: 19, PUT) Transfer done
2014-10-22 05:23:27,322+0000 INFO  PutFileHandler Handler(tag: 20, PUT) source: /tmp/swiftwork/wordCount-run004/jobs/x/python-x7qb96zl/wrapper.log
2014-10-22 05:23:27,322+0000 INFO  PutFileHandler Handler(tag: 20, PUT) destination: file://localhost/run004/wordCount-run004.d/python-x7qb96zl.info
2014-10-22 05:23:27,322+0000 INFO  PutFileHandler Handler(tag: 20, PUT) Transfer done
2014-10-22 05:23:27,417+0000 INFO  LateBindingScheduler jobs queued: 0
2014-10-22 05:23:27,417+0000 INFO  Execute TASK_STATUS_CHANGE taskid=urn:R-7-1-1413955404592 status=7
2014-10-22 05:23:27,418+0000 DEBUG swift JOB_END jobid=python-u7qb96zl
2014-10-22 05:23:27,418+0000 INFO  swift END_SUCCESS thread=R-7-1 tr=python
2014-10-22 05:23:27,418+0000 DEBUG swift PROCEDURE_END line=6 thread=R-7-1 name=wordCount
2014-10-22 05:23:27,418+0000 DEBUG swift FOREACH_IT_END line=21 thread=R-7-1
2014-10-22 05:23:27,420+0000 INFO  LateBindingScheduler jobs queued: 0
2014-10-22 05:23:27,420+0000 INFO  Execute TASK_STATUS_CHANGE taskid=urn:R-7-3-1413955404590 status=7
2014-10-22 05:23:27,420+0000 DEBUG swift JOB_END jobid=python-x7qb96zl
2014-10-22 05:23:27,420+0000 INFO  swift END_SUCCESS thread=R-7-3 tr=python
2014-10-22 05:23:27,420+0000 DEBUG swift PROCEDURE_END line=6 thread=R-7-3 name=wordCount
2014-10-22 05:23:27,420+0000 DEBUG swift FOREACH_IT_END line=21 thread=R-7-3
2014-10-22 05:23:27,422+0000 INFO  Execute TASK_STATUS_CHANGE taskid=urn:R-7x2-1413955404596 status=16 workerid=0099:000000
2014-10-22 05:23:27,423+0000 INFO  GetFileHandler Handler(tag: 27, GET) request complete; src=file://localhost//home/ubuntu/swift-cloud-tutorial/cs553-a2/wordCount-adv/input/split-0004
2014-10-22 05:23:27,423+0000 INFO  GetFileHandler Handler(tag: 27, GET) reader: LR-Handler(tag: 27, GET)
2014-10-22 05:23:27,423+0000 INFO  GetFileHandler Handler(tag: 27, GET) sending length: 104682, 1432043681
2014-10-22 05:23:27,423+0000 INFO  ReadBuffer RB-LR-Handler(tag: 27, GET) will ask for 4 buffers for a size of 104682
2014-10-22 05:23:27,423+0000 INFO  ReadBuffer RB-LR-Handler(tag: 27, GET) actual allocated buffers 4(0 queued)
2014-10-22 05:23:27,423+0000 INFO  LocalIOProvider LR-Handler(tag: 27, GET) rbuf: RB-LR-Handler(tag: 27, GET)
2014-10-22 05:23:27,424+0000 INFO  GetFileHandler Handler(tag: 27, GET) unregistering (last)
2014-10-22 05:23:27,424+0000 INFO  ReadBuffer RB-LR-Handler(tag: -1, GET) de-allocating 4 buffers
2014-10-22 05:23:27,424+0000 INFO  Execute TASK_STATUS_CHANGE taskid=urn:R-7-9-1413955404598 status=16 workerid=0099:000000
2014-10-22 05:23:27,424+0000 INFO  GetFileHandler Handler(tag: 30, GET) request complete; src=file://localhost//home/ubuntu/swift-cloud-tutorial/cs553-a2/wordCount-adv/input/split-0000
2014-10-22 05:23:27,425+0000 INFO  GetFileHandler Handler(tag: 30, GET) reader: LR-Handler(tag: 30, GET)
2014-10-22 05:23:27,425+0000 INFO  GetFileHandler Handler(tag: 30, GET) sending length: 105405, 452672217
2014-10-22 05:23:27,425+0000 INFO  ReadBuffer RB-LR-Handler(tag: 30, GET) will ask for 4 buffers for a size of 105405
2014-10-22 05:23:27,425+0000 INFO  ReadBuffer RB-LR-Handler(tag: 30, GET) actual allocated buffers 4(0 queued)
2014-10-22 05:23:27,425+0000 INFO  LocalIOProvider LR-Handler(tag: 30, GET) rbuf: RB-LR-Handler(tag: 30, GET)
2014-10-22 05:23:27,425+0000 INFO  GetFileHandler Handler(tag: 30, GET) unregistering (last)
2014-10-22 05:23:27,425+0000 INFO  ReadBuffer RB-LR-Handler(tag: -1, GET) de-allocating 4 buffers
2014-10-22 05:23:27,477+0000 INFO  GetFileHandler Handler(tag: 31, GET) request complete; src=file://localhost//usr/local/bin/swift-trunk/libexec/_swiftwrap.staging
2014-10-22 05:23:27,477+0000 INFO  GetFileHandler Handler(tag: 31, GET) reader: LR-Handler(tag: 31, GET)
2014-10-22 05:23:27,477+0000 INFO  GetFileHandler Handler(tag: 31, GET) sending length: 6253, 382345239
2014-10-22 05:23:27,477+0000 INFO  ReadBuffer RB-LR-Handler(tag: 31, GET) will ask for 1 buffers for a size of 6253
2014-10-22 05:23:27,477+0000 INFO  ReadBuffer RB-LR-Handler(tag: 31, GET) actual allocated buffers 1(0 queued)
2014-10-22 05:23:27,477+0000 INFO  LocalIOProvider LR-Handler(tag: 31, GET) rbuf: RB-LR-Handler(tag: 31, GET)
2014-10-22 05:23:27,478+0000 INFO  GetFileHandler Handler(tag: 31, GET) unregistering (last)
2014-10-22 05:23:27,478+0000 INFO  ReadBuffer RB-LR-Handler(tag: -1, GET) de-allocating 1 buffers
2014-10-22 05:23:27,478+0000 INFO  GetFileHandler Handler(tag: 32, GET) request complete; src=file://localhost//usr/local/bin/swift-trunk/libexec/_swiftwrap.staging
2014-10-22 05:23:27,478+0000 INFO  GetFileHandler Handler(tag: 32, GET) reader: LR-Handler(tag: 32, GET)
2014-10-22 05:23:27,478+0000 INFO  GetFileHandler Handler(tag: 32, GET) sending length: 6253, 1083044688
2014-10-22 05:23:27,478+0000 INFO  ReadBuffer RB-LR-Handler(tag: 32, GET) will ask for 1 buffers for a size of 6253
2014-10-22 05:23:27,478+0000 INFO  ReadBuffer RB-LR-Handler(tag: 32, GET) actual allocated buffers 1(0 queued)
2014-10-22 05:23:27,478+0000 INFO  LocalIOProvider LR-Handler(tag: 32, GET) rbuf: RB-LR-Handler(tag: 32, GET)
2014-10-22 05:23:27,478+0000 INFO  GetFileHandler Handler(tag: 32, GET) unregistering (last)
2014-10-22 05:23:27,478+0000 INFO  ReadBuffer RB-LR-Handler(tag: -1, GET) de-allocating 1 buffers
2014-10-22 05:23:27,561+0000 INFO  GetFileHandler Handler(tag: 33, GET) request complete; src=file://localhost//home/ubuntu/swift-cloud-tutorial/cs553-a2/wordCount-adv/wordCount.py
2014-10-22 05:23:27,561+0000 INFO  GetFileHandler Handler(tag: 33, GET) reader: LR-Handler(tag: 33, GET)
2014-10-22 05:23:27,561+0000 INFO  GetFileHandler Handler(tag: 33, GET) sending length: 584, 1545598918
2014-10-22 05:23:27,561+0000 INFO  ReadBuffer RB-LR-Handler(tag: 33, GET) will ask for 1 buffers for a size of 584
2014-10-22 05:23:27,561+0000 INFO  ReadBuffer RB-LR-Handler(tag: 33, GET) actual allocated buffers 1(0 queued)
2014-10-22 05:23:27,561+0000 INFO  LocalIOProvider LR-Handler(tag: 33, GET) rbuf: RB-LR-Handler(tag: 33, GET)
2014-10-22 05:23:27,562+0000 INFO  GetFileHandler Handler(tag: 34, GET) request complete; src=file://localhost//home/ubuntu/swift-cloud-tutorial/cs553-a2/wordCount-adv/wordCount.py
2014-10-22 05:23:27,562+0000 INFO  GetFileHandler Handler(tag: 33, GET) unregistering (last)
2014-10-22 05:23:27,562+0000 INFO  ReadBuffer RB-LR-Handler(tag: -1, GET) de-allocating 1 buffers
2014-10-22 05:23:27,562+0000 INFO  GetFileHandler Handler(tag: 34, GET) reader: LR-Handler(tag: 34, GET)
2014-10-22 05:23:27,562+0000 INFO  GetFileHandler Handler(tag: 34, GET) sending length: 584, 1377482935
2014-10-22 05:23:27,562+0000 INFO  ReadBuffer RB-LR-Handler(tag: 34, GET) will ask for 1 buffers for a size of 584
2014-10-22 05:23:27,562+0000 INFO  ReadBuffer RB-LR-Handler(tag: 34, GET) actual allocated buffers 1(0 queued)
2014-10-22 05:23:27,562+0000 INFO  LocalIOProvider LR-Handler(tag: 34, GET) rbuf: RB-LR-Handler(tag: 34, GET)
2014-10-22 05:23:27,562+0000 INFO  GetFileHandler Handler(tag: 34, GET) unregistering (last)
2014-10-22 05:23:27,563+0000 INFO  ReadBuffer RB-LR-Handler(tag: -1, GET) de-allocating 1 buffers
2014-10-22 05:23:27,665+0000 INFO  Execute TASK_STATUS_CHANGE taskid=urn:R-7x2-1413955404596 status=2 workerid=0099:000000
2014-10-22 05:23:27,666+0000 INFO  Execute TASK_STATUS_CHANGE taskid=urn:R-7-9-1413955404598 status=2 workerid=0099:000000
2014-10-22 05:23:27,753+0000 INFO  Execute TASK_STATUS_CHANGE taskid=urn:R-7-9-1413955404598 status=17
2014-10-22 05:23:27,754+0000 INFO  PutFileHandler Handler(tag: 38, PUT) source: /tmp/swiftwork/wordCount-run004/jobs/1/python-18qb96zl/_concurrent/wcfile-17-R/[9]
2014-10-22 05:23:27,754+0000 INFO  PutFileHandler Handler(tag: 38, PUT) destination: file://localhost//home/ubuntu/swift-cloud-tutorial/cs553-a2/wordCount-adv/_concurrent/wcfile-17-R/[9]
2014-10-22 05:23:27,754+0000 INFO  PutFileHandler Handler(tag: 39, PUT) source: /tmp/swiftwork/wordCount-run004/jobs/1/python-18qb96zl/wrapper.log
2014-10-22 05:23:27,754+0000 INFO  PutFileHandler Handler(tag: 39, PUT) destination: file://localhost/run004/wordCount-run004.d/python-18qb96zl.info
2014-10-22 05:23:27,755+0000 INFO  Execute TASK_STATUS_CHANGE taskid=urn:R-7x2-1413955404596 status=17
2014-10-22 05:23:27,755+0000 INFO  PutFileHandler Handler(tag: 38, PUT) Transfer done
2014-10-22 05:23:27,755+0000 INFO  PutFileHandler Handler(tag: 41, PUT) source: /tmp/swiftwork/wordCount-run004/jobs/0/python-08qb96zl/_concurrent/wcfile-17-R/[7]
2014-10-22 05:23:27,755+0000 INFO  PutFileHandler Handler(tag: 39, PUT) Transfer done
2014-10-22 05:23:27,755+0000 INFO  PutFileHandler Handler(tag: 41, PUT) destination: file://localhost//home/ubuntu/swift-cloud-tutorial/cs553-a2/wordCount-adv/_concurrent/wcfile-17-R/[7]
2014-10-22 05:23:27,756+0000 INFO  PutFileHandler Handler(tag: 41, PUT) Transfer done
2014-10-22 05:23:27,756+0000 INFO  PutFileHandler Handler(tag: 42, PUT) source: /tmp/swiftwork/wordCount-run004/jobs/0/python-08qb96zl/wrapper.log
2014-10-22 05:23:27,756+0000 INFO  PutFileHandler Handler(tag: 42, PUT) destination: file://localhost/run004/wordCount-run004.d/python-08qb96zl.info
2014-10-22 05:23:27,756+0000 INFO  PutFileHandler Handler(tag: 42, PUT) Transfer done
2014-10-22 05:23:27,761+0000 INFO  RuntimeStats$ProgressTicker HeapMax: 954728448, CrtHeap: 75497472, UsedHeap: 29058344, JVMThreads: 20
2014-10-22 05:23:27,762+0000 INFO  RuntimeStats$ProgressTicker   Submitted:7  Stage out:2  Finished successfully:2
2014-10-22 05:23:27,849+0000 INFO  LateBindingScheduler jobs queued: 0
2014-10-22 05:23:27,849+0000 INFO  Execute TASK_STATUS_CHANGE taskid=urn:R-7-9-1413955404598 status=7
2014-10-22 05:23:27,850+0000 DEBUG swift JOB_END jobid=python-18qb96zl
2014-10-22 05:23:27,850+0000 INFO  swift END_SUCCESS thread=R-7-9 tr=python
2014-10-22 05:23:27,850+0000 DEBUG swift PROCEDURE_END line=6 thread=R-7-9 name=wordCount
2014-10-22 05:23:27,850+0000 DEBUG swift FOREACH_IT_END line=21 thread=R-7-9
2014-10-22 05:23:27,851+0000 INFO  LateBindingScheduler jobs queued: 0
2014-10-22 05:23:27,851+0000 INFO  Execute TASK_STATUS_CHANGE taskid=urn:R-7x2-1413955404596 status=7
2014-10-22 05:23:27,851+0000 DEBUG swift JOB_END jobid=python-08qb96zl
2014-10-22 05:23:27,851+0000 INFO  swift END_SUCCESS thread=R-7x2 tr=python
2014-10-22 05:23:27,851+0000 DEBUG swift PROCEDURE_END line=6 thread=R-7x2 name=wordCount
2014-10-22 05:23:27,852+0000 DEBUG swift FOREACH_IT_END line=21 thread=R-7x2
2014-10-22 05:23:27,853+0000 INFO  Execute TASK_STATUS_CHANGE taskid=urn:R-7-8-1413955404600 status=16 workerid=0099:000000
2014-10-22 05:23:27,853+0000 INFO  GetFileHandler Handler(tag: 49, GET) request complete; src=file://localhost//home/ubuntu/swift-cloud-tutorial/cs553-a2/wordCount-adv/input/split-0003
2014-10-22 05:23:27,854+0000 INFO  GetFileHandler Handler(tag: 49, GET) reader: LR-Handler(tag: 49, GET)
2014-10-22 05:23:27,854+0000 INFO  GetFileHandler Handler(tag: 49, GET) sending length: 104139, 1817097819
2014-10-22 05:23:27,854+0000 INFO  ReadBuffer RB-LR-Handler(tag: 49, GET) will ask for 4 buffers for a size of 104139
2014-10-22 05:23:27,854+0000 INFO  GetFileHandler Handler(tag: 49, GET) unregistering (last)
2014-10-22 05:23:27,854+0000 INFO  ReadBuffer RB-LR-Handler(tag: -1, GET) actual allocated buffers 4(0 queued)
2014-10-22 05:23:27,854+0000 INFO  ReadBuffer RB-LR-Handler(tag: -1, GET) de-allocating 4 buffers
2014-10-22 05:23:27,854+0000 INFO  LocalIOProvider LR-Handler(tag: -1, GET) rbuf: RB-LR-Handler(tag: -1, GET)
2014-10-22 05:23:27,855+0000 INFO  Execute TASK_STATUS_CHANGE taskid=urn:R-7-4-1413955404601 status=16 workerid=0099:000000
2014-10-22 05:23:27,856+0000 INFO  GetFileHandler Handler(tag: 52, GET) request complete; src=file://localhost//home/ubuntu/swift-cloud-tutorial/cs553-a2/wordCount-adv/input/split-0009
2014-10-22 05:23:27,856+0000 INFO  GetFileHandler Handler(tag: 52, GET) reader: LR-Handler(tag: 52, GET)
2014-10-22 05:23:27,856+0000 INFO  GetFileHandler Handler(tag: 52, GET) sending length: 99082, 292718975
2014-10-22 05:23:27,856+0000 INFO  ReadBuffer RB-LR-Handler(tag: 52, GET) will ask for 4 buffers for a size of 99082
2014-10-22 05:23:27,856+0000 INFO  GetFileHandler Handler(tag: 52, GET) unregistering (last)
2014-10-22 05:23:27,857+0000 INFO  ReadBuffer RB-LR-Handler(tag: -1, GET) actual allocated buffers 4(0 queued)
2014-10-22 05:23:27,857+0000 INFO  ReadBuffer RB-LR-Handler(tag: -1, GET) de-allocating 4 buffers
2014-10-22 05:23:27,857+0000 INFO  LocalIOProvider LR-Handler(tag: -1, GET) rbuf: RB-LR-Handler(tag: -1, GET)
2014-10-22 05:23:27,913+0000 INFO  GetFileHandler Handler(tag: 53, GET) request complete; src=file://localhost//usr/local/bin/swift-trunk/libexec/_swiftwrap.staging
2014-10-22 05:23:27,913+0000 INFO  GetFileHandler Handler(tag: 53, GET) reader: LR-Handler(tag: 53, GET)
2014-10-22 05:23:27,913+0000 INFO  GetFileHandler Handler(tag: 53, GET) sending length: 6253, 896520470
2014-10-22 05:23:27,913+0000 INFO  ReadBuffer RB-LR-Handler(tag: 53, GET) will ask for 1 buffers for a size of 6253
2014-10-22 05:23:27,913+0000 INFO  GetFileHandler Handler(tag: 53, GET) unregistering (last)
2014-10-22 05:23:27,914+0000 INFO  ReadBuffer RB-LR-Handler(tag: -1, GET) actual allocated buffers 1(0 queued)
2014-10-22 05:23:27,914+0000 INFO  ReadBuffer RB-LR-Handler(tag: -1, GET) de-allocating 1 buffers
2014-10-22 05:23:27,914+0000 INFO  LocalIOProvider LR-Handler(tag: -1, GET) rbuf: RB-LR-Handler(tag: -1, GET)
2014-10-22 05:23:27,914+0000 INFO  GetFileHandler Handler(tag: 54, GET) request complete; src=file://localhost//usr/local/bin/swift-trunk/libexec/_swiftwrap.staging
2014-10-22 05:23:27,914+0000 INFO  GetFileHandler Handler(tag: 54, GET) reader: LR-Handler(tag: 54, GET)
2014-10-22 05:23:27,915+0000 INFO  GetFileHandler Handler(tag: 54, GET) sending length: 6253, 183308202
2014-10-22 05:23:27,915+0000 INFO  ReadBuffer RB-LR-Handler(tag: 54, GET) will ask for 1 buffers for a size of 6253
2014-10-22 05:23:27,915+0000 INFO  GetFileHandler Handler(tag: 54, GET) unregistering (last)
2014-10-22 05:23:27,915+0000 INFO  ReadBuffer RB-LR-Handler(tag: -1, GET) actual allocated buffers 1(0 queued)
2014-10-22 05:23:27,915+0000 INFO  ReadBuffer RB-LR-Handler(tag: -1, GET) de-allocating 1 buffers
2014-10-22 05:23:27,915+0000 INFO  LocalIOProvider LR-Handler(tag: -1, GET) rbuf: RB-LR-Handler(tag: -1, GET)
2014-10-22 05:23:28,013+0000 INFO  GetFileHandler Handler(tag: 55, GET) request complete; src=file://localhost//home/ubuntu/swift-cloud-tutorial/cs553-a2/wordCount-adv/wordCount.py
2014-10-22 05:23:28,013+0000 INFO  GetFileHandler Handler(tag: 55, GET) reader: LR-Handler(tag: 55, GET)
2014-10-22 05:23:28,013+0000 INFO  GetFileHandler Handler(tag: 55, GET) sending length: 584, 71301255
2014-10-22 05:23:28,013+0000 INFO  ReadBuffer RB-LR-Handler(tag: 55, GET) will ask for 1 buffers for a size of 584
2014-10-22 05:23:28,014+0000 INFO  GetFileHandler Handler(tag: 55, GET) unregistering (last)
2014-10-22 05:23:28,014+0000 INFO  ReadBuffer RB-LR-Handler(tag: -1, GET) actual allocated buffers 1(0 queued)
2014-10-22 05:23:28,014+0000 INFO  ReadBuffer RB-LR-Handler(tag: -1, GET) de-allocating 1 buffers
2014-10-22 05:23:28,014+0000 INFO  LocalIOProvider LR-Handler(tag: -1, GET) rbuf: RB-LR-Handler(tag: -1, GET)
2014-10-22 05:23:28,014+0000 INFO  GetFileHandler Handler(tag: 56, GET) request complete; src=file://localhost//home/ubuntu/swift-cloud-tutorial/cs553-a2/wordCount-adv/wordCount.py
2014-10-22 05:23:28,014+0000 INFO  GetFileHandler Handler(tag: 56, GET) reader: LR-Handler(tag: 56, GET)
2014-10-22 05:23:28,014+0000 INFO  GetFileHandler Handler(tag: 56, GET) sending length: 584, 1626042886
2014-10-22 05:23:28,014+0000 INFO  ReadBuffer RB-LR-Handler(tag: 56, GET) will ask for 1 buffers for a size of 584
2014-10-22 05:23:28,014+0000 INFO  GetFileHandler Handler(tag: 56, GET) unregistering (last)
2014-10-22 05:23:28,015+0000 INFO  ReadBuffer RB-LR-Handler(tag: -1, GET) actual allocated buffers 1(0 queued)
2014-10-22 05:23:28,015+0000 INFO  ReadBuffer RB-LR-Handler(tag: -1, GET) de-allocating 1 buffers
2014-10-22 05:23:28,015+0000 INFO  LocalIOProvider LR-Handler(tag: -1, GET) rbuf: RB-LR-Handler(tag: -1, GET)
2014-10-22 05:23:28,097+0000 INFO  Execute TASK_STATUS_CHANGE taskid=urn:R-7-8-1413955404600 status=2 workerid=0099:000000
2014-10-22 05:23:28,098+0000 INFO  Execute TASK_STATUS_CHANGE taskid=urn:R-7-4-1413955404601 status=2 workerid=0099:000000
2014-10-22 05:23:28,181+0000 INFO  Execute TASK_STATUS_CHANGE taskid=urn:R-7-8-1413955404600 status=17
2014-10-22 05:23:28,182+0000 INFO  PutFileHandler Handler(tag: 60, PUT) source: /tmp/swiftwork/wordCount-run004/jobs/2/python-28qb96zl/_concurrent/wcfile-17-R/[8]
2014-10-22 05:23:28,182+0000 INFO  PutFileHandler Handler(tag: 60, PUT) destination: file://localhost//home/ubuntu/swift-cloud-tutorial/cs553-a2/wordCount-adv/_concurrent/wcfile-17-R/[8]
2014-10-22 05:23:28,182+0000 INFO  PutFileHandler Handler(tag: 61, PUT) source: /tmp/swiftwork/wordCount-run004/jobs/2/python-28qb96zl/wrapper.log
2014-10-22 05:23:28,182+0000 INFO  PutFileHandler Handler(tag: 60, PUT) Transfer done
2014-10-22 05:23:28,182+0000 INFO  PutFileHandler Handler(tag: 61, PUT) destination: file://localhost/run004/wordCount-run004.d/python-28qb96zl.info
2014-10-22 05:23:28,183+0000 INFO  PutFileHandler Handler(tag: 61, PUT) Transfer done
2014-10-22 05:23:28,183+0000 INFO  Execute TASK_STATUS_CHANGE taskid=urn:R-7-4-1413955404601 status=17
2014-10-22 05:23:28,183+0000 INFO  PutFileHandler Handler(tag: 63, PUT) source: /tmp/swiftwork/wordCount-run004/jobs/y/python-y7qb96zl/_concurrent/wcfile-17-R/[4]
2014-10-22 05:23:28,183+0000 INFO  PutFileHandler Handler(tag: 63, PUT) destination: file://localhost//home/ubuntu/swift-cloud-tutorial/cs553-a2/wordCount-adv/_concurrent/wcfile-17-R/[4]
2014-10-22 05:23:28,184+0000 INFO  PutFileHandler Handler(tag: 63, PUT) Transfer done
2014-10-22 05:23:28,184+0000 INFO  PutFileHandler Handler(tag: 64, PUT) source: /tmp/swiftwork/wordCount-run004/jobs/y/python-y7qb96zl/wrapper.log
2014-10-22 05:23:28,184+0000 INFO  PutFileHandler Handler(tag: 64, PUT) destination: file://localhost/run004/wordCount-run004.d/python-y7qb96zl.info
2014-10-22 05:23:28,184+0000 INFO  PutFileHandler Handler(tag: 64, PUT) Transfer done
2014-10-22 05:23:28,281+0000 INFO  LateBindingScheduler jobs queued: 0
2014-10-22 05:23:28,281+0000 INFO  Execute TASK_STATUS_CHANGE taskid=urn:R-7-8-1413955404600 status=7
2014-10-22 05:23:28,282+0000 DEBUG swift JOB_END jobid=python-28qb96zl
2014-10-22 05:23:28,282+0000 INFO  swift END_SUCCESS thread=R-7-8 tr=python
2014-10-22 05:23:28,282+0000 DEBUG swift PROCEDURE_END line=6 thread=R-7-8 name=wordCount
2014-10-22 05:23:28,282+0000 DEBUG swift FOREACH_IT_END line=21 thread=R-7-8
2014-10-22 05:23:28,283+0000 INFO  LateBindingScheduler jobs queued: 0
2014-10-22 05:23:28,283+0000 INFO  Execute TASK_STATUS_CHANGE taskid=urn:R-7-4-1413955404601 status=7
2014-10-22 05:23:28,283+0000 DEBUG swift JOB_END jobid=python-y7qb96zl
2014-10-22 05:23:28,283+0000 INFO  swift END_SUCCESS thread=R-7-4 tr=python
2014-10-22 05:23:28,283+0000 DEBUG swift PROCEDURE_END line=6 thread=R-7-4 name=wordCount
2014-10-22 05:23:28,283+0000 DEBUG swift FOREACH_IT_END line=21 thread=R-7-4
2014-10-22 05:23:28,285+0000 INFO  Execute TASK_STATUS_CHANGE taskid=urn:R-7-2-1413955404591 status=16 workerid=0099:000000
2014-10-22 05:23:28,285+0000 INFO  GetFileHandler Handler(tag: 71, GET) request complete; src=file://localhost//home/ubuntu/swift-cloud-tutorial/cs553-a2/wordCount-adv/input/split-0008
2014-10-22 05:23:28,285+0000 INFO  GetFileHandler Handler(tag: 71, GET) reader: LR-Handler(tag: 71, GET)
2014-10-22 05:23:28,285+0000 INFO  GetFileHandler Handler(tag: 71, GET) sending length: 104802, 183536201
2014-10-22 05:23:28,285+0000 INFO  ReadBuffer RB-LR-Handler(tag: 71, GET) will ask for 4 buffers for a size of 104802
2014-10-22 05:23:28,286+0000 INFO  GetFileHandler Handler(tag: 71, GET) unregistering (last)
2014-10-22 05:23:28,286+0000 INFO  ReadBuffer RB-LR-Handler(tag: -1, GET) actual allocated buffers 4(0 queued)
2014-10-22 05:23:28,286+0000 INFO  ReadBuffer RB-LR-Handler(tag: -1, GET) de-allocating 4 buffers
2014-10-22 05:23:28,286+0000 INFO  LocalIOProvider LR-Handler(tag: -1, GET) rbuf: RB-LR-Handler(tag: -1, GET)
2014-10-22 05:23:28,289+0000 INFO  Execute TASK_STATUS_CHANGE taskid=urn:R-7-10-1413955404603 status=16 workerid=0099:000000
2014-10-22 05:23:28,290+0000 INFO  GetFileHandler Handler(tag: 74, GET) request complete; src=file://localhost//home/ubuntu/swift-cloud-tutorial/cs553-a2/wordCount-adv/input/split-0007
2014-10-22 05:23:28,290+0000 INFO  GetFileHandler Handler(tag: 74, GET) reader: LR-Handler(tag: 74, GET)
2014-10-22 05:23:28,290+0000 INFO  GetFileHandler Handler(tag: 74, GET) sending length: 105540, 272627081
2014-10-22 05:23:28,291+0000 INFO  ReadBuffer RB-LR-Handler(tag: 74, GET) will ask for 4 buffers for a size of 105540
2014-10-22 05:23:28,291+0000 INFO  ReadBuffer RB-LR-Handler(tag: 74, GET) actual allocated buffers 4(0 queued)
2014-10-22 05:23:28,292+0000 INFO  GetFileHandler Handler(tag: 74, GET) unregistering (last)
2014-10-22 05:23:28,292+0000 INFO  ReadBuffer RB-LR-Handler(tag: -1, GET) de-allocating 4 buffers
2014-10-22 05:23:28,292+0000 INFO  LocalIOProvider LR-Handler(tag: -1, GET) rbuf: RB-LR-Handler(tag: -1, GET)
2014-10-22 05:23:28,341+0000 INFO  GetFileHandler Handler(tag: 75, GET) request complete; src=file://localhost//usr/local/bin/swift-trunk/libexec/_swiftwrap.staging
2014-10-22 05:23:28,341+0000 INFO  GetFileHandler Handler(tag: 75, GET) reader: LR-Handler(tag: 75, GET)
2014-10-22 05:23:28,341+0000 INFO  GetFileHandler Handler(tag: 75, GET) sending length: 6253, 1692461258
2014-10-22 05:23:28,341+0000 INFO  ReadBuffer RB-LR-Handler(tag: 75, GET) will ask for 1 buffers for a size of 6253
2014-10-22 05:23:28,342+0000 INFO  ReadBuffer RB-LR-Handler(tag: 75, GET) actual allocated buffers 1(0 queued)
2014-10-22 05:23:28,342+0000 INFO  LocalIOProvider LR-Handler(tag: 75, GET) rbuf: RB-LR-Handler(tag: 75, GET)
2014-10-22 05:23:28,342+0000 INFO  GetFileHandler Handler(tag: 75, GET) unregistering (last)
2014-10-22 05:23:28,345+0000 INFO  ReadBuffer RB-LR-Handler(tag: -1, GET) de-allocating 1 buffers
2014-10-22 05:23:28,345+0000 INFO  GetFileHandler Handler(tag: 76, GET) request complete; src=file://localhost//usr/local/bin/swift-trunk/libexec/_swiftwrap.staging
2014-10-22 05:23:28,345+0000 INFO  GetFileHandler Handler(tag: 76, GET) reader: LR-Handler(tag: 76, GET)
2014-10-22 05:23:28,345+0000 INFO  GetFileHandler Handler(tag: 76, GET) sending length: 6253, 2026142643
2014-10-22 05:23:28,346+0000 INFO  ReadBuffer RB-LR-Handler(tag: 76, GET) will ask for 1 buffers for a size of 6253
2014-10-22 05:23:28,346+0000 INFO  GetFileHandler Handler(tag: 76, GET) unregistering (last)
2014-10-22 05:23:28,346+0000 INFO  ReadBuffer RB-LR-Handler(tag: -1, GET) actual allocated buffers 1(0 queued)
2014-10-22 05:23:28,346+0000 INFO  LocalIOProvider LR-Handler(tag: -1, GET) rbuf: RB-LR-Handler(tag: -1, GET)
2014-10-22 05:23:28,347+0000 INFO  ReadBuffer RB-LR-Handler(tag: -1, GET) de-allocating 1 buffers
2014-10-22 05:23:28,421+0000 INFO  GetFileHandler Handler(tag: 77, GET) request complete; src=file://localhost//home/ubuntu/swift-cloud-tutorial/cs553-a2/wordCount-adv/wordCount.py
2014-10-22 05:23:28,421+0000 INFO  GetFileHandler Handler(tag: 77, GET) reader: LR-Handler(tag: 77, GET)
2014-10-22 05:23:28,421+0000 INFO  GetFileHandler Handler(tag: 77, GET) sending length: 584, 1064993928
2014-10-22 05:23:28,421+0000 INFO  ReadBuffer RB-LR-Handler(tag: 77, GET) will ask for 1 buffers for a size of 584
2014-10-22 05:23:28,421+0000 INFO  GetFileHandler Handler(tag: 77, GET) unregistering (last)
2014-10-22 05:23:28,422+0000 INFO  ReadBuffer RB-LR-Handler(tag: -1, GET) actual allocated buffers 1(0 queued)
2014-10-22 05:23:28,422+0000 INFO  LocalIOProvider LR-Handler(tag: -1, GET) rbuf: RB-LR-Handler(tag: -1, GET)
2014-10-22 05:23:28,422+0000 INFO  ReadBuffer RB-LR-Handler(tag: -1, GET) de-allocating 1 buffers
2014-10-22 05:23:28,422+0000 INFO  GetFileHandler Handler(tag: 78, GET) request complete; src=file://localhost//home/ubuntu/swift-cloud-tutorial/cs553-a2/wordCount-adv/wordCount.py
2014-10-22 05:23:28,422+0000 INFO  GetFileHandler Handler(tag: 78, GET) reader: LR-Handler(tag: 78, GET)
2014-10-22 05:23:28,422+0000 INFO  GetFileHandler Handler(tag: 78, GET) sending length: 584, 1234529189
2014-10-22 05:23:28,422+0000 INFO  ReadBuffer RB-LR-Handler(tag: 78, GET) will ask for 1 buffers for a size of 584
2014-10-22 05:23:28,423+0000 INFO  GetFileHandler Handler(tag: 78, GET) unregistering (last)
2014-10-22 05:23:28,423+0000 INFO  ReadBuffer RB-LR-Handler(tag: -1, GET) actual allocated buffers 1(0 queued)
2014-10-22 05:23:28,423+0000 INFO  LocalIOProvider LR-Handler(tag: -1, GET) rbuf: RB-LR-Handler(tag: -1, GET)
2014-10-22 05:23:28,425+0000 INFO  ReadBuffer RB-LR-Handler(tag: -1, GET) de-allocating 1 buffers
2014-10-22 05:23:28,505+0000 INFO  Execute TASK_STATUS_CHANGE taskid=urn:R-7-2-1413955404591 status=2 workerid=0099:000000
2014-10-22 05:23:28,506+0000 INFO  Execute TASK_STATUS_CHANGE taskid=urn:R-7-10-1413955404603 status=2 workerid=0099:000000
2014-10-22 05:23:28,589+0000 INFO  Execute TASK_STATUS_CHANGE taskid=urn:R-7-2-1413955404591 status=17
2014-10-22 05:23:28,590+0000 INFO  PutFileHandler Handler(tag: 82, PUT) source: /tmp/swiftwork/wordCount-run004/jobs/v/python-v7qb96zl/wrapper.log
2014-10-22 05:23:28,590+0000 INFO  PutFileHandler Handler(tag: 82, PUT) destination: file://localhost/run004/wordCount-run004.d/python-v7qb96zl.info
2014-10-22 05:23:28,590+0000 INFO  PutFileHandler Handler(tag: 82, PUT) Transfer done
2014-10-22 05:23:28,590+0000 INFO  PutFileHandler Handler(tag: 83, PUT) source: /tmp/swiftwork/wordCount-run004/jobs/v/python-v7qb96zl/_concurrent/wcfile-17-R/[2]
2014-10-22 05:23:28,590+0000 INFO  PutFileHandler Handler(tag: 83, PUT) destination: file://localhost//home/ubuntu/swift-cloud-tutorial/cs553-a2/wordCount-adv/_concurrent/wcfile-17-R/[2]
2014-10-22 05:23:28,591+0000 INFO  PutFileHandler Handler(tag: 83, PUT) Transfer done
2014-10-22 05:23:28,591+0000 INFO  Execute TASK_STATUS_CHANGE taskid=urn:R-7-10-1413955404603 status=17
2014-10-22 05:23:28,591+0000 INFO  PutFileHandler Handler(tag: 85, PUT) source: /tmp/swiftwork/wordCount-run004/jobs/3/python-38qb96zl/wrapper.log
2014-10-22 05:23:28,591+0000 INFO  PutFileHandler Handler(tag: 85, PUT) destination: file://localhost/run004/wordCount-run004.d/python-38qb96zl.info
2014-10-22 05:23:28,592+0000 INFO  PutFileHandler Handler(tag: 85, PUT) Transfer done
2014-10-22 05:23:28,592+0000 INFO  PutFileHandler Handler(tag: 86, PUT) source: /tmp/swiftwork/wordCount-run004/jobs/3/python-38qb96zl/_concurrent/wcfile-17-R/[10-19]/[10]
2014-10-22 05:23:28,592+0000 INFO  PutFileHandler Handler(tag: 86, PUT) destination: file://localhost//home/ubuntu/swift-cloud-tutorial/cs553-a2/wordCount-adv/_concurrent/wcfile-17-R/[10-19]/[10]
2014-10-22 05:23:28,593+0000 INFO  PutFileHandler Handler(tag: 86, PUT) Transfer done
2014-10-22 05:23:28,689+0000 INFO  LateBindingScheduler jobs queued: 0
2014-10-22 05:23:28,689+0000 INFO  Execute TASK_STATUS_CHANGE taskid=urn:R-7-2-1413955404591 status=7
2014-10-22 05:23:28,690+0000 DEBUG swift JOB_END jobid=python-v7qb96zl
2014-10-22 05:23:28,690+0000 INFO  swift END_SUCCESS thread=R-7-2 tr=python
2014-10-22 05:23:28,690+0000 DEBUG swift PROCEDURE_END line=6 thread=R-7-2 name=wordCount
2014-10-22 05:23:28,690+0000 DEBUG swift FOREACH_IT_END line=21 thread=R-7-2
2014-10-22 05:23:28,691+0000 INFO  LateBindingScheduler jobs queued: 0
2014-10-22 05:23:28,691+0000 INFO  Execute TASK_STATUS_CHANGE taskid=urn:R-7-10-1413955404603 status=7
2014-10-22 05:23:28,691+0000 DEBUG swift JOB_END jobid=python-38qb96zl
2014-10-22 05:23:28,691+0000 INFO  swift END_SUCCESS thread=R-7-10 tr=python
2014-10-22 05:23:28,691+0000 DEBUG swift PROCEDURE_END line=6 thread=R-7-10 name=wordCount
2014-10-22 05:23:28,691+0000 DEBUG swift FOREACH_IT_END line=21 thread=R-7-10
2014-10-22 05:23:28,693+0000 INFO  Execute TASK_STATUS_CHANGE taskid=urn:R-7-5-1413955404605 status=16 workerid=0099:000000
2014-10-22 05:23:28,694+0000 INFO  GetFileHandler Handler(tag: 93, GET) request complete; src=file://localhost//home/ubuntu/swift-cloud-tutorial/cs553-a2/wordCount-adv/input/split-0002
2014-10-22 05:23:28,694+0000 INFO  GetFileHandler Handler(tag: 93, GET) reader: LR-Handler(tag: 93, GET)
2014-10-22 05:23:28,694+0000 INFO  GetFileHandler Handler(tag: 93, GET) sending length: 99447, 426332780
2014-10-22 05:23:28,694+0000 INFO  ReadBuffer RB-LR-Handler(tag: 93, GET) will ask for 4 buffers for a size of 99447
2014-10-22 05:23:28,695+0000 INFO  ReadBuffer RB-LR-Handler(tag: 93, GET) actual allocated buffers 4(0 queued)
2014-10-22 05:23:28,695+0000 INFO  LocalIOProvider LR-Handler(tag: 93, GET) rbuf: RB-LR-Handler(tag: 93, GET)
2014-10-22 05:23:28,695+0000 INFO  GetFileHandler Handler(tag: 93, GET) unregistering (last)
2014-10-22 05:23:28,695+0000 INFO  ReadBuffer RB-LR-Handler(tag: -1, GET) de-allocating 4 buffers
2014-10-22 05:23:28,696+0000 INFO  Execute TASK_STATUS_CHANGE taskid=urn:R-7-6-1413955404607 status=16 workerid=0099:000000
2014-10-22 05:23:28,696+0000 INFO  GetFileHandler Handler(tag: 96, GET) request complete; src=file://localhost//usr/local/bin/swift-trunk/libexec/_swiftwrap.staging
2014-10-22 05:23:28,696+0000 INFO  GetFileHandler Handler(tag: 96, GET) reader: LR-Handler(tag: 96, GET)
2014-10-22 05:23:28,696+0000 INFO  GetFileHandler Handler(tag: 96, GET) sending length: 6253, 2118242033
2014-10-22 05:23:28,697+0000 INFO  ReadBuffer RB-LR-Handler(tag: 96, GET) will ask for 1 buffers for a size of 6253
2014-10-22 05:23:28,697+0000 INFO  ReadBuffer RB-LR-Handler(tag: 96, GET) actual allocated buffers 1(0 queued)
2014-10-22 05:23:28,697+0000 INFO  LocalIOProvider LR-Handler(tag: 96, GET) rbuf: RB-LR-Handler(tag: 96, GET)
2014-10-22 05:23:28,697+0000 INFO  GetFileHandler Handler(tag: 96, GET) unregistering (last)
2014-10-22 05:23:28,697+0000 INFO  ReadBuffer RB-LR-Handler(tag: -1, GET) de-allocating 1 buffers
2014-10-22 05:23:28,749+0000 INFO  GetFileHandler Handler(tag: 97, GET) request complete; src=file://localhost//usr/local/bin/swift-trunk/libexec/_swiftwrap.staging
2014-10-22 05:23:28,749+0000 INFO  GetFileHandler Handler(tag: 97, GET) reader: LR-Handler(tag: 97, GET)
2014-10-22 05:23:28,749+0000 INFO  GetFileHandler Handler(tag: 97, GET) sending length: 6253, 1056299651
2014-10-22 05:23:28,749+0000 INFO  ReadBuffer RB-LR-Handler(tag: 97, GET) will ask for 1 buffers for a size of 6253
2014-10-22 05:23:28,749+0000 INFO  ReadBuffer RB-LR-Handler(tag: 97, GET) actual allocated buffers 1(0 queued)
2014-10-22 05:23:28,749+0000 INFO  LocalIOProvider LR-Handler(tag: 97, GET) rbuf: RB-LR-Handler(tag: 97, GET)
2014-10-22 05:23:28,750+0000 INFO  GetFileHandler Handler(tag: 97, GET) unregistering (last)
2014-10-22 05:23:28,750+0000 INFO  ReadBuffer RB-LR-Handler(tag: -1, GET) de-allocating 1 buffers
2014-10-22 05:23:28,750+0000 INFO  GetFileHandler Handler(tag: 98, GET) request complete; src=file://localhost//home/ubuntu/swift-cloud-tutorial/cs553-a2/wordCount-adv/wordCount.py
2014-10-22 05:23:28,750+0000 INFO  GetFileHandler Handler(tag: 98, GET) reader: LR-Handler(tag: 98, GET)
2014-10-22 05:23:28,751+0000 INFO  GetFileHandler Handler(tag: 98, GET) sending length: 584, 218196808
2014-10-22 05:23:28,751+0000 INFO  ReadBuffer RB-LR-Handler(tag: 98, GET) will ask for 1 buffers for a size of 584
2014-10-22 05:23:28,751+0000 INFO  ReadBuffer RB-LR-Handler(tag: 98, GET) actual allocated buffers 1(0 queued)
2014-10-22 05:23:28,751+0000 INFO  LocalIOProvider LR-Handler(tag: 98, GET) rbuf: RB-LR-Handler(tag: 98, GET)
2014-10-22 05:23:28,751+0000 INFO  GetFileHandler Handler(tag: 98, GET) unregistering (last)
2014-10-22 05:23:28,751+0000 INFO  ReadBuffer RB-LR-Handler(tag: -1, GET) de-allocating 1 buffers
2014-10-22 05:23:28,762+0000 INFO  RuntimeStats$ProgressTicker HeapMax: 954728448, CrtHeap: 75497472, UsedHeap: 30660488, JVMThreads: 20
2014-10-22 05:23:28,762+0000 INFO  RuntimeStats$ProgressTicker   Stage in:2  Submitted:1  Finished successfully:8
2014-10-22 05:23:28,833+0000 INFO  GetFileHandler Handler(tag: 99, GET) request complete; src=file://localhost//home/ubuntu/swift-cloud-tutorial/cs553-a2/wordCount-adv/wordCount.py
2014-10-22 05:23:28,833+0000 INFO  GetFileHandler Handler(tag: 99, GET) reader: LR-Handler(tag: 99, GET)
2014-10-22 05:23:28,833+0000 INFO  GetFileHandler Handler(tag: 99, GET) sending length: 584, 1663173546
2014-10-22 05:23:28,833+0000 INFO  ReadBuffer RB-LR-Handler(tag: 99, GET) will ask for 1 buffers for a size of 584
2014-10-22 05:23:28,833+0000 INFO  GetFileHandler Handler(tag: 99, GET) unregistering (last)
2014-10-22 05:23:28,834+0000 INFO  ReadBuffer RB-LR-Handler(tag: -1, GET) actual allocated buffers 1(0 queued)
2014-10-22 05:23:28,834+0000 INFO  LocalIOProvider LR-Handler(tag: -1, GET) rbuf: RB-LR-Handler(tag: -1, GET)
2014-10-22 05:23:28,834+0000 INFO  ReadBuffer RB-LR-Handler(tag: -1, GET) de-allocating 1 buffers
2014-10-22 05:23:28,834+0000 INFO  GetFileHandler Handler(tag: 100, GET) request complete; src=file://localhost//home/ubuntu/swift-cloud-tutorial/cs553-a2/wordCount-adv/input/split-0010
2014-10-22 05:23:28,834+0000 INFO  GetFileHandler Handler(tag: 100, GET) reader: LR-Handler(tag: 100, GET)
2014-10-22 05:23:28,834+0000 INFO  GetFileHandler Handler(tag: 100, GET) sending length: 73720, 761421990
2014-10-22 05:23:28,835+0000 INFO  ReadBuffer RB-LR-Handler(tag: 100, GET) will ask for 3 buffers for a size of 73720
2014-10-22 05:23:28,835+0000 INFO  ReadBuffer RB-LR-Handler(tag: 100, GET) actual allocated buffers 3(0 queued)
2014-10-22 05:23:28,835+0000 INFO  LocalIOProvider LR-Handler(tag: 100, GET) rbuf: RB-LR-Handler(tag: 100, GET)
2014-10-22 05:23:28,835+0000 INFO  GetFileHandler Handler(tag: 100, GET) unregistering (last)
2014-10-22 05:23:28,835+0000 INFO  ReadBuffer RB-LR-Handler(tag: -1, GET) de-allocating 3 buffers
2014-10-22 05:23:28,897+0000 INFO  Execute TASK_STATUS_CHANGE taskid=urn:R-7-5-1413955404605 status=2 workerid=0099:000000
2014-10-22 05:23:28,898+0000 INFO  Execute TASK_STATUS_CHANGE taskid=urn:R-7-6-1413955404607 status=2 workerid=0099:000000
2014-10-22 05:23:28,973+0000 INFO  Execute TASK_STATUS_CHANGE taskid=urn:R-7-5-1413955404605 status=17
2014-10-22 05:23:28,974+0000 INFO  PutFileHandler Handler(tag: 104, PUT) source: /tmp/swiftwork/wordCount-run004/jobs/5/python-58qb96zl/wrapper.log
2014-10-22 05:23:28,974+0000 INFO  PutFileHandler Handler(tag: 104, PUT) destination: file://localhost/run004/wordCount-run004.d/python-58qb96zl.info
2014-10-22 05:23:28,974+0000 INFO  PutFileHandler Handler(tag: 104, PUT) Transfer done
2014-10-22 05:23:28,974+0000 INFO  PutFileHandler Handler(tag: 105, PUT) source: /tmp/swiftwork/wordCount-run004/jobs/5/python-58qb96zl/_concurrent/wcfile-17-R/[5]
2014-10-22 05:23:28,975+0000 INFO  PutFileHandler Handler(tag: 105, PUT) destination: file://localhost//home/ubuntu/swift-cloud-tutorial/cs553-a2/wordCount-adv/_concurrent/wcfile-17-R/[5]
2014-10-22 05:23:28,975+0000 INFO  PutFileHandler Handler(tag: 105, PUT) Transfer done
2014-10-22 05:23:28,975+0000 INFO  Execute TASK_STATUS_CHANGE taskid=urn:R-7-6-1413955404607 status=17
2014-10-22 05:23:28,976+0000 INFO  PutFileHandler Handler(tag: 107, PUT) source: /tmp/swiftwork/wordCount-run004/jobs/4/python-48qb96zl/wrapper.log
2014-10-22 05:23:28,976+0000 INFO  PutFileHandler Handler(tag: 107, PUT) destination: file://localhost/run004/wordCount-run004.d/python-48qb96zl.info
2014-10-22 05:23:28,976+0000 INFO  PutFileHandler Handler(tag: 107, PUT) Transfer done
2014-10-22 05:23:28,976+0000 INFO  PutFileHandler Handler(tag: 108, PUT) source: /tmp/swiftwork/wordCount-run004/jobs/4/python-48qb96zl/_concurrent/wcfile-17-R/[6]
2014-10-22 05:23:28,976+0000 INFO  PutFileHandler Handler(tag: 108, PUT) destination: file://localhost//home/ubuntu/swift-cloud-tutorial/cs553-a2/wordCount-adv/_concurrent/wcfile-17-R/[6]
2014-10-22 05:23:28,977+0000 INFO  PutFileHandler Handler(tag: 108, PUT) Transfer done
2014-10-22 05:23:29,061+0000 INFO  LateBindingScheduler jobs queued: 0
2014-10-22 05:23:29,061+0000 INFO  Execute TASK_STATUS_CHANGE taskid=urn:R-7-5-1413955404605 status=7
2014-10-22 05:23:29,063+0000 DEBUG swift JOB_END jobid=python-58qb96zl
2014-10-22 05:23:29,063+0000 INFO  LateBindingScheduler jobs queued: 0
2014-10-22 05:23:29,063+0000 INFO  Execute TASK_STATUS_CHANGE taskid=urn:R-7-6-1413955404607 status=7
2014-10-22 05:23:29,063+0000 INFO  swift END_SUCCESS thread=R-7-5 tr=python
2014-10-22 05:23:29,063+0000 DEBUG swift PROCEDURE_END line=6 thread=R-7-5 name=wordCount
2014-10-22 05:23:29,063+0000 DEBUG swift FOREACH_IT_END line=21 thread=R-7-5
2014-10-22 05:23:29,063+0000 DEBUG swift JOB_END jobid=python-48qb96zl
2014-10-22 05:23:29,063+0000 INFO  swift END_SUCCESS thread=R-7-6 tr=python
2014-10-22 05:23:29,063+0000 DEBUG swift PROCEDURE_END line=6 thread=R-7-6 name=wordCount
2014-10-22 05:23:29,064+0000 DEBUG swift FOREACH_IT_END line=21 thread=R-7-6
2014-10-22 05:23:29,065+0000 INFO  Execute TASK_STATUS_CHANGE taskid=urn:R-7-0-1413955404594 status=16 workerid=0099:000000
2014-10-22 05:23:29,065+0000 INFO  GetFileHandler Handler(tag: 114, GET) request complete; src=file://localhost//usr/local/bin/swift-trunk/libexec/_swiftwrap.staging
2014-10-22 05:23:29,065+0000 INFO  GetFileHandler Handler(tag: 114, GET) reader: LR-Handler(tag: 114, GET)
2014-10-22 05:23:29,065+0000 INFO  GetFileHandler Handler(tag: 114, GET) sending length: 6253, 671398345
2014-10-22 05:23:29,065+0000 INFO  ReadBuffer RB-LR-Handler(tag: 114, GET) will ask for 1 buffers for a size of 6253
2014-10-22 05:23:29,066+0000 INFO  GetFileHandler Handler(tag: 114, GET) unregistering (last)
2014-10-22 05:23:29,066+0000 INFO  ReadBuffer RB-LR-Handler(tag: -1, GET) actual allocated buffers 1(0 queued)
2014-10-22 05:23:29,066+0000 INFO  LocalIOProvider LR-Handler(tag: -1, GET) rbuf: RB-LR-Handler(tag: -1, GET)
2014-10-22 05:23:29,067+0000 INFO  ReadBuffer RB-LR-Handler(tag: -1, GET) de-allocating 1 buffers
2014-10-22 05:23:29,157+0000 INFO  GetFileHandler Handler(tag: 115, GET) request complete; src=file://localhost//home/ubuntu/swift-cloud-tutorial/cs553-a2/wordCount-adv/wordCount.py
2014-10-22 05:23:29,157+0000 INFO  GetFileHandler Handler(tag: 115, GET) reader: LR-Handler(tag: 115, GET)
2014-10-22 05:23:29,157+0000 INFO  GetFileHandler Handler(tag: 115, GET) sending length: 584, 1006638323
2014-10-22 05:23:29,157+0000 INFO  ReadBuffer RB-LR-Handler(tag: 115, GET) will ask for 1 buffers for a size of 584
2014-10-22 05:23:29,157+0000 INFO  ReadBuffer RB-LR-Handler(tag: 115, GET) actual allocated buffers 1(0 queued)
2014-10-22 05:23:29,157+0000 INFO  LocalIOProvider LR-Handler(tag: 115, GET) rbuf: RB-LR-Handler(tag: 115, GET)
2014-10-22 05:23:29,157+0000 INFO  GetFileHandler Handler(tag: 115, GET) unregistering (last)
2014-10-22 05:23:29,158+0000 INFO  ReadBuffer RB-LR-Handler(tag: -1, GET) de-allocating 1 buffers
2014-10-22 05:23:29,237+0000 INFO  GetFileHandler Handler(tag: 116, GET) request complete; src=file://localhost//home/ubuntu/swift-cloud-tutorial/cs553-a2/wordCount-adv/input/split-0005
2014-10-22 05:23:29,237+0000 INFO  GetFileHandler Handler(tag: 116, GET) reader: LR-Handler(tag: 116, GET)
2014-10-22 05:23:29,237+0000 INFO  GetFileHandler Handler(tag: 116, GET) sending length: 97029, 1229067001
2014-10-22 05:23:29,237+0000 INFO  ReadBuffer RB-LR-Handler(tag: 116, GET) will ask for 3 buffers for a size of 97029
2014-10-22 05:23:29,237+0000 INFO  ReadBuffer RB-LR-Handler(tag: 116, GET) actual allocated buffers 3(0 queued)
2014-10-22 05:23:29,237+0000 INFO  LocalIOProvider LR-Handler(tag: 116, GET) rbuf: RB-LR-Handler(tag: 116, GET)
2014-10-22 05:23:29,238+0000 INFO  GetFileHandler Handler(tag: 116, GET) unregistering (last)
2014-10-22 05:23:29,239+0000 INFO  ReadBuffer RB-LR-Handler(tag: -1, GET) de-allocating 3 buffers
2014-10-22 05:23:29,305+0000 INFO  Execute TASK_STATUS_CHANGE taskid=urn:R-7-0-1413955404594 status=2 workerid=0099:000000
2014-10-22 05:23:29,357+0000 INFO  Execute TASK_STATUS_CHANGE taskid=urn:R-7-0-1413955404594 status=17
2014-10-22 05:23:29,358+0000 INFO  PutFileHandler Handler(tag: 119, PUT) source: /tmp/swiftwork/wordCount-run004/jobs/z/python-z7qb96zl/_concurrent/wcfile-17-R/[0]
2014-10-22 05:23:29,358+0000 INFO  PutFileHandler Handler(tag: 119, PUT) destination: file://localhost//home/ubuntu/swift-cloud-tutorial/cs553-a2/wordCount-adv/_concurrent/wcfile-17-R/[0]
2014-10-22 05:23:29,358+0000 INFO  PutFileHandler Handler(tag: 120, PUT) source: /tmp/swiftwork/wordCount-run004/jobs/z/python-z7qb96zl/wrapper.log
2014-10-22 05:23:29,358+0000 INFO  PutFileHandler Handler(tag: 119, PUT) Transfer done
2014-10-22 05:23:29,358+0000 INFO  PutFileHandler Handler(tag: 120, PUT) destination: file://localhost/run004/wordCount-run004.d/python-z7qb96zl.info
2014-10-22 05:23:29,358+0000 INFO  PutFileHandler Handler(tag: 120, PUT) Transfer done
2014-10-22 05:23:29,445+0000 INFO  LateBindingScheduler jobs queued: 0
2014-10-22 05:23:29,445+0000 INFO  Execute TASK_STATUS_CHANGE taskid=urn:R-7-0-1413955404594 status=7
2014-10-22 05:23:29,446+0000 DEBUG swift JOB_END jobid=python-z7qb96zl
2014-10-22 05:23:29,446+0000 INFO  swift END_SUCCESS thread=R-7-0 tr=python
2014-10-22 05:23:29,446+0000 DEBUG swift PROCEDURE_END line=6 thread=R-7-0 name=wordCount
2014-10-22 05:23:29,447+0000 DEBUG swift FOREACH_IT_END line=21 thread=R-7-0
2014-10-22 05:23:29,448+0000 INFO  swift START host=local - Initializing shared directory
2014-10-22 05:23:29,448+0000 INFO  LateBindingScheduler jobs queued: 0
2014-10-22 05:23:29,456+0000 INFO  LateBindingScheduler jobs queued: 0
2014-10-22 05:23:29,458+0000 INFO  LateBindingScheduler jobs queued: 0
2014-10-22 05:23:29,461+0000 INFO  LateBindingScheduler jobs queued: 0
2014-10-22 05:23:29,462+0000 INFO  swift END host=local - Done initializing shared directory
2014-10-22 05:23:29,462+0000 DEBUG swift THREAD_ASSOCIATION jobid=m_script-68qb96zl thread=R-8 host=local replicationGroup=null
2014-10-22 05:23:29,463+0000 INFO  swift START jobid=m_script-68qb96zl host=local - Initializing directory structure
2014-10-22 05:23:29,464+0000 INFO  swift START path= dir=wordCount-run004/shared - Creating directory structure
2014-10-22 05:23:29,464+0000 INFO  LateBindingScheduler jobs queued: 0
2014-10-22 05:23:29,465+0000 INFO  swift START path=_concurrent/wcfile-17-R dir=wordCount-run004/shared - Creating directory structure
2014-10-22 05:23:29,465+0000 INFO  LateBindingScheduler jobs queued: 0
2014-10-22 05:23:29,466+0000 INFO  swift START path=_concurrent/wcfile-17-R/[10-19] dir=wordCount-run004/shared - Creating directory structure
2014-10-22 05:23:29,467+0000 INFO  LateBindingScheduler jobs queued: 0
2014-10-22 05:23:29,467+0000 INFO  swift START path=output dir=wordCount-run004/shared - Creating directory structure
2014-10-22 05:23:29,468+0000 INFO  LateBindingScheduler jobs queued: 0
2014-10-22 05:23:29,469+0000 INFO  swift END jobid=m_script-68qb96zl - Done initializing directory structure
2014-10-22 05:23:29,469+0000 INFO  swift START jobid=m_script-68qb96zl - Staging in files [file://localhost/_concurrent/wcfile-17-R/[9], file://localhost/_concurrent/wcfile-17-R/[5], file://localhost/_concurrent/wcfile-17-R/[0], file://localhost/_concurrent/wcfile-17-R/[10-19]/[10], file://localhost/_concurrent/wcfile-17-R/[1], file://localhost/_concurrent/wcfile-17-R/[4], file://localhost/_concurrent/wcfile-17-R/[6], file://localhost/_concurrent/wcfile-17-R/[3], file://localhost/merge.py, file://localhost/_concurrent/wcfile-17-R/[7], file://localhost/_concurrent/wcfile-17-R/[2], file://localhost/_concurrent/wcfile-17-R/[8]]
2014-10-22 05:23:29,471+0000 INFO  LateBindingScheduler jobs queued: 4
2014-10-22 05:23:29,471+0000 INFO  LateBindingScheduler jobs queued: 4
2014-10-22 05:23:29,472+0000 INFO  LateBindingScheduler jobs queued: 2
2014-10-22 05:23:29,472+0000 DEBUG swift CDM: file://localhost/_concurrent/wcfile-17-R/[5] : DEFAULT
2014-10-22 05:23:29,473+0000 DEBUG swift CDM: file://localhost/_concurrent/wcfile-17-R/[9] : DEFAULT
2014-10-22 05:23:29,473+0000 INFO  LateBindingScheduler jobs queued: 1
2014-10-22 05:23:29,474+0000 INFO  LateBindingScheduler jobs queued: 0
2014-10-22 05:23:29,474+0000 DEBUG swift CDM: file://localhost/_concurrent/wcfile-17-R/[0] : DEFAULT
2014-10-22 05:23:29,476+0000 DEBUG swift FILE_STAGE_IN_START file=[5] srchost=localhost srcdir=_concurrent/wcfile-17-R srcname=[5] desthost=local destdir=wordCount-run004/shared/_concurrent/wcfile-17-R provider=file policy=DEFAULT
2014-10-22 05:23:29,476+0000 INFO  LateBindingScheduler jobs queued: 0
2014-10-22 05:23:29,477+0000 DEBUG swift CDM: file://localhost/_concurrent/wcfile-17-R/[10-19]/[10] : DEFAULT
2014-10-22 05:23:29,477+0000 DEBUG swift CDM: file://localhost/_concurrent/wcfile-17-R/[1] : DEFAULT
2014-10-22 05:23:29,477+0000 INFO  LateBindingScheduler jobs queued: 0
2014-10-22 05:23:29,477+0000 DEBUG swift FILE_STAGE_IN_START file=[1] srchost=localhost srcdir=_concurrent/wcfile-17-R srcname=[1] desthost=local destdir=wordCount-run004/shared/_concurrent/wcfile-17-R provider=file policy=DEFAULT
2014-10-22 05:23:29,478+0000 DEBUG swift FILE_STAGE_IN_START file=[10] srchost=localhost srcdir=_concurrent/wcfile-17-R/[10-19] srcname=[10] desthost=local destdir=wordCount-run004/shared/_concurrent/wcfile-17-R/[10-19] provider=file policy=DEFAULT
2014-10-22 05:23:29,478+0000 DEBUG swift FILE_STAGE_IN_START file=[0] srchost=localhost srcdir=_concurrent/wcfile-17-R srcname=[0] desthost=local destdir=wordCount-run004/shared/_concurrent/wcfile-17-R provider=file policy=DEFAULT
2014-10-22 05:23:29,478+0000 DEBUG swift FILE_STAGE_IN_START file=[9] srchost=localhost srcdir=_concurrent/wcfile-17-R srcname=[9] desthost=local destdir=wordCount-run004/shared/_concurrent/wcfile-17-R provider=file policy=DEFAULT
2014-10-22 05:23:29,478+0000 INFO  LateBindingScheduler jobs queued: 0
2014-10-22 05:23:29,478+0000 DEBUG swift CDM: file://localhost/_concurrent/wcfile-17-R/[4] : DEFAULT
2014-10-22 05:23:29,479+0000 DEBUG swift FILE_STAGE_IN_START file=[4] srchost=localhost srcdir=_concurrent/wcfile-17-R srcname=[4] desthost=local destdir=wordCount-run004/shared/_concurrent/wcfile-17-R provider=file policy=DEFAULT
2014-10-22 05:23:29,479+0000 DEBUG swift CDM: file://localhost/_concurrent/wcfile-17-R/[3] : DEFAULT
2014-10-22 05:23:29,480+0000 DEBUG swift FILE_STAGE_IN_START file=[3] srchost=localhost srcdir=_concurrent/wcfile-17-R srcname=[3] desthost=local destdir=wordCount-run004/shared/_concurrent/wcfile-17-R provider=file policy=DEFAULT
2014-10-22 05:23:29,480+0000 INFO  LateBindingScheduler jobs queued: 3
2014-10-22 05:23:29,480+0000 DEBUG swift CDM: file://localhost/_concurrent/wcfile-17-R/[6] : DEFAULT
2014-10-22 05:23:29,480+0000 DEBUG swift FILE_STAGE_IN_START file=[6] srchost=localhost srcdir=_concurrent/wcfile-17-R srcname=[6] desthost=local destdir=wordCount-run004/shared/_concurrent/wcfile-17-R provider=file policy=DEFAULT
2014-10-22 05:23:29,480+0000 INFO  LateBindingScheduler jobs queued: 4
2014-10-22 05:23:29,480+0000 DEBUG swift CDM: file://localhost/merge.py : DEFAULT
2014-10-22 05:23:29,481+0000 INFO  LateBindingScheduler jobs queued: 4
2014-10-22 05:23:29,481+0000 DEBUG swift FILE_STAGE_IN_START file=merge.py srchost=localhost srcdir= srcname=merge.py desthost=local destdir=wordCount-run004/shared/ provider=file policy=DEFAULT
2014-10-22 05:23:29,481+0000 DEBUG swift CDM: file://localhost/_concurrent/wcfile-17-R/[7] : DEFAULT
2014-10-22 05:23:29,481+0000 DEBUG swift FILE_STAGE_IN_START file=[7] srchost=localhost srcdir=_concurrent/wcfile-17-R srcname=[7] desthost=local destdir=wordCount-run004/shared/_concurrent/wcfile-17-R provider=file policy=DEFAULT
2014-10-22 05:23:29,481+0000 DEBUG swift CDM: file://localhost/_concurrent/wcfile-17-R/[2] : DEFAULT
2014-10-22 05:23:29,482+0000 DEBUG swift FILE_STAGE_IN_START file=[2] srchost=localhost srcdir=_concurrent/wcfile-17-R srcname=[2] desthost=local destdir=wordCount-run004/shared/_concurrent/wcfile-17-R provider=file policy=DEFAULT
2014-10-22 05:23:29,482+0000 INFO  LateBindingScheduler jobs queued: 7
2014-10-22 05:23:29,483+0000 DEBUG swift CDM: file://localhost/_concurrent/wcfile-17-R/[8] : DEFAULT
2014-10-22 05:23:29,483+0000 DEBUG swift FILE_STAGE_IN_START file=[8] srchost=localhost srcdir=_concurrent/wcfile-17-R srcname=[8] desthost=local destdir=wordCount-run004/shared/_concurrent/wcfile-17-R provider=file policy=DEFAULT
2014-10-22 05:23:29,485+0000 INFO  LateBindingScheduler jobs queued: 8
2014-10-22 05:23:29,485+0000 INFO  LateBindingScheduler jobs queued: 8
2014-10-22 05:23:29,486+0000 DEBUG swift FILE_STAGE_IN_END file=[5] srchost=localhost srcdir=_concurrent/wcfile-17-R srcname=[5] desthost=local destdir=wordCount-run004/shared/_concurrent/wcfile-17-R provider=file
2014-10-22 05:23:29,486+0000 INFO  LateBindingScheduler jobs queued: 7
2014-10-22 05:23:29,488+0000 DEBUG swift FILE_STAGE_IN_END file=[1] srchost=localhost srcdir=_concurrent/wcfile-17-R srcname=[1] desthost=local destdir=wordCount-run004/shared/_concurrent/wcfile-17-R provider=file
2014-10-22 05:23:29,489+0000 INFO  LateBindingScheduler jobs queued: 6
2014-10-22 05:23:29,491+0000 INFO  LateBindingScheduler jobs queued: 4
2014-10-22 05:23:29,487+0000 INFO  LateBindingScheduler jobs queued: 6
2014-10-22 05:23:29,493+0000 DEBUG swift FILE_STAGE_IN_END file=[9] srchost=localhost srcdir=_concurrent/wcfile-17-R srcname=[9] desthost=local destdir=wordCount-run004/shared/_concurrent/wcfile-17-R provider=file
2014-10-22 05:23:29,490+0000 DEBUG swift FILE_STAGE_IN_END file=[0] srchost=localhost srcdir=_concurrent/wcfile-17-R srcname=[0] desthost=local destdir=wordCount-run004/shared/_concurrent/wcfile-17-R provider=file
2014-10-22 05:23:29,494+0000 INFO  LateBindingScheduler jobs queued: 2
2014-10-22 05:23:29,495+0000 DEBUG swift FILE_STAGE_IN_END file=[4] srchost=localhost srcdir=_concurrent/wcfile-17-R srcname=[4] desthost=local destdir=wordCount-run004/shared/_concurrent/wcfile-17-R provider=file
2014-10-22 05:23:29,495+0000 DEBUG swift FILE_STAGE_IN_END file=[10] srchost=localhost srcdir=_concurrent/wcfile-17-R/[10-19] srcname=[10] desthost=local destdir=wordCount-run004/shared/_concurrent/wcfile-17-R/[10-19] provider=file
2014-10-22 05:23:29,496+0000 INFO  LateBindingScheduler jobs queued: 1
2014-10-22 05:23:29,496+0000 INFO  LateBindingScheduler jobs queued: 1
2014-10-22 05:23:29,501+0000 DEBUG swift FILE_STAGE_IN_END file=[3] srchost=localhost srcdir=_concurrent/wcfile-17-R srcname=[3] desthost=local destdir=wordCount-run004/shared/_concurrent/wcfile-17-R provider=file
2014-10-22 05:23:29,502+0000 DEBUG swift FILE_STAGE_IN_END file=[6] srchost=localhost srcdir=_concurrent/wcfile-17-R srcname=[6] desthost=local destdir=wordCount-run004/shared/_concurrent/wcfile-17-R provider=file
2014-10-22 05:23:29,502+0000 INFO  LateBindingScheduler jobs queued: 0
2014-10-22 05:23:29,502+0000 DEBUG swift FILE_STAGE_IN_END file=merge.py srchost=localhost srcdir= srcname=merge.py desthost=local destdir=wordCount-run004/shared/ provider=file
2014-10-22 05:23:29,505+0000 DEBUG swift FILE_STAGE_IN_END file=[2] srchost=localhost srcdir=_concurrent/wcfile-17-R srcname=[2] desthost=local destdir=wordCount-run004/shared/_concurrent/wcfile-17-R provider=file
2014-10-22 05:23:29,506+0000 INFO  LateBindingScheduler jobs queued: 0
2014-10-22 05:23:29,506+0000 INFO  LateBindingScheduler jobs queued: 0
2014-10-22 05:23:29,506+0000 DEBUG swift FILE_STAGE_IN_END file=[7] srchost=localhost srcdir=_concurrent/wcfile-17-R srcname=[7] desthost=local destdir=wordCount-run004/shared/_concurrent/wcfile-17-R provider=file
2014-10-22 05:23:29,507+0000 DEBUG swift FILE_STAGE_IN_END file=[8] srchost=localhost srcdir=_concurrent/wcfile-17-R srcname=[8] desthost=local destdir=wordCount-run004/shared/_concurrent/wcfile-17-R provider=file
2014-10-22 05:23:29,507+0000 INFO  swift END jobid=m_script-68qb96zl - Staging in finished
2014-10-22 05:23:29,508+0000 DEBUG swift JOB_START jobid=m_script-68qb96zl tr=m_script arguments=[_concurrent/wcfile-17-R/[0] _concurrent/wcfile-17-R/[1] _concurrent/wcfile-17-R/[2] _concurrent/wcfile-17-R/[3] _concurrent/wcfile-17-R/[4] _concurrent/wcfile-17-R/[5] _concurrent/wcfile-17-R/[6] _concurrent/wcfile-17-R/[7] _concurrent/wcfile-17-R/[8] _concurrent/wcfile-17-R/[9] _concurrent/wcfile-17-R/[10-19]/[10]] tmpdir=wordCount-run004/jobs/6/m_script-68qb96zl host=local
2014-10-22 05:23:29,508+0000 INFO  Execute JOB_TASK jobid=m_script-68qb96zl taskid=urn:R-8-1413955404689 exec=/bin/bash dir=wordCount-run004 args=shared/_swiftwrap m_script-68qb96zl -jobdir 6 -scratch  -e /home/ubuntu/swift-cloud-tutorial/cs553-a2/wordCount-adv/merge.sh -out output/result.txt -err stderr.txt -i -d _concurrent/wcfile-17-R|_concurrent/wcfile-17-R/[10-19]|output -if _concurrent/wcfile-17-R/[9]|_concurrent/wcfile-17-R/[5]|_concurrent/wcfile-17-R/[0]|_concurrent/wcfile-17-R/[10-19]/[10]|_concurrent/wcfile-17-R/[1]|_concurrent/wcfile-17-R/[4]|_concurrent/wcfile-17-R/[6]|_concurrent/wcfile-17-R/[3]|merge.py|_concurrent/wcfile-17-R/[7]|_concurrent/wcfile-17-R/[2]|_concurrent/wcfile-17-R/[8] -of output/result.txt -cf  -cdmfile -status files -a _concurrent/wcfile-17-R/[0] _concurrent/wcfile-17-R/[1] _concurrent/wcfile-17-R/[2] _concurrent/wcfile-17-R/[3] _concurrent/wcfile-17-R/[4] _concurrent/wcfile-17-R/[5] _concurrent/wcfile-17-R/[6] _concurrent/wcfile-17-R/[7] _concurrent/wcfile-17-R/[8] _concurrent/wcfile-17-R/[9] _concurrent/wcfile-17-R/[10-19]/[10]
2014-10-22 05:23:29,513+0000 INFO  Execute TASK_STATUS_CHANGE taskid=urn:R-8-1413955404689 status=8
2014-10-22 05:23:29,513+0000 INFO  Execute TASK_STATUS_CHANGE taskid=urn:R-8-1413955404689 status=1
2014-10-22 05:23:29,520+0000 INFO  Execute TASK_STATUS_CHANGE taskid=urn:R-8-1413955404689 status=2
2014-10-22 05:23:29,645+0000 INFO  LateBindingScheduler jobs queued: 0
2014-10-22 05:23:29,645+0000 INFO  Execute TASK_STATUS_CHANGE taskid=urn:R-8-1413955404689 status=7
2014-10-22 05:23:29,646+0000 DEBUG swift START jobid=m_script-68qb96zl
2014-10-22 05:23:29,646+0000 INFO  LateBindingScheduler jobs queued: 0
2014-10-22 05:23:29,647+0000 INFO  swift SUCCESS jobid=m_script-68qb96zl - Success file found
2014-10-22 05:23:29,647+0000 DEBUG swift STAGING_OUT jobid=m_script-68qb96zl
2014-10-22 05:23:29,647+0000 INFO  swift START jobid=m_script-68qb96zl - Staging out files
2014-10-22 05:23:29,647+0000 DEBUG swift stageouts: [file://localhost/output/result.txt]
2014-10-22 05:23:29,648+0000 DEBUG swift FILE_STAGE_OUT_START srcname=result.txt srcdir=wordCount-run004/shared/output srchost=local destdir=output desthost=localhost provider=file jobid=m_script-68qb96zl
2014-10-22 05:23:29,648+0000 INFO  LateBindingScheduler jobs queued: 0
2014-10-22 05:23:29,649+0000 DEBUG swift CDM: file://localhost/output/result.txt : DEFAULT
2014-10-22 05:23:29,650+0000 INFO  LateBindingScheduler jobs queued: 0
2014-10-22 05:23:29,652+0000 DEBUG swift FILE_STAGE_OUT_END srcname=result.txt srcdir=wordCount-run004/shared/output srchost=local destdir=output desthost=localhost provider=file
2014-10-22 05:23:29,653+0000 INFO  LateBindingScheduler jobs queued: 0
2014-10-22 05:23:29,654+0000 INFO  swift END jobid=m_script-68qb96zl - Staging out finished
2014-10-22 05:23:29,655+0000 INFO  LateBindingScheduler jobs queued: 0
2014-10-22 05:23:29,656+0000 DEBUG swift JOB_END jobid=m_script-68qb96zl
2014-10-22 05:23:29,656+0000 INFO  swift END_SUCCESS thread=R-8 tr=m_script
2014-10-22 05:23:29,656+0000 DEBUG swift PROCEDURE_END line=11 thread=R-8 name=merge
2014-10-22 05:23:29,657+0000 INFO  RuntimeStats$ProgressTicker HeapMax: 954728448, CrtHeap: 75497472, UsedHeap: 38868232, JVMThreads: 22
2014-10-22 05:23:29,657+0000 INFO  RuntimeStats$ProgressTicker   Finished successfully:12
2014-10-22 05:23:29,665+0000 DEBUG swift Starting cleanups
2014-10-22 05:23:29,665+0000 INFO  swift START cleanups=[[wordCount-run004, local]]
2014-10-22 05:23:29,665+0000 INFO  swift START dir=wordCount-run004 host=local
2014-10-22 05:23:29,665+0000 DEBUG swift cdmfile 
2014-10-22 05:23:29,665+0000 INFO  swift END dir=wordCount-run004 host=local
2014-10-22 05:23:29,666+0000 INFO  swift END cleanups=[[wordCount-run004, local]]
2014-10-22 05:23:29,666+0000 DEBUG swift Ending cleanups
2014-10-22 05:23:29,666+0000 INFO  SwiftFunction Cleaning mfile:file = <FILE> - Closed
2014-10-22 05:23:29,666+0000 INFO  SwiftFunction Cleaning infile:file[int] = {0=infile[0]:file = <FILE> - Closed, 1=infile[1]:file = <FILE> - Closed, 2=infile[2]:file = <FILE> - Closed, 3=infile[3]:file = <FILE> - Closed, 4=infile[4]:file = <FILE> - Closed, 5=infile[5]:file = <FILE> - Closed, 6=infile[6]:file = <FILE> - Closed, 7=infile[7]:file = <FILE> - Closed, 8=infile[8]:file = <FILE> - Closed, 9=infile[9]:file = <FILE> - Closed, 10=infile[10]:file = <FILE> - Closed} - Closed
2014-10-22 05:23:29,666+0000 INFO  SwiftFunction Cleaning wc_script:file = <FILE> - Closed
2014-10-22 05:23:29,666+0000 INFO  SwiftFunction Cleaning m_script:file = <FILE> - Closed
2014-10-22 05:23:29,669+0000 INFO  SwiftFunction Cleaning wcfile:file[int] = {0=wcfile[0]:file = <FILE> - Closed, 1=wcfile[1]:file = <FILE> - Closed, 2=wcfile[2]:file = <FILE> - Closed, 3=wcfile[3]:file = <FILE> - Closed, 4=wcfile[4]:file = <FILE> - Closed, 5=wcfile[5]:file = <FILE> - Closed, 6=wcfile[6]:file = <FILE> - Closed, 7=wcfile[7]:file = <FILE> - Closed, 8=wcfile[8]:file = <FILE> - Closed, 9=wcfile[9]:file = <FILE> - Closed, 10=wcfile[10]:file = <FILE> - Closed} - Closed
2014-10-22 05:23:29,671+0000 INFO  Loader Swift finished with no errors
