checking for paramfile
no paramfile: using command line arguments
Progress  2014-10-23 04:59:59.288214928+0000  LOG_START

_____________________________________________________________________________

        Wrapper (_swiftwrap.staging)
_____________________________________________________________________________

python -out stdout.txt -err stderr.txt -i -d /s3/wordCount-s3fs-mapreduce/output/0|/s3/wordCount-s3fs-mapreduce/input -if /s3/wordCount-s3fs-mapreduce/input/split-0000 -of -cf /s3/wordCount-s3fs-mapreduce/output/0/*.txt -cdmfile -status provider -a /s3/wordCount-s3fs-mapreduce/wordCount.py 0 16 /s3/wordCount-s3fs-mapreduce/input/split-0000
PWD=/s3/wordCount-s3fs-mapreduce/wordCount-run003/jobs/3/python-3t8yu7zl
EXEC=/usr/bin/python
STDIN=
STDOUT=stdout.txt
STDERR=stderr.txt
DIRS=/s3/wordCount-s3fs-mapreduce/output/0|/s3/wordCount-s3fs-mapreduce/input
INF=/s3/wordCount-s3fs-mapreduce/input/split-0000
OUTF=
COLLECT=/s3/wordCount-s3fs-mapreduce/output/0/*.txt
ARGS=/s3/wordCount-s3fs-mapreduce/wordCount.py 0 16 /s3/wordCount-s3fs-mapreduce/input/split-0000
ARGC=4
Progress  2014-10-23 04:59:59.893569548+0000  CREATE_INPUTDIR
Created output directory: /s3/wordCount-s3fs-mapreduce/output/0
Created output directory: /s3/wordCount-s3fs-mapreduce/input
Progress  2014-10-23 05:00:00.531616283+0000  EXECUTE
Progress  2014-10-23 05:00:05.558766945+0000  COLLECT
Collect list is /s3/wordCount-s3fs-mapreduce/output/0/*.txt
Collecting /s3/wordCount-s3fs-mapreduce/output/0/*.txt
Progress  2014-10-23 05:00:05.925581280+0000  EXECUTE_DONE
Job ran successfully
Progress  2014-10-23 05:00:05.977470633+0000  END
