Swift trunk git-rev: 2d334140f2c288e5aeb3d354de0ecda35b4b3aac heads/master 6130 (modified locally)
RunID: run001
Warning: The @ syntax for function invocation is deprecated
Progress: Thu, 23 Oct 2014 00:08:53+0000
test
reduceNum pf=countInter-
infile pf=countInter-1-
infile pf=countInter-2-
infile pf=countInter-3-
infile pf=countInter-4-
infile pf=countInter-5-
infile pf=countInter-6-
infile pf=countInter-7-
infile pf=countInter-8-
infile pf=countInter-10-
infile pf=countInter-9-
reduceNum ofn=output/result-0
infile pf=countInter-0-
reduceNum sf=-0

Execution failed:
java.lang.IllegalArgumentException: Directory not found: output
	assignment @ wordCount, line: 40
Caused by: java.lang.IllegalArgumentException: Directory not found: output
	at org.griphyn.vdl.mapping.file.AbstractFileMapper.existing(AbstractFileMapper.java:236)
	at org.griphyn.vdl.mapping.file.AbstractFileMapper.existing(AbstractFileMapper.java:218)
	at org.griphyn.vdl.mapping.nodes.InitMapper.checkInputs(InitMapper.java:198)
	at org.griphyn.vdl.mapping.nodes.InitMapper.initialize(InitMapper.java:144)
	at org.griphyn.vdl.mapping.nodes.InitMapper.futureUpdated(InitMapper.java:154)
	at org.griphyn.vdl.mapping.nodes.AbstractFutureDataNode.notifyListeners(AbstractFutureDataNode.java:71)
	at org.griphyn.vdl.mapping.nodes.AbstractDataNode.postCloseActions(AbstractDataNode.java:285)
	at org.griphyn.vdl.mapping.nodes.AbstractFutureNonCompositeDataNode.setValue(AbstractFutureNonCompositeDataNode.java:101)
	at org.griphyn.vdl.karajan.lib.SetFieldValue.deepCopy(SetFieldValue.java:224)
	at org.griphyn.vdl.karajan.lib.SetFieldValue.function(SetFieldValue.java:174)
	at org.griphyn.vdl.karajan.lib.SwiftFunction.runBody(SwiftFunction.java:77)
	at org.globus.cog.karajan.compiled.nodes.InternalFunction.run(InternalFunction.java:175)
	at org.globus.cog.karajan.compiled.nodes.CompoundNode.runChild(CompoundNode.java:110)
	at org.globus.cog.karajan.compiled.nodes.Sequential.run(Sequential.java:41)
	at org.globus.cog.karajan.compiled.nodes.CompoundNode.runChild(CompoundNode.java:110)
	at org.globus.cog.karajan.compiled.nodes.UParallel$1.run(UParallel.java:91)
	at k.thr.LWThread.run(LWThread.java:247)
	at java.util.concurrent.ThreadPoolExecutor.runWorker(ThreadPoolExecutor.java:1145)
	at java.util.concurrent.ThreadPoolExecutor$Worker.run(ThreadPoolExecutor.java:615)
	at java.lang.Thread.run(Thread.java:744)

