2014-10-23 01:49:54,605+0000 INFO  Loader JAVA Oracle Corporation Java HotSpot(TM) 64-Bit Server VM 1.7.0_51
2014-10-23 01:49:54,610+0000 INFO  Loader VERSION Swift trunk git-rev: 2d334140f2c288e5aeb3d354de0ecda35b4b3aac heads/master 6130 (modified locally)
2014-10-23 01:49:54,610+0000 INFO  Loader RUN_ID run001
2014-10-23 01:49:54,610+0000 INFO  Loader ARGUMENTS [-runid, run001, -logfile, /home/ubuntu/swift-cloud-tutorial/cs553-a2/wordCount-mapreduce/run001/swift.log, wordCount.swift]
2014-10-23 01:49:54,610+0000 INFO  Loader MAX_HEAP 954728448
2014-10-23 01:49:54,610+0000 INFO  Loader GLOBUS_HOSTNAME ip-172-31-3-79
2014-10-23 01:49:54,610+0000 INFO  Loader CWD /home/ubuntu/swift-cloud-tutorial/cs553-a2/wordCount-mapreduce/.
2014-10-23 01:49:54,613+0000 DEBUG Loader SWIFT_CONFIGURATION 
[D] /usr/local/bin/swift-trunk/etc/swift.conf
[R] swift.conf
[C] <Command Line>
{
    TCPPortRange: "50000, 50100"                            # [D] line 27
    alwaysTransferWrapperLog: true                          # [R] line 44
    executionRetries: 0                                     # [R] line 41
    fileOperationsThrottle: 8                               # [D] line 121
    fileTransfersThrottle: 4                                # [D] line 107
    hostJobSubmitThrottle: 2                                # [D] line 95
    jobSubmitThrottle: 4                                    # [D] line 83
    keepSiteDir: true                                       # [R] line 42
    lazyErrors: false                                       # [R] line 40
    logProvenance: false                                    # [D] line 200
    maxForeachThreads: 16384                                # [D] line 194
    providerStagingPinSwiftFiles: false                     # [R] line 43
    replicationEnabled: false                               # [D] line 146
    replicationLimit: 3                                     # [D] line 157
    replicationMinQueueTime: 60                             # [D] line 153
	site {
		cloud-static {
            app.python.executable: "/usr/bin/python"        # [R] line 31
			execution {
                URL: "http://127.0.0.1:50010"               # [R] line 23
                jobManager: "local:local"                   # [R] line 24
				options {
                    maxJobs: 10                             # [R] line 26
                    tasksPerNode: 4                         # [R] line 27
				}
                type: "coaster-persistent"                  # [R] line 22
			}
            filesystem.type: "local"                        # [R] line 35
            initialParallelTasks: 20                        # [R] line 33
            maxParallelTasks: 20                            # [R] line 34
            staging: "local"                                # [R] line 37
            workDirectory: "/tmp/swiftwork"                 # [R] line 36
		}
		local {
            app.f_script.executable: "/home/ubuntu/swift-cloud-tutorial/cs553-a2/wordCount-mapreduce/final.sh"# [C]
			execution {
                URL: "localhost"                            # [R] line 10
                type: "local"                               # [R] line 9
			}
			filesystem {
                URL: "localhost"                            # [R] line 6
                type: "local"                               # [R] line 5
			}
            initialParallelTasks: 31                        # [R] line 17
            maxParallelTasks: 32                            # [R] line 16
            workDirectory: "/tmp/ubuntu/swiftwork"          # [C]
		}
	}
    sites: [local, cloud-static]                            # [R] line 1
    tracingEnabled: false                                   # [D] line 51
}

2014-10-23 01:49:54,615+0000 DEBUG textfiles BEGIN SWIFTSCRIPT:
type file;

file wc_script <"wordCount.py">;
file m_script <"merge.py">;
file f_py <"final.py">;

app (file outfile[]) wordCount (file infile, int index, int reduceNum, file wc_script)
{
    python @wc_script index reduceNum @infile;
}

app (file outfile) merge (file[] infiles, file m_script)
{
    python @m_script @filenames(infiles) stdout=@outfile;
}

app (file outfile) final (file[] infiles, file f_py)
{
    f_script @filenames(infiles) stdout=@outfile;
}

int reduceNum = toInt(arg("reduceNum",   "16"));

file infile[] <filesys_mapper;pattern="split-*", location="input">;

tracef("test\n");

file reduceinfiles[][];

foreach f,i in infile {
//    tracef("%s\n",@f);
    string loc="output/"+toString(i);
    tracef("infile location=%s\n",loc);
    file interfiles[] <filesys_mapper; pattern="*", location=loc>;
    interfiles=wordCount(f,i,reduceNum,wc_script);
    foreach ff in interfiles {
        reduceinfiles[toInt(@ff)][i]=ff;
    }
}

file finalinputs[];

foreach i in [0:reduceNum] {
    string ofn="output/result-"+toString(i);
    tracef("reduceNum ofn=%s\n",ofn);
    file mfile <single_file_mapper;file=ofn>;
    mfile=merge(reduceinfiles[i],m_script);
    finalinputs[i]=mfile;
}

file ffile <"output/finalresult.txt">;

ffile=merge(finalinputs, f_py);


2014-10-23 01:49:54,616+0000 DEBUG textfiles END SWIFTSCRIPT:
2014-10-23 01:49:54,616+0000 INFO  Loader wordCount.swift: source file is new. Recompiling.
2014-10-23 01:49:55,593+0000 INFO  Warnings Warning: The @ syntax for function invocation is deprecated
2014-10-23 01:49:56,638+0000 INFO  Loader RUN_START
2014-10-23 01:49:56,661+0000 INFO  SwiftExecutor swift.home = /usr/local/bin/swift-trunk
2014-10-23 01:49:56,704+0000 INFO  AbstractScheduler Setting resources to: {cloud-static=cloud-static, local=local}
2014-10-23 01:49:56,713+0000 INFO  GlobalSubmitQueue No global submit throttle set. Using default (1024)
2014-10-23 01:49:56,734+0000 INFO  LateBindingScheduler jobs queued: 0
2014-10-23 01:49:56,735+0000 INFO  LateBindingScheduler jobs queued: 0
2014-10-23 01:49:56,754+0000 INFO  RuntimeStats$ProgressTicker HeapMax: 954728448, CrtHeap: 75497472, UsedHeap: 23634464, JVMThreads: 14
2014-10-23 01:49:56,755+0000 INFO  RuntimeStats$ProgressTicker 
2014-10-23 01:49:56,758+0000 DEBUG swift INTERNALPROC_START thread=R-3 name=tracef
2014-10-23 01:49:56,758+0000 INFO  Tracef test

2014-10-23 01:49:56,758+0000 DEBUG swift INTERNALPROC_END thread=R-3 name=tracef
2014-10-23 01:49:56,765+0000 DEBUG swift PROCEDURE line=12 thread=R-6 name=merge
2014-10-23 01:49:56,767+0000 DEBUG swift FOREACH_IT_START line=30 thread=R-4-0
2014-10-23 01:49:56,768+0000 DEBUG swift FOREACH_IT_START line=30 thread=R-4-2
2014-10-23 01:49:56,768+0000 DEBUG swift SCOPE thread=R-4-2
2014-10-23 01:49:56,768+0000 DEBUG swift SCOPE thread=R-4-0
2014-10-23 01:49:56,768+0000 DEBUG swift FOREACH_IT_START line=30 thread=R-4-3
2014-10-23 01:49:56,768+0000 DEBUG swift SCOPE thread=R-4-3
2014-10-23 01:49:56,769+0000 DEBUG swift FOREACH_IT_START line=30 thread=R-4x2
2014-10-23 01:49:56,769+0000 DEBUG swift SCOPE thread=R-4x2
2014-10-23 01:49:56,769+0000 DEBUG swift FOREACH_IT_START line=30 thread=R-4-6
2014-10-23 01:49:56,769+0000 DEBUG swift SCOPE thread=R-4-6
2014-10-23 01:49:56,769+0000 DEBUG swift FOREACH_IT_START line=30 thread=R-4-7
2014-10-23 01:49:56,769+0000 DEBUG swift SCOPE thread=R-4-7
2014-10-23 01:49:56,769+0000 DEBUG swift FOREACH_IT_START line=30 thread=R-4-8
2014-10-23 01:49:56,769+0000 DEBUG swift SCOPE thread=R-4-8
2014-10-23 01:49:56,770+0000 DEBUG swift FOREACH_IT_START line=30 thread=R-4-9
2014-10-23 01:49:56,770+0000 DEBUG swift SCOPE thread=R-4-9
2014-10-23 01:49:56,770+0000 DEBUG swift FOREACH_IT_START line=30 thread=R-4-10
2014-10-23 01:49:56,770+0000 DEBUG swift SCOPE thread=R-4-10
2014-10-23 01:49:56,768+0000 DEBUG swift FOREACH_IT_START line=30 thread=R-4-1
2014-10-23 01:49:56,770+0000 DEBUG swift SCOPE thread=R-4-1
2014-10-23 01:49:56,769+0000 DEBUG swift FOREACH_IT_START line=30 thread=R-4-5
2014-10-23 01:49:56,771+0000 DEBUG swift SCOPE thread=R-4-5
2014-10-23 01:49:56,777+0000 DEBUG swift FOREACH_IT_START line=43 thread=R-5-0
2014-10-23 01:49:56,777+0000 DEBUG swift SCOPE thread=R-5-0
2014-10-23 01:49:56,777+0000 DEBUG swift FOREACH_IT_START line=43 thread=R-5-2
2014-10-23 01:49:56,777+0000 DEBUG swift SCOPE thread=R-5-2
2014-10-23 01:49:56,777+0000 DEBUG swift FOREACH_IT_START line=43 thread=R-5-3
2014-10-23 01:49:56,777+0000 DEBUG swift SCOPE thread=R-5-3
2014-10-23 01:49:56,777+0000 DEBUG swift FOREACH_IT_START line=43 thread=R-5-4
2014-10-23 01:49:56,777+0000 DEBUG swift SCOPE thread=R-5-4
2014-10-23 01:49:56,778+0000 DEBUG swift FOREACH_IT_START line=43 thread=R-5x2
2014-10-23 01:49:56,778+0000 DEBUG swift SCOPE thread=R-5x2
2014-10-23 01:49:56,779+0000 DEBUG swift FOREACH_IT_START line=43 thread=R-5-7
2014-10-23 01:49:56,779+0000 DEBUG swift SCOPE thread=R-5-7
2014-10-23 01:49:56,779+0000 DEBUG swift FOREACH_IT_START line=43 thread=R-5-8
2014-10-23 01:49:56,779+0000 DEBUG swift SCOPE thread=R-5-8
2014-10-23 01:49:56,780+0000 DEBUG swift FOREACH_IT_START line=43 thread=R-5-9
2014-10-23 01:49:56,780+0000 DEBUG swift SCOPE thread=R-5-9
2014-10-23 01:49:56,780+0000 DEBUG swift FOREACH_IT_START line=43 thread=R-5-10
2014-10-23 01:49:56,780+0000 DEBUG swift SCOPE thread=R-5-10
2014-10-23 01:49:56,781+0000 DEBUG swift FOREACH_IT_START line=43 thread=R-5-11
2014-10-23 01:49:56,781+0000 DEBUG swift SCOPE thread=R-5-11
2014-10-23 01:49:56,781+0000 DEBUG swift FOREACH_IT_START line=43 thread=R-5-12
2014-10-23 01:49:56,781+0000 DEBUG swift SCOPE thread=R-5-12
2014-10-23 01:49:56,782+0000 DEBUG swift FOREACH_IT_START line=43 thread=R-5-13
2014-10-23 01:49:56,782+0000 DEBUG swift SCOPE thread=R-5-13
2014-10-23 01:49:56,778+0000 DEBUG swift FOREACH_IT_START line=43 thread=R-5-1
2014-10-23 01:49:56,782+0000 DEBUG swift SCOPE thread=R-5-1
2014-10-23 01:49:56,778+0000 DEBUG swift FOREACH_IT_START line=43 thread=R-5-6
2014-10-23 01:49:56,783+0000 DEBUG swift SCOPE thread=R-5-6
2014-10-23 01:49:56,782+0000 DEBUG swift FOREACH_IT_START line=43 thread=R-5-14
2014-10-23 01:49:56,783+0000 DEBUG swift SCOPE thread=R-5-14
2014-10-23 01:49:56,783+0000 DEBUG swift FOREACH_IT_START line=43 thread=R-5-16
2014-10-23 01:49:56,783+0000 DEBUG swift SCOPE thread=R-5-16
2014-10-23 01:49:56,783+0000 DEBUG swift INTERNALPROC_START thread=R-4-2-1 name=tracef
2014-10-23 01:49:56,783+0000 DEBUG swift PROCEDURE line=7 thread=R-4-2-3 name=wordCount
2014-10-23 01:49:56,783+0000 DEBUG swift FOREACH_IT_START line=43 thread=R-5-15
2014-10-23 01:49:56,785+0000 DEBUG swift SCOPE thread=R-5-15
2014-10-23 01:49:56,786+0000 DEBUG swift INTERNALPROC_START thread=R-4-3-1 name=tracef
2014-10-23 01:49:56,786+0000 INFO  Tracef infile location=output/3

2014-10-23 01:49:56,786+0000 DEBUG swift PROCEDURE line=7 thread=R-4-0-3 name=wordCount
2014-10-23 01:49:56,786+0000 DEBUG swift INTERNALPROC_START thread=R-4-0-1 name=tracef
2014-10-23 01:49:56,786+0000 DEBUG swift PROCEDURE line=7 thread=R-4-3x2 name=wordCount
2014-10-23 01:49:56,789+0000 INFO  Tracef infile location=output/0

2014-10-23 01:49:56,789+0000 DEBUG swift INTERNALPROC_END thread=R-4-0-1 name=tracef
2014-10-23 01:49:56,790+0000 DEBUG swift INTERNALPROC_START thread=R-4x2-1 name=tracef
2014-10-23 01:49:56,790+0000 INFO  Tracef infile location=output/4

2014-10-23 01:49:56,790+0000 DEBUG swift INTERNALPROC_END thread=R-4x2-1 name=tracef
2014-10-23 01:49:56,790+0000 DEBUG swift PROCEDURE line=7 thread=R-4x2-3 name=wordCount
2014-10-23 01:49:56,791+0000 DEBUG swift INTERNALPROC_END thread=R-4-3-1 name=tracef
2014-10-23 01:49:56,791+0000 DEBUG swift INTERNALPROC_START thread=R-4-7-1 name=tracef
2014-10-23 01:49:56,791+0000 INFO  Tracef infile location=output/7

2014-10-23 01:49:56,791+0000 DEBUG swift INTERNALPROC_END thread=R-4-7-1 name=tracef
2014-10-23 01:49:56,792+0000 DEBUG swift PROCEDURE line=7 thread=R-4-7-3 name=wordCount
2014-10-23 01:49:56,793+0000 DEBUG swift INTERNALPROC_START thread=R-4-8-1 name=tracef
2014-10-23 01:49:56,793+0000 INFO  Tracef infile location=output/8

2014-10-23 01:49:56,793+0000 DEBUG swift INTERNALPROC_END thread=R-4-8-1 name=tracef
2014-10-23 01:49:56,793+0000 DEBUG swift PROCEDURE line=7 thread=R-4-8-3 name=wordCount
2014-10-23 01:49:56,794+0000 DEBUG swift INTERNALPROC_START thread=R-4-6-1 name=tracef
2014-10-23 01:49:56,794+0000 INFO  Tracef infile location=output/6

2014-10-23 01:49:56,794+0000 DEBUG swift INTERNALPROC_END thread=R-4-6-1 name=tracef
2014-10-23 01:49:56,794+0000 DEBUG swift PROCEDURE line=7 thread=R-4-6-3 name=wordCount
2014-10-23 01:49:56,795+0000 DEBUG swift INTERNALPROC_START thread=R-4-9-1 name=tracef
2014-10-23 01:49:56,795+0000 INFO  Tracef infile location=output/9

2014-10-23 01:49:56,795+0000 DEBUG swift INTERNALPROC_END thread=R-4-9-1 name=tracef
2014-10-23 01:49:56,795+0000 DEBUG swift PROCEDURE line=7 thread=R-4-9-3 name=wordCount
2014-10-23 01:49:56,795+0000 DEBUG swift INTERNALPROC_START thread=R-4-5-1 name=tracef
2014-10-23 01:49:56,795+0000 INFO  Tracef infile location=output/5

2014-10-23 01:49:56,795+0000 DEBUG swift PROCEDURE line=7 thread=R-4-5-3 name=wordCount
2014-10-23 01:49:56,795+0000 DEBUG swift INTERNALPROC_END thread=R-4-5-1 name=tracef
2014-10-23 01:49:56,796+0000 DEBUG swift INTERNALPROC_START thread=R-5-0-1 name=tracef
2014-10-23 01:49:56,796+0000 INFO  Tracef reduceNum ofn=output/result-0

2014-10-23 01:49:56,796+0000 DEBUG swift INTERNALPROC_END thread=R-5-0-1 name=tracef
2014-10-23 01:49:56,796+0000 DEBUG swift INTERNALPROC_START thread=R-5-2-1 name=tracef
2014-10-23 01:49:56,796+0000 INFO  Tracef reduceNum ofn=output/result-2

2014-10-23 01:49:56,796+0000 DEBUG swift INTERNALPROC_END thread=R-5-2-1 name=tracef
2014-10-23 01:49:56,797+0000 DEBUG swift PROCEDURE line=12 thread=R-5-0-2 name=merge
2014-10-23 01:49:56,797+0000 DEBUG swift PROCEDURE line=12 thread=R-5-2x2 name=merge
2014-10-23 01:49:56,797+0000 DEBUG swift INTERNALPROC_START thread=R-5-3-1 name=tracef
2014-10-23 01:49:56,797+0000 INFO  Tracef reduceNum ofn=output/result-3

2014-10-23 01:49:56,797+0000 DEBUG swift INTERNALPROC_START thread=R-4-10-1 name=tracef
2014-10-23 01:49:56,797+0000 INFO  Tracef infile location=output/10

2014-10-23 01:49:56,797+0000 DEBUG swift INTERNALPROC_END thread=R-5-3-1 name=tracef
2014-10-23 01:49:56,798+0000 DEBUG swift PROCEDURE line=7 thread=R-4-10-3 name=wordCount
2014-10-23 01:49:56,798+0000 DEBUG swift INTERNALPROC_START thread=R-4-1x2 name=tracef
2014-10-23 01:49:56,798+0000 INFO  Tracef infile location=output/1

2014-10-23 01:49:56,798+0000 DEBUG swift INTERNALPROC_END thread=R-4-10-1 name=tracef
2014-10-23 01:49:56,798+0000 DEBUG swift INTERNALPROC_START thread=R-5x2-1 name=tracef
2014-10-23 01:49:56,798+0000 INFO  Tracef reduceNum ofn=output/result-5

2014-10-23 01:49:56,798+0000 DEBUG swift PROCEDURE line=12 thread=R-5-3-2 name=merge
2014-10-23 01:49:56,799+0000 DEBUG swift PROCEDURE line=12 thread=R-5x2-2 name=merge
2014-10-23 01:49:56,799+0000 DEBUG swift INTERNALPROC_END thread=R-4-1x2 name=tracef
2014-10-23 01:49:56,798+0000 DEBUG swift PROCEDURE line=7 thread=R-4-1-3 name=wordCount
2014-10-23 01:49:56,799+0000 DEBUG swift INTERNALPROC_START thread=R-5-7-1 name=tracef
2014-10-23 01:49:56,799+0000 INFO  Tracef reduceNum ofn=output/result-7

2014-10-23 01:49:56,800+0000 DEBUG swift PROCEDURE line=12 thread=R-5-7-2 name=merge
2014-10-23 01:49:56,800+0000 DEBUG swift INTERNALPROC_START thread=R-5-8-1 name=tracef
2014-10-23 01:49:56,800+0000 INFO  Tracef reduceNum ofn=output/result-8

2014-10-23 01:49:56,800+0000 DEBUG swift INTERNALPROC_END thread=R-5-7-1 name=tracef
2014-10-23 01:49:56,800+0000 DEBUG swift PROCEDURE line=12 thread=R-5-8-2 name=merge
2014-10-23 01:49:56,800+0000 DEBUG swift INTERNALPROC_START thread=R-5-9-1 name=tracef
2014-10-23 01:49:56,800+0000 INFO  Tracef reduceNum ofn=output/result-9

2014-10-23 01:49:56,800+0000 DEBUG swift PROCEDURE line=12 thread=R-5-9-2 name=merge
2014-10-23 01:49:56,800+0000 DEBUG swift INTERNALPROC_START thread=R-5-10-1 name=tracef
2014-10-23 01:49:56,800+0000 INFO  Tracef reduceNum ofn=output/result-10

2014-10-23 01:49:56,801+0000 DEBUG swift INTERNALPROC_END thread=R-5-9-1 name=tracef
2014-10-23 01:49:56,801+0000 DEBUG swift INTERNALPROC_END thread=R-5-8-1 name=tracef
2014-10-23 01:49:56,801+0000 DEBUG swift PROCEDURE line=12 thread=R-5-10-2 name=merge
2014-10-23 01:49:56,801+0000 DEBUG swift INTERNALPROC_START thread=R-5-11-1 name=tracef
2014-10-23 01:49:56,801+0000 INFO  Tracef reduceNum ofn=output/result-11

2014-10-23 01:49:56,801+0000 DEBUG swift INTERNALPROC_END thread=R-5-11-1 name=tracef
2014-10-23 01:49:56,801+0000 DEBUG swift PROCEDURE line=12 thread=R-5-11-2 name=merge
2014-10-23 01:49:56,801+0000 DEBUG swift INTERNALPROC_START thread=R-5-12-1 name=tracef
2014-10-23 01:49:56,801+0000 DEBUG swift PROCEDURE line=12 thread=R-5-12-2 name=merge
2014-10-23 01:49:56,802+0000 DEBUG swift INTERNALPROC_START thread=R-5-4-1 name=tracef
2014-10-23 01:49:56,802+0000 INFO  Tracef reduceNum ofn=output/result-4

2014-10-23 01:49:56,801+0000 DEBUG swift INTERNALPROC_END thread=R-5-10-1 name=tracef
2014-10-23 01:49:56,802+0000 DEBUG swift INTERNALPROC_START thread=R-5-1x2 name=tracef
2014-10-23 01:49:56,802+0000 INFO  Tracef reduceNum ofn=output/result-1

2014-10-23 01:49:56,801+0000 DEBUG swift INTERNALPROC_END thread=R-5x2-1 name=tracef
2014-10-23 01:49:56,802+0000 DEBUG swift INTERNALPROC_END thread=R-5-4-1 name=tracef
2014-10-23 01:49:56,803+0000 DEBUG swift INTERNALPROC_START thread=R-5-6-1 name=tracef
2014-10-23 01:49:56,803+0000 INFO  Tracef reduceNum ofn=output/result-6

2014-10-23 01:49:56,803+0000 DEBUG swift INTERNALPROC_END thread=R-5-6-1 name=tracef
2014-10-23 01:49:56,802+0000 DEBUG swift INTERNALPROC_END thread=R-5-1x2 name=tracef
2014-10-23 01:49:56,803+0000 DEBUG swift PROCEDURE line=12 thread=R-5-4-2 name=merge
2014-10-23 01:49:56,803+0000 DEBUG swift PROCEDURE line=12 thread=R-5-6-2 name=merge
2014-10-23 01:49:56,803+0000 DEBUG swift INTERNALPROC_START thread=R-5-14-1 name=tracef
2014-10-23 01:49:56,803+0000 INFO  Tracef reduceNum ofn=output/result-14

2014-10-23 01:49:56,803+0000 DEBUG swift PROCEDURE line=12 thread=R-5-14-2 name=merge
2014-10-23 01:49:56,803+0000 DEBUG swift INTERNALPROC_START thread=R-5-16-1 name=tracef
2014-10-23 01:49:56,803+0000 INFO  Tracef reduceNum ofn=output/result-16

2014-10-23 01:49:56,803+0000 DEBUG swift PROCEDURE line=12 thread=R-5-16-2 name=merge
2014-10-23 01:49:56,803+0000 DEBUG swift INTERNALPROC_END thread=R-5-14-1 name=tracef
2014-10-23 01:49:56,803+0000 DEBUG swift INTERNALPROC_START thread=R-5-15-1 name=tracef
2014-10-23 01:49:56,804+0000 INFO  Tracef reduceNum ofn=output/result-15

2014-10-23 01:49:56,804+0000 DEBUG swift INTERNALPROC_END thread=R-5-16-1 name=tracef
2014-10-23 01:49:56,804+0000 DEBUG swift PROCEDURE line=12 thread=R-5-1-2 name=merge
2014-10-23 01:49:56,804+0000 DEBUG swift INTERNALPROC_START thread=R-5-13-1 name=tracef
2014-10-23 01:49:56,804+0000 INFO  Tracef reduceNum ofn=output/result-13

2014-10-23 01:49:56,804+0000 DEBUG swift INTERNALPROC_END thread=R-5-13-1 name=tracef
2014-10-23 01:49:56,804+0000 INFO  Tracef infile location=output/2

2014-10-23 01:49:56,804+0000 DEBUG swift INTERNALPROC_END thread=R-5-15-1 name=tracef
2014-10-23 01:49:56,804+0000 DEBUG swift INTERNALPROC_END thread=R-4-2-1 name=tracef
2014-10-23 01:49:56,804+0000 DEBUG swift PROCEDURE line=12 thread=R-5-13-2 name=merge
2014-10-23 01:49:56,805+0000 DEBUG swift THREAD_ASSOCIATION jobid=python-7r4dn7zl thread=R-4-7-3 host=cloud-static replicationGroup=null
2014-10-23 01:49:56,806+0000 DEBUG swift THREAD_ASSOCIATION jobid=python-9r4dn7zl thread=R-4-6-3 host=cloud-static replicationGroup=null
2014-10-23 01:49:56,807+0000 DEBUG swift THREAD_ASSOCIATION jobid=python-8r4dn7zl thread=R-4-8-3 host=cloud-static replicationGroup=null
2014-10-23 01:49:56,807+0000 DEBUG swift JOB_START jobid=python-8r4dn7zl tr=python arguments=[wordCount.py, 8, 16, input/split-0003] tmpdir=wordCount-run001/jobs/8/python-8r4dn7zl host=cloud-static
2014-10-23 01:49:56,808+0000 DEBUG swift JOB_START jobid=python-9r4dn7zl tr=python arguments=[wordCount.py, 6, 16, input/split-0010] tmpdir=wordCount-run001/jobs/9/python-9r4dn7zl host=cloud-static
2014-10-23 01:49:56,804+0000 DEBUG swift PROCEDURE line=12 thread=R-5-15-2 name=merge
2014-10-23 01:49:56,810+0000 DEBUG swift THREAD_ASSOCIATION jobid=python-ar4dn7zl thread=R-4x2-3 host=cloud-static replicationGroup=null
2014-10-23 01:49:56,811+0000 DEBUG swift JOB_START jobid=python-ar4dn7zl tr=python arguments=[wordCount.py, 4, 16, input/split-0009] tmpdir=wordCount-run001/jobs/a/python-ar4dn7zl host=cloud-static
2014-10-23 01:49:56,811+0000 DEBUG swift JOB_START jobid=python-7r4dn7zl tr=python arguments=[wordCount.py, 7, 16, input/split-0004] tmpdir=wordCount-run001/jobs/7/python-7r4dn7zl host=cloud-static
2014-10-23 01:49:56,823+0000 INFO  Execute JOB_TASK jobid=python-7r4dn7zl taskid=urn:R-4-7-3-1414028994599 exec=/bin/bash dir=wordCount-run001/jobs/7/python-7r4dn7zl args=_swiftwrap.staging -e /usr/bin/python -out stdout.txt -err stderr.txt -i -d input|output/7 -if wordCount.py|input/split-0004 -of  -cf output/7/* -cdmfile  -status provider -a wordCount.py 7 16 input/split-0004
2014-10-23 01:49:56,823+0000 INFO  Execute JOB_TASK jobid=python-9r4dn7zl taskid=urn:R-4-6-3-1414028994601 exec=/bin/bash dir=wordCount-run001/jobs/9/python-9r4dn7zl args=_swiftwrap.staging -e /usr/bin/python -out stdout.txt -err stderr.txt -i -d output/6||input -if wordCount.py|input/split-0010 -of  -cf output/6/* -cdmfile  -status provider -a wordCount.py 6 16 input/split-0010
2014-10-23 01:49:56,823+0000 INFO  Execute JOB_TASK jobid=python-ar4dn7zl taskid=urn:R-4x2-3-1414028994600 exec=/bin/bash dir=wordCount-run001/jobs/a/python-ar4dn7zl args=_swiftwrap.staging -e /usr/bin/python -out stdout.txt -err stderr.txt -i -d input|output/4 -if wordCount.py|input/split-0009 -of  -cf output/4/* -cdmfile  -status provider -a wordCount.py 4 16 input/split-0009
2014-10-23 01:49:56,825+0000 DEBUG swift THREAD_ASSOCIATION jobid=python-br4dn7zl thread=R-4-9-3 host=cloud-static replicationGroup=null
2014-10-23 01:49:56,825+0000 DEBUG swift JOB_START jobid=python-br4dn7zl tr=python arguments=[wordCount.py, 9, 16, input/split-0000] tmpdir=wordCount-run001/jobs/b/python-br4dn7zl host=cloud-static
2014-10-23 01:49:56,825+0000 INFO  Execute JOB_TASK jobid=python-br4dn7zl taskid=urn:R-4-9-3-1414028994603 exec=/bin/bash dir=wordCount-run001/jobs/b/python-br4dn7zl args=_swiftwrap.staging -e /usr/bin/python -out stdout.txt -err stderr.txt -i -d input|output/9 -if wordCount.py|input/split-0000 -of  -cf output/9/* -cdmfile  -status provider -a wordCount.py 9 16 input/split-0000
2014-10-23 01:49:56,826+0000 INFO  Execute JOB_TASK jobid=python-8r4dn7zl taskid=urn:R-4-8-3-1414028994604 exec=/bin/bash dir=wordCount-run001/jobs/8/python-8r4dn7zl args=_swiftwrap.staging -e /usr/bin/python -out stdout.txt -err stderr.txt -i -d output/8||input -if wordCount.py|input/split-0003 -of  -cf output/8/* -cdmfile  -status provider -a wordCount.py 8 16 input/split-0003
2014-10-23 01:49:56,826+0000 DEBUG swift THREAD_ASSOCIATION jobid=python-cr4dn7zl thread=R-4-5-3 host=cloud-static replicationGroup=null
2014-10-23 01:49:56,826+0000 DEBUG swift JOB_START jobid=python-cr4dn7zl tr=python arguments=[wordCount.py, 5, 16, input/split-0002] tmpdir=wordCount-run001/jobs/c/python-cr4dn7zl host=cloud-static
2014-10-23 01:49:56,827+0000 INFO  Execute JOB_TASK jobid=python-cr4dn7zl taskid=urn:R-4-5-3-1414028994606 exec=/bin/bash dir=wordCount-run001/jobs/c/python-cr4dn7zl args=_swiftwrap.staging -e /usr/bin/python -out stdout.txt -err stderr.txt -i -d output/5||input -if wordCount.py|input/split-0002 -of  -cf output/5/* -cdmfile  -status provider -a wordCount.py 5 16 input/split-0002
2014-10-23 01:49:56,827+0000 DEBUG swift THREAD_ASSOCIATION jobid=python-dr4dn7zl thread=R-4-3x2 host=cloud-static replicationGroup=null
2014-10-23 01:49:56,827+0000 DEBUG swift JOB_START jobid=python-dr4dn7zl tr=python arguments=[wordCount.py, 3, 16, input/split-0006] tmpdir=wordCount-run001/jobs/d/python-dr4dn7zl host=cloud-static
2014-10-23 01:49:56,828+0000 DEBUG swift THREAD_ASSOCIATION jobid=python-er4dn7zl thread=R-4-0-3 host=cloud-static replicationGroup=null
2014-10-23 01:49:56,828+0000 DEBUG swift JOB_START jobid=python-er4dn7zl tr=python arguments=[wordCount.py, 0, 16, input/split-0005] tmpdir=wordCount-run001/jobs/e/python-er4dn7zl host=cloud-static
2014-10-23 01:49:56,829+0000 INFO  Execute JOB_TASK jobid=python-er4dn7zl taskid=urn:R-4-0-3-1414028994608 exec=/bin/bash dir=wordCount-run001/jobs/e/python-er4dn7zl args=_swiftwrap.staging -e /usr/bin/python -out stdout.txt -err stderr.txt -i -d input|output/0 -if input/split-0005|wordCount.py -of  -cf output/0/* -cdmfile  -status provider -a wordCount.py 0 16 input/split-0005
2014-10-23 01:49:56,829+0000 DEBUG swift THREAD_ASSOCIATION jobid=python-fr4dn7zl thread=R-4-10-3 host=cloud-static replicationGroup=null
2014-10-23 01:49:56,830+0000 DEBUG swift JOB_START jobid=python-fr4dn7zl tr=python arguments=[wordCount.py, 10, 16, input/split-0007] tmpdir=wordCount-run001/jobs/f/python-fr4dn7zl host=cloud-static
2014-10-23 01:49:56,830+0000 INFO  Execute JOB_TASK jobid=python-fr4dn7zl taskid=urn:R-4-10-3-1414028994610 exec=/bin/bash dir=wordCount-run001/jobs/f/python-fr4dn7zl args=_swiftwrap.staging -e /usr/bin/python -out stdout.txt -err stderr.txt -i -d input|output/10 -if wordCount.py|input/split-0007 -of  -cf output/10/* -cdmfile  -status provider -a wordCount.py 10 16 input/split-0007
2014-10-23 01:49:56,831+0000 DEBUG swift THREAD_ASSOCIATION jobid=python-gr4dn7zl thread=R-4-1-3 host=cloud-static replicationGroup=null
2014-10-23 01:49:56,831+0000 DEBUG swift JOB_START jobid=python-gr4dn7zl tr=python arguments=[wordCount.py, 1, 16, input/split-0001] tmpdir=wordCount-run001/jobs/g/python-gr4dn7zl host=cloud-static
2014-10-23 01:49:56,832+0000 INFO  Execute TASK_STATUS_CHANGE taskid=urn:R-4-6-3-1414028994601 status=8
2014-10-23 01:49:56,832+0000 INFO  Execute TASK_STATUS_CHANGE taskid=urn:R-4-9-3-1414028994603 status=8
2014-10-23 01:49:56,832+0000 INFO  Tracef reduceNum ofn=output/result-12

2014-10-23 01:49:56,832+0000 DEBUG swift INTERNALPROC_END thread=R-5-12-1 name=tracef
2014-10-23 01:49:56,833+0000 DEBUG swift THREAD_ASSOCIATION jobid=python-hr4dn7zl thread=R-4-2-3 host=cloud-static replicationGroup=null
2014-10-23 01:49:56,833+0000 DEBUG swift JOB_START jobid=python-hr4dn7zl tr=python arguments=[wordCount.py, 2, 16, input/split-0008] tmpdir=wordCount-run001/jobs/h/python-hr4dn7zl host=cloud-static
2014-10-23 01:49:56,833+0000 INFO  Execute JOB_TASK jobid=python-hr4dn7zl taskid=urn:R-4-2-3-1414028994612 exec=/bin/bash dir=wordCount-run001/jobs/h/python-hr4dn7zl args=_swiftwrap.staging -e /usr/bin/python -out stdout.txt -err stderr.txt -i -d input|output/2 -if wordCount.py|input/split-0008 -of  -cf output/2/* -cdmfile  -status provider -a wordCount.py 2 16 input/split-0008
2014-10-23 01:49:56,835+0000 INFO  Execute JOB_TASK jobid=python-gr4dn7zl taskid=urn:R-4-1-3-1414028994614 exec=/bin/bash dir=wordCount-run001/jobs/g/python-gr4dn7zl args=_swiftwrap.staging -e /usr/bin/python -out stdout.txt -err stderr.txt -i -d input|output/1 -if wordCount.py|input/split-0001 -of  -cf output/1/* -cdmfile  -status provider -a wordCount.py 1 16 input/split-0001
2014-10-23 01:49:56,835+0000 INFO  Execute JOB_TASK jobid=python-dr4dn7zl taskid=urn:R-4-3x2-1414028994616 exec=/bin/bash dir=wordCount-run001/jobs/d/python-dr4dn7zl args=_swiftwrap.staging -e /usr/bin/python -out stdout.txt -err stderr.txt -i -d input|output/3 -if input/split-0006|wordCount.py -of  -cf output/3/* -cdmfile  -status provider -a wordCount.py 3 16 input/split-0006
2014-10-23 01:49:56,860+0000 INFO  AbstractCoasterChannel TCPChannel[client, http://127.0.0.1:50010] setting name to http://127.0.0.1:50010
2014-10-23 01:49:56,867+0000 INFO  AbstractTCPChannel http://127.0.0.1:50010: channel started
2014-10-23 01:49:56,869+0000 INFO  AbstractCoasterChannel Timeout check started for http://127.0.0.1:50010
2014-10-23 01:49:56,871+0000 INFO  AbstractStreamCoasterChannel Using NIO sender for http://127.0.0.1:50010
2014-10-23 01:49:56,902+0000 INFO  Execute TASK_STATUS_CHANGE taskid=urn:R-4-5-3-1414028994606 status=8
2014-10-23 01:49:56,902+0000 INFO  Execute TASK_STATUS_CHANGE taskid=urn:R-4-8-3-1414028994604 status=8
2014-10-23 01:49:56,902+0000 INFO  Execute TASK_STATUS_CHANGE taskid=urn:R-4-0-3-1414028994608 status=8
2014-10-23 01:49:56,903+0000 INFO  Execute TASK_STATUS_CHANGE taskid=urn:R-4-10-3-1414028994610 status=8
2014-10-23 01:49:56,903+0000 INFO  Execute TASK_STATUS_CHANGE taskid=urn:R-4x2-3-1414028994600 status=8
2014-10-23 01:49:56,903+0000 INFO  Execute TASK_STATUS_CHANGE taskid=urn:R-4-2-3-1414028994612 status=8
2014-10-23 01:49:56,903+0000 INFO  Execute TASK_STATUS_CHANGE taskid=urn:R-4-7-3-1414028994599 status=8
2014-10-23 01:49:56,903+0000 INFO  Execute TASK_STATUS_CHANGE taskid=urn:R-4-1-3-1414028994614 status=8
2014-10-23 01:49:56,904+0000 INFO  Execute TASK_STATUS_CHANGE taskid=urn:R-4-3x2-1414028994616 status=8
2014-10-23 01:49:57,017+0000 INFO  Execute TASK_STATUS_CHANGE taskid=urn:R-4-6-3-1414028994601 status=1
2014-10-23 01:49:57,017+0000 INFO  Execute TASK_STATUS_CHANGE taskid=urn:R-4-9-3-1414028994603 status=1
2014-10-23 01:49:57,017+0000 INFO  Execute TASK_STATUS_CHANGE taskid=urn:R-4-5-3-1414028994606 status=1
2014-10-23 01:49:57,017+0000 INFO  Execute TASK_STATUS_CHANGE taskid=urn:R-4-8-3-1414028994604 status=1
2014-10-23 01:49:57,018+0000 INFO  Execute TASK_STATUS_CHANGE taskid=urn:R-4-0-3-1414028994608 status=1
2014-10-23 01:49:57,018+0000 INFO  Execute TASK_STATUS_CHANGE taskid=urn:R-4-10-3-1414028994610 status=1
2014-10-23 01:49:57,018+0000 INFO  Execute TASK_STATUS_CHANGE taskid=urn:R-4x2-3-1414028994600 status=1
2014-10-23 01:49:57,018+0000 INFO  Execute TASK_STATUS_CHANGE taskid=urn:R-4-2-3-1414028994612 status=1
2014-10-23 01:49:57,018+0000 INFO  Execute TASK_STATUS_CHANGE taskid=urn:R-4-7-3-1414028994599 status=1
2014-10-23 01:49:57,018+0000 INFO  Execute TASK_STATUS_CHANGE taskid=urn:R-4-3x2-1414028994616 status=1
2014-10-23 01:49:57,019+0000 INFO  Execute TASK_STATUS_CHANGE taskid=urn:R-4-1-3-1414028994614 status=1
2014-10-23 01:49:57,062+0000 INFO  Execute TASK_STATUS_CHANGE taskid=urn:R-4-6-3-1414028994601 status=16 workerid=0099:000000
2014-10-23 01:49:57,105+0000 INFO  GetFileHandler Handler(tag: 5, GET) request complete; src=file://localhost//home/ubuntu/swift-cloud-tutorial/cs553-a2/wordCount-mapreduce/input/split-0010
2014-10-23 01:49:57,110+0000 INFO  GetFileHandler Handler(tag: 5, GET) reader: LR-Handler(tag: 5, GET)
2014-10-23 01:49:57,110+0000 INFO  GetFileHandler Handler(tag: 5, GET) sending length: 73720, 1692262914
2014-10-23 01:49:57,116+0000 INFO  ReadBuffer RB-LR-Handler(tag: 5, GET) will ask for 3 buffers for a size of 73720
2014-10-23 01:49:57,117+0000 INFO  ReadBuffer RB-LR-Handler(tag: 5, GET) actual allocated buffers 3(0 queued)
2014-10-23 01:49:57,117+0000 INFO  LocalIOProvider LR-Handler(tag: 5, GET) rbuf: RB-LR-Handler(tag: 5, GET)
2014-10-23 01:49:57,118+0000 INFO  Execute TASK_STATUS_CHANGE taskid=urn:R-4-9-3-1414028994603 status=16 workerid=0099:000000
2014-10-23 01:49:57,118+0000 INFO  GetFileHandler Handler(tag: 8, GET) request complete; src=file://localhost//home/ubuntu/swift-cloud-tutorial/cs553-a2/wordCount-mapreduce/input/split-0000
2014-10-23 01:49:57,119+0000 INFO  GetFileHandler Handler(tag: 8, GET) reader: LR-Handler(tag: 8, GET)
2014-10-23 01:49:57,119+0000 INFO  GetFileHandler Handler(tag: 8, GET) sending length: 105405, 325146584
2014-10-23 01:49:57,119+0000 INFO  ReadBuffer RB-LR-Handler(tag: 8, GET) will ask for 4 buffers for a size of 105405
2014-10-23 01:49:57,119+0000 INFO  ReadBuffer RB-LR-Handler(tag: 8, GET) actual allocated buffers 4(0 queued)
2014-10-23 01:49:57,119+0000 INFO  LocalIOProvider LR-Handler(tag: 8, GET) rbuf: RB-LR-Handler(tag: 8, GET)
2014-10-23 01:49:57,119+0000 INFO  GetFileHandler Handler(tag: 5, GET) unregistering (last)
2014-10-23 01:49:57,120+0000 INFO  ReadBuffer RB-LR-Handler(tag: -1, GET) de-allocating 3 buffers
2014-10-23 01:49:57,121+0000 INFO  GetFileHandler Handler(tag: 8, GET) unregistering (last)
2014-10-23 01:49:57,121+0000 INFO  ReadBuffer RB-LR-Handler(tag: -1, GET) de-allocating 4 buffers
2014-10-23 01:49:57,121+0000 INFO  NIOChannelReadBuffer Transfer done. De-allocating one unused buffer
2014-10-23 01:49:57,121+0000 INFO  NIOChannelReadBuffer Transfer done. De-allocating one unused buffer
2014-10-23 01:49:57,121+0000 INFO  NIOChannelReadBuffer Transfer done. De-allocating one unused buffer
2014-10-23 01:49:57,181+0000 INFO  GetFileHandler Handler(tag: 9, GET) request complete; src=file://localhost//usr/local/bin/swift-trunk/libexec/_swiftwrap.staging
2014-10-23 01:49:57,181+0000 INFO  GetFileHandler Handler(tag: 9, GET) reader: LR-Handler(tag: 9, GET)
2014-10-23 01:49:57,181+0000 INFO  GetFileHandler Handler(tag: 9, GET) sending length: 6253, 1009313191
2014-10-23 01:49:57,181+0000 INFO  ReadBuffer RB-LR-Handler(tag: 9, GET) will ask for 1 buffers for a size of 6253
2014-10-23 01:49:57,181+0000 INFO  ReadBuffer RB-LR-Handler(tag: 9, GET) actual allocated buffers 1(0 queued)
2014-10-23 01:49:57,181+0000 INFO  LocalIOProvider LR-Handler(tag: 9, GET) rbuf: RB-LR-Handler(tag: 9, GET)
2014-10-23 01:49:57,181+0000 INFO  GetFileHandler Handler(tag: 10, GET) request complete; src=file://localhost//usr/local/bin/swift-trunk/libexec/_swiftwrap.staging
2014-10-23 01:49:57,181+0000 INFO  GetFileHandler Handler(tag: 10, GET) reader: LR-Handler(tag: 10, GET)
2014-10-23 01:49:57,182+0000 INFO  GetFileHandler Handler(tag: 10, GET) sending length: 6253, 1477170431
2014-10-23 01:49:57,182+0000 INFO  ReadBuffer RB-LR-Handler(tag: 10, GET) will ask for 1 buffers for a size of 6253
2014-10-23 01:49:57,182+0000 INFO  ReadBuffer RB-LR-Handler(tag: 10, GET) actual allocated buffers 1(0 queued)
2014-10-23 01:49:57,182+0000 INFO  LocalIOProvider LR-Handler(tag: 10, GET) rbuf: RB-LR-Handler(tag: 10, GET)
2014-10-23 01:49:57,183+0000 INFO  GetFileHandler Handler(tag: 9, GET) unregistering (last)
2014-10-23 01:49:57,183+0000 INFO  ReadBuffer RB-LR-Handler(tag: -1, GET) de-allocating 1 buffers
2014-10-23 01:49:57,183+0000 INFO  GetFileHandler Handler(tag: 10, GET) unregistering (last)
2014-10-23 01:49:57,183+0000 INFO  ReadBuffer RB-LR-Handler(tag: -1, GET) de-allocating 1 buffers
2014-10-23 01:49:57,281+0000 INFO  GetFileHandler Handler(tag: 11, GET) request complete; src=file://localhost//home/ubuntu/swift-cloud-tutorial/cs553-a2/wordCount-mapreduce/wordCount.py
2014-10-23 01:49:57,281+0000 INFO  GetFileHandler Handler(tag: 11, GET) reader: LR-Handler(tag: 11, GET)
2014-10-23 01:49:57,281+0000 INFO  GetFileHandler Handler(tag: 11, GET) sending length: 951, 1526460007
2014-10-23 01:49:57,281+0000 INFO  ReadBuffer RB-LR-Handler(tag: 11, GET) will ask for 1 buffers for a size of 951
2014-10-23 01:49:57,281+0000 INFO  ReadBuffer RB-LR-Handler(tag: 11, GET) actual allocated buffers 1(0 queued)
2014-10-23 01:49:57,281+0000 INFO  LocalIOProvider LR-Handler(tag: 11, GET) rbuf: RB-LR-Handler(tag: 11, GET)
2014-10-23 01:49:57,281+0000 INFO  GetFileHandler Handler(tag: 12, GET) request complete; src=file://localhost//home/ubuntu/swift-cloud-tutorial/cs553-a2/wordCount-mapreduce/wordCount.py
2014-10-23 01:49:57,282+0000 INFO  GetFileHandler Handler(tag: 12, GET) reader: LR-Handler(tag: 12, GET)
2014-10-23 01:49:57,282+0000 INFO  GetFileHandler Handler(tag: 12, GET) sending length: 951, 874171176
2014-10-23 01:49:57,282+0000 INFO  ReadBuffer RB-LR-Handler(tag: 12, GET) will ask for 1 buffers for a size of 951
2014-10-23 01:49:57,282+0000 INFO  ReadBuffer RB-LR-Handler(tag: 12, GET) actual allocated buffers 1(0 queued)
2014-10-23 01:49:57,282+0000 INFO  LocalIOProvider LR-Handler(tag: 12, GET) rbuf: RB-LR-Handler(tag: 12, GET)
2014-10-23 01:49:57,282+0000 INFO  GetFileHandler Handler(tag: 11, GET) unregistering (last)
2014-10-23 01:49:57,282+0000 INFO  ReadBuffer RB-LR-Handler(tag: -1, GET) de-allocating 1 buffers
2014-10-23 01:49:57,282+0000 INFO  GetFileHandler Handler(tag: 12, GET) unregistering (last)
2014-10-23 01:49:57,282+0000 INFO  ReadBuffer RB-LR-Handler(tag: -1, GET) de-allocating 1 buffers
2014-10-23 01:49:57,369+0000 INFO  Execute TASK_STATUS_CHANGE taskid=urn:R-4-6-3-1414028994601 status=2 workerid=0099:000000
2014-10-23 01:49:57,370+0000 INFO  Execute TASK_STATUS_CHANGE taskid=urn:R-4-9-3-1414028994603 status=2 workerid=0099:000000
2014-10-23 01:49:57,449+0000 INFO  Execute TASK_STATUS_CHANGE taskid=urn:R-4-6-3-1414028994601 status=17
2014-10-23 01:49:57,450+0000 INFO  PutFileHandler Handler(tag: 16, PUT) source: /tmp/swiftwork/wordCount-run001/jobs/9/python-9r4dn7zl/wrapper.log
2014-10-23 01:49:57,451+0000 INFO  PutFileHandler Handler(tag: 16, PUT) destination: file://localhost/run001/wordCount-run001.d/python-9r4dn7zl.info
2014-10-23 01:49:57,453+0000 INFO  PutFileHandler Handler(tag: 16, PUT) Transfer done
2014-10-23 01:49:57,453+0000 INFO  PutFileHandler Handler(tag: 17, PUT) source: /tmp/swiftwork/wordCount-run001/jobs/9/python-9r4dn7zl/_collect
2014-10-23 01:49:57,453+0000 INFO  PutFileHandler Handler(tag: 17, PUT) destination: file://localhost/run001/wordCount-run001.d/python-9r4dn7zl.collect
2014-10-23 01:49:57,454+0000 INFO  PutFileHandler Handler(tag: 17, PUT) Transfer done
2014-10-23 01:49:57,454+0000 INFO  PutFileHandler Handler(tag: 18, PUT) source: /tmp/swiftwork/wordCount-run001/jobs/9/python-9r4dn7zl/output/6/6
2014-10-23 01:49:57,455+0000 INFO  PutFileHandler Handler(tag: 18, PUT) destination: file://localhost//home/ubuntu/swift-cloud-tutorial/cs553-a2/wordCount-mapreduce/output/6/6
2014-10-23 01:49:57,455+0000 INFO  PutFileHandler Handler(tag: 18, PUT) Transfer done
2014-10-23 01:49:57,456+0000 INFO  PutFileHandler Handler(tag: 19, PUT) source: /tmp/swiftwork/wordCount-run001/jobs/9/python-9r4dn7zl/output/6/3
2014-10-23 01:49:57,456+0000 INFO  PutFileHandler Handler(tag: 19, PUT) destination: file://localhost//home/ubuntu/swift-cloud-tutorial/cs553-a2/wordCount-mapreduce/output/6/3
2014-10-23 01:49:57,456+0000 INFO  PutFileHandler Handler(tag: 19, PUT) Transfer done
2014-10-23 01:49:57,457+0000 INFO  PutFileHandler Handler(tag: 20, PUT) source: /tmp/swiftwork/wordCount-run001/jobs/9/python-9r4dn7zl/output/6/9
2014-10-23 01:49:57,457+0000 INFO  PutFileHandler Handler(tag: 20, PUT) destination: file://localhost//home/ubuntu/swift-cloud-tutorial/cs553-a2/wordCount-mapreduce/output/6/9
2014-10-23 01:49:57,460+0000 INFO  PutFileHandler Handler(tag: 20, PUT) Transfer done
2014-10-23 01:49:57,461+0000 INFO  PutFileHandler Handler(tag: 21, PUT) source: /tmp/swiftwork/wordCount-run001/jobs/9/python-9r4dn7zl/output/6/1
2014-10-23 01:49:57,461+0000 INFO  PutFileHandler Handler(tag: 21, PUT) destination: file://localhost//home/ubuntu/swift-cloud-tutorial/cs553-a2/wordCount-mapreduce/output/6/1
2014-10-23 01:49:57,461+0000 INFO  PutFileHandler Handler(tag: 21, PUT) Transfer done
2014-10-23 01:49:57,462+0000 INFO  PutFileHandler Handler(tag: 22, PUT) source: /tmp/swiftwork/wordCount-run001/jobs/9/python-9r4dn7zl/output/6/14
2014-10-23 01:49:57,462+0000 INFO  PutFileHandler Handler(tag: 22, PUT) destination: file://localhost//home/ubuntu/swift-cloud-tutorial/cs553-a2/wordCount-mapreduce/output/6/14
2014-10-23 01:49:57,462+0000 INFO  PutFileHandler Handler(tag: 22, PUT) Transfer done
2014-10-23 01:49:57,463+0000 INFO  PutFileHandler Handler(tag: 23, PUT) source: /tmp/swiftwork/wordCount-run001/jobs/9/python-9r4dn7zl/output/6/11
2014-10-23 01:49:57,463+0000 INFO  PutFileHandler Handler(tag: 23, PUT) destination: file://localhost//home/ubuntu/swift-cloud-tutorial/cs553-a2/wordCount-mapreduce/output/6/11
2014-10-23 01:49:57,464+0000 INFO  PutFileHandler Handler(tag: 23, PUT) Transfer done
2014-10-23 01:49:57,464+0000 INFO  PutFileHandler Handler(tag: 24, PUT) source: /tmp/swiftwork/wordCount-run001/jobs/9/python-9r4dn7zl/output/6/15
2014-10-23 01:49:57,464+0000 INFO  PutFileHandler Handler(tag: 24, PUT) destination: file://localhost//home/ubuntu/swift-cloud-tutorial/cs553-a2/wordCount-mapreduce/output/6/15
2014-10-23 01:49:57,465+0000 INFO  PutFileHandler Handler(tag: 24, PUT) Transfer done
2014-10-23 01:49:57,465+0000 INFO  PutFileHandler Handler(tag: 25, PUT) source: /tmp/swiftwork/wordCount-run001/jobs/9/python-9r4dn7zl/output/6/4
2014-10-23 01:49:57,465+0000 INFO  PutFileHandler Handler(tag: 25, PUT) destination: file://localhost//home/ubuntu/swift-cloud-tutorial/cs553-a2/wordCount-mapreduce/output/6/4
2014-10-23 01:49:57,466+0000 INFO  PutFileHandler Handler(tag: 25, PUT) Transfer done
2014-10-23 01:49:57,466+0000 INFO  PutFileHandler Handler(tag: 26, PUT) source: /tmp/swiftwork/wordCount-run001/jobs/9/python-9r4dn7zl/output/6/12
2014-10-23 01:49:57,467+0000 INFO  PutFileHandler Handler(tag: 26, PUT) destination: file://localhost//home/ubuntu/swift-cloud-tutorial/cs553-a2/wordCount-mapreduce/output/6/12
2014-10-23 01:49:57,467+0000 INFO  PutFileHandler Handler(tag: 26, PUT) Transfer done
2014-10-23 01:49:57,467+0000 INFO  PutFileHandler Handler(tag: 27, PUT) source: /tmp/swiftwork/wordCount-run001/jobs/9/python-9r4dn7zl/output/6/0
2014-10-23 01:49:57,468+0000 INFO  PutFileHandler Handler(tag: 27, PUT) destination: file://localhost//home/ubuntu/swift-cloud-tutorial/cs553-a2/wordCount-mapreduce/output/6/0
2014-10-23 01:49:57,468+0000 INFO  PutFileHandler Handler(tag: 27, PUT) Transfer done
2014-10-23 01:49:57,468+0000 INFO  PutFileHandler Handler(tag: 28, PUT) source: /tmp/swiftwork/wordCount-run001/jobs/9/python-9r4dn7zl/output/6/10
2014-10-23 01:49:57,469+0000 INFO  PutFileHandler Handler(tag: 28, PUT) destination: file://localhost//home/ubuntu/swift-cloud-tutorial/cs553-a2/wordCount-mapreduce/output/6/10
2014-10-23 01:49:57,470+0000 INFO  PutFileHandler Handler(tag: 28, PUT) Transfer done
2014-10-23 01:49:57,472+0000 INFO  PutFileHandler Handler(tag: 29, PUT) source: /tmp/swiftwork/wordCount-run001/jobs/9/python-9r4dn7zl/output/6/2
2014-10-23 01:49:57,472+0000 INFO  PutFileHandler Handler(tag: 29, PUT) destination: file://localhost//home/ubuntu/swift-cloud-tutorial/cs553-a2/wordCount-mapreduce/output/6/2
2014-10-23 01:49:57,472+0000 INFO  PutFileHandler Handler(tag: 29, PUT) Transfer done
2014-10-23 01:49:57,473+0000 INFO  PutFileHandler Handler(tag: 30, PUT) source: /tmp/swiftwork/wordCount-run001/jobs/9/python-9r4dn7zl/output/6/8
2014-10-23 01:49:57,473+0000 INFO  PutFileHandler Handler(tag: 30, PUT) destination: file://localhost//home/ubuntu/swift-cloud-tutorial/cs553-a2/wordCount-mapreduce/output/6/8
2014-10-23 01:49:57,473+0000 INFO  PutFileHandler Handler(tag: 30, PUT) Transfer done
2014-10-23 01:49:57,474+0000 INFO  PutFileHandler Handler(tag: 31, PUT) source: /tmp/swiftwork/wordCount-run001/jobs/9/python-9r4dn7zl/output/6/..
2014-10-23 01:49:57,474+0000 INFO  PutFileHandler Handler(tag: 31, PUT) destination: file://localhost//home/ubuntu/swift-cloud-tutorial/cs553-a2/wordCount-mapreduce/output/6/..
2014-10-23 01:49:57,475+0000 INFO  Execute TASK_STATUS_CHANGE taskid=urn:R-4-6-3-1414028994601 status=5 Block task failed: Connection to worker lost
java.io.EOFException
	at org.globus.cog.coaster.channels.AbstractStreamCoasterChannel.readFromChannel(AbstractStreamCoasterChannel.java:253)
	at org.globus.cog.coaster.channels.AbstractStreamCoasterChannel.stepNIO(AbstractStreamCoasterChannel.java:186)
	at org.globus.cog.coaster.channels.NIOMultiplexer.loop(NIOMultiplexer.java:116)
	at org.globus.cog.coaster.channels.NIOMultiplexer.run(NIOMultiplexer.java:75)

2014-10-23 01:49:57,477+0000 INFO  LateBindingScheduler jobs queued: 0
2014-10-23 01:49:57,478+0000 INFO  LateBindingScheduler jobs queued: 0
2014-10-23 01:49:57,479+0000 INFO  LateBindingScheduler jobs queued: 0
2014-10-23 01:49:57,479+0000 DEBUG swift APPLICATION_EXCEPTION jobid=python-9r4dn7zl - Application exception: 
	exception @ swift-int-staging.k, line: 163
Caused by: Block task failed: Connection to worker lost
java.io.EOFException
	at org.globus.cog.coaster.channels.AbstractStreamCoasterChannel.readFromChannel(AbstractStreamCoasterChannel.java:253)
	at org.globus.cog.coaster.channels.AbstractStreamCoasterChannel.stepNIO(AbstractStreamCoasterChannel.java:186)
	at org.globus.cog.coaster.channels.NIOMultiplexer.loop(NIOMultiplexer.java:116)
	at org.globus.cog.coaster.channels.NIOMultiplexer.run(NIOMultiplexer.java:75)


2014-10-23 01:49:57,480+0000 INFO  swift END_FAILURE thread=R-4-6-3 tr=python
2014-10-23 01:49:57,489+0000 INFO  Loader Swift finished with errors
2014-10-23 01:49:57,505+0000 INFO  Execute TASK_STATUS_CHANGE taskid=urn:R-4-9-3-1414028994603 status=5 Block task failed: Connection to worker lost
java.io.EOFException
	at org.globus.cog.coaster.channels.AbstractStreamCoasterChannel.readFromChannel(AbstractStreamCoasterChannel.java:253)
	at org.globus.cog.coaster.channels.AbstractStreamCoasterChannel.stepNIO(AbstractStreamCoasterChannel.java:186)
	at org.globus.cog.coaster.channels.NIOMultiplexer.loop(NIOMultiplexer.java:116)
	at org.globus.cog.coaster.channels.NIOMultiplexer.run(NIOMultiplexer.java:75)

2014-10-23 01:49:57,507+0000 INFO  LateBindingScheduler jobs queued: 0
2014-10-23 01:49:57,507+0000 INFO  LateBindingScheduler jobs queued: 0
2014-10-23 01:49:57,508+0000 INFO  LateBindingScheduler jobs queued: 0
2014-10-23 01:49:57,509+0000 INFO  ResourceUpdateHandler job-capacity: 2
2014-10-23 01:49:57,510+0000 DEBUG swift APPLICATION_EXCEPTION jobid=python-br4dn7zl - Application exception: 
	exception @ swift-int-staging.k, line: 163
Caused by: Block task failed: Connection to worker lost
java.io.EOFException
	at org.globus.cog.coaster.channels.AbstractStreamCoasterChannel.readFromChannel(AbstractStreamCoasterChannel.java:253)
	at org.globus.cog.coaster.channels.AbstractStreamCoasterChannel.stepNIO(AbstractStreamCoasterChannel.java:186)
	at org.globus.cog.coaster.channels.NIOMultiplexer.loop(NIOMultiplexer.java:116)
	at org.globus.cog.coaster.channels.NIOMultiplexer.run(NIOMultiplexer.java:75)


2014-10-23 01:49:57,511+0000 INFO  swift END_FAILURE thread=R-4-9-3 tr=python
2014-10-23 01:49:57,513+0000 INFO  RemoteLogHandler WORKER_LOST blockid=0099 id=000000
