checking for paramfile
no paramfile: using command line arguments
Progress  2014-10-23 04:59:47.842785499+0000  LOG_START

_____________________________________________________________________________

        Wrapper (_swiftwrap.staging)
_____________________________________________________________________________

python -out stdout.txt -err stderr.txt -i -d /s3/wordCount-s3fs-mapreduce/output/8|/s3/wordCount-s3fs-mapreduce/input -if /s3/wordCount-s3fs-mapreduce/input/split-0008 -of -cf /s3/wordCount-s3fs-mapreduce/output/8/*.txt -cdmfile -status provider -a /s3/wordCount-s3fs-mapreduce/wordCount.py 8 16 /s3/wordCount-s3fs-mapreduce/input/split-0008
PWD=/s3/wordCount-s3fs-mapreduce/wordCount-run003/jobs/0/python-0t8yu7zl
EXEC=/usr/bin/python
STDIN=
STDOUT=stdout.txt
STDERR=stderr.txt
DIRS=/s3/wordCount-s3fs-mapreduce/output/8|/s3/wordCount-s3fs-mapreduce/input
INF=/s3/wordCount-s3fs-mapreduce/input/split-0008
OUTF=
COLLECT=/s3/wordCount-s3fs-mapreduce/output/8/*.txt
ARGS=/s3/wordCount-s3fs-mapreduce/wordCount.py 8 16 /s3/wordCount-s3fs-mapreduce/input/split-0008
ARGC=4
Progress  2014-10-23 04:59:48.490181207+0000  CREATE_INPUTDIR
Created output directory: /s3/wordCount-s3fs-mapreduce/output/8
Created output directory: /s3/wordCount-s3fs-mapreduce/input
Progress  2014-10-23 04:59:48.929803879+0000  EXECUTE
Progress  2014-10-23 04:59:55.537339915+0000  COLLECT
Collect list is /s3/wordCount-s3fs-mapreduce/output/8/*.txt
Collecting /s3/wordCount-s3fs-mapreduce/output/8/*.txt
Progress  2014-10-23 04:59:55.984411873+0000  EXECUTE_DONE
Job ran successfully
Progress  2014-10-23 04:59:56.047392253+0000  END
