2014-10-22 05:20:05,270+0000 INFO  Loader JAVA Oracle Corporation Java HotSpot(TM) 64-Bit Server VM 1.7.0_51
2014-10-22 05:20:05,275+0000 INFO  Loader VERSION Swift trunk git-rev: 2d334140f2c288e5aeb3d354de0ecda35b4b3aac heads/master 6130 (modified locally)
2014-10-22 05:20:05,275+0000 INFO  Loader RUN_ID run003
2014-10-22 05:20:05,275+0000 INFO  Loader ARGUMENTS [-runid, run003, -logfile, /home/ubuntu/swift-cloud-tutorial/cs553-a2/wordCount-adv/run003/swift.log, wordCount.swift, -configpath, ./swift.conf]
2014-10-22 05:20:05,275+0000 INFO  Loader MAX_HEAP 954728448
2014-10-22 05:20:05,275+0000 INFO  Loader GLOBUS_HOSTNAME ip-172-31-14-249
2014-10-22 05:20:05,275+0000 INFO  Loader CWD /home/ubuntu/swift-cloud-tutorial/cs553-a2/wordCount-adv/.
2014-10-22 05:20:05,278+0000 DEBUG Loader SWIFT_CONFIGURATION 
[D] /usr/local/bin/swift-trunk/etc/swift.conf
[R] swift.conf
[C] <Command Line>
{
    TCPPortRange: "50000, 50100"                            # [D] line 27
    alwaysTransferWrapperLog: true                          # [R] line 46
    executionRetries: 0                                     # [R] line 43
    fileOperationsThrottle: 8                               # [D] line 121
    fileTransfersThrottle: 4                                # [D] line 107
    hostJobSubmitThrottle: 2                                # [D] line 95
    jobSubmitThrottle: 4                                    # [D] line 83
    keepSiteDir: true                                       # [R] line 44
    lazyErrors: false                                       # [R] line 42
    logProvenance: false                                    # [D] line 200
    maxForeachThreads: 16384                                # [D] line 194
    providerStagingPinSwiftFiles: false                     # [R] line 45
    replicationEnabled: false                               # [D] line 146
    replicationLimit: 3                                     # [D] line 157
    replicationMinQueueTime: 60                             # [D] line 153
	site {
		cloud-static {
            app.python.executable: "/usr/bin/python"        # [R] line 32
			execution {
                URL: "http://127.0.0.1:50010"               # [R] line 23
                jobManager: "local:local"                   # [R] line 24
				options {
                    maxJobs: 10                             # [R] line 26
                    tasksPerNode: 4                         # [R] line 27
				}
                type: "coaster-persistent"                  # [R] line 22
			}
            filesystem.type: "local"                        # [R] line 37
            initialParallelTasks: 20                        # [R] line 35
            maxParallelTasks: 20                            # [R] line 36
            staging: "local"                                # [R] line 39
            workDirectory: "/tmp/swiftwork"                 # [R] line 38
		}
		local {
			app {
                ALL.executable: "*"                         # [D] line 232
                m_script.executable: "/home/ubuntu/swift-cloud-tutorial/cs553-a2/wordCount-adv/merge.sh"# [C]
			}
			execution {
                URL: "localhost"                            # [R] line 10
                type: "local"                               # [R] line 9
			}
			filesystem {
                URL: "localhost"                            # [R] line 6
                type: "local"                               # [R] line 5
			}
            initialParallelTasks: 31                        # [R] line 17
            maxParallelTasks: 32                            # [R] line 16
            workDirectory: "/tmp/ubuntu/swiftwork"          # [C]
		}
	}
    sites: [local, cloud-static]                            # [R] line 1
    tracingEnabled: false                                   # [D] line 51
}

2014-10-22 05:20:05,280+0000 DEBUG textfiles BEGIN SWIFTSCRIPT:
type file;

file wc_script <"wordCount.py">;
file m_script <"merge.py">;

app (file outfile) wordCount (file infile, file wc_script)
{
    python @wc_script @infile stdout=@outfile;
}

app (file outfile) merge (file[] infiles, file m_py)
{
    m_script @filenames(infiles) stdout=@outfile;
}

file infile[] <filesys_mapper;pattern="split-*", location="input">;
file wcfile[];
file wclog[] <simple_mapper;prefix="wclog",suffix=".txt", padding=4, location="output">;

tracef("test\n");
foreach f,i in infile {
//    tracef("%s\n",@f);
    wcfile[i]=wordCount(f,wc_script);
}

file mfile <"output/result.txt">;
file mlog <"output/mlog.txt">;

mfile=merge(wcfile,m_script);


2014-10-22 05:20:05,280+0000 DEBUG textfiles END SWIFTSCRIPT:
2014-10-22 05:20:05,281+0000 INFO  Loader wordCount.swift: source file is new. Recompiling.
2014-10-22 05:20:06,214+0000 INFO  Warnings Warning: The @ syntax for function invocation is deprecated
2014-10-22 05:20:07,344+0000 INFO  Loader RUN_START
2014-10-22 05:20:07,348+0000 INFO  SwiftExecutor swift.home = /usr/local/bin/swift-trunk
2014-10-22 05:20:07,378+0000 INFO  AbstractScheduler Setting resources to: {cloud-static=cloud-static, local=local}
2014-10-22 05:20:07,387+0000 INFO  GlobalSubmitQueue No global submit throttle set. Using default (1024)
2014-10-22 05:20:07,408+0000 INFO  LateBindingScheduler jobs queued: 0
2014-10-22 05:20:07,410+0000 INFO  LateBindingScheduler jobs queued: 0
2014-10-22 05:20:07,432+0000 INFO  RuntimeStats$ProgressTicker HeapMax: 954728448, CrtHeap: 75497472, UsedHeap: 21505544, JVMThreads: 14
2014-10-22 05:20:07,433+0000 INFO  RuntimeStats$ProgressTicker 
2014-10-22 05:20:07,437+0000 DEBUG swift INTERNALPROC_START thread=R-6 name=tracef
2014-10-22 05:20:07,437+0000 INFO  Tracef test

2014-10-22 05:20:07,438+0000 DEBUG swift INTERNALPROC_END thread=R-6 name=tracef
2014-10-22 05:20:07,438+0000 DEBUG swift PROCEDURE line=11 thread=R-8 name=merge
2014-10-22 05:20:07,442+0000 DEBUG swift FOREACH_IT_START line=21 thread=R-7-0
2014-10-22 05:20:07,442+0000 DEBUG swift SCOPE thread=R-7-0
2014-10-22 05:20:07,442+0000 DEBUG swift PROCEDURE line=6 thread=R-7-0 name=wordCount
2014-10-22 05:20:07,446+0000 DEBUG swift FOREACH_IT_START line=21 thread=R-7-2
2014-10-22 05:20:07,446+0000 DEBUG swift FOREACH_IT_START line=21 thread=R-7-3
2014-10-22 05:20:07,446+0000 DEBUG swift SCOPE thread=R-7-2
2014-10-22 05:20:07,446+0000 DEBUG swift SCOPE thread=R-7-3
2014-10-22 05:20:07,447+0000 DEBUG swift PROCEDURE line=6 thread=R-7-3 name=wordCount
2014-10-22 05:20:07,447+0000 DEBUG swift PROCEDURE line=6 thread=R-7-2 name=wordCount
2014-10-22 05:20:07,448+0000 DEBUG swift FOREACH_IT_START line=21 thread=R-7-1
2014-10-22 05:20:07,448+0000 DEBUG swift SCOPE thread=R-7-1
2014-10-22 05:20:07,448+0000 DEBUG swift PROCEDURE line=6 thread=R-7-1 name=wordCount
2014-10-22 05:20:07,450+0000 DEBUG swift FOREACH_IT_START line=21 thread=R-7-5
2014-10-22 05:20:07,450+0000 DEBUG swift SCOPE thread=R-7-5
2014-10-22 05:20:07,451+0000 DEBUG swift PROCEDURE line=6 thread=R-7-5 name=wordCount
2014-10-22 05:20:07,451+0000 DEBUG swift FOREACH_IT_START line=21 thread=R-7-6
2014-10-22 05:20:07,451+0000 DEBUG swift SCOPE thread=R-7-6
2014-10-22 05:20:07,451+0000 DEBUG swift PROCEDURE line=6 thread=R-7-6 name=wordCount
2014-10-22 05:20:07,451+0000 DEBUG swift FOREACH_IT_START line=21 thread=R-7x2
2014-10-22 05:20:07,451+0000 DEBUG swift SCOPE thread=R-7x2
2014-10-22 05:20:07,451+0000 DEBUG swift PROCEDURE line=6 thread=R-7x2 name=wordCount
2014-10-22 05:20:07,450+0000 DEBUG swift FOREACH_IT_START line=21 thread=R-7-4
2014-10-22 05:20:07,452+0000 DEBUG swift SCOPE thread=R-7-4
2014-10-22 05:20:07,452+0000 DEBUG swift PROCEDURE line=6 thread=R-7-4 name=wordCount
2014-10-22 05:20:07,452+0000 DEBUG swift FOREACH_IT_START line=21 thread=R-7-8
2014-10-22 05:20:07,452+0000 DEBUG swift SCOPE thread=R-7-8
2014-10-22 05:20:07,453+0000 DEBUG swift PROCEDURE line=6 thread=R-7-8 name=wordCount
2014-10-22 05:20:07,453+0000 DEBUG swift FOREACH_IT_START line=21 thread=R-7-9
2014-10-22 05:20:07,453+0000 DEBUG swift SCOPE thread=R-7-9
2014-10-22 05:20:07,453+0000 DEBUG swift FOREACH_IT_START line=21 thread=R-7-10
2014-10-22 05:20:07,453+0000 DEBUG swift SCOPE thread=R-7-10
2014-10-22 05:20:07,453+0000 DEBUG swift PROCEDURE line=6 thread=R-7-9 name=wordCount
2014-10-22 05:20:07,453+0000 DEBUG swift PROCEDURE line=6 thread=R-7-10 name=wordCount
2014-10-22 05:20:07,454+0000 INFO  swift START host=local - Initializing shared directory
2014-10-22 05:20:07,455+0000 INFO  LateBindingScheduler jobs queued: 1
2014-10-22 05:20:07,459+0000 DEBUG swift THREAD_ASSOCIATION jobid=python-vh3796zl thread=R-7-1 host=cloud-static replicationGroup=null
2014-10-22 05:20:07,467+0000 DEBUG swift JOB_START jobid=python-vh3796zl tr=python arguments=[wordCount.py, input/split-0001] tmpdir=wordCount-run003/jobs/v/python-vh3796zl host=cloud-static
2014-10-22 05:20:07,475+0000 INFO  LateBindingScheduler jobs queued: 0
2014-10-22 05:20:07,476+0000 INFO  LateBindingScheduler jobs queued: 0
2014-10-22 05:20:07,477+0000 INFO  LateBindingScheduler jobs queued: 0
2014-10-22 05:20:07,477+0000 INFO  swift END host=local - Done initializing shared directory
2014-10-22 05:20:07,478+0000 DEBUG swift THREAD_ASSOCIATION jobid=python-xh3796zl thread=R-7-3 host=local replicationGroup=null
2014-10-22 05:20:07,478+0000 DEBUG swift THREAD_ASSOCIATION jobid=python-yh3796zl thread=R-7-6 host=local replicationGroup=null
2014-10-22 05:20:07,478+0000 INFO  swift START jobid=python-yh3796zl host=local - Initializing directory structure
2014-10-22 05:20:07,478+0000 INFO  swift START jobid=python-xh3796zl host=local - Initializing directory structure
2014-10-22 05:20:07,478+0000 INFO  swift START path= dir=wordCount-run003/shared - Creating directory structure
2014-10-22 05:20:07,478+0000 DEBUG swift THREAD_ASSOCIATION jobid=python-zh3796zl thread=R-7-4 host=local replicationGroup=null
2014-10-22 05:20:07,479+0000 DEBUG swift THREAD_ASSOCIATION jobid=python-0i3796zl thread=R-7-2 host=local replicationGroup=null
2014-10-22 05:20:07,479+0000 INFO  swift START jobid=python-zh3796zl host=local - Initializing directory structure
2014-10-22 05:20:07,479+0000 INFO  swift START jobid=python-0i3796zl host=local - Initializing directory structure
2014-10-22 05:20:07,479+0000 DEBUG swift THREAD_ASSOCIATION jobid=python-1i3796zl thread=R-7-8 host=local replicationGroup=null
2014-10-22 05:20:07,479+0000 DEBUG swift THREAD_ASSOCIATION jobid=python-2i3796zl thread=R-7x2 host=local replicationGroup=null
2014-10-22 05:20:07,480+0000 INFO  swift START jobid=python-1i3796zl host=local - Initializing directory structure
2014-10-22 05:20:07,480+0000 INFO  swift START jobid=python-2i3796zl host=local - Initializing directory structure
2014-10-22 05:20:07,480+0000 DEBUG swift THREAD_ASSOCIATION jobid=python-3i3796zl thread=R-7-10 host=local replicationGroup=null
2014-10-22 05:20:07,480+0000 DEBUG swift THREAD_ASSOCIATION jobid=python-4i3796zl thread=R-7-9 host=local replicationGroup=null
2014-10-22 05:20:07,480+0000 INFO  swift START jobid=python-3i3796zl host=local - Initializing directory structure
2014-10-22 05:20:07,480+0000 INFO  swift START jobid=python-4i3796zl host=local - Initializing directory structure
2014-10-22 05:20:07,481+0000 DEBUG swift THREAD_ASSOCIATION jobid=python-5i3796zl thread=R-7-0 host=local replicationGroup=null
2014-10-22 05:20:07,481+0000 INFO  LateBindingScheduler jobs queued: 0
2014-10-22 05:20:07,481+0000 INFO  swift START jobid=python-5i3796zl host=local - Initializing directory structure
2014-10-22 05:20:07,481+0000 INFO  swift START path=input dir=wordCount-run003/shared - Creating directory structure
2014-10-22 05:20:07,483+0000 INFO  LateBindingScheduler jobs queued: 0
2014-10-22 05:20:07,483+0000 INFO  swift START path=_concurrent/wcfile-17-R dir=wordCount-run003/shared - Creating directory structure
2014-10-22 05:20:07,484+0000 INFO  LateBindingScheduler jobs queued: 0
2014-10-22 05:20:07,485+0000 INFO  swift START path=_concurrent/wcfile-17-R/[10-19] dir=wordCount-run003/shared - Creating directory structure
2014-10-22 05:20:07,486+0000 INFO  LateBindingScheduler jobs queued: 0
2014-10-22 05:20:07,486+0000 INFO  swift END jobid=python-xh3796zl - Done initializing directory structure
2014-10-22 05:20:07,486+0000 INFO  swift START jobid=python-xh3796zl - Staging in files [file://localhost/input/split-0006, file://localhost/wordCount.py]
2014-10-22 05:20:07,486+0000 INFO  swift END jobid=python-yh3796zl - Done initializing directory structure
2014-10-22 05:20:07,486+0000 DEBUG swift THREAD_ASSOCIATION jobid=python-6i3796zl thread=R-7-5 host=local replicationGroup=null
2014-10-22 05:20:07,487+0000 INFO  swift END jobid=python-zh3796zl - Done initializing directory structure
2014-10-22 05:20:07,487+0000 INFO  swift START jobid=python-zh3796zl - Staging in files [file://localhost/wordCount.py, file://localhost/input/split-0009]
2014-10-22 05:20:07,488+0000 INFO  swift START jobid=python-6i3796zl host=local - Initializing directory structure
2014-10-22 05:20:07,488+0000 INFO  swift END jobid=python-0i3796zl - Done initializing directory structure
2014-10-22 05:20:07,488+0000 INFO  swift START jobid=python-0i3796zl - Staging in files [file://localhost/wordCount.py, file://localhost/input/split-0008]
2014-10-22 05:20:07,488+0000 INFO  swift END jobid=python-1i3796zl - Done initializing directory structure
2014-10-22 05:20:07,488+0000 INFO  swift START jobid=python-1i3796zl - Staging in files [file://localhost/wordCount.py, file://localhost/input/split-0003]
2014-10-22 05:20:07,488+0000 INFO  swift END jobid=python-6i3796zl - Done initializing directory structure
2014-10-22 05:20:07,488+0000 INFO  swift START jobid=python-6i3796zl - Staging in files [file://localhost/wordCount.py, file://localhost/input/split-0002]
2014-10-22 05:20:07,488+0000 INFO  swift END jobid=python-2i3796zl - Done initializing directory structure
2014-10-22 05:20:07,489+0000 INFO  swift START jobid=python-2i3796zl - Staging in files [file://localhost/wordCount.py, file://localhost/input/split-0004]
2014-10-22 05:20:07,489+0000 INFO  swift END jobid=python-5i3796zl - Done initializing directory structure
2014-10-22 05:20:07,489+0000 INFO  swift START jobid=python-5i3796zl - Staging in files [file://localhost/input/split-0005, file://localhost/wordCount.py]
2014-10-22 05:20:07,489+0000 INFO  swift END jobid=python-4i3796zl - Done initializing directory structure
2014-10-22 05:20:07,489+0000 INFO  swift START jobid=python-4i3796zl - Staging in files [file://localhost/wordCount.py, file://localhost/input/split-0000]
2014-10-22 05:20:07,490+0000 INFO  swift END jobid=python-3i3796zl - Done initializing directory structure
2014-10-22 05:20:07,490+0000 INFO  swift START jobid=python-3i3796zl - Staging in files [file://localhost/wordCount.py, file://localhost/input/split-0007]
2014-10-22 05:20:07,491+0000 INFO  LateBindingScheduler jobs queued: 0
2014-10-22 05:20:07,491+0000 INFO  Execute JOB_TASK jobid=python-vh3796zl taskid=urn:R-7-1-1413955205283 exec=/bin/bash dir=wordCount-run003/jobs/v/python-vh3796zl args=_swiftwrap.staging -e /usr/bin/python -out _concurrent/wcfile-17-R/[1] -err stderr.txt -i -d input|_concurrent/wcfile-17-R -if wordCount.py|input/split-0001 -of _concurrent/wcfile-17-R/[1] -cf  -cdmfile  -status provider -a wordCount.py input/split-0001
2014-10-22 05:20:07,491+0000 INFO  LateBindingScheduler jobs queued: 0
2014-10-22 05:20:07,492+0000 INFO  LateBindingScheduler jobs queued: 0
2014-10-22 05:20:07,492+0000 INFO  LateBindingScheduler jobs queued: 0
2014-10-22 05:20:07,493+0000 INFO  LateBindingScheduler jobs queued: 0
2014-10-22 05:20:07,493+0000 INFO  LateBindingScheduler jobs queued: 1
2014-10-22 05:20:07,495+0000 INFO  LateBindingScheduler jobs queued: 4
2014-10-22 05:20:07,496+0000 INFO  LateBindingScheduler jobs queued: 4
2014-10-22 05:20:07,496+0000 INFO  LateBindingScheduler jobs queued: 4
2014-10-22 05:20:07,496+0000 INFO  LateBindingScheduler jobs queued: 4
2014-10-22 05:20:07,497+0000 INFO  LateBindingScheduler jobs queued: 4
2014-10-22 05:20:07,497+0000 INFO  LateBindingScheduler jobs queued: 4
2014-10-22 05:20:07,498+0000 INFO  LateBindingScheduler jobs queued: 4
2014-10-22 05:20:07,498+0000 INFO  LateBindingScheduler jobs queued: 4
2014-10-22 05:20:07,498+0000 INFO  Execute TASK_STATUS_CHANGE taskid=urn:R-7-1-1413955205283 status=8
2014-10-22 05:20:07,500+0000 INFO  LateBindingScheduler jobs queued: 0
2014-10-22 05:20:07,500+0000 INFO  LateBindingScheduler jobs queued: 0
2014-10-22 05:20:07,501+0000 INFO  LateBindingScheduler jobs queued: 0
2014-10-22 05:20:07,501+0000 INFO  LateBindingScheduler jobs queued: 0
2014-10-22 05:20:07,501+0000 INFO  swift START jobid=python-yh3796zl - Staging in files [file://localhost/wordCount.py, file://localhost/input/split-0010]
2014-10-22 05:20:07,504+0000 DEBUG swift CDM: file://localhost/input/split-0009 : DEFAULT
2014-10-22 05:20:07,506+0000 DEBUG swift FILE_STAGE_IN_START file=split-0009 srchost=localhost srcdir=input srcname=split-0009 desthost=local destdir=wordCount-run003/shared/input provider=file policy=DEFAULT
2014-10-22 05:20:07,507+0000 DEBUG swift CDM: file://localhost/input/split-0006 : DEFAULT
2014-10-22 05:20:07,507+0000 DEBUG swift FILE_STAGE_IN_START file=split-0006 srchost=localhost srcdir=input srcname=split-0006 desthost=local destdir=wordCount-run003/shared/input provider=file policy=DEFAULT
2014-10-22 05:20:07,508+0000 DEBUG swift CDM: file://localhost/wordCount.py : DEFAULT
2014-10-22 05:20:07,508+0000 DEBUG swift FILE_STAGE_IN_START file=wordCount.py srchost=localhost srcdir= srcname=wordCount.py desthost=local destdir=wordCount-run003/shared/ provider=file policy=DEFAULT
2014-10-22 05:20:07,508+0000 DEBUG swift CDM: file://localhost/wordCount.py : DEFAULT
2014-10-22 05:20:07,508+0000 DEBUG swift CDM: file://localhost/wordCount.py : DEFAULT
2014-10-22 05:20:07,508+0000 DEBUG swift CDM: file://localhost/wordCount.py : DEFAULT
2014-10-22 05:20:07,509+0000 DEBUG swift CDM: file://localhost/input/split-0003 : DEFAULT
2014-10-22 05:20:07,509+0000 DEBUG swift FILE_STAGE_IN_START file=split-0003 srchost=localhost srcdir=input srcname=split-0003 desthost=local destdir=wordCount-run003/shared/input provider=file policy=DEFAULT
2014-10-22 05:20:07,509+0000 DEBUG swift CDM: file://localhost/wordCount.py : DEFAULT
2014-10-22 05:20:07,509+0000 DEBUG swift CDM: file://localhost/input/split-0002 : DEFAULT
2014-10-22 05:20:07,509+0000 DEBUG swift FILE_STAGE_IN_START file=split-0002 srchost=localhost srcdir=input srcname=split-0002 desthost=local destdir=wordCount-run003/shared/input provider=file policy=DEFAULT
2014-10-22 05:20:07,510+0000 DEBUG swift CDM: file://localhost/wordCount.py : DEFAULT
2014-10-22 05:20:07,510+0000 DEBUG swift CDM: file://localhost/input/split-0004 : DEFAULT
2014-10-22 05:20:07,510+0000 DEBUG swift FILE_STAGE_IN_START file=split-0004 srchost=localhost srcdir=input srcname=split-0004 desthost=local destdir=wordCount-run003/shared/input provider=file policy=DEFAULT
2014-10-22 05:20:07,510+0000 DEBUG swift CDM: file://localhost/input/split-0005 : DEFAULT
2014-10-22 05:20:07,510+0000 DEBUG swift CDM: file://localhost/wordCount.py : DEFAULT
2014-10-22 05:20:07,510+0000 DEBUG swift CDM: file://localhost/input/split-0008 : DEFAULT
2014-10-22 05:20:07,510+0000 DEBUG swift FILE_STAGE_IN_START file=split-0008 srchost=localhost srcdir=input srcname=split-0008 desthost=local destdir=wordCount-run003/shared/input provider=file policy=DEFAULT
2014-10-22 05:20:07,510+0000 DEBUG swift FILE_STAGE_IN_START file=split-0005 srchost=localhost srcdir=input srcname=split-0005 desthost=local destdir=wordCount-run003/shared/input provider=file policy=DEFAULT
2014-10-22 05:20:07,511+0000 DEBUG swift CDM: file://localhost/wordCount.py : DEFAULT
2014-10-22 05:20:07,511+0000 DEBUG swift CDM: file://localhost/input/split-0000 : DEFAULT
2014-10-22 05:20:07,511+0000 DEBUG swift FILE_STAGE_IN_START file=split-0000 srchost=localhost srcdir=input srcname=split-0000 desthost=local destdir=wordCount-run003/shared/input provider=file policy=DEFAULT
2014-10-22 05:20:07,511+0000 DEBUG swift CDM: file://localhost/wordCount.py : DEFAULT
2014-10-22 05:20:07,511+0000 DEBUG swift CDM: file://localhost/input/split-0007 : DEFAULT
2014-10-22 05:20:07,511+0000 DEBUG swift FILE_STAGE_IN_START file=split-0007 srchost=localhost srcdir=input srcname=split-0007 desthost=local destdir=wordCount-run003/shared/input provider=file policy=DEFAULT
2014-10-22 05:20:07,513+0000 INFO  LateBindingScheduler jobs queued: 6
2014-10-22 05:20:07,514+0000 DEBUG swift FILE_STAGE_IN_END file=split-0009 srchost=localhost srcdir=input srcname=split-0009 desthost=local destdir=wordCount-run003/shared/input provider=file
2014-10-22 05:20:07,516+0000 INFO  LateBindingScheduler jobs queued: 5
2014-10-22 05:20:07,516+0000 DEBUG swift FILE_STAGE_IN_END file=split-0006 srchost=localhost srcdir=input srcname=split-0006 desthost=local destdir=wordCount-run003/shared/input provider=file
2014-10-22 05:20:07,517+0000 INFO  LateBindingScheduler jobs queued: 4
2014-10-22 05:20:07,518+0000 DEBUG swift FILE_STAGE_IN_END file=wordCount.py srchost=localhost srcdir= srcname=wordCount.py desthost=local destdir=wordCount-run003/shared/ provider=file
2014-10-22 05:20:07,518+0000 INFO  LateBindingScheduler jobs queued: 3
2014-10-22 05:20:07,518+0000 INFO  LateBindingScheduler jobs queued: 3
2014-10-22 05:20:07,519+0000 INFO  swift END jobid=python-zh3796zl - Staging in finished
2014-10-22 05:20:07,519+0000 DEBUG swift JOB_START jobid=python-zh3796zl tr=python arguments=[wordCount.py, input/split-0009] tmpdir=wordCount-run003/jobs/z/python-zh3796zl host=local
2014-10-22 05:20:07,520+0000 INFO  LateBindingScheduler jobs queued: 3
2014-10-22 05:20:07,520+0000 INFO  Execute JOB_TASK jobid=python-zh3796zl taskid=urn:R-7-4-1413955205349 exec=/bin/bash dir=wordCount-run003 args=shared/_swiftwrap python-zh3796zl -jobdir z -scratch  -e python -out _concurrent/wcfile-17-R/[4] -err stderr.txt -i -d input|_concurrent/wcfile-17-R -if wordCount.py|input/split-0009 -of _concurrent/wcfile-17-R/[4] -cf  -cdmfile -status files -a wordCount.py input/split-0009
2014-10-22 05:20:07,520+0000 INFO  swift END jobid=python-xh3796zl - Staging in finished
2014-10-22 05:20:07,520+0000 DEBUG swift JOB_START jobid=python-xh3796zl tr=python arguments=[wordCount.py, input/split-0006] tmpdir=wordCount-run003/jobs/x/python-xh3796zl host=local
2014-10-22 05:20:07,520+0000 DEBUG swift CDM: file://localhost/input/split-0010 : DEFAULT
2014-10-22 05:20:07,520+0000 DEBUG swift FILE_STAGE_IN_START file=split-0010 srchost=localhost srcdir=input srcname=split-0010 desthost=local destdir=wordCount-run003/shared/input provider=file policy=DEFAULT
2014-10-22 05:20:07,521+0000 INFO  Execute JOB_TASK jobid=python-xh3796zl taskid=urn:R-7-3-1413955205353 exec=/bin/bash dir=wordCount-run003 args=shared/_swiftwrap python-xh3796zl -jobdir x -scratch  -e python -out _concurrent/wcfile-17-R/[3] -err stderr.txt -i -d input|_concurrent/wcfile-17-R -if input/split-0006|wordCount.py -of _concurrent/wcfile-17-R/[3] -cf  -cdmfile -status files -a wordCount.py input/split-0006
2014-10-22 05:20:07,521+0000 DEBUG swift CDM: file://localhost/wordCount.py : DEFAULT
2014-10-22 05:20:07,522+0000 DEBUG swift FILE_STAGE_IN_END file=split-0003 srchost=localhost srcdir=input srcname=split-0003 desthost=local destdir=wordCount-run003/shared/input provider=file
2014-10-22 05:20:07,523+0000 INFO  swift END jobid=python-1i3796zl - Staging in finished
2014-10-22 05:20:07,523+0000 DEBUG swift JOB_START jobid=python-1i3796zl tr=python arguments=[wordCount.py, input/split-0003] tmpdir=wordCount-run003/jobs/1/python-1i3796zl host=local
2014-10-22 05:20:07,523+0000 INFO  Execute JOB_TASK jobid=python-1i3796zl taskid=urn:R-7-8-1413955205355 exec=/bin/bash dir=wordCount-run003 args=shared/_swiftwrap python-1i3796zl -jobdir 1 -scratch  -e python -out _concurrent/wcfile-17-R/[8] -err stderr.txt -i -d input|_concurrent/wcfile-17-R -if wordCount.py|input/split-0003 -of _concurrent/wcfile-17-R/[8] -cf  -cdmfile -status files -a wordCount.py input/split-0003
2014-10-22 05:20:07,524+0000 INFO  LateBindingScheduler jobs queued: 3
2014-10-22 05:20:07,525+0000 DEBUG swift FILE_STAGE_IN_END file=split-0002 srchost=localhost srcdir=input srcname=split-0002 desthost=local destdir=wordCount-run003/shared/input provider=file
2014-10-22 05:20:07,525+0000 INFO  swift END jobid=python-6i3796zl - Staging in finished
2014-10-22 05:20:07,525+0000 DEBUG swift JOB_START jobid=python-6i3796zl tr=python arguments=[wordCount.py, input/split-0002] tmpdir=wordCount-run003/jobs/6/python-6i3796zl host=local
2014-10-22 05:20:07,525+0000 INFO  Execute JOB_TASK jobid=python-6i3796zl taskid=urn:R-7-5-1413955205359 exec=/bin/bash dir=wordCount-run003 args=shared/_swiftwrap python-6i3796zl -jobdir 6 -scratch  -e python -out _concurrent/wcfile-17-R/[5] -err stderr.txt -i -d input|_concurrent/wcfile-17-R -if wordCount.py|input/split-0002 -of _concurrent/wcfile-17-R/[5] -cf  -cdmfile -status files -a wordCount.py input/split-0002
2014-10-22 05:20:07,529+0000 INFO  LateBindingScheduler jobs queued: 2
2014-10-22 05:20:07,530+0000 DEBUG swift FILE_STAGE_IN_END file=split-0004 srchost=localhost srcdir=input srcname=split-0004 desthost=local destdir=wordCount-run003/shared/input provider=file
2014-10-22 05:20:07,530+0000 INFO  swift END jobid=python-2i3796zl - Staging in finished
2014-10-22 05:20:07,530+0000 DEBUG swift JOB_START jobid=python-2i3796zl tr=python arguments=[wordCount.py, input/split-0004] tmpdir=wordCount-run003/jobs/2/python-2i3796zl host=local
2014-10-22 05:20:07,531+0000 INFO  Execute JOB_TASK jobid=python-2i3796zl taskid=urn:R-7x2-1413955205361 exec=/bin/bash dir=wordCount-run003 args=shared/_swiftwrap python-2i3796zl -jobdir 2 -scratch  -e python -out _concurrent/wcfile-17-R/[7] -err stderr.txt -i -d input|_concurrent/wcfile-17-R -if wordCount.py|input/split-0004 -of _concurrent/wcfile-17-R/[7] -cf  -cdmfile -status files -a wordCount.py input/split-0004
2014-10-22 05:20:07,534+0000 INFO  LateBindingScheduler jobs queued: 1
2014-10-22 05:20:07,534+0000 DEBUG swift FILE_STAGE_IN_END file=split-0008 srchost=localhost srcdir=input srcname=split-0008 desthost=local destdir=wordCount-run003/shared/input provider=file
2014-10-22 05:20:07,534+0000 INFO  swift END jobid=python-0i3796zl - Staging in finished
2014-10-22 05:20:07,535+0000 DEBUG swift JOB_START jobid=python-0i3796zl tr=python arguments=[wordCount.py, input/split-0008] tmpdir=wordCount-run003/jobs/0/python-0i3796zl host=local
2014-10-22 05:20:07,535+0000 INFO  Execute JOB_TASK jobid=python-0i3796zl taskid=urn:R-7-2-1413955205364 exec=/bin/bash dir=wordCount-run003 args=shared/_swiftwrap python-0i3796zl -jobdir 0 -scratch  -e python -out _concurrent/wcfile-17-R/[2] -err stderr.txt -i -d input|_concurrent/wcfile-17-R -if wordCount.py|input/split-0008 -of _concurrent/wcfile-17-R/[2] -cf  -cdmfile -status files -a wordCount.py input/split-0008
2014-10-22 05:20:07,537+0000 INFO  Execute TASK_STATUS_CHANGE taskid=urn:R-7-4-1413955205349 status=8
2014-10-22 05:20:07,538+0000 INFO  Execute TASK_STATUS_CHANGE taskid=urn:R-7-4-1413955205349 status=1
2014-10-22 05:20:07,538+0000 INFO  Execute TASK_STATUS_CHANGE taskid=urn:R-7-3-1413955205353 status=8
2014-10-22 05:20:07,540+0000 INFO  Execute TASK_STATUS_CHANGE taskid=urn:R-7-3-1413955205353 status=1
2014-10-22 05:20:07,541+0000 INFO  Execute TASK_STATUS_CHANGE taskid=urn:R-7-8-1413955205355 status=8
2014-10-22 05:20:07,542+0000 INFO  LateBindingScheduler jobs queued: 0
2014-10-22 05:20:07,542+0000 DEBUG swift FILE_STAGE_IN_END file=split-0005 srchost=localhost srcdir=input srcname=split-0005 desthost=local destdir=wordCount-run003/shared/input provider=file
2014-10-22 05:20:07,543+0000 INFO  swift END jobid=python-5i3796zl - Staging in finished
2014-10-22 05:20:07,543+0000 DEBUG swift JOB_START jobid=python-5i3796zl tr=python arguments=[wordCount.py, input/split-0005] tmpdir=wordCount-run003/jobs/5/python-5i3796zl host=local
2014-10-22 05:20:07,543+0000 INFO  Execute JOB_TASK jobid=python-5i3796zl taskid=urn:R-7-0-1413955205367 exec=/bin/bash dir=wordCount-run003 args=shared/_swiftwrap python-5i3796zl -jobdir 5 -scratch  -e python -out _concurrent/wcfile-17-R/[0] -err stderr.txt -i -d input|_concurrent/wcfile-17-R -if input/split-0005|wordCount.py -of _concurrent/wcfile-17-R/[0] -cf  -cdmfile -status files -a wordCount.py input/split-0005
2014-10-22 05:20:07,545+0000 INFO  Execute TASK_STATUS_CHANGE taskid=urn:R-7-8-1413955205355 status=1
2014-10-22 05:20:07,547+0000 INFO  Execute TASK_STATUS_CHANGE taskid=urn:R-7-5-1413955205359 status=8
2014-10-22 05:20:07,549+0000 INFO  LateBindingScheduler jobs queued: 0
2014-10-22 05:20:07,551+0000 DEBUG swift FILE_STAGE_IN_END file=split-0000 srchost=localhost srcdir=input srcname=split-0000 desthost=local destdir=wordCount-run003/shared/input provider=file
2014-10-22 05:20:07,552+0000 INFO  swift END jobid=python-4i3796zl - Staging in finished
2014-10-22 05:20:07,552+0000 DEBUG swift JOB_START jobid=python-4i3796zl tr=python arguments=[wordCount.py, input/split-0000] tmpdir=wordCount-run003/jobs/4/python-4i3796zl host=local
2014-10-22 05:20:07,552+0000 INFO  Execute TASK_STATUS_CHANGE taskid=urn:R-7-5-1413955205359 status=1
2014-10-22 05:20:07,552+0000 INFO  Execute JOB_TASK jobid=python-4i3796zl taskid=urn:R-7-9-1413955205370 exec=/bin/bash dir=wordCount-run003 args=shared/_swiftwrap python-4i3796zl -jobdir 4 -scratch  -e python -out _concurrent/wcfile-17-R/[9] -err stderr.txt -i -d input|_concurrent/wcfile-17-R -if wordCount.py|input/split-0000 -of _concurrent/wcfile-17-R/[9] -cf  -cdmfile -status files -a wordCount.py input/split-0000
2014-10-22 05:20:07,553+0000 INFO  AbstractCoasterChannel TCPChannel[client, http://127.0.0.1:50010] setting name to http://127.0.0.1:50010
2014-10-22 05:20:07,557+0000 INFO  Execute TASK_STATUS_CHANGE taskid=urn:R-7x2-1413955205361 status=8
2014-10-22 05:20:07,558+0000 INFO  LateBindingScheduler jobs queued: 0
2014-10-22 05:20:07,558+0000 DEBUG swift FILE_STAGE_IN_END file=split-0007 srchost=localhost srcdir=input srcname=split-0007 desthost=local destdir=wordCount-run003/shared/input provider=file
2014-10-22 05:20:07,559+0000 INFO  swift END jobid=python-3i3796zl - Staging in finished
2014-10-22 05:20:07,559+0000 DEBUG swift JOB_START jobid=python-3i3796zl tr=python arguments=[wordCount.py, input/split-0007] tmpdir=wordCount-run003/jobs/3/python-3i3796zl host=local
2014-10-22 05:20:07,559+0000 INFO  Execute JOB_TASK jobid=python-3i3796zl taskid=urn:R-7-10-1413955205373 exec=/bin/bash dir=wordCount-run003 args=shared/_swiftwrap python-3i3796zl -jobdir 3 -scratch  -e python -out _concurrent/wcfile-17-R/[10-19]/[10] -err stderr.txt -i -d input|_concurrent/wcfile-17-R/[10-19] -if wordCount.py|input/split-0007 -of _concurrent/wcfile-17-R/[10-19]/[10] -cf  -cdmfile -status files -a wordCount.py input/split-0007
2014-10-22 05:20:07,566+0000 INFO  Execute TASK_STATUS_CHANGE taskid=urn:R-7-3-1413955205353 status=2
2014-10-22 05:20:07,569+0000 INFO  Execute TASK_STATUS_CHANGE taskid=urn:R-7-8-1413955205355 status=2
2014-10-22 05:20:07,572+0000 INFO  Execute TASK_STATUS_CHANGE taskid=urn:R-7-5-1413955205359 status=2
2014-10-22 05:20:07,578+0000 INFO  Execute TASK_STATUS_CHANGE taskid=urn:R-7x2-1413955205361 status=1
2014-10-22 05:20:07,580+0000 INFO  Execute TASK_STATUS_CHANGE taskid=urn:R-7-2-1413955205364 status=8
2014-10-22 05:20:07,581+0000 INFO  LateBindingScheduler jobs queued: 0
2014-10-22 05:20:07,581+0000 DEBUG swift FILE_STAGE_IN_END file=split-0010 srchost=localhost srcdir=input srcname=split-0010 desthost=local destdir=wordCount-run003/shared/input provider=file
2014-10-22 05:20:07,582+0000 INFO  swift END jobid=python-yh3796zl - Staging in finished
2014-10-22 05:20:07,582+0000 DEBUG swift JOB_START jobid=python-yh3796zl tr=python arguments=[wordCount.py, input/split-0010] tmpdir=wordCount-run003/jobs/y/python-yh3796zl host=local
2014-10-22 05:20:07,582+0000 INFO  Execute JOB_TASK jobid=python-yh3796zl taskid=urn:R-7-6-1413955205376 exec=/bin/bash dir=wordCount-run003 args=shared/_swiftwrap python-yh3796zl -jobdir y -scratch  -e python -out _concurrent/wcfile-17-R/[6] -err stderr.txt -i -d input|_concurrent/wcfile-17-R -if wordCount.py|input/split-0010 -of _concurrent/wcfile-17-R/[6] -cf  -cdmfile -status files -a wordCount.py input/split-0010
2014-10-22 05:20:07,587+0000 INFO  Execute TASK_STATUS_CHANGE taskid=urn:R-7-2-1413955205364 status=1
2014-10-22 05:20:07,588+0000 INFO  Execute TASK_STATUS_CHANGE taskid=urn:R-7-0-1413955205367 status=8
2014-10-22 05:20:07,593+0000 INFO  Execute TASK_STATUS_CHANGE taskid=urn:R-7-0-1413955205367 status=1
2014-10-22 05:20:07,593+0000 INFO  Execute TASK_STATUS_CHANGE taskid=urn:R-7-9-1413955205370 status=8
2014-10-22 05:20:07,597+0000 INFO  Execute TASK_STATUS_CHANGE taskid=urn:R-7-9-1413955205370 status=1
2014-10-22 05:20:07,597+0000 INFO  Execute TASK_STATUS_CHANGE taskid=urn:R-7-10-1413955205373 status=8
2014-10-22 05:20:07,598+0000 INFO  Execute TASK_STATUS_CHANGE taskid=urn:R-7-4-1413955205349 status=2
2014-10-22 05:20:07,606+0000 INFO  Execute TASK_STATUS_CHANGE taskid=urn:R-7-2-1413955205364 status=2
2014-10-22 05:20:07,628+0000 INFO  Execute TASK_STATUS_CHANGE taskid=urn:R-7-9-1413955205370 status=2
2014-10-22 05:20:07,642+0000 INFO  Execute TASK_STATUS_CHANGE taskid=urn:R-7-0-1413955205367 status=2
2014-10-22 05:20:07,662+0000 INFO  Execute TASK_STATUS_CHANGE taskid=urn:R-7-10-1413955205373 status=1
2014-10-22 05:20:07,663+0000 INFO  Execute TASK_STATUS_CHANGE taskid=urn:R-7-6-1413955205376 status=8
2014-10-22 05:20:07,672+0000 INFO  Execute TASK_STATUS_CHANGE taskid=urn:R-7-6-1413955205376 status=1
2014-10-22 05:20:07,681+0000 INFO  Execute TASK_STATUS_CHANGE taskid=urn:R-7x2-1413955205361 status=2
2014-10-22 05:20:07,697+0000 INFO  AbstractTCPChannel http://127.0.0.1:50010: channel started
2014-10-22 05:20:07,708+0000 INFO  AbstractCoasterChannel Timeout check started for http://127.0.0.1:50010
2014-10-22 05:20:07,712+0000 INFO  AbstractStreamCoasterChannel Using NIO sender for http://127.0.0.1:50010
2014-10-22 05:20:07,720+0000 INFO  Execute TASK_STATUS_CHANGE taskid=urn:R-7-6-1413955205376 status=2
2014-10-22 05:20:07,732+0000 INFO  Execute TASK_STATUS_CHANGE taskid=urn:R-7-10-1413955205373 status=2
2014-10-22 05:20:07,869+0000 INFO  Execute TASK_STATUS_CHANGE taskid=urn:R-7-1-1413955205283 status=1
2014-10-22 05:20:07,873+0000 INFO  Execute TASK_STATUS_CHANGE taskid=urn:R-7-1-1413955205283 status=16 workerid=0099:000000
2014-10-22 05:20:07,875+0000 INFO  GetFileHandler Handler(tag: 4, GET) request complete; src=file://localhost//home/ubuntu/swift-cloud-tutorial/cs553-a2/wordCount-adv/input/split-0001
2014-10-22 05:20:07,926+0000 INFO  GetFileHandler Handler(tag: 4, GET) reader: LR-Handler(tag: 4, GET)
2014-10-22 05:20:07,926+0000 INFO  GetFileHandler Handler(tag: 4, GET) sending length: 101822, 183511542
2014-10-22 05:20:07,993+0000 INFO  ReadBuffer RB-LR-Handler(tag: 4, GET) will ask for 4 buffers for a size of 101822
2014-10-22 05:20:07,996+0000 INFO  ReadBuffer RB-LR-Handler(tag: 4, GET) actual allocated buffers 4(0 queued)
2014-10-22 05:20:08,001+0000 INFO  LocalIOProvider LR-Handler(tag: 4, GET) rbuf: RB-LR-Handler(tag: 4, GET)
2014-10-22 05:20:08,006+0000 INFO  GetFileHandler Handler(tag: 4, GET) unregistering (last)
2014-10-22 05:20:08,006+0000 INFO  ReadBuffer RB-LR-Handler(tag: -1, GET) de-allocating 4 buffers
2014-10-22 05:20:08,006+0000 INFO  NIOChannelReadBuffer Transfer done. De-allocating one unused buffer
2014-10-22 05:20:08,006+0000 INFO  NIOChannelReadBuffer Transfer done. De-allocating one unused buffer
2014-10-22 05:20:08,006+0000 INFO  NIOChannelReadBuffer Transfer done. De-allocating one unused buffer
2014-10-22 05:20:08,057+0000 INFO  GetFileHandler Handler(tag: 5, GET) request complete; src=file://localhost//usr/local/bin/swift-trunk/libexec/_swiftwrap.staging
2014-10-22 05:20:08,057+0000 INFO  GetFileHandler Handler(tag: 5, GET) reader: LR-Handler(tag: 5, GET)
2014-10-22 05:20:08,057+0000 INFO  GetFileHandler Handler(tag: 5, GET) sending length: 6253, 883691634
2014-10-22 05:20:08,057+0000 INFO  ReadBuffer RB-LR-Handler(tag: 5, GET) will ask for 1 buffers for a size of 6253
2014-10-22 05:20:08,057+0000 INFO  ReadBuffer RB-LR-Handler(tag: 5, GET) actual allocated buffers 1(0 queued)
2014-10-22 05:20:08,057+0000 INFO  LocalIOProvider LR-Handler(tag: 5, GET) rbuf: RB-LR-Handler(tag: 5, GET)
2014-10-22 05:20:08,058+0000 INFO  GetFileHandler Handler(tag: 5, GET) unregistering (last)
2014-10-22 05:20:08,058+0000 INFO  ReadBuffer RB-LR-Handler(tag: -1, GET) de-allocating 1 buffers
2014-10-22 05:20:08,157+0000 INFO  GetFileHandler Handler(tag: 6, GET) request complete; src=file://localhost//home/ubuntu/swift-cloud-tutorial/cs553-a2/wordCount-adv/wordCount.py
2014-10-22 05:20:08,157+0000 INFO  GetFileHandler Handler(tag: 6, GET) reader: LR-Handler(tag: 6, GET)
2014-10-22 05:20:08,157+0000 INFO  GetFileHandler Handler(tag: 6, GET) sending length: 584, 1103266424
2014-10-22 05:20:08,157+0000 INFO  ReadBuffer RB-LR-Handler(tag: 6, GET) will ask for 1 buffers for a size of 584
2014-10-22 05:20:08,157+0000 INFO  ReadBuffer RB-LR-Handler(tag: 6, GET) actual allocated buffers 1(0 queued)
2014-10-22 05:20:08,157+0000 INFO  LocalIOProvider LR-Handler(tag: 6, GET) rbuf: RB-LR-Handler(tag: 6, GET)
2014-10-22 05:20:08,158+0000 INFO  GetFileHandler Handler(tag: 6, GET) unregistering (last)
2014-10-22 05:20:08,158+0000 INFO  ReadBuffer RB-LR-Handler(tag: -1, GET) de-allocating 1 buffers
2014-10-22 05:20:08,245+0000 INFO  Execute TASK_STATUS_CHANGE taskid=urn:R-7-1-1413955205283 status=2 workerid=0099:000000
2014-10-22 05:20:08,247+0000 INFO  LateBindingScheduler jobs queued: 0
2014-10-22 05:20:08,247+0000 INFO  Execute TASK_STATUS_CHANGE taskid=urn:R-7-5-1413955205359 status=7
2014-10-22 05:20:08,247+0000 DEBUG swift START jobid=python-6i3796zl
2014-10-22 05:20:08,248+0000 INFO  LateBindingScheduler jobs queued: 0
2014-10-22 05:20:08,249+0000 INFO  swift SUCCESS jobid=python-6i3796zl - Success file found
2014-10-22 05:20:08,249+0000 DEBUG swift STAGING_OUT jobid=python-6i3796zl
2014-10-22 05:20:08,249+0000 INFO  swift START jobid=python-6i3796zl - Staging out files
2014-10-22 05:20:08,249+0000 DEBUG swift stageouts: [file://localhost/_concurrent/wcfile-17-R/[5]]
2014-10-22 05:20:08,250+0000 DEBUG swift FILE_STAGE_OUT_START srcname=[5] srcdir=wordCount-run003/shared/_concurrent/wcfile-17-R srchost=local destdir=_concurrent/wcfile-17-R desthost=localhost provider=file jobid=python-6i3796zl
2014-10-22 05:20:08,251+0000 INFO  LateBindingScheduler jobs queued: 0
2014-10-22 05:20:08,251+0000 DEBUG swift CDM: file://localhost/_concurrent/wcfile-17-R/[5] : DEFAULT
2014-10-22 05:20:08,266+0000 INFO  LateBindingScheduler jobs queued: 0
2014-10-22 05:20:08,269+0000 DEBUG swift FILE_STAGE_OUT_END srcname=[5] srcdir=wordCount-run003/shared/_concurrent/wcfile-17-R srchost=local destdir=_concurrent/wcfile-17-R desthost=localhost provider=file
2014-10-22 05:20:08,270+0000 INFO  LateBindingScheduler jobs queued: 0
2014-10-22 05:20:08,271+0000 INFO  swift END jobid=python-6i3796zl - Staging out finished
2014-10-22 05:20:08,285+0000 INFO  LateBindingScheduler jobs queued: 0
2014-10-22 05:20:08,285+0000 INFO  Execute TASK_STATUS_CHANGE taskid=urn:R-7-3-1413955205353 status=7
2014-10-22 05:20:08,286+0000 DEBUG swift START jobid=python-xh3796zl
2014-10-22 05:20:08,287+0000 INFO  LateBindingScheduler jobs queued: 0
2014-10-22 05:20:08,287+0000 INFO  swift SUCCESS jobid=python-xh3796zl - Success file found
2014-10-22 05:20:08,287+0000 DEBUG swift STAGING_OUT jobid=python-xh3796zl
2014-10-22 05:20:08,287+0000 INFO  swift START jobid=python-xh3796zl - Staging out files
2014-10-22 05:20:08,287+0000 DEBUG swift stageouts: [file://localhost/_concurrent/wcfile-17-R/[3]]
2014-10-22 05:20:08,287+0000 DEBUG swift FILE_STAGE_OUT_START srcname=[3] srcdir=wordCount-run003/shared/_concurrent/wcfile-17-R srchost=local destdir=_concurrent/wcfile-17-R desthost=localhost provider=file jobid=python-xh3796zl
2014-10-22 05:20:08,288+0000 INFO  LateBindingScheduler jobs queued: 0
2014-10-22 05:20:08,288+0000 DEBUG swift CDM: file://localhost/_concurrent/wcfile-17-R/[3] : DEFAULT
2014-10-22 05:20:08,292+0000 INFO  LateBindingScheduler jobs queued: 0
2014-10-22 05:20:08,297+0000 INFO  Execute TASK_STATUS_CHANGE taskid=urn:R-7-1-1413955205283 status=17
2014-10-22 05:20:08,298+0000 INFO  LateBindingScheduler jobs queued: 0
2014-10-22 05:20:08,299+0000 INFO  PutFileHandler Handler(tag: 9, PUT) source: /tmp/swiftwork/wordCount-run003/jobs/v/python-vh3796zl/_concurrent/wcfile-17-R/[1]
2014-10-22 05:20:08,299+0000 INFO  PutFileHandler Handler(tag: 9, PUT) destination: file://localhost//home/ubuntu/swift-cloud-tutorial/cs553-a2/wordCount-adv/_concurrent/wcfile-17-R/[1]
2014-10-22 05:20:08,302+0000 INFO  PutFileHandler Handler(tag: 9, PUT) Transfer done
2014-10-22 05:20:08,302+0000 DEBUG swift FILE_STAGE_OUT_END srcname=[3] srcdir=wordCount-run003/shared/_concurrent/wcfile-17-R srchost=local destdir=_concurrent/wcfile-17-R desthost=localhost provider=file
2014-10-22 05:20:08,303+0000 INFO  LateBindingScheduler jobs queued: 0
2014-10-22 05:20:08,303+0000 INFO  PutFileHandler Handler(tag: 10, PUT) source: /tmp/swiftwork/wordCount-run003/jobs/v/python-vh3796zl/wrapper.log
2014-10-22 05:20:08,303+0000 INFO  PutFileHandler Handler(tag: 10, PUT) destination: file://localhost/run003/wordCount-run003.d/python-vh3796zl.info
2014-10-22 05:20:08,304+0000 INFO  PutFileHandler Handler(tag: 10, PUT) Transfer done
2014-10-22 05:20:08,304+0000 INFO  swift END jobid=python-xh3796zl - Staging out finished
2014-10-22 05:20:08,304+0000 DEBUG swift JOB_END jobid=python-6i3796zl
2014-10-22 05:20:08,305+0000 INFO  swift END_SUCCESS thread=R-7-5 tr=python
2014-10-22 05:20:08,305+0000 DEBUG swift PROCEDURE_END line=6 thread=R-7-5 name=wordCount
2014-10-22 05:20:08,305+0000 DEBUG swift FOREACH_IT_END line=21 thread=R-7-5
2014-10-22 05:20:08,310+0000 INFO  LateBindingScheduler jobs queued: 0
2014-10-22 05:20:08,310+0000 DEBUG swift JOB_END jobid=python-xh3796zl
2014-10-22 05:20:08,311+0000 INFO  swift END_SUCCESS thread=R-7-3 tr=python
2014-10-22 05:20:08,311+0000 DEBUG swift PROCEDURE_END line=6 thread=R-7-3 name=wordCount
2014-10-22 05:20:08,311+0000 DEBUG swift FOREACH_IT_END line=21 thread=R-7-3
2014-10-22 05:20:08,363+0000 INFO  LateBindingScheduler jobs queued: 0
2014-10-22 05:20:08,363+0000 INFO  Execute TASK_STATUS_CHANGE taskid=urn:R-7-2-1413955205364 status=7
2014-10-22 05:20:08,364+0000 DEBUG swift START jobid=python-0i3796zl
2014-10-22 05:20:08,365+0000 INFO  LateBindingScheduler jobs queued: 0
2014-10-22 05:20:08,365+0000 INFO  swift SUCCESS jobid=python-0i3796zl - Success file found
2014-10-22 05:20:08,365+0000 DEBUG swift STAGING_OUT jobid=python-0i3796zl
2014-10-22 05:20:08,365+0000 INFO  swift START jobid=python-0i3796zl - Staging out files
2014-10-22 05:20:08,365+0000 DEBUG swift stageouts: [file://localhost/_concurrent/wcfile-17-R/[2]]
2014-10-22 05:20:08,365+0000 DEBUG swift FILE_STAGE_OUT_START srcname=[2] srcdir=wordCount-run003/shared/_concurrent/wcfile-17-R srchost=local destdir=_concurrent/wcfile-17-R desthost=localhost provider=file jobid=python-0i3796zl
2014-10-22 05:20:08,366+0000 INFO  LateBindingScheduler jobs queued: 0
2014-10-22 05:20:08,366+0000 DEBUG swift CDM: file://localhost/_concurrent/wcfile-17-R/[2] : DEFAULT
2014-10-22 05:20:08,374+0000 INFO  LateBindingScheduler jobs queued: 0
2014-10-22 05:20:08,375+0000 DEBUG swift FILE_STAGE_OUT_END srcname=[2] srcdir=wordCount-run003/shared/_concurrent/wcfile-17-R srchost=local destdir=_concurrent/wcfile-17-R desthost=localhost provider=file
2014-10-22 05:20:08,376+0000 INFO  LateBindingScheduler jobs queued: 0
2014-10-22 05:20:08,376+0000 INFO  swift END jobid=python-0i3796zl - Staging out finished
2014-10-22 05:20:08,380+0000 INFO  LateBindingScheduler jobs queued: 0
2014-10-22 05:20:08,381+0000 DEBUG swift JOB_END jobid=python-0i3796zl
2014-10-22 05:20:08,381+0000 INFO  swift END_SUCCESS thread=R-7-2 tr=python
2014-10-22 05:20:08,381+0000 DEBUG swift PROCEDURE_END line=6 thread=R-7-2 name=wordCount
2014-10-22 05:20:08,382+0000 DEBUG swift FOREACH_IT_END line=21 thread=R-7-2
2014-10-22 05:20:08,383+0000 INFO  LateBindingScheduler jobs queued: 0
2014-10-22 05:20:08,383+0000 INFO  Execute TASK_STATUS_CHANGE taskid=urn:R-7-8-1413955205355 status=7
2014-10-22 05:20:08,384+0000 DEBUG swift START jobid=python-1i3796zl
2014-10-22 05:20:08,384+0000 INFO  LateBindingScheduler jobs queued: 1
2014-10-22 05:20:08,384+0000 INFO  Execute TASK_STATUS_CHANGE taskid=urn:R-7-4-1413955205349 status=7
2014-10-22 05:20:08,385+0000 INFO  LateBindingScheduler jobs queued: 1
2014-10-22 05:20:08,385+0000 INFO  Execute TASK_STATUS_CHANGE taskid=urn:R-7x2-1413955205361 status=7
2014-10-22 05:20:08,386+0000 DEBUG swift START jobid=python-zh3796zl
2014-10-22 05:20:08,386+0000 DEBUG swift START jobid=python-2i3796zl
2014-10-22 05:20:08,387+0000 INFO  LateBindingScheduler jobs queued: 0
2014-10-22 05:20:08,387+0000 INFO  LateBindingScheduler jobs queued: 0
2014-10-22 05:20:08,388+0000 INFO  LateBindingScheduler jobs queued: 0
2014-10-22 05:20:08,388+0000 INFO  swift SUCCESS jobid=python-1i3796zl - Success file found
2014-10-22 05:20:08,388+0000 DEBUG swift STAGING_OUT jobid=python-1i3796zl
2014-10-22 05:20:08,388+0000 INFO  swift START jobid=python-1i3796zl - Staging out files
2014-10-22 05:20:08,388+0000 DEBUG swift stageouts: [file://localhost/_concurrent/wcfile-17-R/[8]]
2014-10-22 05:20:08,388+0000 INFO  swift SUCCESS jobid=python-zh3796zl - Success file found
2014-10-22 05:20:08,388+0000 INFO  swift SUCCESS jobid=python-2i3796zl - Success file found
2014-10-22 05:20:08,388+0000 DEBUG swift STAGING_OUT jobid=python-zh3796zl
2014-10-22 05:20:08,388+0000 DEBUG swift STAGING_OUT jobid=python-2i3796zl
2014-10-22 05:20:08,388+0000 INFO  swift START jobid=python-zh3796zl - Staging out files
2014-10-22 05:20:08,388+0000 INFO  swift START jobid=python-2i3796zl - Staging out files
2014-10-22 05:20:08,388+0000 DEBUG swift stageouts: [file://localhost/_concurrent/wcfile-17-R/[7]]
2014-10-22 05:20:08,388+0000 DEBUG swift FILE_STAGE_OUT_START srcname=[8] srcdir=wordCount-run003/shared/_concurrent/wcfile-17-R srchost=local destdir=_concurrent/wcfile-17-R desthost=localhost provider=file jobid=python-1i3796zl
2014-10-22 05:20:08,388+0000 DEBUG swift stageouts: [file://localhost/_concurrent/wcfile-17-R/[4]]
2014-10-22 05:20:08,389+0000 DEBUG swift FILE_STAGE_OUT_START srcname=[7] srcdir=wordCount-run003/shared/_concurrent/wcfile-17-R srchost=local destdir=_concurrent/wcfile-17-R desthost=localhost provider=file jobid=python-2i3796zl
2014-10-22 05:20:08,389+0000 INFO  LateBindingScheduler jobs queued: 0
2014-10-22 05:20:08,389+0000 INFO  Execute TASK_STATUS_CHANGE taskid=urn:R-7-1-1413955205283 status=7
2014-10-22 05:20:08,390+0000 DEBUG swift JOB_END jobid=python-vh3796zl
2014-10-22 05:20:08,390+0000 INFO  swift END_SUCCESS thread=R-7-1 tr=python
2014-10-22 05:20:08,390+0000 DEBUG swift PROCEDURE_END line=6 thread=R-7-1 name=wordCount
2014-10-22 05:20:08,390+0000 DEBUG swift FOREACH_IT_END line=21 thread=R-7-1
2014-10-22 05:20:08,391+0000 DEBUG swift FILE_STAGE_OUT_START srcname=[4] srcdir=wordCount-run003/shared/_concurrent/wcfile-17-R srchost=local destdir=_concurrent/wcfile-17-R desthost=localhost provider=file jobid=python-zh3796zl
2014-10-22 05:20:08,391+0000 INFO  LateBindingScheduler jobs queued: 1
2014-10-22 05:20:08,391+0000 INFO  LateBindingScheduler jobs queued: 1
2014-10-22 05:20:08,392+0000 DEBUG swift CDM: file://localhost/_concurrent/wcfile-17-R/[8] : DEFAULT
2014-10-22 05:20:08,392+0000 INFO  LateBindingScheduler jobs queued: 0
2014-10-22 05:20:08,392+0000 DEBUG swift CDM: file://localhost/_concurrent/wcfile-17-R/[7] : DEFAULT
2014-10-22 05:20:08,393+0000 DEBUG swift CDM: file://localhost/_concurrent/wcfile-17-R/[4] : DEFAULT
2014-10-22 05:20:08,415+0000 INFO  LateBindingScheduler jobs queued: 0
2014-10-22 05:20:08,416+0000 INFO  LateBindingScheduler jobs queued: 0
2014-10-22 05:20:08,416+0000 DEBUG swift FILE_STAGE_OUT_END srcname=[8] srcdir=wordCount-run003/shared/_concurrent/wcfile-17-R srchost=local destdir=_concurrent/wcfile-17-R desthost=localhost provider=file
2014-10-22 05:20:08,416+0000 DEBUG swift FILE_STAGE_OUT_END srcname=[4] srcdir=wordCount-run003/shared/_concurrent/wcfile-17-R srchost=local destdir=_concurrent/wcfile-17-R desthost=localhost provider=file
2014-10-22 05:20:08,417+0000 INFO  LateBindingScheduler jobs queued: 0
2014-10-22 05:20:08,419+0000 INFO  swift END jobid=python-1i3796zl - Staging out finished
2014-10-22 05:20:08,418+0000 INFO  LateBindingScheduler jobs queued: 0
2014-10-22 05:20:08,420+0000 INFO  Execute TASK_STATUS_CHANGE taskid=urn:R-7-0-1413955205367 status=7
2014-10-22 05:20:08,417+0000 INFO  LateBindingScheduler jobs queued: 0
2014-10-22 05:20:08,420+0000 DEBUG swift START jobid=python-5i3796zl
2014-10-22 05:20:08,418+0000 INFO  LateBindingScheduler jobs queued: 0
2014-10-22 05:20:08,417+0000 INFO  LateBindingScheduler jobs queued: 0
2014-10-22 05:20:08,421+0000 INFO  Execute TASK_STATUS_CHANGE taskid=urn:R-7-10-1413955205373 status=7
2014-10-22 05:20:08,421+0000 DEBUG swift START jobid=python-3i3796zl
2014-10-22 05:20:08,421+0000 INFO  swift END jobid=python-zh3796zl - Staging out finished
2014-10-22 05:20:08,424+0000 INFO  LateBindingScheduler jobs queued: 0
2014-10-22 05:20:08,424+0000 INFO  LateBindingScheduler jobs queued: 0
2014-10-22 05:20:08,424+0000 DEBUG swift FILE_STAGE_OUT_END srcname=[7] srcdir=wordCount-run003/shared/_concurrent/wcfile-17-R srchost=local destdir=_concurrent/wcfile-17-R desthost=localhost provider=file
2014-10-22 05:20:08,424+0000 INFO  swift SUCCESS jobid=python-5i3796zl - Success file found
2014-10-22 05:20:08,424+0000 DEBUG swift STAGING_OUT jobid=python-5i3796zl
2014-10-22 05:20:08,424+0000 INFO  swift START jobid=python-5i3796zl - Staging out files
2014-10-22 05:20:08,424+0000 DEBUG swift stageouts: [file://localhost/_concurrent/wcfile-17-R/[0]]
2014-10-22 05:20:08,425+0000 INFO  swift SUCCESS jobid=python-3i3796zl - Success file found
2014-10-22 05:20:08,425+0000 DEBUG swift STAGING_OUT jobid=python-3i3796zl
2014-10-22 05:20:08,425+0000 INFO  swift START jobid=python-3i3796zl - Staging out files
2014-10-22 05:20:08,425+0000 DEBUG swift stageouts: [file://localhost/_concurrent/wcfile-17-R/[10-19]/[10]]
2014-10-22 05:20:08,425+0000 DEBUG swift FILE_STAGE_OUT_START srcname=[0] srcdir=wordCount-run003/shared/_concurrent/wcfile-17-R srchost=local destdir=_concurrent/wcfile-17-R desthost=localhost provider=file jobid=python-5i3796zl
2014-10-22 05:20:08,425+0000 DEBUG swift FILE_STAGE_OUT_START srcname=[10] srcdir=wordCount-run003/shared/_concurrent/wcfile-17-R/[10-19] srchost=local destdir=_concurrent/wcfile-17-R/[10-19] desthost=localhost provider=file jobid=python-3i3796zl
2014-10-22 05:20:08,425+0000 INFO  LateBindingScheduler jobs queued: 2
2014-10-22 05:20:08,426+0000 INFO  LateBindingScheduler jobs queued: 0
2014-10-22 05:20:08,426+0000 INFO  swift END jobid=python-2i3796zl - Staging out finished
2014-10-22 05:20:08,426+0000 INFO  LateBindingScheduler jobs queued: 1
2014-10-22 05:20:08,426+0000 DEBUG swift CDM: file://localhost/_concurrent/wcfile-17-R/[0] : DEFAULT
2014-10-22 05:20:08,426+0000 DEBUG swift CDM: file://localhost/_concurrent/wcfile-17-R/[10-19]/[10] : DEFAULT
2014-10-22 05:20:08,428+0000 INFO  LateBindingScheduler jobs queued: 1
2014-10-22 05:20:08,428+0000 DEBUG swift JOB_END jobid=python-zh3796zl
2014-10-22 05:20:08,428+0000 INFO  swift END_SUCCESS thread=R-7-4 tr=python
2014-10-22 05:20:08,428+0000 DEBUG swift PROCEDURE_END line=6 thread=R-7-4 name=wordCount
2014-10-22 05:20:08,428+0000 DEBUG swift FOREACH_IT_END line=21 thread=R-7-4
2014-10-22 05:20:08,431+0000 INFO  LateBindingScheduler jobs queued: 0
2014-10-22 05:20:08,431+0000 INFO  LateBindingScheduler jobs queued: 0
2014-10-22 05:20:08,431+0000 DEBUG swift JOB_END jobid=python-1i3796zl
2014-10-22 05:20:08,432+0000 INFO  swift END_SUCCESS thread=R-7-8 tr=python
2014-10-22 05:20:08,432+0000 DEBUG swift PROCEDURE_END line=6 thread=R-7-8 name=wordCount
2014-10-22 05:20:08,432+0000 DEBUG swift FOREACH_IT_END line=21 thread=R-7-8
2014-10-22 05:20:08,432+0000 DEBUG swift FILE_STAGE_OUT_END srcname=[10] srcdir=wordCount-run003/shared/_concurrent/wcfile-17-R/[10-19] srchost=local destdir=_concurrent/wcfile-17-R/[10-19] desthost=localhost provider=file
2014-10-22 05:20:08,432+0000 INFO  LateBindingScheduler jobs queued: 0
2014-10-22 05:20:08,433+0000 INFO  LateBindingScheduler jobs queued: 0
2014-10-22 05:20:08,433+0000 INFO  swift END jobid=python-3i3796zl - Staging out finished
2014-10-22 05:20:08,433+0000 DEBUG swift FILE_STAGE_OUT_END srcname=[0] srcdir=wordCount-run003/shared/_concurrent/wcfile-17-R srchost=local destdir=_concurrent/wcfile-17-R desthost=localhost provider=file
2014-10-22 05:20:08,434+0000 INFO  LateBindingScheduler jobs queued: 0
2014-10-22 05:20:08,434+0000 INFO  RuntimeStats$ProgressTicker HeapMax: 954728448, CrtHeap: 108003328, UsedHeap: 19691760, JVMThreads: 42
2014-10-22 05:20:08,434+0000 INFO  RuntimeStats$ProgressTicker   Active:2  Stage out:3  Finished successfully:6
2014-10-22 05:20:08,435+0000 INFO  LateBindingScheduler jobs queued: 0
2014-10-22 05:20:08,435+0000 DEBUG swift JOB_END jobid=python-2i3796zl
2014-10-22 05:20:08,435+0000 INFO  swift END jobid=python-5i3796zl - Staging out finished
2014-10-22 05:20:08,435+0000 INFO  swift END_SUCCESS thread=R-7x2 tr=python
2014-10-22 05:20:08,435+0000 DEBUG swift PROCEDURE_END line=6 thread=R-7x2 name=wordCount
2014-10-22 05:20:08,435+0000 DEBUG swift FOREACH_IT_END line=21 thread=R-7x2
2014-10-22 05:20:08,437+0000 INFO  LateBindingScheduler jobs queued: 0
2014-10-22 05:20:08,437+0000 INFO  Execute TASK_STATUS_CHANGE taskid=urn:R-7-6-1413955205376 status=7
2014-10-22 05:20:08,437+0000 DEBUG swift START jobid=python-yh3796zl
2014-10-22 05:20:08,437+0000 INFO  LateBindingScheduler jobs queued: 0
2014-10-22 05:20:08,437+0000 INFO  Execute TASK_STATUS_CHANGE taskid=urn:R-7-9-1413955205370 status=7
2014-10-22 05:20:08,438+0000 DEBUG swift START jobid=python-4i3796zl
2014-10-22 05:20:08,438+0000 INFO  LateBindingScheduler jobs queued: 0
2014-10-22 05:20:08,438+0000 INFO  LateBindingScheduler jobs queued: 0
2014-10-22 05:20:08,438+0000 INFO  swift SUCCESS jobid=python-yh3796zl - Success file found
2014-10-22 05:20:08,438+0000 DEBUG swift STAGING_OUT jobid=python-yh3796zl
2014-10-22 05:20:08,438+0000 INFO  swift START jobid=python-yh3796zl - Staging out files
2014-10-22 05:20:08,438+0000 DEBUG swift stageouts: [file://localhost/_concurrent/wcfile-17-R/[6]]
2014-10-22 05:20:08,439+0000 DEBUG swift FILE_STAGE_OUT_START srcname=[6] srcdir=wordCount-run003/shared/_concurrent/wcfile-17-R srchost=local destdir=_concurrent/wcfile-17-R desthost=localhost provider=file jobid=python-yh3796zl
2014-10-22 05:20:08,439+0000 DEBUG swift JOB_END jobid=python-5i3796zl
2014-10-22 05:20:08,439+0000 INFO  swift END_SUCCESS thread=R-7-0 tr=python
2014-10-22 05:20:08,439+0000 DEBUG swift PROCEDURE_END line=6 thread=R-7-0 name=wordCount
2014-10-22 05:20:08,439+0000 DEBUG swift FOREACH_IT_END line=21 thread=R-7-0
2014-10-22 05:20:08,440+0000 INFO  LateBindingScheduler jobs queued: 1
2014-10-22 05:20:08,440+0000 INFO  LateBindingScheduler jobs queued: 0
2014-10-22 05:20:08,440+0000 DEBUG swift CDM: file://localhost/_concurrent/wcfile-17-R/[6] : DEFAULT
2014-10-22 05:20:08,440+0000 INFO  swift SUCCESS jobid=python-4i3796zl - Success file found
2014-10-22 05:20:08,440+0000 DEBUG swift STAGING_OUT jobid=python-4i3796zl
2014-10-22 05:20:08,440+0000 INFO  swift START jobid=python-4i3796zl - Staging out files
2014-10-22 05:20:08,441+0000 DEBUG swift stageouts: [file://localhost/_concurrent/wcfile-17-R/[9]]
2014-10-22 05:20:08,441+0000 DEBUG swift FILE_STAGE_OUT_START srcname=[9] srcdir=wordCount-run003/shared/_concurrent/wcfile-17-R srchost=local destdir=_concurrent/wcfile-17-R desthost=localhost provider=file jobid=python-4i3796zl
2014-10-22 05:20:08,441+0000 INFO  LateBindingScheduler jobs queued: 0
2014-10-22 05:20:08,442+0000 DEBUG swift CDM: file://localhost/_concurrent/wcfile-17-R/[9] : DEFAULT
2014-10-22 05:20:08,442+0000 INFO  LateBindingScheduler jobs queued: 0
2014-10-22 05:20:08,442+0000 DEBUG swift JOB_END jobid=python-3i3796zl
2014-10-22 05:20:08,442+0000 INFO  swift END_SUCCESS thread=R-7-10 tr=python
2014-10-22 05:20:08,442+0000 DEBUG swift PROCEDURE_END line=6 thread=R-7-10 name=wordCount
2014-10-22 05:20:08,442+0000 DEBUG swift FOREACH_IT_END line=21 thread=R-7-10
2014-10-22 05:20:08,442+0000 INFO  LateBindingScheduler jobs queued: 1
2014-10-22 05:20:08,442+0000 DEBUG swift FILE_STAGE_OUT_END srcname=[6] srcdir=wordCount-run003/shared/_concurrent/wcfile-17-R srchost=local destdir=_concurrent/wcfile-17-R desthost=localhost provider=file
2014-10-22 05:20:08,443+0000 INFO  LateBindingScheduler jobs queued: 0
2014-10-22 05:20:08,444+0000 INFO  swift END jobid=python-yh3796zl - Staging out finished
2014-10-22 05:20:08,444+0000 INFO  LateBindingScheduler jobs queued: 1
2014-10-22 05:20:08,445+0000 DEBUG swift FILE_STAGE_OUT_END srcname=[9] srcdir=wordCount-run003/shared/_concurrent/wcfile-17-R srchost=local destdir=_concurrent/wcfile-17-R desthost=localhost provider=file
2014-10-22 05:20:08,446+0000 INFO  LateBindingScheduler jobs queued: 0
2014-10-22 05:20:08,446+0000 INFO  swift END jobid=python-4i3796zl - Staging out finished
2014-10-22 05:20:08,447+0000 INFO  LateBindingScheduler jobs queued: 0
2014-10-22 05:20:08,447+0000 DEBUG swift JOB_END jobid=python-yh3796zl
2014-10-22 05:20:08,447+0000 INFO  swift END_SUCCESS thread=R-7-6 tr=python
2014-10-22 05:20:08,447+0000 DEBUG swift PROCEDURE_END line=6 thread=R-7-6 name=wordCount
2014-10-22 05:20:08,447+0000 DEBUG swift FOREACH_IT_END line=21 thread=R-7-6
2014-10-22 05:20:08,448+0000 INFO  LateBindingScheduler jobs queued: 0
2014-10-22 05:20:08,448+0000 DEBUG swift JOB_END jobid=python-4i3796zl
2014-10-22 05:20:08,448+0000 INFO  swift END_SUCCESS thread=R-7-9 tr=python
2014-10-22 05:20:08,448+0000 DEBUG swift PROCEDURE_END line=6 thread=R-7-9 name=wordCount
2014-10-22 05:20:08,448+0000 DEBUG swift FOREACH_IT_END line=21 thread=R-7-9
2014-10-22 05:20:08,449+0000 DEBUG swift THREAD_ASSOCIATION jobid=m_script-7i3796zl thread=R-8 host=local replicationGroup=null
2014-10-22 05:20:08,451+0000 INFO  swift START jobid=m_script-7i3796zl host=local - Initializing directory structure
2014-10-22 05:20:08,451+0000 INFO  swift START path=output dir=wordCount-run003/shared - Creating directory structure
2014-10-22 05:20:08,452+0000 INFO  LateBindingScheduler jobs queued: 0
2014-10-22 05:20:08,452+0000 INFO  swift END jobid=m_script-7i3796zl - Done initializing directory structure
2014-10-22 05:20:08,452+0000 INFO  swift START jobid=m_script-7i3796zl - Staging in files [file://localhost/_concurrent/wcfile-17-R/[9], file://localhost/_concurrent/wcfile-17-R/[5], file://localhost/_concurrent/wcfile-17-R/[0], file://localhost/_concurrent/wcfile-17-R/[10-19]/[10], file://localhost/_concurrent/wcfile-17-R/[1], file://localhost/_concurrent/wcfile-17-R/[4], file://localhost/_concurrent/wcfile-17-R/[6], file://localhost/_concurrent/wcfile-17-R/[3], file://localhost/merge.py, file://localhost/_concurrent/wcfile-17-R/[7], file://localhost/_concurrent/wcfile-17-R/[2], file://localhost/_concurrent/wcfile-17-R/[8]]
2014-10-22 05:20:08,453+0000 INFO  LateBindingScheduler jobs queued: 3
2014-10-22 05:20:08,454+0000 INFO  LateBindingScheduler jobs queued: 6
2014-10-22 05:20:08,454+0000 DEBUG swift CDM: file://localhost/_concurrent/wcfile-17-R/[5] : DEFAULT
2014-10-22 05:20:08,454+0000 INFO  LateBindingScheduler jobs queued: 8
2014-10-22 05:20:08,454+0000 INFO  LateBindingScheduler jobs queued: 8
2014-10-22 05:20:08,455+0000 INFO  LateBindingScheduler jobs queued: 0
2014-10-22 05:20:08,456+0000 INFO  LateBindingScheduler jobs queued: 0
2014-10-22 05:20:08,456+0000 INFO  LateBindingScheduler jobs queued: 0
2014-10-22 05:20:08,456+0000 INFO  LateBindingScheduler jobs queued: 0
2014-10-22 05:20:08,457+0000 INFO  LateBindingScheduler jobs queued: 0
2014-10-22 05:20:08,457+0000 INFO  LateBindingScheduler jobs queued: 0
2014-10-22 05:20:08,458+0000 INFO  LateBindingScheduler jobs queued: 0
2014-10-22 05:20:08,458+0000 DEBUG swift CDM: file://localhost/_concurrent/wcfile-17-R/[0] : DEFAULT
2014-10-22 05:20:08,458+0000 DEBUG swift CDM: file://localhost/_concurrent/wcfile-17-R/[10-19]/[10] : DEFAULT
2014-10-22 05:20:08,458+0000 DEBUG swift CDM: file://localhost/_concurrent/wcfile-17-R/[1] : DEFAULT
2014-10-22 05:20:08,458+0000 DEBUG swift FILE_STAGE_IN_START file=[1] srchost=localhost srcdir=_concurrent/wcfile-17-R srcname=[1] desthost=local destdir=wordCount-run003/shared/_concurrent/wcfile-17-R provider=file policy=DEFAULT
2014-10-22 05:20:08,459+0000 DEBUG swift CDM: file://localhost/_concurrent/wcfile-17-R/[4] : DEFAULT
2014-10-22 05:20:08,459+0000 DEBUG swift CDM: file://localhost/_concurrent/wcfile-17-R/[6] : DEFAULT
2014-10-22 05:20:08,459+0000 DEBUG swift CDM: file://localhost/_concurrent/wcfile-17-R/[3] : DEFAULT
2014-10-22 05:20:08,459+0000 DEBUG swift CDM: file://localhost/_concurrent/wcfile-17-R/[7] : DEFAULT
2014-10-22 05:20:08,459+0000 DEBUG swift CDM: file://localhost/_concurrent/wcfile-17-R/[2] : DEFAULT
2014-10-22 05:20:08,459+0000 DEBUG swift CDM: file://localhost/_concurrent/wcfile-17-R/[8] : DEFAULT
2014-10-22 05:20:08,460+0000 INFO  LateBindingScheduler jobs queued: 0
2014-10-22 05:20:08,460+0000 DEBUG swift CDM: file://localhost/merge.py : DEFAULT
2014-10-22 05:20:08,460+0000 DEBUG swift FILE_STAGE_IN_START file=merge.py srchost=localhost srcdir= srcname=merge.py desthost=local destdir=wordCount-run003/shared/ provider=file policy=DEFAULT
2014-10-22 05:20:08,461+0000 DEBUG swift CDM: file://localhost/_concurrent/wcfile-17-R/[9] : DEFAULT
2014-10-22 05:20:08,462+0000 INFO  LateBindingScheduler jobs queued: 0
2014-10-22 05:20:08,462+0000 DEBUG swift FILE_STAGE_IN_END file=[1] srchost=localhost srcdir=_concurrent/wcfile-17-R srcname=[1] desthost=local destdir=wordCount-run003/shared/_concurrent/wcfile-17-R provider=file
2014-10-22 05:20:08,466+0000 INFO  LateBindingScheduler jobs queued: 0
2014-10-22 05:20:08,466+0000 DEBUG swift FILE_STAGE_IN_END file=merge.py srchost=localhost srcdir= srcname=merge.py desthost=local destdir=wordCount-run003/shared/ provider=file
2014-10-22 05:20:08,467+0000 INFO  swift END jobid=m_script-7i3796zl - Staging in finished
2014-10-22 05:20:08,467+0000 DEBUG swift JOB_START jobid=m_script-7i3796zl tr=m_script arguments=[_concurrent/wcfile-17-R/[0] _concurrent/wcfile-17-R/[1] _concurrent/wcfile-17-R/[2] _concurrent/wcfile-17-R/[3] _concurrent/wcfile-17-R/[4] _concurrent/wcfile-17-R/[5] _concurrent/wcfile-17-R/[6] _concurrent/wcfile-17-R/[7] _concurrent/wcfile-17-R/[8] _concurrent/wcfile-17-R/[9] _concurrent/wcfile-17-R/[10-19]/[10]] tmpdir=wordCount-run003/jobs/7/m_script-7i3796zl host=local
2014-10-22 05:20:08,468+0000 INFO  Execute JOB_TASK jobid=m_script-7i3796zl taskid=urn:R-8-1413955205532 exec=/bin/bash dir=wordCount-run003 args=shared/_swiftwrap m_script-7i3796zl -jobdir 7 -scratch  -e /home/ubuntu/swift-cloud-tutorial/cs553-a2/wordCount-adv/merge.sh -out output/result.txt -err stderr.txt -i -d _concurrent/wcfile-17-R|_concurrent/wcfile-17-R/[10-19]|output -if _concurrent/wcfile-17-R/[9]|_concurrent/wcfile-17-R/[5]|_concurrent/wcfile-17-R/[0]|_concurrent/wcfile-17-R/[10-19]/[10]|_concurrent/wcfile-17-R/[1]|_concurrent/wcfile-17-R/[4]|_concurrent/wcfile-17-R/[6]|_concurrent/wcfile-17-R/[3]|merge.py|_concurrent/wcfile-17-R/[7]|_concurrent/wcfile-17-R/[2]|_concurrent/wcfile-17-R/[8] -of output/result.txt -cf  -cdmfile -status files -a _concurrent/wcfile-17-R/[0] _concurrent/wcfile-17-R/[1] _concurrent/wcfile-17-R/[2] _concurrent/wcfile-17-R/[3] _concurrent/wcfile-17-R/[4] _concurrent/wcfile-17-R/[5] _concurrent/wcfile-17-R/[6] _concurrent/wcfile-17-R/[7] _concurrent/wcfile-17-R/[8] _concurrent/wcfile-17-R/[9] _concurrent/wcfile-17-R/[10-19]/[10]
2014-10-22 05:20:08,468+0000 INFO  Execute TASK_STATUS_CHANGE taskid=urn:R-8-1413955205532 status=8
2014-10-22 05:20:08,468+0000 INFO  Execute TASK_STATUS_CHANGE taskid=urn:R-8-1413955205532 status=1
2014-10-22 05:20:08,469+0000 INFO  Execute TASK_STATUS_CHANGE taskid=urn:R-8-1413955205532 status=2
2014-10-22 05:20:08,611+0000 INFO  LateBindingScheduler jobs queued: 0
2014-10-22 05:20:08,611+0000 INFO  Execute TASK_STATUS_CHANGE taskid=urn:R-8-1413955205532 status=7
2014-10-22 05:20:08,611+0000 DEBUG swift START jobid=m_script-7i3796zl
2014-10-22 05:20:08,611+0000 INFO  LateBindingScheduler jobs queued: 0
2014-10-22 05:20:08,612+0000 INFO  swift SUCCESS jobid=m_script-7i3796zl - Success file found
2014-10-22 05:20:08,612+0000 DEBUG swift STAGING_OUT jobid=m_script-7i3796zl
2014-10-22 05:20:08,612+0000 INFO  swift START jobid=m_script-7i3796zl - Staging out files
2014-10-22 05:20:08,612+0000 DEBUG swift stageouts: [file://localhost/output/result.txt]
2014-10-22 05:20:08,612+0000 DEBUG swift FILE_STAGE_OUT_START srcname=result.txt srcdir=wordCount-run003/shared/output srchost=local destdir=output desthost=localhost provider=file jobid=m_script-7i3796zl
2014-10-22 05:20:08,612+0000 INFO  LateBindingScheduler jobs queued: 0
2014-10-22 05:20:08,613+0000 DEBUG swift CDM: file://localhost/output/result.txt : DEFAULT
2014-10-22 05:20:08,614+0000 INFO  LateBindingScheduler jobs queued: 0
2014-10-22 05:20:08,614+0000 DEBUG swift FILE_STAGE_OUT_END srcname=result.txt srcdir=wordCount-run003/shared/output srchost=local destdir=output desthost=localhost provider=file
2014-10-22 05:20:08,614+0000 INFO  LateBindingScheduler jobs queued: 0
2014-10-22 05:20:08,615+0000 INFO  swift END jobid=m_script-7i3796zl - Staging out finished
2014-10-22 05:20:08,616+0000 INFO  LateBindingScheduler jobs queued: 0
2014-10-22 05:20:08,616+0000 DEBUG swift JOB_END jobid=m_script-7i3796zl
2014-10-22 05:20:08,616+0000 INFO  swift END_SUCCESS thread=R-8 tr=m_script
2014-10-22 05:20:08,616+0000 DEBUG swift PROCEDURE_END line=11 thread=R-8 name=merge
2014-10-22 05:20:08,617+0000 INFO  RuntimeStats$ProgressTicker HeapMax: 954728448, CrtHeap: 108003328, UsedHeap: 21286800, JVMThreads: 40
2014-10-22 05:20:08,617+0000 INFO  RuntimeStats$ProgressTicker   Finished successfully:12
2014-10-22 05:20:08,625+0000 DEBUG swift Starting cleanups
2014-10-22 05:20:08,625+0000 INFO  swift START cleanups=[[wordCount-run003, local]]
2014-10-22 05:20:08,625+0000 INFO  swift START dir=wordCount-run003 host=local
2014-10-22 05:20:08,625+0000 DEBUG swift cdmfile 
2014-10-22 05:20:08,625+0000 INFO  swift END dir=wordCount-run003 host=local
2014-10-22 05:20:08,625+0000 INFO  swift END cleanups=[[wordCount-run003, local]]
2014-10-22 05:20:08,625+0000 DEBUG swift Ending cleanups
2014-10-22 05:20:08,626+0000 INFO  SwiftFunction Cleaning mfile:file = <FILE> - Closed
2014-10-22 05:20:08,626+0000 INFO  SwiftFunction Cleaning infile:file[int] = {0=infile[0]:file = <FILE> - Closed, 1=infile[1]:file = <FILE> - Closed, 2=infile[2]:file = <FILE> - Closed, 3=infile[3]:file = <FILE> - Closed, 4=infile[4]:file = <FILE> - Closed, 5=infile[5]:file = <FILE> - Closed, 6=infile[6]:file = <FILE> - Closed, 7=infile[7]:file = <FILE> - Closed, 8=infile[8]:file = <FILE> - Closed, 9=infile[9]:file = <FILE> - Closed, 10=infile[10]:file = <FILE> - Closed} - Closed
2014-10-22 05:20:08,626+0000 INFO  SwiftFunction Cleaning wc_script:file = <FILE> - Closed
2014-10-22 05:20:08,626+0000 INFO  SwiftFunction Cleaning m_script:file = <FILE> - Closed
2014-10-22 05:20:08,626+0000 INFO  SwiftFunction Cleaning wcfile:file[int] = {0=wcfile[0]:file = <FILE> - Closed, 1=wcfile[1]:file = <FILE> - Closed, 2=wcfile[2]:file = <FILE> - Closed, 3=wcfile[3]:file = <FILE> - Closed, 4=wcfile[4]:file = <FILE> - Closed, 5=wcfile[5]:file = <FILE> - Closed, 6=wcfile[6]:file = <FILE> - Closed, 7=wcfile[7]:file = <FILE> - Closed, 8=wcfile[8]:file = <FILE> - Closed, 9=wcfile[9]:file = <FILE> - Closed, 10=wcfile[10]:file = <FILE> - Closed} - Closed
2014-10-22 05:20:08,628+0000 INFO  Loader Swift finished with no errors
