2014-10-22 05:05:54,577+0000 INFO  Loader JAVA Oracle Corporation Java HotSpot(TM) 64-Bit Server VM 1.7.0_51
2014-10-22 05:05:54,580+0000 INFO  Loader VERSION Swift trunk git-rev: 2d334140f2c288e5aeb3d354de0ecda35b4b3aac heads/master 6130 (modified locally)
2014-10-22 05:05:54,580+0000 INFO  Loader RUN_ID run002
2014-10-22 05:05:54,580+0000 INFO  Loader ARGUMENTS [-runid, run002, -logfile, /home/ubuntu/swift-cloud-tutorial/cs553-a2/wordCount-adv/run002/swift.log, wordCount.swift]
2014-10-22 05:05:54,580+0000 INFO  Loader MAX_HEAP 954728448
2014-10-22 05:05:54,580+0000 INFO  Loader GLOBUS_HOSTNAME ip-172-31-14-249
2014-10-22 05:05:54,580+0000 INFO  Loader CWD /home/ubuntu/swift-cloud-tutorial/cs553-a2/wordCount-adv/.
2014-10-22 05:05:54,583+0000 DEBUG Loader SWIFT_CONFIGURATION 
[D] /usr/local/bin/swift-trunk/etc/swift.conf
[R] swift.conf
[C] <Command Line>
{
    TCPPortRange: "50000, 50100"                            # [D] line 27
    alwaysTransferWrapperLog: true                          # [R] line 46
    executionRetries: 0                                     # [R] line 43
    fileOperationsThrottle: 8                               # [D] line 121
    fileTransfersThrottle: 4                                # [D] line 107
    hostJobSubmitThrottle: 2                                # [D] line 95
    jobSubmitThrottle: 4                                    # [D] line 83
    keepSiteDir: true                                       # [R] line 44
    lazyErrors: false                                       # [R] line 42
    logProvenance: false                                    # [D] line 200
    maxForeachThreads: 16384                                # [D] line 194
    providerStagingPinSwiftFiles: false                     # [R] line 45
    replicationEnabled: false                               # [D] line 146
    replicationLimit: 3                                     # [D] line 157
    replicationMinQueueTime: 60                             # [D] line 153
	site {
		cloud-static {
            app.python.executable: "/usr/bin/python"        # [R] line 32
			execution {
                URL: "http://127.0.0.1:50010"               # [R] line 23
                jobManager: "local:local"                   # [R] line 24
				options {
                    maxJobs: 10                             # [R] line 26
                    tasksPerNode: 4                         # [R] line 27
				}
                type: "coaster-persistent"                  # [R] line 22
			}
            filesystem.type: "local"                        # [R] line 37
            initialParallelTasks: 20                        # [R] line 35
            maxParallelTasks: 20                            # [R] line 36
            staging: "local"                                # [R] line 39
            workDirectory: "/tmp/swiftwork"                 # [R] line 38
		}
		local {
			app {
                ALL.executable: "*"                         # [D] line 232
                m_script.executable: "/home/ubuntu/swift-cloud-tutorial/cs553-a2/wordCount-adv/merge.sh"# [C]
			}
			execution {
                URL: "localhost"                            # [R] line 10
                type: "local"                               # [R] line 9
			}
			filesystem {
                URL: "localhost"                            # [R] line 6
                type: "local"                               # [R] line 5
			}
            initialParallelTasks: 31                        # [R] line 17
            maxParallelTasks: 32                            # [R] line 16
            workDirectory: "/tmp/ubuntu/swiftwork"          # [C]
		}
	}
    sites: [local, cloud-static]                            # [R] line 1
    tracingEnabled: false                                   # [D] line 51
}

2014-10-22 05:05:54,585+0000 DEBUG textfiles BEGIN SWIFTSCRIPT:
type file;

file wc_script <"wordCount.py">;
file m_script <"merge.py">;

app (file outfile) wordCount (file infile, file wc_script)
{
    python @wc_script @infile stdout=@outfile;
}

app (file outfile) merge (file[] infiles, file m_py)
{
    m_script @filenames(infiles) stdout=@outfile;
}

file infile[] <filesys_mapper;pattern="split-*", location="input">;
file wcfile[];
file wclog[] <simple_mapper;prefix="wclog",suffix=".txt", padding=4, location="output">;

tracef("test\n");
foreach f,i in infile {
//    tracef("%s\n",@f);
    wcfile[i]=wordCount(f,wc_script);
}

file mfile <"output/result.txt">;
file mlog <"output/mlog.txt">;

mfile=merge(wcfile,m_script);


2014-10-22 05:05:54,585+0000 DEBUG textfiles END SWIFTSCRIPT:
2014-10-22 05:05:54,587+0000 INFO  Loader wordCount.swift: source file is new. Recompiling.
2014-10-22 05:05:55,499+0000 INFO  Warnings Warning: The @ syntax for function invocation is deprecated
2014-10-22 05:05:56,503+0000 INFO  Loader RUN_START
2014-10-22 05:05:56,508+0000 INFO  SwiftExecutor swift.home = /usr/local/bin/swift-trunk
2014-10-22 05:05:56,553+0000 INFO  AbstractScheduler Setting resources to: {cloud-static=cloud-static, local=local}
2014-10-22 05:05:56,567+0000 INFO  GlobalSubmitQueue No global submit throttle set. Using default (1024)
2014-10-22 05:05:56,598+0000 INFO  LateBindingScheduler jobs queued: 0
2014-10-22 05:05:56,602+0000 INFO  LateBindingScheduler jobs queued: 0
2014-10-22 05:05:56,639+0000 INFO  RuntimeStats$ProgressTicker HeapMax: 954728448, CrtHeap: 75497472, UsedHeap: 21555504, JVMThreads: 15
2014-10-22 05:05:56,639+0000 INFO  RuntimeStats$ProgressTicker 
2014-10-22 05:05:56,642+0000 DEBUG swift INTERNALPROC_START thread=R-6 name=tracef
2014-10-22 05:05:56,642+0000 INFO  Tracef test

2014-10-22 05:05:56,642+0000 DEBUG swift INTERNALPROC_END thread=R-6 name=tracef
2014-10-22 05:05:56,645+0000 DEBUG swift PROCEDURE line=11 thread=R-8 name=merge
2014-10-22 05:05:56,648+0000 DEBUG swift FOREACH_IT_START line=21 thread=R-7-0
2014-10-22 05:05:56,648+0000 DEBUG swift SCOPE thread=R-7-0
2014-10-22 05:05:56,649+0000 DEBUG swift PROCEDURE line=6 thread=R-7-0 name=wordCount
2014-10-22 05:05:56,656+0000 DEBUG swift FOREACH_IT_START line=21 thread=R-7-1
2014-10-22 05:05:56,656+0000 DEBUG swift SCOPE thread=R-7-1
2014-10-22 05:05:56,656+0000 DEBUG swift PROCEDURE line=6 thread=R-7-1 name=wordCount
2014-10-22 05:05:56,657+0000 DEBUG swift FOREACH_IT_START line=21 thread=R-7-2
2014-10-22 05:05:56,657+0000 DEBUG swift SCOPE thread=R-7-2
2014-10-22 05:05:56,657+0000 DEBUG swift PROCEDURE line=6 thread=R-7-2 name=wordCount
2014-10-22 05:05:56,658+0000 DEBUG swift FOREACH_IT_START line=21 thread=R-7-3
2014-10-22 05:05:56,660+0000 DEBUG swift SCOPE thread=R-7-3
2014-10-22 05:05:56,660+0000 DEBUG swift PROCEDURE line=6 thread=R-7-3 name=wordCount
2014-10-22 05:05:56,660+0000 DEBUG swift FOREACH_IT_START line=21 thread=R-7-5
2014-10-22 05:05:56,661+0000 DEBUG swift SCOPE thread=R-7-5
2014-10-22 05:05:56,661+0000 DEBUG swift PROCEDURE line=6 thread=R-7-5 name=wordCount
2014-10-22 05:05:56,661+0000 DEBUG swift FOREACH_IT_START line=21 thread=R-7-6
2014-10-22 05:05:56,658+0000 DEBUG swift FOREACH_IT_START line=21 thread=R-7-4
2014-10-22 05:05:56,662+0000 DEBUG swift SCOPE thread=R-7-4
2014-10-22 05:05:56,663+0000 DEBUG swift PROCEDURE line=6 thread=R-7-4 name=wordCount
2014-10-22 05:05:56,663+0000 DEBUG swift FOREACH_IT_START line=21 thread=R-7-8
2014-10-22 05:05:56,663+0000 DEBUG swift SCOPE thread=R-7-8
2014-10-22 05:05:56,663+0000 DEBUG swift PROCEDURE line=6 thread=R-7-8 name=wordCount
2014-10-22 05:05:56,664+0000 DEBUG swift FOREACH_IT_START line=21 thread=R-7-9
2014-10-22 05:05:56,664+0000 DEBUG swift SCOPE thread=R-7-9
2014-10-22 05:05:56,664+0000 DEBUG swift PROCEDURE line=6 thread=R-7-9 name=wordCount
2014-10-22 05:05:56,665+0000 DEBUG swift FOREACH_IT_START line=21 thread=R-7-10
2014-10-22 05:05:56,665+0000 DEBUG swift SCOPE thread=R-7-10
2014-10-22 05:05:56,665+0000 DEBUG swift PROCEDURE line=6 thread=R-7-10 name=wordCount
2014-10-22 05:05:56,665+0000 DEBUG swift SCOPE thread=R-7-6
2014-10-22 05:05:56,666+0000 DEBUG swift PROCEDURE line=6 thread=R-7-6 name=wordCount
2014-10-22 05:05:56,662+0000 DEBUG swift FOREACH_IT_START line=21 thread=R-7x2
2014-10-22 05:05:56,666+0000 DEBUG swift SCOPE thread=R-7x2
2014-10-22 05:05:56,666+0000 DEBUG swift PROCEDURE line=6 thread=R-7x2 name=wordCount
2014-10-22 05:05:56,672+0000 DEBUG swift THREAD_ASSOCIATION jobid=python-y19m86zl thread=R-7-9 host=cloud-static replicationGroup=null
2014-10-22 05:05:56,675+0000 DEBUG swift JOB_START jobid=python-y19m86zl tr=python arguments=[wordCount.py, input/split-0000] tmpdir=wordCount-run002/jobs/y/python-y19m86zl host=cloud-static
2014-10-22 05:05:56,672+0000 DEBUG swift THREAD_ASSOCIATION jobid=python-x19m86zl thread=R-7-8 host=cloud-static replicationGroup=null
2014-10-22 05:05:56,680+0000 DEBUG swift JOB_START jobid=python-x19m86zl tr=python arguments=[wordCount.py, input/split-0003] tmpdir=wordCount-run002/jobs/x/python-x19m86zl host=cloud-static
2014-10-22 05:05:56,670+0000 INFO  swift START host=local - Initializing shared directory
2014-10-22 05:05:56,673+0000 DEBUG swift THREAD_ASSOCIATION jobid=python-z19m86zl thread=R-7-10 host=cloud-static replicationGroup=null
2014-10-22 05:05:56,682+0000 DEBUG swift JOB_START jobid=python-z19m86zl tr=python arguments=[wordCount.py, input/split-0007] tmpdir=wordCount-run002/jobs/z/python-z19m86zl host=cloud-static
2014-10-22 05:05:56,683+0000 INFO  LateBindingScheduler jobs queued: 0
2014-10-22 05:05:56,694+0000 INFO  Execute JOB_TASK jobid=python-z19m86zl taskid=urn:R-7-10-1413954354575 exec=/bin/bash dir=wordCount-run002/jobs/z/python-z19m86zl args=_swiftwrap.staging -e /usr/bin/python -out _concurrent/wcfile-17-R/[10-19]/[10] -err stderr.txt -i -d input|_concurrent/wcfile-17-R/[10-19] -if wordCount.py|input/split-0007 -of _concurrent/wcfile-17-R/[10-19]/[10] -cf  -cdmfile  -status provider -a wordCount.py input/split-0007
2014-10-22 05:05:56,695+0000 INFO  Execute JOB_TASK jobid=python-x19m86zl taskid=urn:R-7-8-1413954354577 exec=/bin/bash dir=wordCount-run002/jobs/x/python-x19m86zl args=_swiftwrap.staging -e /usr/bin/python -out _concurrent/wcfile-17-R/[8] -err stderr.txt -i -d input|_concurrent/wcfile-17-R -if wordCount.py|input/split-0003 -of _concurrent/wcfile-17-R/[8] -cf  -cdmfile  -status provider -a wordCount.py input/split-0003
2014-10-22 05:05:56,695+0000 INFO  Execute JOB_TASK jobid=python-y19m86zl taskid=urn:R-7-9-1413954354579 exec=/bin/bash dir=wordCount-run002/jobs/y/python-y19m86zl args=_swiftwrap.staging -e /usr/bin/python -out _concurrent/wcfile-17-R/[9] -err stderr.txt -i -d input|_concurrent/wcfile-17-R -if wordCount.py|input/split-0000 -of _concurrent/wcfile-17-R/[9] -cf  -cdmfile  -status provider -a wordCount.py input/split-0000
2014-10-22 05:05:56,700+0000 INFO  Execute TASK_STATUS_CHANGE taskid=urn:R-7-10-1413954354575 status=8
2014-10-22 05:05:56,703+0000 INFO  Execute TASK_STATUS_CHANGE taskid=urn:R-7-8-1413954354577 status=8
2014-10-22 05:05:56,705+0000 INFO  LateBindingScheduler jobs queued: 0
2014-10-22 05:05:56,728+0000 INFO  AbstractCoasterChannel TCPChannel[client, http://127.0.0.1:50010] setting name to http://127.0.0.1:50010
2014-10-22 05:05:56,734+0000 INFO  AbstractTCPChannel http://127.0.0.1:50010: channel started
2014-10-22 05:05:56,735+0000 INFO  AbstractCoasterChannel Timeout check started for http://127.0.0.1:50010
2014-10-22 05:05:56,737+0000 INFO  AbstractStreamCoasterChannel Using NIO sender for http://127.0.0.1:50010
2014-10-22 05:05:56,767+0000 INFO  Execute TASK_STATUS_CHANGE taskid=urn:R-7-9-1413954354579 status=8
2014-10-22 05:05:56,767+0000 INFO  LateBindingScheduler jobs queued: 0
2014-10-22 05:05:56,768+0000 INFO  LateBindingScheduler jobs queued: 0
2014-10-22 05:05:56,768+0000 INFO  swift END host=local - Done initializing shared directory
2014-10-22 05:05:56,769+0000 DEBUG swift THREAD_ASSOCIATION jobid=python-029m86zl thread=R-7-1 host=local replicationGroup=null
2014-10-22 05:05:56,769+0000 DEBUG swift THREAD_ASSOCIATION jobid=python-129m86zl thread=R-7-2 host=local replicationGroup=null
2014-10-22 05:05:56,769+0000 INFO  swift START jobid=python-029m86zl host=local - Initializing directory structure
2014-10-22 05:05:56,770+0000 INFO  swift START path= dir=wordCount-run002/shared - Creating directory structure
2014-10-22 05:05:56,769+0000 INFO  swift START jobid=python-129m86zl host=local - Initializing directory structure
2014-10-22 05:05:56,770+0000 DEBUG swift THREAD_ASSOCIATION jobid=python-229m86zl thread=R-7-3 host=local replicationGroup=null
2014-10-22 05:05:56,770+0000 DEBUG swift THREAD_ASSOCIATION jobid=python-329m86zl thread=R-7-5 host=local replicationGroup=null
2014-10-22 05:05:56,770+0000 INFO  swift START jobid=python-229m86zl host=local - Initializing directory structure
2014-10-22 05:05:56,771+0000 INFO  swift START jobid=python-329m86zl host=local - Initializing directory structure
2014-10-22 05:05:56,771+0000 DEBUG swift THREAD_ASSOCIATION jobid=python-429m86zl thread=R-7-4 host=local replicationGroup=null
2014-10-22 05:05:56,771+0000 DEBUG swift THREAD_ASSOCIATION jobid=python-529m86zl thread=R-7-6 host=local replicationGroup=null
2014-10-22 05:05:56,771+0000 INFO  swift START jobid=python-429m86zl host=local - Initializing directory structure
2014-10-22 05:05:56,771+0000 INFO  swift START jobid=python-529m86zl host=local - Initializing directory structure
2014-10-22 05:05:56,771+0000 DEBUG swift THREAD_ASSOCIATION jobid=python-629m86zl thread=R-7-0 host=local replicationGroup=null
2014-10-22 05:05:56,772+0000 DEBUG swift THREAD_ASSOCIATION jobid=python-729m86zl thread=R-7x2 host=local replicationGroup=null
2014-10-22 05:05:56,772+0000 INFO  swift START jobid=python-629m86zl host=local - Initializing directory structure
2014-10-22 05:05:56,772+0000 INFO  swift START jobid=python-729m86zl host=local - Initializing directory structure
2014-10-22 05:05:56,772+0000 INFO  LateBindingScheduler jobs queued: 0
2014-10-22 05:05:56,773+0000 INFO  swift START path=input dir=wordCount-run002/shared - Creating directory structure
2014-10-22 05:05:56,774+0000 INFO  LateBindingScheduler jobs queued: 0
2014-10-22 05:05:56,775+0000 INFO  swift START path=_concurrent/wcfile-17-R dir=wordCount-run002/shared - Creating directory structure
2014-10-22 05:05:56,776+0000 INFO  LateBindingScheduler jobs queued: 0
2014-10-22 05:05:56,776+0000 INFO  swift END jobid=python-229m86zl - Done initializing directory structure
2014-10-22 05:05:56,776+0000 INFO  swift START jobid=python-229m86zl - Staging in files [file://localhost/input/split-0006, file://localhost/wordCount.py]
2014-10-22 05:05:56,777+0000 INFO  swift END jobid=python-329m86zl - Done initializing directory structure
2014-10-22 05:05:56,777+0000 INFO  swift START jobid=python-329m86zl - Staging in files [file://localhost/wordCount.py, file://localhost/input/split-0002]
2014-10-22 05:05:56,777+0000 INFO  swift END jobid=python-429m86zl - Done initializing directory structure
2014-10-22 05:05:56,777+0000 INFO  swift START jobid=python-429m86zl - Staging in files [file://localhost/wordCount.py, file://localhost/input/split-0009]
2014-10-22 05:05:56,777+0000 INFO  swift END jobid=python-729m86zl - Done initializing directory structure
2014-10-22 05:05:56,777+0000 INFO  swift START jobid=python-729m86zl - Staging in files [file://localhost/wordCount.py, file://localhost/input/split-0004]
2014-10-22 05:05:56,778+0000 INFO  swift END jobid=python-529m86zl - Done initializing directory structure
2014-10-22 05:05:56,778+0000 INFO  swift START jobid=python-529m86zl - Staging in files [file://localhost/wordCount.py, file://localhost/input/split-0010]
2014-10-22 05:05:56,778+0000 INFO  swift END jobid=python-629m86zl - Done initializing directory structure
2014-10-22 05:05:56,778+0000 INFO  swift START jobid=python-629m86zl - Staging in files [file://localhost/input/split-0005, file://localhost/wordCount.py]
2014-10-22 05:05:56,778+0000 INFO  swift END jobid=python-129m86zl - Done initializing directory structure
2014-10-22 05:05:56,778+0000 INFO  swift START jobid=python-129m86zl - Staging in files [file://localhost/wordCount.py, file://localhost/input/split-0008]
2014-10-22 05:05:56,778+0000 INFO  swift END jobid=python-029m86zl - Done initializing directory structure
2014-10-22 05:05:56,779+0000 INFO  swift START jobid=python-029m86zl - Staging in files [file://localhost/wordCount.py, file://localhost/input/split-0001]
2014-10-22 05:05:56,781+0000 INFO  LateBindingScheduler jobs queued: 8
2014-10-22 05:05:56,781+0000 INFO  LateBindingScheduler jobs queued: 7
2014-10-22 05:05:56,782+0000 INFO  LateBindingScheduler jobs queued: 6
2014-10-22 05:05:56,782+0000 INFO  LateBindingScheduler jobs queued: 5
2014-10-22 05:05:56,782+0000 INFO  LateBindingScheduler jobs queued: 4
2014-10-22 05:05:56,783+0000 INFO  LateBindingScheduler jobs queued: 3
2014-10-22 05:05:56,783+0000 DEBUG swift CDM: file://localhost/input/split-0009 : DEFAULT
2014-10-22 05:05:56,783+0000 INFO  LateBindingScheduler jobs queued: 2
2014-10-22 05:05:56,784+0000 INFO  LateBindingScheduler jobs queued: 1
2014-10-22 05:05:56,784+0000 INFO  LateBindingScheduler jobs queued: 0
2014-10-22 05:05:56,785+0000 INFO  LateBindingScheduler jobs queued: 0
2014-10-22 05:05:56,785+0000 INFO  LateBindingScheduler jobs queued: 0
2014-10-22 05:05:56,786+0000 DEBUG swift FILE_STAGE_IN_START file=split-0009 srchost=localhost srcdir=input srcname=split-0009 desthost=local destdir=wordCount-run002/shared/input provider=file policy=DEFAULT
2014-10-22 05:05:56,786+0000 INFO  LateBindingScheduler jobs queued: 0
2014-10-22 05:05:56,786+0000 DEBUG swift CDM: file://localhost/wordCount.py : DEFAULT
2014-10-22 05:05:56,786+0000 DEBUG swift FILE_STAGE_IN_START file=wordCount.py srchost=localhost srcdir= srcname=wordCount.py desthost=local destdir=wordCount-run002/shared/ provider=file policy=DEFAULT
2014-10-22 05:05:56,787+0000 DEBUG swift CDM: file://localhost/input/split-0004 : DEFAULT
2014-10-22 05:05:56,787+0000 DEBUG swift FILE_STAGE_IN_START file=split-0004 srchost=localhost srcdir=input srcname=split-0004 desthost=local destdir=wordCount-run002/shared/input provider=file policy=DEFAULT
2014-10-22 05:05:56,787+0000 DEBUG swift CDM: file://localhost/wordCount.py : DEFAULT
2014-10-22 05:05:56,787+0000 DEBUG swift CDM: file://localhost/input/split-0010 : DEFAULT
2014-10-22 05:05:56,787+0000 DEBUG swift FILE_STAGE_IN_START file=split-0010 srchost=localhost srcdir=input srcname=split-0010 desthost=local destdir=wordCount-run002/shared/input provider=file policy=DEFAULT
2014-10-22 05:05:56,787+0000 INFO  LateBindingScheduler jobs queued: 0
2014-10-22 05:05:56,787+0000 DEBUG swift CDM: file://localhost/wordCount.py : DEFAULT
2014-10-22 05:05:56,788+0000 DEBUG swift CDM: file://localhost/wordCount.py : DEFAULT
2014-10-22 05:05:56,788+0000 DEBUG swift CDM: file://localhost/input/split-0008 : DEFAULT
2014-10-22 05:05:56,788+0000 DEBUG swift FILE_STAGE_IN_START file=split-0008 srchost=localhost srcdir=input srcname=split-0008 desthost=local destdir=wordCount-run002/shared/input provider=file policy=DEFAULT
2014-10-22 05:05:56,788+0000 DEBUG swift CDM: file://localhost/wordCount.py : DEFAULT
2014-10-22 05:05:56,788+0000 DEBUG swift CDM: file://localhost/input/split-0002 : DEFAULT
2014-10-22 05:05:56,788+0000 INFO  LateBindingScheduler jobs queued: 1
2014-10-22 05:05:56,788+0000 DEBUG swift FILE_STAGE_IN_START file=split-0002 srchost=localhost srcdir=input srcname=split-0002 desthost=local destdir=wordCount-run002/shared/input provider=file policy=DEFAULT
2014-10-22 05:05:56,789+0000 DEBUG swift CDM: file://localhost/wordCount.py : DEFAULT
2014-10-22 05:05:56,789+0000 DEBUG swift CDM: file://localhost/input/split-0001 : DEFAULT
2014-10-22 05:05:56,789+0000 DEBUG swift FILE_STAGE_IN_START file=split-0001 srchost=localhost srcdir=input srcname=split-0001 desthost=local destdir=wordCount-run002/shared/input provider=file policy=DEFAULT
2014-10-22 05:05:56,789+0000 DEBUG swift CDM: file://localhost/input/split-0006 : DEFAULT
2014-10-22 05:05:56,789+0000 DEBUG swift FILE_STAGE_IN_START file=split-0006 srchost=localhost srcdir=input srcname=split-0006 desthost=local destdir=wordCount-run002/shared/input provider=file policy=DEFAULT
2014-10-22 05:05:56,789+0000 INFO  LateBindingScheduler jobs queued: 3
2014-10-22 05:05:56,789+0000 DEBUG swift CDM: file://localhost/wordCount.py : DEFAULT
2014-10-22 05:05:56,790+0000 INFO  LateBindingScheduler jobs queued: 4
2014-10-22 05:05:56,790+0000 DEBUG swift CDM: file://localhost/wordCount.py : DEFAULT
2014-10-22 05:05:56,790+0000 DEBUG swift CDM: file://localhost/input/split-0005 : DEFAULT
2014-10-22 05:05:56,790+0000 DEBUG swift FILE_STAGE_IN_START file=split-0005 srchost=localhost srcdir=input srcname=split-0005 desthost=local destdir=wordCount-run002/shared/input provider=file policy=DEFAULT
2014-10-22 05:05:56,791+0000 INFO  LateBindingScheduler jobs queued: 5
2014-10-22 05:05:56,791+0000 DEBUG swift FILE_STAGE_IN_END file=wordCount.py srchost=localhost srcdir= srcname=wordCount.py desthost=local destdir=wordCount-run002/shared/ provider=file
2014-10-22 05:05:56,793+0000 INFO  LateBindingScheduler jobs queued: 4
2014-10-22 05:05:56,793+0000 DEBUG swift FILE_STAGE_IN_END file=split-0009 srchost=localhost srcdir=input srcname=split-0009 desthost=local destdir=wordCount-run002/shared/input provider=file
2014-10-22 05:05:56,793+0000 INFO  swift END jobid=python-429m86zl - Staging in finished
2014-10-22 05:05:56,793+0000 DEBUG swift JOB_START jobid=python-429m86zl tr=python arguments=[wordCount.py, input/split-0009] tmpdir=wordCount-run002/jobs/4/python-429m86zl host=local
2014-10-22 05:05:56,794+0000 INFO  LateBindingScheduler jobs queued: 3
2014-10-22 05:05:56,794+0000 DEBUG swift FILE_STAGE_IN_END file=split-0010 srchost=localhost srcdir=input srcname=split-0010 desthost=local destdir=wordCount-run002/shared/input provider=file
2014-10-22 05:05:56,794+0000 INFO  swift END jobid=python-529m86zl - Staging in finished
2014-10-22 05:05:56,794+0000 DEBUG swift JOB_START jobid=python-529m86zl tr=python arguments=[wordCount.py, input/split-0010] tmpdir=wordCount-run002/jobs/5/python-529m86zl host=local
2014-10-22 05:05:56,795+0000 INFO  Execute JOB_TASK jobid=python-529m86zl taskid=urn:R-7-6-1413954354647 exec=/bin/bash dir=wordCount-run002 args=shared/_swiftwrap python-529m86zl -jobdir 5 -scratch  -e python -out _concurrent/wcfile-17-R/[6] -err stderr.txt -i -d input|_concurrent/wcfile-17-R -if wordCount.py|input/split-0010 -of _concurrent/wcfile-17-R/[6] -cf  -cdmfile -status files -a wordCount.py input/split-0010
2014-10-22 05:05:56,795+0000 INFO  Execute JOB_TASK jobid=python-429m86zl taskid=urn:R-7-4-1413954354648 exec=/bin/bash dir=wordCount-run002 args=shared/_swiftwrap python-429m86zl -jobdir 4 -scratch  -e python -out _concurrent/wcfile-17-R/[4] -err stderr.txt -i -d input|_concurrent/wcfile-17-R -if wordCount.py|input/split-0009 -of _concurrent/wcfile-17-R/[4] -cf  -cdmfile -status files -a wordCount.py input/split-0009
2014-10-22 05:05:56,796+0000 INFO  LateBindingScheduler jobs queued: 2
2014-10-22 05:05:56,796+0000 DEBUG swift FILE_STAGE_IN_END file=split-0008 srchost=localhost srcdir=input srcname=split-0008 desthost=local destdir=wordCount-run002/shared/input provider=file
2014-10-22 05:05:56,797+0000 INFO  swift END jobid=python-129m86zl - Staging in finished
2014-10-22 05:05:56,797+0000 DEBUG swift JOB_START jobid=python-129m86zl tr=python arguments=[wordCount.py, input/split-0008] tmpdir=wordCount-run002/jobs/1/python-129m86zl host=local
2014-10-22 05:05:56,797+0000 INFO  Execute JOB_TASK jobid=python-129m86zl taskid=urn:R-7-2-1413954354651 exec=/bin/bash dir=wordCount-run002 args=shared/_swiftwrap python-129m86zl -jobdir 1 -scratch  -e python -out _concurrent/wcfile-17-R/[2] -err stderr.txt -i -d input|_concurrent/wcfile-17-R -if wordCount.py|input/split-0008 -of _concurrent/wcfile-17-R/[2] -cf  -cdmfile -status files -a wordCount.py input/split-0008
2014-10-22 05:05:56,799+0000 INFO  LateBindingScheduler jobs queued: 1
2014-10-22 05:05:56,800+0000 INFO  LateBindingScheduler jobs queued: 1
2014-10-22 05:05:56,801+0000 DEBUG swift FILE_STAGE_IN_END file=split-0004 srchost=localhost srcdir=input srcname=split-0004 desthost=local destdir=wordCount-run002/shared/input provider=file
2014-10-22 05:05:56,801+0000 DEBUG swift FILE_STAGE_IN_END file=split-0002 srchost=localhost srcdir=input srcname=split-0002 desthost=local destdir=wordCount-run002/shared/input provider=file
2014-10-22 05:05:56,801+0000 INFO  swift END jobid=python-729m86zl - Staging in finished
2014-10-22 05:05:56,801+0000 INFO  swift END jobid=python-329m86zl - Staging in finished
2014-10-22 05:05:56,801+0000 DEBUG swift JOB_START jobid=python-729m86zl tr=python arguments=[wordCount.py, input/split-0004] tmpdir=wordCount-run002/jobs/7/python-729m86zl host=local
2014-10-22 05:05:56,801+0000 DEBUG swift JOB_START jobid=python-329m86zl tr=python arguments=[wordCount.py, input/split-0002] tmpdir=wordCount-run002/jobs/3/python-329m86zl host=local
2014-10-22 05:05:56,802+0000 INFO  Execute JOB_TASK jobid=python-729m86zl taskid=urn:R-7x2-1413954354656 exec=/bin/bash dir=wordCount-run002 args=shared/_swiftwrap python-729m86zl -jobdir 7 -scratch  -e python -out _concurrent/wcfile-17-R/[7] -err stderr.txt -i -d input|_concurrent/wcfile-17-R -if wordCount.py|input/split-0004 -of _concurrent/wcfile-17-R/[7] -cf  -cdmfile -status files -a wordCount.py input/split-0004
2014-10-22 05:05:56,802+0000 INFO  Execute JOB_TASK jobid=python-329m86zl taskid=urn:R-7-5-1413954354657 exec=/bin/bash dir=wordCount-run002 args=shared/_swiftwrap python-329m86zl -jobdir 3 -scratch  -e python -out _concurrent/wcfile-17-R/[5] -err stderr.txt -i -d input|_concurrent/wcfile-17-R -if wordCount.py|input/split-0002 -of _concurrent/wcfile-17-R/[5] -cf  -cdmfile -status files -a wordCount.py input/split-0002
2014-10-22 05:05:56,802+0000 INFO  Execute TASK_STATUS_CHANGE taskid=urn:R-7-6-1413954354647 status=8
2014-10-22 05:05:56,803+0000 INFO  Execute TASK_STATUS_CHANGE taskid=urn:R-7-4-1413954354648 status=8
2014-10-22 05:05:56,803+0000 INFO  LateBindingScheduler jobs queued: 0
2014-10-22 05:05:56,804+0000 DEBUG swift FILE_STAGE_IN_END file=split-0001 srchost=localhost srcdir=input srcname=split-0001 desthost=local destdir=wordCount-run002/shared/input provider=file
2014-10-22 05:05:56,804+0000 INFO  Execute TASK_STATUS_CHANGE taskid=urn:R-7-4-1413954354648 status=1
2014-10-22 05:05:56,804+0000 INFO  swift END jobid=python-029m86zl - Staging in finished
2014-10-22 05:05:56,804+0000 DEBUG swift JOB_START jobid=python-029m86zl tr=python arguments=[wordCount.py, input/split-0001] tmpdir=wordCount-run002/jobs/0/python-029m86zl host=local
2014-10-22 05:05:56,804+0000 INFO  Execute JOB_TASK jobid=python-029m86zl taskid=urn:R-7-1-1413954354660 exec=/bin/bash dir=wordCount-run002 args=shared/_swiftwrap python-029m86zl -jobdir 0 -scratch  -e python -out _concurrent/wcfile-17-R/[1] -err stderr.txt -i -d input|_concurrent/wcfile-17-R -if wordCount.py|input/split-0001 -of _concurrent/wcfile-17-R/[1] -cf  -cdmfile -status files -a wordCount.py input/split-0001
2014-10-22 05:05:56,805+0000 INFO  Execute TASK_STATUS_CHANGE taskid=urn:R-7-2-1413954354651 status=8
2014-10-22 05:05:56,806+0000 INFO  LateBindingScheduler jobs queued: 0
2014-10-22 05:05:56,807+0000 DEBUG swift FILE_STAGE_IN_END file=split-0006 srchost=localhost srcdir=input srcname=split-0006 desthost=local destdir=wordCount-run002/shared/input provider=file
2014-10-22 05:05:56,807+0000 INFO  swift END jobid=python-229m86zl - Staging in finished
2014-10-22 05:05:56,807+0000 DEBUG swift JOB_START jobid=python-229m86zl tr=python arguments=[wordCount.py, input/split-0006] tmpdir=wordCount-run002/jobs/2/python-229m86zl host=local
2014-10-22 05:05:56,807+0000 INFO  Execute JOB_TASK jobid=python-229m86zl taskid=urn:R-7-3-1413954354663 exec=/bin/bash dir=wordCount-run002 args=shared/_swiftwrap python-229m86zl -jobdir 2 -scratch  -e python -out _concurrent/wcfile-17-R/[3] -err stderr.txt -i -d input|_concurrent/wcfile-17-R -if input/split-0006|wordCount.py -of _concurrent/wcfile-17-R/[3] -cf  -cdmfile -status files -a wordCount.py input/split-0006
2014-10-22 05:05:56,810+0000 INFO  Execute TASK_STATUS_CHANGE taskid=urn:R-7-6-1413954354647 status=1
2014-10-22 05:05:56,811+0000 INFO  Execute TASK_STATUS_CHANGE taskid=urn:R-7-4-1413954354648 status=2
2014-10-22 05:05:56,813+0000 INFO  Execute TASK_STATUS_CHANGE taskid=urn:R-7-2-1413954354651 status=1
2014-10-22 05:05:56,813+0000 INFO  Execute TASK_STATUS_CHANGE taskid=urn:R-7x2-1413954354656 status=8
2014-10-22 05:05:56,813+0000 INFO  Execute TASK_STATUS_CHANGE taskid=urn:R-7x2-1413954354656 status=1
2014-10-22 05:05:56,813+0000 INFO  Execute TASK_STATUS_CHANGE taskid=urn:R-7-5-1413954354657 status=8
2014-10-22 05:05:56,814+0000 INFO  Execute TASK_STATUS_CHANGE taskid=urn:R-7-5-1413954354657 status=1
2014-10-22 05:05:56,814+0000 INFO  Execute TASK_STATUS_CHANGE taskid=urn:R-7-1-1413954354660 status=8
2014-10-22 05:05:56,820+0000 INFO  Execute TASK_STATUS_CHANGE taskid=urn:R-7-1-1413954354660 status=1
2014-10-22 05:05:56,820+0000 INFO  Execute TASK_STATUS_CHANGE taskid=urn:R-7-3-1413954354663 status=8
2014-10-22 05:05:56,825+0000 INFO  Execute TASK_STATUS_CHANGE taskid=urn:R-7-3-1413954354663 status=1
2014-10-22 05:05:56,832+0000 INFO  Execute TASK_STATUS_CHANGE taskid=urn:R-7x2-1413954354656 status=2
2014-10-22 05:05:56,840+0000 INFO  Execute TASK_STATUS_CHANGE taskid=urn:R-7-2-1413954354651 status=2
2014-10-22 05:05:56,849+0000 INFO  Execute TASK_STATUS_CHANGE taskid=urn:R-7-5-1413954354657 status=2
2014-10-22 05:05:56,865+0000 INFO  Execute TASK_STATUS_CHANGE taskid=urn:R-7-10-1413954354575 status=1
2014-10-22 05:05:56,866+0000 INFO  Execute TASK_STATUS_CHANGE taskid=urn:R-7-8-1413954354577 status=1
2014-10-22 05:05:56,866+0000 INFO  Execute TASK_STATUS_CHANGE taskid=urn:R-7-9-1413954354579 status=1
2014-10-22 05:05:56,876+0000 INFO  Execute TASK_STATUS_CHANGE taskid=urn:R-7-10-1413954354575 status=16 workerid=0099:000000
2014-10-22 05:05:56,879+0000 INFO  GetFileHandler Handler(tag: 5, GET) request complete; src=file://localhost//usr/local/bin/swift-trunk/libexec/_swiftwrap.staging
2014-10-22 05:05:56,892+0000 INFO  Execute TASK_STATUS_CHANGE taskid=urn:R-7-3-1413954354663 status=2
2014-10-22 05:05:56,903+0000 INFO  Execute TASK_STATUS_CHANGE taskid=urn:R-7-6-1413954354647 status=2
2014-10-22 05:05:56,910+0000 INFO  GetFileHandler Handler(tag: 5, GET) reader: LR-Handler(tag: 5, GET)
2014-10-22 05:05:56,910+0000 INFO  GetFileHandler Handler(tag: 5, GET) sending length: 6253, 697024043
2014-10-22 05:05:56,915+0000 INFO  Execute TASK_STATUS_CHANGE taskid=urn:R-7-1-1413954354660 status=2
2014-10-22 05:05:56,939+0000 INFO  LateBindingScheduler jobs queued: 0
2014-10-22 05:05:56,940+0000 DEBUG swift FILE_STAGE_IN_END file=split-0005 srchost=localhost srcdir=input srcname=split-0005 desthost=local destdir=wordCount-run002/shared/input provider=file
2014-10-22 05:05:56,940+0000 INFO  swift END jobid=python-629m86zl - Staging in finished
2014-10-22 05:05:56,940+0000 DEBUG swift JOB_START jobid=python-629m86zl tr=python arguments=[wordCount.py, input/split-0005] tmpdir=wordCount-run002/jobs/6/python-629m86zl host=local
2014-10-22 05:05:56,941+0000 INFO  Execute JOB_TASK jobid=python-629m86zl taskid=urn:R-7-0-1413954354666 exec=/bin/bash dir=wordCount-run002 args=shared/_swiftwrap python-629m86zl -jobdir 6 -scratch  -e python -out _concurrent/wcfile-17-R/[0] -err stderr.txt -i -d input|_concurrent/wcfile-17-R -if input/split-0005|wordCount.py -of _concurrent/wcfile-17-R/[0] -cf  -cdmfile -status files -a wordCount.py input/split-0005
2014-10-22 05:05:56,941+0000 INFO  Execute TASK_STATUS_CHANGE taskid=urn:R-7-0-1413954354666 status=8
2014-10-22 05:05:56,964+0000 INFO  ReadBuffer RB-LR-Handler(tag: 5, GET) will ask for 1 buffers for a size of 6253
2014-10-22 05:05:56,965+0000 INFO  ReadBuffer RB-LR-Handler(tag: 5, GET) actual allocated buffers 1(0 queued)
2014-10-22 05:05:56,965+0000 INFO  LocalIOProvider LR-Handler(tag: 5, GET) rbuf: RB-LR-Handler(tag: 5, GET)
2014-10-22 05:05:56,967+0000 INFO  Execute TASK_STATUS_CHANGE taskid=urn:R-7-8-1413954354577 status=16 workerid=0099:000000
2014-10-22 05:05:56,967+0000 INFO  GetFileHandler Handler(tag: 8, GET) request complete; src=file://localhost//usr/local/bin/swift-trunk/libexec/_swiftwrap.staging
2014-10-22 05:05:56,967+0000 INFO  GetFileHandler Handler(tag: 8, GET) reader: LR-Handler(tag: 8, GET)
2014-10-22 05:05:56,968+0000 INFO  GetFileHandler Handler(tag: 8, GET) sending length: 6253, 736311954
2014-10-22 05:05:56,968+0000 INFO  ReadBuffer RB-LR-Handler(tag: 8, GET) will ask for 1 buffers for a size of 6253
2014-10-22 05:05:56,968+0000 INFO  ReadBuffer RB-LR-Handler(tag: 8, GET) actual allocated buffers 1(0 queued)
2014-10-22 05:05:56,968+0000 INFO  LocalIOProvider LR-Handler(tag: 8, GET) rbuf: RB-LR-Handler(tag: 8, GET)
2014-10-22 05:05:56,971+0000 INFO  Execute TASK_STATUS_CHANGE taskid=urn:R-7-0-1413954354666 status=1
2014-10-22 05:05:56,973+0000 INFO  GetFileHandler Handler(tag: 5, GET) unregistering (last)
2014-10-22 05:05:56,973+0000 INFO  ReadBuffer RB-LR-Handler(tag: -1, GET) de-allocating 1 buffers
2014-10-22 05:05:56,975+0000 INFO  GetFileHandler Handler(tag: 8, GET) unregistering (last)
2014-10-22 05:05:56,975+0000 INFO  ReadBuffer RB-LR-Handler(tag: -1, GET) de-allocating 1 buffers
2014-10-22 05:05:56,989+0000 INFO  Execute TASK_STATUS_CHANGE taskid=urn:R-7-0-1413954354666 status=2
2014-10-22 05:05:57,029+0000 INFO  GetFileHandler Handler(tag: 9, GET) request complete; src=file://localhost//home/ubuntu/swift-cloud-tutorial/cs553-a2/wordCount-adv/wordCount.py
2014-10-22 05:05:57,029+0000 INFO  GetFileHandler Handler(tag: 9, GET) reader: LR-Handler(tag: 9, GET)
2014-10-22 05:05:57,029+0000 INFO  GetFileHandler Handler(tag: 9, GET) sending length: 584, 1508139469
2014-10-22 05:05:57,029+0000 INFO  ReadBuffer RB-LR-Handler(tag: 9, GET) will ask for 1 buffers for a size of 584
2014-10-22 05:05:57,029+0000 INFO  ReadBuffer RB-LR-Handler(tag: 9, GET) actual allocated buffers 1(0 queued)
2014-10-22 05:05:57,029+0000 INFO  LocalIOProvider LR-Handler(tag: 9, GET) rbuf: RB-LR-Handler(tag: 9, GET)
2014-10-22 05:05:57,030+0000 INFO  GetFileHandler Handler(tag: 10, GET) request complete; src=file://localhost//home/ubuntu/swift-cloud-tutorial/cs553-a2/wordCount-adv/input/split-0003
2014-10-22 05:05:57,030+0000 INFO  GetFileHandler Handler(tag: 10, GET) reader: LR-Handler(tag: 10, GET)
2014-10-22 05:05:57,030+0000 INFO  GetFileHandler Handler(tag: 10, GET) sending length: 104139, 2069463918
2014-10-22 05:05:57,030+0000 INFO  ReadBuffer RB-LR-Handler(tag: 10, GET) will ask for 4 buffers for a size of 104139
2014-10-22 05:05:57,030+0000 INFO  ReadBuffer RB-LR-Handler(tag: 10, GET) actual allocated buffers 4(0 queued)
2014-10-22 05:05:57,030+0000 INFO  LocalIOProvider LR-Handler(tag: 10, GET) rbuf: RB-LR-Handler(tag: 10, GET)
2014-10-22 05:05:57,030+0000 INFO  GetFileHandler Handler(tag: 9, GET) unregistering (last)
2014-10-22 05:05:57,030+0000 INFO  ReadBuffer RB-LR-Handler(tag: -1, GET) de-allocating 1 buffers
2014-10-22 05:05:57,031+0000 INFO  GetFileHandler Handler(tag: 10, GET) unregistering (last)
2014-10-22 05:05:57,031+0000 INFO  ReadBuffer RB-LR-Handler(tag: -1, GET) de-allocating 4 buffers
2014-10-22 05:05:57,093+0000 INFO  GetFileHandler Handler(tag: 11, GET) request complete; src=file://localhost//home/ubuntu/swift-cloud-tutorial/cs553-a2/wordCount-adv/input/split-0007
2014-10-22 05:05:57,093+0000 INFO  GetFileHandler Handler(tag: 11, GET) reader: LR-Handler(tag: 11, GET)
2014-10-22 05:05:57,093+0000 INFO  GetFileHandler Handler(tag: 11, GET) sending length: 105540, 3260391
2014-10-22 05:05:57,093+0000 INFO  ReadBuffer RB-LR-Handler(tag: 11, GET) will ask for 4 buffers for a size of 105540
2014-10-22 05:05:57,093+0000 INFO  ReadBuffer RB-LR-Handler(tag: 11, GET) actual allocated buffers 4(0 queued)
2014-10-22 05:05:57,093+0000 INFO  LocalIOProvider LR-Handler(tag: 11, GET) rbuf: RB-LR-Handler(tag: 11, GET)
2014-10-22 05:05:57,094+0000 INFO  GetFileHandler Handler(tag: 12, GET) request complete; src=file://localhost//home/ubuntu/swift-cloud-tutorial/cs553-a2/wordCount-adv/wordCount.py
2014-10-22 05:05:57,094+0000 INFO  GetFileHandler Handler(tag: 12, GET) reader: LR-Handler(tag: 12, GET)
2014-10-22 05:05:57,094+0000 INFO  GetFileHandler Handler(tag: 12, GET) sending length: 584, 1332775351
2014-10-22 05:05:57,094+0000 INFO  ReadBuffer RB-LR-Handler(tag: 12, GET) will ask for 1 buffers for a size of 584
2014-10-22 05:05:57,094+0000 INFO  ReadBuffer RB-LR-Handler(tag: 12, GET) actual allocated buffers 1(0 queued)
2014-10-22 05:05:57,094+0000 INFO  LocalIOProvider LR-Handler(tag: 12, GET) rbuf: RB-LR-Handler(tag: 12, GET)
2014-10-22 05:05:57,095+0000 INFO  GetFileHandler Handler(tag: 11, GET) unregistering (last)
2014-10-22 05:05:57,095+0000 INFO  ReadBuffer RB-LR-Handler(tag: -1, GET) de-allocating 4 buffers
2014-10-22 05:05:57,095+0000 INFO  GetFileHandler Handler(tag: 12, GET) unregistering (last)
2014-10-22 05:05:57,095+0000 INFO  ReadBuffer RB-LR-Handler(tag: -1, GET) de-allocating 1 buffers
2014-10-22 05:05:57,181+0000 INFO  Execute TASK_STATUS_CHANGE taskid=urn:R-7-10-1413954354575 status=2 workerid=0099:000000
2014-10-22 05:05:57,182+0000 INFO  Execute TASK_STATUS_CHANGE taskid=urn:R-7-8-1413954354577 status=2 workerid=0099:000000
2014-10-22 05:05:57,257+0000 INFO  Execute TASK_STATUS_CHANGE taskid=urn:R-7-10-1413954354575 status=17
2014-10-22 05:05:57,258+0000 INFO  PutFileHandler Handler(tag: 16, PUT) source: /tmp/swiftwork/wordCount-run002/jobs/z/python-z19m86zl/wrapper.log
2014-10-22 05:05:57,259+0000 INFO  PutFileHandler Handler(tag: 16, PUT) destination: file://localhost/run002/wordCount-run002.d/python-z19m86zl.info
2014-10-22 05:05:57,261+0000 INFO  PutFileHandler Handler(tag: 17, PUT) source: /tmp/swiftwork/wordCount-run002/jobs/z/python-z19m86zl/_concurrent/wcfile-17-R/[10-19]/[10]
2014-10-22 05:05:57,261+0000 INFO  PutFileHandler Handler(tag: 16, PUT) Transfer done
2014-10-22 05:05:57,261+0000 INFO  PutFileHandler Handler(tag: 17, PUT) destination: file://localhost//home/ubuntu/swift-cloud-tutorial/cs553-a2/wordCount-adv/_concurrent/wcfile-17-R/[10-19]/[10]
2014-10-22 05:05:57,262+0000 INFO  Execute TASK_STATUS_CHANGE taskid=urn:R-7-8-1413954354577 status=17
2014-10-22 05:05:57,262+0000 INFO  PutFileHandler Handler(tag: 17, PUT) Transfer done
2014-10-22 05:05:57,265+0000 INFO  PutFileHandler Handler(tag: 19, PUT) source: /tmp/swiftwork/wordCount-run002/jobs/x/python-x19m86zl/wrapper.log
2014-10-22 05:05:57,265+0000 INFO  PutFileHandler Handler(tag: 19, PUT) destination: file://localhost/run002/wordCount-run002.d/python-x19m86zl.info
2014-10-22 05:05:57,265+0000 INFO  PutFileHandler Handler(tag: 19, PUT) Transfer done
2014-10-22 05:05:57,266+0000 INFO  PutFileHandler Handler(tag: 20, PUT) source: /tmp/swiftwork/wordCount-run002/jobs/x/python-x19m86zl/_concurrent/wcfile-17-R/[8]
2014-10-22 05:05:57,266+0000 INFO  PutFileHandler Handler(tag: 20, PUT) destination: file://localhost//home/ubuntu/swift-cloud-tutorial/cs553-a2/wordCount-adv/_concurrent/wcfile-17-R/[8]
2014-10-22 05:05:57,266+0000 INFO  PutFileHandler Handler(tag: 20, PUT) Transfer done
2014-10-22 05:05:57,362+0000 INFO  LateBindingScheduler jobs queued: 0
2014-10-22 05:05:57,362+0000 INFO  Execute TASK_STATUS_CHANGE taskid=urn:R-7-10-1413954354575 status=7
2014-10-22 05:05:57,363+0000 INFO  LateBindingScheduler jobs queued: 0
2014-10-22 05:05:57,363+0000 INFO  Execute TASK_STATUS_CHANGE taskid=urn:R-7-8-1413954354577 status=7
2014-10-22 05:05:57,364+0000 INFO  Execute TASK_STATUS_CHANGE taskid=urn:R-7-9-1413954354579 status=16 workerid=0099:000000
2014-10-22 05:05:57,364+0000 INFO  GetFileHandler Handler(tag: 26, GET) request complete; src=file://localhost//usr/local/bin/swift-trunk/libexec/_swiftwrap.staging
2014-10-22 05:05:57,365+0000 INFO  GetFileHandler Handler(tag: 26, GET) reader: LR-Handler(tag: 26, GET)
2014-10-22 05:05:57,365+0000 INFO  GetFileHandler Handler(tag: 26, GET) sending length: 6253, 1078341582
2014-10-22 05:05:57,366+0000 DEBUG swift JOB_END jobid=python-x19m86zl
2014-10-22 05:05:57,366+0000 INFO  swift END_SUCCESS thread=R-7-8 tr=python
2014-10-22 05:05:57,367+0000 DEBUG swift PROCEDURE_END line=6 thread=R-7-8 name=wordCount
2014-10-22 05:05:57,367+0000 DEBUG swift FOREACH_IT_END line=21 thread=R-7-8
2014-10-22 05:05:57,365+0000 DEBUG swift JOB_END jobid=python-z19m86zl
2014-10-22 05:05:57,367+0000 INFO  swift END_SUCCESS thread=R-7-10 tr=python
2014-10-22 05:05:57,367+0000 DEBUG swift PROCEDURE_END line=6 thread=R-7-10 name=wordCount
2014-10-22 05:05:57,367+0000 DEBUG swift FOREACH_IT_END line=21 thread=R-7-10
2014-10-22 05:05:57,368+0000 INFO  ReadBuffer RB-LR-Handler(tag: 26, GET) will ask for 1 buffers for a size of 6253
2014-10-22 05:05:57,368+0000 INFO  GetFileHandler Handler(tag: 26, GET) unregistering (last)
2014-10-22 05:05:57,369+0000 INFO  ReadBuffer RB-LR-Handler(tag: -1, GET) actual allocated buffers 1(0 queued)
2014-10-22 05:05:57,369+0000 INFO  ReadBuffer RB-LR-Handler(tag: -1, GET) de-allocating 1 buffers
2014-10-22 05:05:57,369+0000 INFO  LocalIOProvider LR-Handler(tag: -1, GET) rbuf: RB-LR-Handler(tag: -1, GET)
2014-10-22 05:05:57,427+0000 INFO  LateBindingScheduler jobs queued: 0
2014-10-22 05:05:57,427+0000 INFO  Execute TASK_STATUS_CHANGE taskid=urn:R-7-1-1413954354660 status=7
2014-10-22 05:05:57,427+0000 DEBUG swift START jobid=python-029m86zl
2014-10-22 05:05:57,428+0000 INFO  LateBindingScheduler jobs queued: 0
2014-10-22 05:05:57,428+0000 INFO  swift SUCCESS jobid=python-029m86zl - Success file found
2014-10-22 05:05:57,428+0000 DEBUG swift STAGING_OUT jobid=python-029m86zl
2014-10-22 05:05:57,428+0000 INFO  swift START jobid=python-029m86zl - Staging out files
2014-10-22 05:05:57,428+0000 DEBUG swift stageouts: [file://localhost/_concurrent/wcfile-17-R/[1]]
2014-10-22 05:05:57,430+0000 DEBUG swift FILE_STAGE_OUT_START srcname=[1] srcdir=wordCount-run002/shared/_concurrent/wcfile-17-R srchost=local destdir=_concurrent/wcfile-17-R desthost=localhost provider=file jobid=python-029m86zl
2014-10-22 05:05:57,430+0000 INFO  LateBindingScheduler jobs queued: 0
2014-10-22 05:05:57,430+0000 DEBUG swift CDM: file://localhost/_concurrent/wcfile-17-R/[1] : DEFAULT
2014-10-22 05:05:57,440+0000 INFO  LateBindingScheduler jobs queued: 0
2014-10-22 05:05:57,440+0000 INFO  LateBindingScheduler jobs queued: 0
2014-10-22 05:05:57,442+0000 INFO  Execute TASK_STATUS_CHANGE taskid=urn:R-7-6-1413954354647 status=7
2014-10-22 05:05:57,442+0000 DEBUG swift START jobid=python-529m86zl
2014-10-22 05:05:57,442+0000 DEBUG swift FILE_STAGE_OUT_END srcname=[1] srcdir=wordCount-run002/shared/_concurrent/wcfile-17-R srchost=local destdir=_concurrent/wcfile-17-R desthost=localhost provider=file
2014-10-22 05:05:57,442+0000 INFO  LateBindingScheduler jobs queued: 1
2014-10-22 05:05:57,443+0000 INFO  swift SUCCESS jobid=python-529m86zl - Success file found
2014-10-22 05:05:57,443+0000 DEBUG swift STAGING_OUT jobid=python-529m86zl
2014-10-22 05:05:57,443+0000 INFO  swift START jobid=python-529m86zl - Staging out files
2014-10-22 05:05:57,443+0000 DEBUG swift stageouts: [file://localhost/_concurrent/wcfile-17-R/[6]]
2014-10-22 05:05:57,443+0000 INFO  LateBindingScheduler jobs queued: 0
2014-10-22 05:05:57,443+0000 DEBUG swift FILE_STAGE_OUT_START srcname=[6] srcdir=wordCount-run002/shared/_concurrent/wcfile-17-R srchost=local destdir=_concurrent/wcfile-17-R desthost=localhost provider=file jobid=python-529m86zl
2014-10-22 05:05:57,444+0000 INFO  swift END jobid=python-029m86zl - Staging out finished
2014-10-22 05:05:57,445+0000 INFO  LateBindingScheduler jobs queued: 0
2014-10-22 05:05:57,445+0000 DEBUG swift CDM: file://localhost/_concurrent/wcfile-17-R/[6] : DEFAULT
2014-10-22 05:05:57,450+0000 INFO  LateBindingScheduler jobs queued: 0
2014-10-22 05:05:57,451+0000 DEBUG swift JOB_END jobid=python-029m86zl
2014-10-22 05:05:57,451+0000 INFO  swift END_SUCCESS thread=R-7-1 tr=python
2014-10-22 05:05:57,451+0000 DEBUG swift PROCEDURE_END line=6 thread=R-7-1 name=wordCount
2014-10-22 05:05:57,451+0000 DEBUG swift FOREACH_IT_END line=21 thread=R-7-1
2014-10-22 05:05:57,455+0000 INFO  LateBindingScheduler jobs queued: 0
2014-10-22 05:05:57,455+0000 DEBUG swift FILE_STAGE_OUT_END srcname=[6] srcdir=wordCount-run002/shared/_concurrent/wcfile-17-R srchost=local destdir=_concurrent/wcfile-17-R desthost=localhost provider=file
2014-10-22 05:05:57,455+0000 INFO  LateBindingScheduler jobs queued: 0
2014-10-22 05:05:57,455+0000 INFO  Execute TASK_STATUS_CHANGE taskid=urn:R-7-5-1413954354657 status=7
2014-10-22 05:05:57,456+0000 INFO  LateBindingScheduler jobs queued: 0
2014-10-22 05:05:57,456+0000 DEBUG swift START jobid=python-329m86zl
2014-10-22 05:05:57,456+0000 INFO  swift END jobid=python-529m86zl - Staging out finished
2014-10-22 05:05:57,457+0000 INFO  LateBindingScheduler jobs queued: 0
2014-10-22 05:05:57,458+0000 INFO  swift SUCCESS jobid=python-329m86zl - Success file found
2014-10-22 05:05:57,458+0000 DEBUG swift STAGING_OUT jobid=python-329m86zl
2014-10-22 05:05:57,458+0000 INFO  swift START jobid=python-329m86zl - Staging out files
2014-10-22 05:05:57,458+0000 DEBUG swift stageouts: [file://localhost/_concurrent/wcfile-17-R/[5]]
2014-10-22 05:05:57,458+0000 DEBUG swift FILE_STAGE_OUT_START srcname=[5] srcdir=wordCount-run002/shared/_concurrent/wcfile-17-R srchost=local destdir=_concurrent/wcfile-17-R desthost=localhost provider=file jobid=python-329m86zl
2014-10-22 05:05:57,458+0000 INFO  LateBindingScheduler jobs queued: 0
2014-10-22 05:05:57,459+0000 DEBUG swift CDM: file://localhost/_concurrent/wcfile-17-R/[5] : DEFAULT
2014-10-22 05:05:57,461+0000 INFO  GetFileHandler Handler(tag: 27, GET) request complete; src=file://localhost//home/ubuntu/swift-cloud-tutorial/cs553-a2/wordCount-adv/wordCount.py
2014-10-22 05:05:57,461+0000 INFO  GetFileHandler Handler(tag: 27, GET) reader: LR-Handler(tag: 27, GET)
2014-10-22 05:05:57,461+0000 INFO  GetFileHandler Handler(tag: 27, GET) sending length: 584, 1926113792
2014-10-22 05:05:57,461+0000 INFO  ReadBuffer RB-LR-Handler(tag: 27, GET) will ask for 1 buffers for a size of 584
2014-10-22 05:05:57,462+0000 INFO  ReadBuffer RB-LR-Handler(tag: 27, GET) actual allocated buffers 1(0 queued)
2014-10-22 05:05:57,462+0000 INFO  LocalIOProvider LR-Handler(tag: 27, GET) rbuf: RB-LR-Handler(tag: 27, GET)
2014-10-22 05:05:57,462+0000 INFO  GetFileHandler Handler(tag: 27, GET) unregistering (last)
2014-10-22 05:05:57,462+0000 INFO  ReadBuffer RB-LR-Handler(tag: -1, GET) de-allocating 1 buffers
2014-10-22 05:05:57,463+0000 INFO  LateBindingScheduler jobs queued: 0
2014-10-22 05:05:57,466+0000 INFO  LateBindingScheduler jobs queued: 0
2014-10-22 05:05:57,466+0000 INFO  Execute TASK_STATUS_CHANGE taskid=urn:R-7x2-1413954354656 status=7
2014-10-22 05:05:57,466+0000 DEBUG swift START jobid=python-729m86zl
2014-10-22 05:05:57,467+0000 INFO  LateBindingScheduler jobs queued: 0
2014-10-22 05:05:57,467+0000 INFO  swift SUCCESS jobid=python-729m86zl - Success file found
2014-10-22 05:05:57,467+0000 DEBUG swift STAGING_OUT jobid=python-729m86zl
2014-10-22 05:05:57,467+0000 INFO  swift START jobid=python-729m86zl - Staging out files
2014-10-22 05:05:57,467+0000 DEBUG swift stageouts: [file://localhost/_concurrent/wcfile-17-R/[7]]
2014-10-22 05:05:57,467+0000 DEBUG swift FILE_STAGE_OUT_START srcname=[7] srcdir=wordCount-run002/shared/_concurrent/wcfile-17-R srchost=local destdir=_concurrent/wcfile-17-R desthost=localhost provider=file jobid=python-729m86zl
2014-10-22 05:05:57,468+0000 INFO  LateBindingScheduler jobs queued: 0
2014-10-22 05:05:57,468+0000 DEBUG swift CDM: file://localhost/_concurrent/wcfile-17-R/[7] : DEFAULT
2014-10-22 05:05:57,468+0000 DEBUG swift JOB_END jobid=python-529m86zl
2014-10-22 05:05:57,468+0000 INFO  swift END_SUCCESS thread=R-7-6 tr=python
2014-10-22 05:05:57,468+0000 DEBUG swift PROCEDURE_END line=6 thread=R-7-6 name=wordCount
2014-10-22 05:05:57,468+0000 DEBUG swift FOREACH_IT_END line=21 thread=R-7-6
2014-10-22 05:05:57,471+0000 INFO  LateBindingScheduler jobs queued: 0
2014-10-22 05:05:57,472+0000 DEBUG swift FILE_STAGE_OUT_END srcname=[5] srcdir=wordCount-run002/shared/_concurrent/wcfile-17-R srchost=local destdir=_concurrent/wcfile-17-R desthost=localhost provider=file
2014-10-22 05:05:57,472+0000 INFO  LateBindingScheduler jobs queued: 1
2014-10-22 05:05:57,472+0000 DEBUG swift FILE_STAGE_OUT_END srcname=[7] srcdir=wordCount-run002/shared/_concurrent/wcfile-17-R srchost=local destdir=_concurrent/wcfile-17-R desthost=localhost provider=file
2014-10-22 05:05:57,472+0000 INFO  LateBindingScheduler jobs queued: 0
2014-10-22 05:05:57,473+0000 INFO  swift END jobid=python-329m86zl - Staging out finished
2014-10-22 05:05:57,474+0000 INFO  LateBindingScheduler jobs queued: 0
2014-10-22 05:05:57,475+0000 INFO  swift END jobid=python-729m86zl - Staging out finished
2014-10-22 05:05:57,475+0000 INFO  LateBindingScheduler jobs queued: 0
2014-10-22 05:05:57,476+0000 INFO  Execute TASK_STATUS_CHANGE taskid=urn:R-7-2-1413954354651 status=7
2014-10-22 05:05:57,476+0000 DEBUG swift START jobid=python-129m86zl
2014-10-22 05:05:57,476+0000 INFO  LateBindingScheduler jobs queued: 0
2014-10-22 05:05:57,477+0000 INFO  swift SUCCESS jobid=python-129m86zl - Success file found
2014-10-22 05:05:57,477+0000 DEBUG swift STAGING_OUT jobid=python-129m86zl
2014-10-22 05:05:57,477+0000 INFO  swift START jobid=python-129m86zl - Staging out files
2014-10-22 05:05:57,477+0000 DEBUG swift stageouts: [file://localhost/_concurrent/wcfile-17-R/[2]]
2014-10-22 05:05:57,477+0000 DEBUG swift FILE_STAGE_OUT_START srcname=[2] srcdir=wordCount-run002/shared/_concurrent/wcfile-17-R srchost=local destdir=_concurrent/wcfile-17-R desthost=localhost provider=file jobid=python-129m86zl
2014-10-22 05:05:57,477+0000 INFO  LateBindingScheduler jobs queued: 0
2014-10-22 05:05:57,478+0000 INFO  LateBindingScheduler jobs queued: 0
2014-10-22 05:05:57,478+0000 DEBUG swift CDM: file://localhost/_concurrent/wcfile-17-R/[2] : DEFAULT
2014-10-22 05:05:57,478+0000 DEBUG swift JOB_END jobid=python-329m86zl
2014-10-22 05:05:57,478+0000 INFO  swift END_SUCCESS thread=R-7-5 tr=python
2014-10-22 05:05:57,478+0000 DEBUG swift PROCEDURE_END line=6 thread=R-7-5 name=wordCount
2014-10-22 05:05:57,478+0000 DEBUG swift FOREACH_IT_END line=21 thread=R-7-5
2014-10-22 05:05:57,481+0000 INFO  LateBindingScheduler jobs queued: 0
2014-10-22 05:05:57,481+0000 INFO  LateBindingScheduler jobs queued: 0
2014-10-22 05:05:57,481+0000 INFO  Execute TASK_STATUS_CHANGE taskid=urn:R-7-4-1413954354648 status=7
2014-10-22 05:05:57,481+0000 DEBUG swift JOB_END jobid=python-729m86zl
2014-10-22 05:05:57,482+0000 INFO  swift END_SUCCESS thread=R-7x2 tr=python
2014-10-22 05:05:57,482+0000 DEBUG swift PROCEDURE_END line=6 thread=R-7x2 name=wordCount
2014-10-22 05:05:57,482+0000 DEBUG swift FOREACH_IT_END line=21 thread=R-7x2
2014-10-22 05:05:57,482+0000 DEBUG swift START jobid=python-429m86zl
2014-10-22 05:05:57,481+0000 INFO  LateBindingScheduler jobs queued: 0
2014-10-22 05:05:57,483+0000 INFO  LateBindingScheduler jobs queued: 0
2014-10-22 05:05:57,483+0000 DEBUG swift FILE_STAGE_OUT_END srcname=[2] srcdir=wordCount-run002/shared/_concurrent/wcfile-17-R srchost=local destdir=_concurrent/wcfile-17-R desthost=localhost provider=file
2014-10-22 05:05:57,483+0000 INFO  swift SUCCESS jobid=python-429m86zl - Success file found
2014-10-22 05:05:57,483+0000 DEBUG swift STAGING_OUT jobid=python-429m86zl
2014-10-22 05:05:57,483+0000 INFO  swift START jobid=python-429m86zl - Staging out files
2014-10-22 05:05:57,483+0000 DEBUG swift stageouts: [file://localhost/_concurrent/wcfile-17-R/[4]]
2014-10-22 05:05:57,483+0000 DEBUG swift FILE_STAGE_OUT_START srcname=[4] srcdir=wordCount-run002/shared/_concurrent/wcfile-17-R srchost=local destdir=_concurrent/wcfile-17-R desthost=localhost provider=file jobid=python-429m86zl
2014-10-22 05:05:57,484+0000 INFO  LateBindingScheduler jobs queued: 0
2014-10-22 05:05:57,484+0000 INFO  LateBindingScheduler jobs queued: 0
2014-10-22 05:05:57,484+0000 DEBUG swift CDM: file://localhost/_concurrent/wcfile-17-R/[4] : DEFAULT
2014-10-22 05:05:57,484+0000 INFO  swift END jobid=python-129m86zl - Staging out finished
2014-10-22 05:05:57,486+0000 INFO  LateBindingScheduler jobs queued: 0
2014-10-22 05:05:57,486+0000 INFO  LateBindingScheduler jobs queued: 0
2014-10-22 05:05:57,486+0000 INFO  Execute TASK_STATUS_CHANGE taskid=urn:R-7-3-1413954354663 status=7
2014-10-22 05:05:57,486+0000 DEBUG swift START jobid=python-229m86zl
2014-10-22 05:05:57,487+0000 DEBUG swift FILE_STAGE_OUT_END srcname=[4] srcdir=wordCount-run002/shared/_concurrent/wcfile-17-R srchost=local destdir=_concurrent/wcfile-17-R desthost=localhost provider=file
2014-10-22 05:05:57,487+0000 INFO  LateBindingScheduler jobs queued: 1
2014-10-22 05:05:57,487+0000 INFO  swift SUCCESS jobid=python-229m86zl - Success file found
2014-10-22 05:05:57,487+0000 DEBUG swift STAGING_OUT jobid=python-229m86zl
2014-10-22 05:05:57,487+0000 INFO  swift START jobid=python-229m86zl - Staging out files
2014-10-22 05:05:57,487+0000 INFO  LateBindingScheduler jobs queued: 0
2014-10-22 05:05:57,487+0000 DEBUG swift stageouts: [file://localhost/_concurrent/wcfile-17-R/[3]]
2014-10-22 05:05:57,488+0000 DEBUG swift FILE_STAGE_OUT_START srcname=[3] srcdir=wordCount-run002/shared/_concurrent/wcfile-17-R srchost=local destdir=_concurrent/wcfile-17-R desthost=localhost provider=file jobid=python-229m86zl
2014-10-22 05:05:57,488+0000 INFO  swift END jobid=python-429m86zl - Staging out finished
2014-10-22 05:05:57,489+0000 INFO  LateBindingScheduler jobs queued: 0
2014-10-22 05:05:57,489+0000 DEBUG swift CDM: file://localhost/_concurrent/wcfile-17-R/[3] : DEFAULT
2014-10-22 05:05:57,490+0000 INFO  LateBindingScheduler jobs queued: 0
2014-10-22 05:05:57,491+0000 DEBUG swift JOB_END jobid=python-129m86zl
2014-10-22 05:05:57,491+0000 INFO  swift END_SUCCESS thread=R-7-2 tr=python
2014-10-22 05:05:57,491+0000 DEBUG swift PROCEDURE_END line=6 thread=R-7-2 name=wordCount
2014-10-22 05:05:57,491+0000 DEBUG swift FOREACH_IT_END line=21 thread=R-7-2
2014-10-22 05:05:57,514+0000 INFO  LateBindingScheduler jobs queued: 0
2014-10-22 05:05:57,514+0000 DEBUG swift FILE_STAGE_OUT_END srcname=[3] srcdir=wordCount-run002/shared/_concurrent/wcfile-17-R srchost=local destdir=_concurrent/wcfile-17-R desthost=localhost provider=file
2014-10-22 05:05:57,514+0000 INFO  LateBindingScheduler jobs queued: 0
2014-10-22 05:05:57,515+0000 INFO  swift END jobid=python-229m86zl - Staging out finished
2014-10-22 05:05:57,517+0000 INFO  LateBindingScheduler jobs queued: 0
2014-10-22 05:05:57,517+0000 DEBUG swift JOB_END jobid=python-229m86zl
2014-10-22 05:05:57,517+0000 INFO  swift END_SUCCESS thread=R-7-3 tr=python
2014-10-22 05:05:57,517+0000 DEBUG swift PROCEDURE_END line=6 thread=R-7-3 name=wordCount
2014-10-22 05:05:57,517+0000 DEBUG swift FOREACH_IT_END line=21 thread=R-7-3
2014-10-22 05:05:57,518+0000 INFO  LateBindingScheduler jobs queued: 0
2014-10-22 05:05:57,518+0000 INFO  LateBindingScheduler jobs queued: 0
2014-10-22 05:05:57,518+0000 INFO  Execute TASK_STATUS_CHANGE taskid=urn:R-7-0-1413954354666 status=7
2014-10-22 05:05:57,518+0000 DEBUG swift JOB_END jobid=python-429m86zl
2014-10-22 05:05:57,518+0000 INFO  swift END_SUCCESS thread=R-7-4 tr=python
2014-10-22 05:05:57,518+0000 DEBUG swift PROCEDURE_END line=6 thread=R-7-4 name=wordCount
2014-10-22 05:05:57,518+0000 DEBUG swift FOREACH_IT_END line=21 thread=R-7-4
2014-10-22 05:05:57,518+0000 DEBUG swift START jobid=python-629m86zl
2014-10-22 05:05:57,519+0000 INFO  LateBindingScheduler jobs queued: 0
2014-10-22 05:05:57,519+0000 INFO  swift SUCCESS jobid=python-629m86zl - Success file found
2014-10-22 05:05:57,519+0000 DEBUG swift STAGING_OUT jobid=python-629m86zl
2014-10-22 05:05:57,519+0000 INFO  swift START jobid=python-629m86zl - Staging out files
2014-10-22 05:05:57,519+0000 DEBUG swift stageouts: [file://localhost/_concurrent/wcfile-17-R/[0]]
2014-10-22 05:05:57,520+0000 DEBUG swift FILE_STAGE_OUT_START srcname=[0] srcdir=wordCount-run002/shared/_concurrent/wcfile-17-R srchost=local destdir=_concurrent/wcfile-17-R desthost=localhost provider=file jobid=python-629m86zl
2014-10-22 05:05:57,520+0000 INFO  LateBindingScheduler jobs queued: 0
2014-10-22 05:05:57,520+0000 DEBUG swift CDM: file://localhost/_concurrent/wcfile-17-R/[0] : DEFAULT
2014-10-22 05:05:57,523+0000 INFO  LateBindingScheduler jobs queued: 0
2014-10-22 05:05:57,523+0000 DEBUG swift FILE_STAGE_OUT_END srcname=[0] srcdir=wordCount-run002/shared/_concurrent/wcfile-17-R srchost=local destdir=_concurrent/wcfile-17-R desthost=localhost provider=file
2014-10-22 05:05:57,523+0000 INFO  LateBindingScheduler jobs queued: 0
2014-10-22 05:05:57,524+0000 INFO  swift END jobid=python-629m86zl - Staging out finished
2014-10-22 05:05:57,525+0000 INFO  LateBindingScheduler jobs queued: 0
2014-10-22 05:05:57,525+0000 DEBUG swift JOB_END jobid=python-629m86zl
2014-10-22 05:05:57,525+0000 INFO  swift END_SUCCESS thread=R-7-0 tr=python
2014-10-22 05:05:57,525+0000 DEBUG swift PROCEDURE_END line=6 thread=R-7-0 name=wordCount
2014-10-22 05:05:57,525+0000 DEBUG swift FOREACH_IT_END line=21 thread=R-7-0
2014-10-22 05:05:57,561+0000 INFO  GetFileHandler Handler(tag: 28, GET) request complete; src=file://localhost//home/ubuntu/swift-cloud-tutorial/cs553-a2/wordCount-adv/input/split-0000
2014-10-22 05:05:57,561+0000 INFO  GetFileHandler Handler(tag: 28, GET) reader: LR-Handler(tag: 28, GET)
2014-10-22 05:05:57,561+0000 INFO  GetFileHandler Handler(tag: 28, GET) sending length: 105405, 402800775
2014-10-22 05:05:57,561+0000 INFO  ReadBuffer RB-LR-Handler(tag: 28, GET) will ask for 4 buffers for a size of 105405
2014-10-22 05:05:57,561+0000 INFO  ReadBuffer RB-LR-Handler(tag: 28, GET) actual allocated buffers 4(0 queued)
2014-10-22 05:05:57,561+0000 INFO  LocalIOProvider LR-Handler(tag: 28, GET) rbuf: RB-LR-Handler(tag: 28, GET)
2014-10-22 05:05:57,562+0000 INFO  GetFileHandler Handler(tag: 28, GET) unregistering (last)
2014-10-22 05:05:57,562+0000 INFO  ReadBuffer RB-LR-Handler(tag: -1, GET) de-allocating 4 buffers
2014-10-22 05:05:57,640+0000 INFO  RuntimeStats$ProgressTicker HeapMax: 954728448, CrtHeap: 108003328, UsedHeap: 18376232, JVMThreads: 36
2014-10-22 05:05:57,640+0000 INFO  RuntimeStats$ProgressTicker   Stage in:1  Finished successfully:10
2014-10-22 05:05:57,646+0000 INFO  Execute TASK_STATUS_CHANGE taskid=urn:R-7-9-1413954354579 status=2 workerid=0099:000000
2014-10-22 05:05:57,697+0000 INFO  Execute TASK_STATUS_CHANGE taskid=urn:R-7-9-1413954354579 status=17
2014-10-22 05:05:57,697+0000 INFO  PutFileHandler Handler(tag: 31, PUT) source: /tmp/swiftwork/wordCount-run002/jobs/y/python-y19m86zl/_concurrent/wcfile-17-R/[9]
2014-10-22 05:05:57,697+0000 INFO  PutFileHandler Handler(tag: 31, PUT) destination: file://localhost//home/ubuntu/swift-cloud-tutorial/cs553-a2/wordCount-adv/_concurrent/wcfile-17-R/[9]
2014-10-22 05:05:57,698+0000 INFO  PutFileHandler Handler(tag: 31, PUT) Transfer done
2014-10-22 05:05:57,698+0000 INFO  PutFileHandler Handler(tag: 32, PUT) source: /tmp/swiftwork/wordCount-run002/jobs/y/python-y19m86zl/wrapper.log
2014-10-22 05:05:57,698+0000 INFO  PutFileHandler Handler(tag: 32, PUT) destination: file://localhost/run002/wordCount-run002.d/python-y19m86zl.info
2014-10-22 05:05:57,698+0000 INFO  PutFileHandler Handler(tag: 32, PUT) Transfer done
2014-10-22 05:05:57,785+0000 INFO  LateBindingScheduler jobs queued: 0
2014-10-22 05:05:57,785+0000 INFO  Execute TASK_STATUS_CHANGE taskid=urn:R-7-9-1413954354579 status=7
2014-10-22 05:05:57,786+0000 DEBUG swift JOB_END jobid=python-y19m86zl
2014-10-22 05:05:57,786+0000 INFO  swift END_SUCCESS thread=R-7-9 tr=python
2014-10-22 05:05:57,786+0000 DEBUG swift PROCEDURE_END line=6 thread=R-7-9 name=wordCount
2014-10-22 05:05:57,786+0000 DEBUG swift FOREACH_IT_END line=21 thread=R-7-9
2014-10-22 05:05:57,787+0000 DEBUG swift THREAD_ASSOCIATION jobid=m_script-829m86zl thread=R-8 host=local replicationGroup=null
2014-10-22 05:05:57,789+0000 INFO  swift START jobid=m_script-829m86zl host=local - Initializing directory structure
2014-10-22 05:05:57,789+0000 INFO  swift START path=_concurrent/wcfile-17-R/[10-19] dir=wordCount-run002/shared - Creating directory structure
2014-10-22 05:05:57,789+0000 INFO  LateBindingScheduler jobs queued: 0
2014-10-22 05:05:57,790+0000 INFO  swift START path=output dir=wordCount-run002/shared - Creating directory structure
2014-10-22 05:05:57,790+0000 INFO  LateBindingScheduler jobs queued: 0
2014-10-22 05:05:57,790+0000 INFO  swift END jobid=m_script-829m86zl - Done initializing directory structure
2014-10-22 05:05:57,790+0000 INFO  swift START jobid=m_script-829m86zl - Staging in files [file://localhost/_concurrent/wcfile-17-R/[9], file://localhost/_concurrent/wcfile-17-R/[5], file://localhost/_concurrent/wcfile-17-R/[0], file://localhost/_concurrent/wcfile-17-R/[10-19]/[10], file://localhost/_concurrent/wcfile-17-R/[1], file://localhost/_concurrent/wcfile-17-R/[4], file://localhost/_concurrent/wcfile-17-R/[6], file://localhost/_concurrent/wcfile-17-R/[3], file://localhost/merge.py, file://localhost/_concurrent/wcfile-17-R/[7], file://localhost/_concurrent/wcfile-17-R/[2], file://localhost/_concurrent/wcfile-17-R/[8]]
2014-10-22 05:05:57,792+0000 INFO  LateBindingScheduler jobs queued: 4
2014-10-22 05:05:57,793+0000 INFO  LateBindingScheduler jobs queued: 4
2014-10-22 05:05:57,793+0000 INFO  LateBindingScheduler jobs queued: 4
2014-10-22 05:05:57,793+0000 INFO  LateBindingScheduler jobs queued: 4
2014-10-22 05:05:57,793+0000 INFO  LateBindingScheduler jobs queued: 4
2014-10-22 05:05:57,794+0000 INFO  LateBindingScheduler jobs queued: 4
2014-10-22 05:05:57,794+0000 INFO  LateBindingScheduler jobs queued: 4
2014-10-22 05:05:57,794+0000 INFO  LateBindingScheduler jobs queued: 4
2014-10-22 05:05:57,794+0000 DEBUG swift CDM: file://localhost/_concurrent/wcfile-17-R/[9] : DEFAULT
2014-10-22 05:05:57,794+0000 DEBUG swift FILE_STAGE_IN_START file=[9] srchost=localhost srcdir=_concurrent/wcfile-17-R srcname=[9] desthost=local destdir=wordCount-run002/shared/_concurrent/wcfile-17-R provider=file policy=DEFAULT
2014-10-22 05:05:57,795+0000 DEBUG swift CDM: file://localhost/_concurrent/wcfile-17-R/[5] : DEFAULT
2014-10-22 05:05:57,795+0000 DEBUG swift CDM: file://localhost/_concurrent/wcfile-17-R/[0] : DEFAULT
2014-10-22 05:05:57,795+0000 INFO  LateBindingScheduler jobs queued: 1
2014-10-22 05:05:57,795+0000 DEBUG swift CDM: file://localhost/_concurrent/wcfile-17-R/[10-19]/[10] : DEFAULT
2014-10-22 05:05:57,795+0000 DEBUG swift FILE_STAGE_IN_START file=[10] srchost=localhost srcdir=_concurrent/wcfile-17-R/[10-19] srcname=[10] desthost=local destdir=wordCount-run002/shared/_concurrent/wcfile-17-R/[10-19] provider=file policy=DEFAULT
2014-10-22 05:05:57,795+0000 INFO  LateBindingScheduler jobs queued: 2
2014-10-22 05:05:57,795+0000 DEBUG swift CDM: file://localhost/_concurrent/wcfile-17-R/[1] : DEFAULT
2014-10-22 05:05:57,796+0000 DEBUG swift CDM: file://localhost/_concurrent/wcfile-17-R/[6] : DEFAULT
2014-10-22 05:05:57,796+0000 INFO  LateBindingScheduler jobs queued: 2
2014-10-22 05:05:57,796+0000 DEBUG swift CDM: file://localhost/_concurrent/wcfile-17-R/[4] : DEFAULT
2014-10-22 05:05:57,796+0000 DEBUG swift CDM: file://localhost/_concurrent/wcfile-17-R/[3] : DEFAULT
2014-10-22 05:05:57,796+0000 DEBUG swift CDM: file://localhost/merge.py : DEFAULT
2014-10-22 05:05:57,796+0000 DEBUG swift FILE_STAGE_IN_START file=merge.py srchost=localhost srcdir= srcname=merge.py desthost=local destdir=wordCount-run002/shared/ provider=file policy=DEFAULT
2014-10-22 05:05:57,796+0000 DEBUG swift CDM: file://localhost/_concurrent/wcfile-17-R/[7] : DEFAULT
2014-10-22 05:05:57,796+0000 DEBUG swift CDM: file://localhost/_concurrent/wcfile-17-R/[2] : DEFAULT
2014-10-22 05:05:57,796+0000 INFO  LateBindingScheduler jobs queued: 2
2014-10-22 05:05:57,797+0000 DEBUG swift CDM: file://localhost/_concurrent/wcfile-17-R/[8] : DEFAULT
2014-10-22 05:05:57,797+0000 DEBUG swift FILE_STAGE_IN_START file=[8] srchost=localhost srcdir=_concurrent/wcfile-17-R srcname=[8] desthost=local destdir=wordCount-run002/shared/_concurrent/wcfile-17-R provider=file policy=DEFAULT
2014-10-22 05:05:57,798+0000 INFO  LateBindingScheduler jobs queued: 0
2014-10-22 05:05:57,799+0000 DEBUG swift FILE_STAGE_IN_END file=[9] srchost=localhost srcdir=_concurrent/wcfile-17-R srcname=[9] desthost=local destdir=wordCount-run002/shared/_concurrent/wcfile-17-R provider=file
2014-10-22 05:05:57,800+0000 INFO  LateBindingScheduler jobs queued: 0
2014-10-22 05:05:57,800+0000 INFO  LateBindingScheduler jobs queued: 0
2014-10-22 05:05:57,801+0000 DEBUG swift FILE_STAGE_IN_END file=[8] srchost=localhost srcdir=_concurrent/wcfile-17-R srcname=[8] desthost=local destdir=wordCount-run002/shared/_concurrent/wcfile-17-R provider=file
2014-10-22 05:05:57,801+0000 DEBUG swift FILE_STAGE_IN_END file=[10] srchost=localhost srcdir=_concurrent/wcfile-17-R/[10-19] srcname=[10] desthost=local destdir=wordCount-run002/shared/_concurrent/wcfile-17-R/[10-19] provider=file
2014-10-22 05:05:57,801+0000 INFO  LateBindingScheduler jobs queued: 0
2014-10-22 05:05:57,802+0000 DEBUG swift FILE_STAGE_IN_END file=merge.py srchost=localhost srcdir= srcname=merge.py desthost=local destdir=wordCount-run002/shared/ provider=file
2014-10-22 05:05:57,802+0000 INFO  swift END jobid=m_script-829m86zl - Staging in finished
2014-10-22 05:05:57,802+0000 DEBUG swift JOB_START jobid=m_script-829m86zl tr=m_script arguments=[_concurrent/wcfile-17-R/[0] _concurrent/wcfile-17-R/[1] _concurrent/wcfile-17-R/[2] _concurrent/wcfile-17-R/[3] _concurrent/wcfile-17-R/[4] _concurrent/wcfile-17-R/[5] _concurrent/wcfile-17-R/[6] _concurrent/wcfile-17-R/[7] _concurrent/wcfile-17-R/[8] _concurrent/wcfile-17-R/[9] _concurrent/wcfile-17-R/[10-19]/[10]] tmpdir=wordCount-run002/jobs/8/m_script-829m86zl host=local
2014-10-22 05:05:57,803+0000 INFO  Execute JOB_TASK jobid=m_script-829m86zl taskid=urn:R-8-1413954354805 exec=/bin/bash dir=wordCount-run002 args=shared/_swiftwrap m_script-829m86zl -jobdir 8 -scratch  -e /home/ubuntu/swift-cloud-tutorial/cs553-a2/wordCount-adv/merge.sh -out output/result.txt -err stderr.txt -i -d _concurrent/wcfile-17-R|_concurrent/wcfile-17-R/[10-19]|output -if _concurrent/wcfile-17-R/[9]|_concurrent/wcfile-17-R/[5]|_concurrent/wcfile-17-R/[0]|_concurrent/wcfile-17-R/[10-19]/[10]|_concurrent/wcfile-17-R/[1]|_concurrent/wcfile-17-R/[4]|_concurrent/wcfile-17-R/[6]|_concurrent/wcfile-17-R/[3]|merge.py|_concurrent/wcfile-17-R/[7]|_concurrent/wcfile-17-R/[2]|_concurrent/wcfile-17-R/[8] -of output/result.txt -cf  -cdmfile -status files -a _concurrent/wcfile-17-R/[0] _concurrent/wcfile-17-R/[1] _concurrent/wcfile-17-R/[2] _concurrent/wcfile-17-R/[3] _concurrent/wcfile-17-R/[4] _concurrent/wcfile-17-R/[5] _concurrent/wcfile-17-R/[6] _concurrent/wcfile-17-R/[7] _concurrent/wcfile-17-R/[8] _concurrent/wcfile-17-R/[9] _concurrent/wcfile-17-R/[10-19]/[10]
2014-10-22 05:05:57,803+0000 INFO  Execute TASK_STATUS_CHANGE taskid=urn:R-8-1413954354805 status=8
2014-10-22 05:05:57,803+0000 INFO  Execute TASK_STATUS_CHANGE taskid=urn:R-8-1413954354805 status=1
2014-10-22 05:05:57,804+0000 INFO  Execute TASK_STATUS_CHANGE taskid=urn:R-8-1413954354805 status=2
2014-10-22 05:05:57,945+0000 INFO  LateBindingScheduler jobs queued: 0
2014-10-22 05:05:57,945+0000 INFO  Execute TASK_STATUS_CHANGE taskid=urn:R-8-1413954354805 status=7
2014-10-22 05:05:57,945+0000 DEBUG swift START jobid=m_script-829m86zl
2014-10-22 05:05:57,946+0000 INFO  LateBindingScheduler jobs queued: 0
2014-10-22 05:05:57,946+0000 INFO  swift SUCCESS jobid=m_script-829m86zl - Success file found
2014-10-22 05:05:57,946+0000 DEBUG swift STAGING_OUT jobid=m_script-829m86zl
2014-10-22 05:05:57,946+0000 INFO  swift START jobid=m_script-829m86zl - Staging out files
2014-10-22 05:05:57,946+0000 DEBUG swift stageouts: [file://localhost/output/result.txt]
2014-10-22 05:05:57,946+0000 DEBUG swift FILE_STAGE_OUT_START srcname=result.txt srcdir=wordCount-run002/shared/output srchost=local destdir=output desthost=localhost provider=file jobid=m_script-829m86zl
2014-10-22 05:05:57,947+0000 INFO  LateBindingScheduler jobs queued: 0
2014-10-22 05:05:57,947+0000 DEBUG swift CDM: file://localhost/output/result.txt : DEFAULT
2014-10-22 05:05:57,948+0000 INFO  LateBindingScheduler jobs queued: 0
2014-10-22 05:05:57,948+0000 DEBUG swift FILE_STAGE_OUT_END srcname=result.txt srcdir=wordCount-run002/shared/output srchost=local destdir=output desthost=localhost provider=file
2014-10-22 05:05:57,949+0000 INFO  LateBindingScheduler jobs queued: 0
2014-10-22 05:05:57,949+0000 INFO  swift END jobid=m_script-829m86zl - Staging out finished
2014-10-22 05:05:57,950+0000 INFO  LateBindingScheduler jobs queued: 0
2014-10-22 05:05:57,950+0000 DEBUG swift JOB_END jobid=m_script-829m86zl
2014-10-22 05:05:57,951+0000 INFO  swift END_SUCCESS thread=R-8 tr=m_script
2014-10-22 05:05:57,951+0000 DEBUG swift PROCEDURE_END line=11 thread=R-8 name=merge
2014-10-22 05:05:57,951+0000 INFO  RuntimeStats$ProgressTicker HeapMax: 954728448, CrtHeap: 108003328, UsedHeap: 19309568, JVMThreads: 36
2014-10-22 05:05:57,951+0000 INFO  RuntimeStats$ProgressTicker   Finished successfully:12
2014-10-22 05:05:57,959+0000 DEBUG swift Starting cleanups
2014-10-22 05:05:57,959+0000 INFO  swift START cleanups=[[wordCount-run002, local]]
2014-10-22 05:05:57,959+0000 INFO  swift START dir=wordCount-run002 host=local
2014-10-22 05:05:57,959+0000 DEBUG swift cdmfile 
2014-10-22 05:05:57,959+0000 INFO  swift END dir=wordCount-run002 host=local
2014-10-22 05:05:57,960+0000 INFO  swift END cleanups=[[wordCount-run002, local]]
2014-10-22 05:05:57,960+0000 DEBUG swift Ending cleanups
2014-10-22 05:05:57,960+0000 INFO  SwiftFunction Cleaning mfile:file = <FILE> - Closed
2014-10-22 05:05:57,960+0000 INFO  SwiftFunction Cleaning infile:file[int] = {0=infile[0]:file = <FILE> - Closed, 1=infile[1]:file = <FILE> - Closed, 2=infile[2]:file = <FILE> - Closed, 3=infile[3]:file = <FILE> - Closed, 4=infile[4]:file = <FILE> - Closed, 5=infile[5]:file = <FILE> - Closed, 6=infile[6]:file = <FILE> - Closed, 7=infile[7]:file = <FILE> - Closed, 8=infile[8]:file = <FILE> - Closed, 9=infile[9]:file = <FILE> - Closed, 10=infile[10]:file = <FILE> - Closed} - Closed
2014-10-22 05:05:57,960+0000 INFO  SwiftFunction Cleaning wc_script:file = <FILE> - Closed
2014-10-22 05:05:57,960+0000 INFO  SwiftFunction Cleaning m_script:file = <FILE> - Closed
2014-10-22 05:05:57,961+0000 INFO  SwiftFunction Cleaning wcfile:file[int] = {0=wcfile[0]:file = <FILE> - Closed, 1=wcfile[1]:file = <FILE> - Closed, 2=wcfile[2]:file = <FILE> - Closed, 3=wcfile[3]:file = <FILE> - Closed, 4=wcfile[4]:file = <FILE> - Closed, 5=wcfile[5]:file = <FILE> - Closed, 6=wcfile[6]:file = <FILE> - Closed, 7=wcfile[7]:file = <FILE> - Closed, 8=wcfile[8]:file = <FILE> - Closed, 9=wcfile[9]:file = <FILE> - Closed, 10=wcfile[10]:file = <FILE> - Closed} - Closed
2014-10-22 05:05:57,963+0000 INFO  Loader Swift finished with no errors
