checking for paramfile
no paramfile: using command line arguments
Progress  2014-10-23 04:59:38.498522317+0000  LOG_START

_____________________________________________________________________________

        Wrapper (_swiftwrap.staging)
_____________________________________________________________________________

python -out stdout.txt -err stderr.txt -i -d /s3/wordCount-s3fs-mapreduce/output/1|/s3/wordCount-s3fs-mapreduce/input -if /s3/wordCount-s3fs-mapreduce/input/split-0001 -of -cf /s3/wordCount-s3fs-mapreduce/output/1/*.txt -cdmfile -status provider -a /s3/wordCount-s3fs-mapreduce/wordCount.py 1 16 /s3/wordCount-s3fs-mapreduce/input/split-0001
PWD=/s3/wordCount-s3fs-mapreduce/wordCount-run003/jobs/u/python-us8yu7zl
EXEC=/usr/bin/python
STDIN=
STDOUT=stdout.txt
STDERR=stderr.txt
DIRS=/s3/wordCount-s3fs-mapreduce/output/1|/s3/wordCount-s3fs-mapreduce/input
INF=/s3/wordCount-s3fs-mapreduce/input/split-0001
OUTF=
COLLECT=/s3/wordCount-s3fs-mapreduce/output/1/*.txt
ARGS=/s3/wordCount-s3fs-mapreduce/wordCount.py 1 16 /s3/wordCount-s3fs-mapreduce/input/split-0001
ARGC=4
Progress  2014-10-23 04:59:39.201556737+0000  CREATE_INPUTDIR
Created output directory: /s3/wordCount-s3fs-mapreduce/output/1
Created output directory: /s3/wordCount-s3fs-mapreduce/input
Progress  2014-10-23 04:59:39.679414684+0000  EXECUTE
Progress  2014-10-23 04:59:45.047075807+0000  COLLECT
Collect list is /s3/wordCount-s3fs-mapreduce/output/1/*.txt
Collecting /s3/wordCount-s3fs-mapreduce/output/1/*.txt
Progress  2014-10-23 04:59:45.383669497+0000  EXECUTE_DONE
Job ran successfully
Progress  2014-10-23 04:59:45.438549768+0000  END
