2014-10-22 05:03:52,384+0000 INFO  Loader JAVA Oracle Corporation Java HotSpot(TM) 64-Bit Server VM 1.7.0_51
2014-10-22 05:03:52,398+0000 INFO  Loader VERSION Swift trunk git-rev: 2d334140f2c288e5aeb3d354de0ecda35b4b3aac heads/master 6130 (modified locally)
2014-10-22 05:03:52,398+0000 INFO  Loader RUN_ID run001
2014-10-22 05:03:52,398+0000 INFO  Loader ARGUMENTS [-runid, run001, -logfile, /home/ubuntu/swift-cloud-tutorial/cs553-a2/wordCount-adv/run001/swift.log, wordCount.swift]
2014-10-22 05:03:52,398+0000 INFO  Loader MAX_HEAP 954728448
2014-10-22 05:03:52,398+0000 INFO  Loader GLOBUS_HOSTNAME ip-172-31-14-249
2014-10-22 05:03:52,398+0000 INFO  Loader CWD /home/ubuntu/swift-cloud-tutorial/cs553-a2/wordCount-adv/.
2014-10-22 05:03:52,402+0000 DEBUG Loader SWIFT_CONFIGURATION 
[D] /usr/local/bin/swift-trunk/etc/swift.conf
[R] swift.conf
[C] <Command Line>
{
    TCPPortRange: "50000, 50100"                            # [D] line 27
    alwaysTransferWrapperLog: true                          # [R] line 47
    executionRetries: 0                                     # [R] line 44
    fileOperationsThrottle: 8                               # [D] line 121
    fileTransfersThrottle: 4                                # [D] line 107
    hostJobSubmitThrottle: 2                                # [D] line 95
    jobSubmitThrottle: 4                                    # [D] line 83
    keepSiteDir: true                                       # [R] line 45
    lazyErrors: false                                       # [R] line 43
    logProvenance: false                                    # [D] line 200
    maxForeachThreads: 16384                                # [D] line 194
    providerStagingPinSwiftFiles: false                     # [R] line 46
    replicationEnabled: false                               # [D] line 146
    replicationLimit: 3                                     # [D] line 157
    replicationMinQueueTime: 60                             # [D] line 153
	site {
		cloud-static {
			app {
                ALL.executable: "*"                         # [R] line 40
                python.executable: "/usr/bin/python"        # [R] line 32
			}
			execution {
                URL: "http://127.0.0.1:50010"               # [R] line 23
                jobManager: "local:local"                   # [R] line 24
				options {
                    maxJobs: 10                             # [R] line 26
                    tasksPerNode: 4                         # [R] line 27
				}
                type: "coaster-persistent"                  # [R] line 22
			}
            filesystem.type: "local"                        # [R] line 37
            initialParallelTasks: 20                        # [R] line 35
            maxParallelTasks: 20                            # [R] line 36
            staging: "local"                                # [R] line 39
            workDirectory: "/tmp/swiftwork"                 # [R] line 38
		}
		local {
			app {
                ALL.executable: "*"                         # [D] line 232
                m_script.executable: "/home/ubuntu/swift-cloud-tutorial/cs553-a2/wordCount-adv/merge.sh"# [C]
			}
			execution {
                URL: "localhost"                            # [R] line 10
                type: "local"                               # [R] line 9
			}
			filesystem {
                URL: "localhost"                            # [R] line 6
                type: "local"                               # [R] line 5
			}
            initialParallelTasks: 31                        # [R] line 17
            maxParallelTasks: 32                            # [R] line 16
            workDirectory: "/tmp/ubuntu/swiftwork"          # [C]
		}
	}
    sites: [local, cloud-static]                            # [R] line 1
    tracingEnabled: false                                   # [D] line 51
}

2014-10-22 05:03:52,404+0000 DEBUG textfiles BEGIN SWIFTSCRIPT:
type file;

file wc_script <"wordCount.py">;
file m_script <"merge.py">;

app (file outfile) wordCount (file infile, file wc_script)
{
    python @wc_script @infile stdout=@outfile;
}

app (file outfile) merge (file[] infiles, file m_py)
{
    m_script @filenames(infiles) stdout=@outfile;
}

file infile[] <filesys_mapper;pattern="split-*", location="input">;
file wcfile[];
file wclog[] <simple_mapper;prefix="wclog",suffix=".txt", padding=4, location="output">;

tracef("test\n");
foreach f,i in infile {
//    tracef("%s\n",@f);
    wcfile[i]=wordCount(f,wc_script);
}

file mfile <"output/result.txt">;
file mlog <"output/mlog.txt">;

mfile=merge(wcfile,m_script);


2014-10-22 05:03:52,404+0000 DEBUG textfiles END SWIFTSCRIPT:
2014-10-22 05:03:52,404+0000 INFO  Loader wordCount.swift: source file is new. Recompiling.
2014-10-22 05:03:53,343+0000 INFO  Warnings Warning: The @ syntax for function invocation is deprecated
2014-10-22 05:03:54,417+0000 INFO  Loader RUN_START
2014-10-22 05:03:54,429+0000 INFO  SwiftExecutor swift.home = /usr/local/bin/swift-trunk
2014-10-22 05:03:54,509+0000 INFO  AbstractScheduler Setting resources to: {cloud-static=cloud-static, local=local}
2014-10-22 05:03:54,518+0000 INFO  GlobalSubmitQueue No global submit throttle set. Using default (1024)
2014-10-22 05:03:54,539+0000 INFO  LateBindingScheduler jobs queued: 0
2014-10-22 05:03:54,541+0000 INFO  LateBindingScheduler jobs queued: 0
2014-10-22 05:03:54,563+0000 INFO  RuntimeStats$ProgressTicker HeapMax: 954728448, CrtHeap: 75497472, UsedHeap: 21006232, JVMThreads: 14
2014-10-22 05:03:54,564+0000 INFO  RuntimeStats$ProgressTicker 
2014-10-22 05:03:54,567+0000 DEBUG swift INTERNALPROC_START thread=R-6 name=tracef
2014-10-22 05:03:54,567+0000 INFO  Tracef test

2014-10-22 05:03:54,567+0000 DEBUG swift INTERNALPROC_END thread=R-6 name=tracef
2014-10-22 05:03:54,568+0000 DEBUG swift PROCEDURE line=11 thread=R-8 name=merge
2014-10-22 05:03:54,572+0000 DEBUG swift FOREACH_IT_START line=21 thread=R-7-0
2014-10-22 05:03:54,572+0000 DEBUG swift SCOPE thread=R-7-0
2014-10-22 05:03:54,572+0000 DEBUG swift PROCEDURE line=6 thread=R-7-0 name=wordCount
2014-10-22 05:03:54,577+0000 DEBUG swift FOREACH_IT_START line=21 thread=R-7-1
2014-10-22 05:03:54,577+0000 DEBUG swift SCOPE thread=R-7-1
2014-10-22 05:03:54,577+0000 DEBUG swift PROCEDURE line=6 thread=R-7-1 name=wordCount
2014-10-22 05:03:54,577+0000 DEBUG swift FOREACH_IT_START line=21 thread=R-7-2
2014-10-22 05:03:54,577+0000 DEBUG swift FOREACH_IT_START line=21 thread=R-7-3
2014-10-22 05:03:54,577+0000 DEBUG swift SCOPE thread=R-7-3
2014-10-22 05:03:54,577+0000 DEBUG swift PROCEDURE line=6 thread=R-7-3 name=wordCount
2014-10-22 05:03:54,577+0000 DEBUG swift SCOPE thread=R-7-2
2014-10-22 05:03:54,579+0000 DEBUG swift PROCEDURE line=6 thread=R-7-2 name=wordCount
2014-10-22 05:03:54,580+0000 DEBUG swift FOREACH_IT_START line=21 thread=R-7-4
2014-10-22 05:03:54,580+0000 DEBUG swift SCOPE thread=R-7-4
2014-10-22 05:03:54,580+0000 DEBUG swift PROCEDURE line=6 thread=R-7-4 name=wordCount
2014-10-22 05:03:54,580+0000 DEBUG swift FOREACH_IT_START line=21 thread=R-7-5
2014-10-22 05:03:54,581+0000 DEBUG swift SCOPE thread=R-7-5
2014-10-22 05:03:54,581+0000 DEBUG swift PROCEDURE line=6 thread=R-7-5 name=wordCount
2014-10-22 05:03:54,581+0000 DEBUG swift FOREACH_IT_START line=21 thread=R-7-6
2014-10-22 05:03:54,581+0000 DEBUG swift SCOPE thread=R-7-6
2014-10-22 05:03:54,581+0000 DEBUG swift PROCEDURE line=6 thread=R-7-6 name=wordCount
2014-10-22 05:03:54,581+0000 DEBUG swift FOREACH_IT_START line=21 thread=R-7x2
2014-10-22 05:03:54,581+0000 DEBUG swift SCOPE thread=R-7x2
2014-10-22 05:03:54,581+0000 DEBUG swift PROCEDURE line=6 thread=R-7x2 name=wordCount
2014-10-22 05:03:54,582+0000 DEBUG swift FOREACH_IT_START line=21 thread=R-7-8
2014-10-22 05:03:54,582+0000 DEBUG swift SCOPE thread=R-7-8
2014-10-22 05:03:54,582+0000 DEBUG swift PROCEDURE line=6 thread=R-7-8 name=wordCount
2014-10-22 05:03:54,582+0000 DEBUG swift FOREACH_IT_START line=21 thread=R-7-9
2014-10-22 05:03:54,582+0000 DEBUG swift SCOPE thread=R-7-9
2014-10-22 05:03:54,582+0000 DEBUG swift PROCEDURE line=6 thread=R-7-9 name=wordCount
2014-10-22 05:03:54,583+0000 DEBUG swift FOREACH_IT_START line=21 thread=R-7-10
2014-10-22 05:03:54,583+0000 DEBUG swift SCOPE thread=R-7-10
2014-10-22 05:03:54,583+0000 DEBUG swift PROCEDURE line=6 thread=R-7-10 name=wordCount
2014-10-22 05:03:54,586+0000 INFO  swift START host=local - Initializing shared directory
2014-10-22 05:03:54,588+0000 INFO  LateBindingScheduler jobs queued: 1
2014-10-22 05:03:54,589+0000 DEBUG swift THREAD_ASSOCIATION jobid=python-lbej86zl thread=R-7-8 host=cloud-static replicationGroup=null
2014-10-22 05:03:54,591+0000 DEBUG swift JOB_START jobid=python-lbej86zl tr=python arguments=[wordCount.py, input/split-0003] tmpdir=wordCount-run001/jobs/l/python-lbej86zl host=cloud-static
2014-10-22 05:03:54,603+0000 INFO  LateBindingScheduler jobs queued: 0
2014-10-22 05:03:54,604+0000 INFO  LateBindingScheduler jobs queued: 0
2014-10-22 05:03:54,604+0000 INFO  LateBindingScheduler jobs queued: 1
2014-10-22 05:03:54,607+0000 INFO  swift END host=local - Done initializing shared directory
2014-10-22 05:03:54,608+0000 DEBUG swift THREAD_ASSOCIATION jobid=python-mbej86zl thread=R-7-1 host=local replicationGroup=null
2014-10-22 05:03:54,609+0000 INFO  swift START jobid=python-mbej86zl host=local - Initializing directory structure
2014-10-22 05:03:54,609+0000 DEBUG swift THREAD_ASSOCIATION jobid=python-nbej86zl thread=R-7-4 host=local replicationGroup=null
2014-10-22 05:03:54,609+0000 INFO  swift START path= dir=wordCount-run001/shared - Creating directory structure
2014-10-22 05:03:54,609+0000 INFO  swift START jobid=python-nbej86zl host=local - Initializing directory structure
2014-10-22 05:03:54,609+0000 DEBUG swift THREAD_ASSOCIATION jobid=python-obej86zl thread=R-7-5 host=local replicationGroup=null
2014-10-22 05:03:54,610+0000 DEBUG swift THREAD_ASSOCIATION jobid=python-pbej86zl thread=R-7-6 host=local replicationGroup=null
2014-10-22 05:03:54,610+0000 INFO  swift START jobid=python-obej86zl host=local - Initializing directory structure
2014-10-22 05:03:54,610+0000 INFO  swift START jobid=python-pbej86zl host=local - Initializing directory structure
2014-10-22 05:03:54,610+0000 DEBUG swift THREAD_ASSOCIATION jobid=python-qbej86zl thread=R-7x2 host=local replicationGroup=null
2014-10-22 05:03:54,610+0000 DEBUG swift THREAD_ASSOCIATION jobid=python-rbej86zl thread=R-7-9 host=local replicationGroup=null
2014-10-22 05:03:54,610+0000 INFO  swift START jobid=python-qbej86zl host=local - Initializing directory structure
2014-10-22 05:03:54,611+0000 INFO  swift START jobid=python-rbej86zl host=local - Initializing directory structure
2014-10-22 05:03:54,611+0000 DEBUG swift THREAD_ASSOCIATION jobid=python-sbej86zl thread=R-7-10 host=local replicationGroup=null
2014-10-22 05:03:54,611+0000 DEBUG swift THREAD_ASSOCIATION jobid=python-tbej86zl thread=R-7-2 host=local replicationGroup=null
2014-10-22 05:03:54,611+0000 INFO  swift START jobid=python-sbej86zl host=local - Initializing directory structure
2014-10-22 05:03:54,611+0000 INFO  swift START jobid=python-tbej86zl host=local - Initializing directory structure
2014-10-22 05:03:54,612+0000 DEBUG swift THREAD_ASSOCIATION jobid=python-ubej86zl thread=R-7-0 host=local replicationGroup=null
2014-10-22 05:03:54,612+0000 INFO  swift START jobid=python-ubej86zl host=local - Initializing directory structure
2014-10-22 05:03:54,614+0000 DEBUG swift THREAD_ASSOCIATION jobid=python-vbej86zl thread=R-7-3 host=local replicationGroup=null
2014-10-22 05:03:54,614+0000 INFO  LateBindingScheduler jobs queued: 0
2014-10-22 05:03:54,614+0000 INFO  swift START jobid=python-vbej86zl host=local - Initializing directory structure
2014-10-22 05:03:54,615+0000 INFO  swift START path=input dir=wordCount-run001/shared - Creating directory structure
2014-10-22 05:03:54,616+0000 INFO  Execute JOB_TASK jobid=python-lbej86zl taskid=urn:R-7-8-1413954232390 exec=/bin/bash dir=wordCount-run001/jobs/l/python-lbej86zl args=_swiftwrap.staging -e /usr/bin/python -out _concurrent/wcfile-17-R/[8] -err stderr.txt -i -d input|_concurrent/wcfile-17-R -if wordCount.py|input/split-0003 -of _concurrent/wcfile-17-R/[8] -cf  -cdmfile  -status provider -a wordCount.py input/split-0003
2014-10-22 05:03:54,617+0000 INFO  LateBindingScheduler jobs queued: 0
2014-10-22 05:03:54,618+0000 INFO  swift START path=_concurrent/wcfile-17-R dir=wordCount-run001/shared - Creating directory structure
2014-10-22 05:03:54,619+0000 INFO  swift START path=_concurrent/wcfile-17-R/[10-19] dir=wordCount-run001/shared - Creating directory structure
2014-10-22 05:03:54,621+0000 INFO  LateBindingScheduler jobs queued: 1
2014-10-22 05:03:54,621+0000 INFO  swift END jobid=python-sbej86zl - Done initializing directory structure
2014-10-22 05:03:54,621+0000 INFO  swift START jobid=python-sbej86zl - Staging in files [file://localhost/wordCount.py, file://localhost/input/split-0007]
2014-10-22 05:03:54,623+0000 INFO  LateBindingScheduler jobs queued: 0
2014-10-22 05:03:54,623+0000 INFO  LateBindingScheduler jobs queued: 0
2014-10-22 05:03:54,624+0000 INFO  Execute TASK_STATUS_CHANGE taskid=urn:R-7-8-1413954232390 status=8
2014-10-22 05:03:54,624+0000 DEBUG swift CDM: file://localhost/wordCount.py : DEFAULT
2014-10-22 05:03:54,627+0000 DEBUG swift FILE_STAGE_IN_START file=wordCount.py srchost=localhost srcdir= srcname=wordCount.py desthost=local destdir=wordCount-run001/shared/ provider=file policy=DEFAULT
2014-10-22 05:03:54,627+0000 DEBUG swift CDM: file://localhost/input/split-0007 : DEFAULT
2014-10-22 05:03:54,628+0000 DEBUG swift FILE_STAGE_IN_START file=split-0007 srchost=localhost srcdir=input srcname=split-0007 desthost=local destdir=wordCount-run001/shared/input provider=file policy=DEFAULT
2014-10-22 05:03:54,628+0000 INFO  LateBindingScheduler jobs queued: 1
2014-10-22 05:03:54,629+0000 INFO  swift END jobid=python-mbej86zl - Done initializing directory structure
2014-10-22 05:03:54,629+0000 INFO  swift START jobid=python-mbej86zl - Staging in files [file://localhost/wordCount.py, file://localhost/input/split-0001]
2014-10-22 05:03:54,629+0000 INFO  swift END jobid=python-nbej86zl - Done initializing directory structure
2014-10-22 05:03:54,629+0000 INFO  swift START jobid=python-nbej86zl - Staging in files [file://localhost/wordCount.py, file://localhost/input/split-0009]
2014-10-22 05:03:54,630+0000 INFO  swift END jobid=python-qbej86zl - Done initializing directory structure
2014-10-22 05:03:54,630+0000 INFO  swift START jobid=python-qbej86zl - Staging in files [file://localhost/wordCount.py, file://localhost/input/split-0004]
2014-10-22 05:03:54,630+0000 INFO  swift END jobid=python-rbej86zl - Done initializing directory structure
2014-10-22 05:03:54,630+0000 INFO  swift START jobid=python-rbej86zl - Staging in files [file://localhost/wordCount.py, file://localhost/input/split-0000]
2014-10-22 05:03:54,631+0000 INFO  swift END jobid=python-ubej86zl - Done initializing directory structure
2014-10-22 05:03:54,631+0000 INFO  swift START jobid=python-ubej86zl - Staging in files [file://localhost/input/split-0005, file://localhost/wordCount.py]
2014-10-22 05:03:54,631+0000 INFO  swift END jobid=python-vbej86zl - Done initializing directory structure
2014-10-22 05:03:54,631+0000 INFO  swift START jobid=python-vbej86zl - Staging in files [file://localhost/input/split-0006, file://localhost/wordCount.py]
2014-10-22 05:03:54,633+0000 INFO  LateBindingScheduler jobs queued: 0
2014-10-22 05:03:54,630+0000 INFO  swift END jobid=python-tbej86zl - Done initializing directory structure
2014-10-22 05:03:54,633+0000 INFO  swift START jobid=python-tbej86zl - Staging in files [file://localhost/wordCount.py, file://localhost/input/split-0008]
2014-10-22 05:03:54,632+0000 INFO  swift END jobid=python-obej86zl - Done initializing directory structure
2014-10-22 05:03:54,634+0000 INFO  swift START jobid=python-obej86zl - Staging in files [file://localhost/wordCount.py, file://localhost/input/split-0002]
2014-10-22 05:03:54,630+0000 INFO  swift END jobid=python-pbej86zl - Done initializing directory structure
2014-10-22 05:03:54,635+0000 INFO  swift START jobid=python-pbej86zl - Staging in files [file://localhost/wordCount.py, file://localhost/input/split-0010]
2014-10-22 05:03:54,635+0000 DEBUG swift FILE_STAGE_IN_END file=wordCount.py srchost=localhost srcdir= srcname=wordCount.py desthost=local destdir=wordCount-run001/shared/ provider=file
2014-10-22 05:03:54,636+0000 INFO  LateBindingScheduler jobs queued: 10
2014-10-22 05:03:54,636+0000 INFO  LateBindingScheduler jobs queued: 9
2014-10-22 05:03:54,636+0000 INFO  LateBindingScheduler jobs queued: 8
2014-10-22 05:03:54,637+0000 INFO  LateBindingScheduler jobs queued: 7
2014-10-22 05:03:54,637+0000 DEBUG swift CDM: file://localhost/wordCount.py : DEFAULT
2014-10-22 05:03:54,637+0000 DEBUG swift CDM: file://localhost/input/split-0001 : DEFAULT
2014-10-22 05:03:54,637+0000 DEBUG swift FILE_STAGE_IN_START file=split-0001 srchost=localhost srcdir=input srcname=split-0001 desthost=local destdir=wordCount-run001/shared/input provider=file policy=DEFAULT
2014-10-22 05:03:54,638+0000 INFO  LateBindingScheduler jobs queued: 6
2014-10-22 05:03:54,638+0000 DEBUG swift CDM: file://localhost/wordCount.py : DEFAULT
2014-10-22 05:03:54,639+0000 DEBUG swift CDM: file://localhost/input/split-0004 : DEFAULT
2014-10-22 05:03:54,640+0000 DEBUG swift FILE_STAGE_IN_START file=split-0004 srchost=localhost srcdir=input srcname=split-0004 desthost=local destdir=wordCount-run001/shared/input provider=file policy=DEFAULT
2014-10-22 05:03:54,640+0000 INFO  LateBindingScheduler jobs queued: 6
2014-10-22 05:03:54,638+0000 DEBUG swift CDM: file://localhost/input/split-0009 : DEFAULT
2014-10-22 05:03:54,640+0000 DEBUG swift FILE_STAGE_IN_END file=split-0007 srchost=localhost srcdir=input srcname=split-0007 desthost=local destdir=wordCount-run001/shared/input provider=file
2014-10-22 05:03:54,640+0000 DEBUG swift FILE_STAGE_IN_START file=split-0009 srchost=localhost srcdir=input srcname=split-0009 desthost=local destdir=wordCount-run001/shared/input provider=file policy=DEFAULT
2014-10-22 05:03:54,640+0000 INFO  swift END jobid=python-sbej86zl - Staging in finished
2014-10-22 05:03:54,638+0000 INFO  LateBindingScheduler jobs queued: 5
2014-10-22 05:03:54,640+0000 DEBUG swift JOB_START jobid=python-sbej86zl tr=python arguments=[wordCount.py, input/split-0007] tmpdir=wordCount-run001/jobs/s/python-sbej86zl host=local
2014-10-22 05:03:54,641+0000 INFO  LateBindingScheduler jobs queued: 4
2014-10-22 05:03:54,641+0000 INFO  LateBindingScheduler jobs queued: 4
2014-10-22 05:03:54,641+0000 INFO  Execute JOB_TASK jobid=python-sbej86zl taskid=urn:R-7-10-1413954232450 exec=/bin/bash dir=wordCount-run001 args=shared/_swiftwrap python-sbej86zl -jobdir s -scratch  -e python -out _concurrent/wcfile-17-R/[10-19]/[10] -err stderr.txt -i -d input|_concurrent/wcfile-17-R/[10-19] -if wordCount.py|input/split-0007 -of _concurrent/wcfile-17-R/[10-19]/[10] -cf  -cdmfile -status files -a wordCount.py input/split-0007
2014-10-22 05:03:54,642+0000 DEBUG swift CDM: file://localhost/wordCount.py : DEFAULT
2014-10-22 05:03:54,642+0000 INFO  LateBindingScheduler jobs queued: 5
2014-10-22 05:03:54,642+0000 DEBUG swift CDM: file://localhost/wordCount.py : DEFAULT
2014-10-22 05:03:54,642+0000 DEBUG swift CDM: file://localhost/input/split-0000 : DEFAULT
2014-10-22 05:03:54,642+0000 INFO  LateBindingScheduler jobs queued: 5
2014-10-22 05:03:54,642+0000 DEBUG swift FILE_STAGE_IN_START file=split-0000 srchost=localhost srcdir=input srcname=split-0000 desthost=local destdir=wordCount-run001/shared/input provider=file policy=DEFAULT
2014-10-22 05:03:54,642+0000 DEBUG swift CDM: file://localhost/input/split-0005 : DEFAULT
2014-10-22 05:03:54,642+0000 INFO  LateBindingScheduler jobs queued: 6
2014-10-22 05:03:54,642+0000 DEBUG swift FILE_STAGE_IN_START file=split-0005 srchost=localhost srcdir=input srcname=split-0005 desthost=local destdir=wordCount-run001/shared/input provider=file policy=DEFAULT
2014-10-22 05:03:54,643+0000 DEBUG swift CDM: file://localhost/wordCount.py : DEFAULT
2014-10-22 05:03:54,643+0000 INFO  LateBindingScheduler jobs queued: 7
2014-10-22 05:03:54,643+0000 DEBUG swift CDM: file://localhost/input/split-0008 : DEFAULT
2014-10-22 05:03:54,643+0000 DEBUG swift FILE_STAGE_IN_START file=split-0008 srchost=localhost srcdir=input srcname=split-0008 desthost=local destdir=wordCount-run001/shared/input provider=file policy=DEFAULT
2014-10-22 05:03:54,643+0000 DEBUG swift CDM: file://localhost/wordCount.py : DEFAULT
2014-10-22 05:03:54,644+0000 INFO  LateBindingScheduler jobs queued: 4
2014-10-22 05:03:54,644+0000 DEBUG swift CDM: file://localhost/input/split-0006 : DEFAULT
2014-10-22 05:03:54,644+0000 DEBUG swift FILE_STAGE_IN_START file=split-0006 srchost=localhost srcdir=input srcname=split-0006 desthost=local destdir=wordCount-run001/shared/input provider=file policy=DEFAULT
2014-10-22 05:03:54,645+0000 INFO  LateBindingScheduler jobs queued: 5
2014-10-22 05:03:54,646+0000 INFO  LateBindingScheduler jobs queued: 5
2014-10-22 05:03:54,646+0000 DEBUG swift FILE_STAGE_IN_END file=split-0001 srchost=localhost srcdir=input srcname=split-0001 desthost=local destdir=wordCount-run001/shared/input provider=file
2014-10-22 05:03:54,647+0000 DEBUG swift FILE_STAGE_IN_END file=split-0004 srchost=localhost srcdir=input srcname=split-0004 desthost=local destdir=wordCount-run001/shared/input provider=file
2014-10-22 05:03:54,647+0000 INFO  swift END jobid=python-mbej86zl - Staging in finished
2014-10-22 05:03:54,647+0000 INFO  swift END jobid=python-qbej86zl - Staging in finished
2014-10-22 05:03:54,647+0000 DEBUG swift JOB_START jobid=python-mbej86zl tr=python arguments=[wordCount.py, input/split-0001] tmpdir=wordCount-run001/jobs/m/python-mbej86zl host=local
2014-10-22 05:03:54,647+0000 DEBUG swift JOB_START jobid=python-qbej86zl tr=python arguments=[wordCount.py, input/split-0004] tmpdir=wordCount-run001/jobs/q/python-qbej86zl host=local
2014-10-22 05:03:54,647+0000 INFO  Execute JOB_TASK jobid=python-mbej86zl taskid=urn:R-7-1-1413954232462 exec=/bin/bash dir=wordCount-run001 args=shared/_swiftwrap python-mbej86zl -jobdir m -scratch  -e python -out _concurrent/wcfile-17-R/[1] -err stderr.txt -i -d input|_concurrent/wcfile-17-R -if wordCount.py|input/split-0001 -of _concurrent/wcfile-17-R/[1] -cf  -cdmfile -status files -a wordCount.py input/split-0001
2014-10-22 05:03:54,647+0000 INFO  Execute JOB_TASK jobid=python-qbej86zl taskid=urn:R-7x2-1413954232464 exec=/bin/bash dir=wordCount-run001 args=shared/_swiftwrap python-qbej86zl -jobdir q -scratch  -e python -out _concurrent/wcfile-17-R/[7] -err stderr.txt -i -d input|_concurrent/wcfile-17-R -if wordCount.py|input/split-0004 -of _concurrent/wcfile-17-R/[7] -cf  -cdmfile -status files -a wordCount.py input/split-0004
2014-10-22 05:03:54,646+0000 INFO  LateBindingScheduler jobs queued: 5
2014-10-22 05:03:54,648+0000 INFO  LateBindingScheduler jobs queued: 7
2014-10-22 05:03:54,648+0000 INFO  LateBindingScheduler jobs queued: 7
2014-10-22 05:03:54,648+0000 DEBUG swift CDM: file://localhost/wordCount.py : DEFAULT
2014-10-22 05:03:54,648+0000 INFO  LateBindingScheduler jobs queued: 7
2014-10-22 05:03:54,648+0000 DEBUG swift CDM: file://localhost/wordCount.py : DEFAULT
2014-10-22 05:03:54,649+0000 DEBUG swift CDM: file://localhost/input/split-0002 : DEFAULT
2014-10-22 05:03:54,649+0000 DEBUG swift CDM: file://localhost/wordCount.py : DEFAULT
2014-10-22 05:03:54,649+0000 INFO  LateBindingScheduler jobs queued: 7
2014-10-22 05:03:54,649+0000 DEBUG swift CDM: file://localhost/input/split-0010 : DEFAULT
2014-10-22 05:03:54,649+0000 DEBUG swift FILE_STAGE_IN_START file=split-0010 srchost=localhost srcdir=input srcname=split-0010 desthost=local destdir=wordCount-run001/shared/input provider=file policy=DEFAULT
2014-10-22 05:03:54,650+0000 DEBUG swift FILE_STAGE_IN_START file=split-0002 srchost=localhost srcdir=input srcname=split-0002 desthost=local destdir=wordCount-run001/shared/input provider=file policy=DEFAULT
2014-10-22 05:03:54,650+0000 INFO  LateBindingScheduler jobs queued: 9
2014-10-22 05:03:54,651+0000 DEBUG swift FILE_STAGE_IN_END file=split-0009 srchost=localhost srcdir=input srcname=split-0009 desthost=local destdir=wordCount-run001/shared/input provider=file
2014-10-22 05:03:54,651+0000 INFO  swift END jobid=python-nbej86zl - Staging in finished
2014-10-22 05:03:54,651+0000 DEBUG swift JOB_START jobid=python-nbej86zl tr=python arguments=[wordCount.py, input/split-0009] tmpdir=wordCount-run001/jobs/n/python-nbej86zl host=local
2014-10-22 05:03:54,651+0000 INFO  Execute JOB_TASK jobid=python-nbej86zl taskid=urn:R-7-4-1413954232471 exec=/bin/bash dir=wordCount-run001 args=shared/_swiftwrap python-nbej86zl -jobdir n -scratch  -e python -out _concurrent/wcfile-17-R/[4] -err stderr.txt -i -d input|_concurrent/wcfile-17-R -if wordCount.py|input/split-0009 -of _concurrent/wcfile-17-R/[4] -cf  -cdmfile -status files -a wordCount.py input/split-0009
2014-10-22 05:03:54,665+0000 INFO  Execute TASK_STATUS_CHANGE taskid=urn:R-7-10-1413954232450 status=8
2014-10-22 05:03:54,669+0000 INFO  Execute TASK_STATUS_CHANGE taskid=urn:R-7-10-1413954232450 status=1
2014-10-22 05:03:54,672+0000 INFO  LateBindingScheduler jobs queued: 2
2014-10-22 05:03:54,672+0000 DEBUG swift FILE_STAGE_IN_END file=split-0000 srchost=localhost srcdir=input srcname=split-0000 desthost=local destdir=wordCount-run001/shared/input provider=file
2014-10-22 05:03:54,673+0000 INFO  swift END jobid=python-rbej86zl - Staging in finished
2014-10-22 05:03:54,673+0000 DEBUG swift JOB_START jobid=python-rbej86zl tr=python arguments=[wordCount.py, input/split-0000] tmpdir=wordCount-run001/jobs/r/python-rbej86zl host=local
2014-10-22 05:03:54,673+0000 INFO  LateBindingScheduler jobs queued: 1
2014-10-22 05:03:54,673+0000 INFO  Execute JOB_TASK jobid=python-rbej86zl taskid=urn:R-7-9-1413954232475 exec=/bin/bash dir=wordCount-run001 args=shared/_swiftwrap python-rbej86zl -jobdir r -scratch  -e python -out _concurrent/wcfile-17-R/[9] -err stderr.txt -i -d input|_concurrent/wcfile-17-R -if wordCount.py|input/split-0000 -of _concurrent/wcfile-17-R/[9] -cf  -cdmfile -status files -a wordCount.py input/split-0000
2014-10-22 05:03:54,674+0000 DEBUG swift FILE_STAGE_IN_END file=split-0005 srchost=localhost srcdir=input srcname=split-0005 desthost=local destdir=wordCount-run001/shared/input provider=file
2014-10-22 05:03:54,674+0000 INFO  swift END jobid=python-ubej86zl - Staging in finished
2014-10-22 05:03:54,674+0000 DEBUG swift JOB_START jobid=python-ubej86zl tr=python arguments=[wordCount.py, input/split-0005] tmpdir=wordCount-run001/jobs/u/python-ubej86zl host=local
2014-10-22 05:03:54,674+0000 INFO  Execute JOB_TASK jobid=python-ubej86zl taskid=urn:R-7-0-1413954232477 exec=/bin/bash dir=wordCount-run001 args=shared/_swiftwrap python-ubej86zl -jobdir u -scratch  -e python -out _concurrent/wcfile-17-R/[0] -err stderr.txt -i -d input|_concurrent/wcfile-17-R -if input/split-0005|wordCount.py -of _concurrent/wcfile-17-R/[0] -cf  -cdmfile -status files -a wordCount.py input/split-0005
2014-10-22 05:03:54,676+0000 INFO  LateBindingScheduler jobs queued: 0
2014-10-22 05:03:54,676+0000 DEBUG swift FILE_STAGE_IN_END file=split-0008 srchost=localhost srcdir=input srcname=split-0008 desthost=local destdir=wordCount-run001/shared/input provider=file
2014-10-22 05:03:54,676+0000 INFO  swift END jobid=python-tbej86zl - Staging in finished
2014-10-22 05:03:54,676+0000 DEBUG swift JOB_START jobid=python-tbej86zl tr=python arguments=[wordCount.py, input/split-0008] tmpdir=wordCount-run001/jobs/t/python-tbej86zl host=local
2014-10-22 05:03:54,677+0000 INFO  Execute JOB_TASK jobid=python-tbej86zl taskid=urn:R-7-2-1413954232480 exec=/bin/bash dir=wordCount-run001 args=shared/_swiftwrap python-tbej86zl -jobdir t -scratch  -e python -out _concurrent/wcfile-17-R/[2] -err stderr.txt -i -d input|_concurrent/wcfile-17-R -if wordCount.py|input/split-0008 -of _concurrent/wcfile-17-R/[2] -cf  -cdmfile -status files -a wordCount.py input/split-0008
2014-10-22 05:03:54,677+0000 INFO  Execute TASK_STATUS_CHANGE taskid=urn:R-7-1-1413954232462 status=8
2014-10-22 05:03:54,678+0000 INFO  LateBindingScheduler jobs queued: 0
2014-10-22 05:03:54,678+0000 DEBUG swift FILE_STAGE_IN_END file=split-0006 srchost=localhost srcdir=input srcname=split-0006 desthost=local destdir=wordCount-run001/shared/input provider=file
2014-10-22 05:03:54,679+0000 INFO  swift END jobid=python-vbej86zl - Staging in finished
2014-10-22 05:03:54,679+0000 DEBUG swift JOB_START jobid=python-vbej86zl tr=python arguments=[wordCount.py, input/split-0006] tmpdir=wordCount-run001/jobs/v/python-vbej86zl host=local
2014-10-22 05:03:54,679+0000 INFO  Execute JOB_TASK jobid=python-vbej86zl taskid=urn:R-7-3-1413954232483 exec=/bin/bash dir=wordCount-run001 args=shared/_swiftwrap python-vbej86zl -jobdir v -scratch  -e python -out _concurrent/wcfile-17-R/[3] -err stderr.txt -i -d input|_concurrent/wcfile-17-R -if input/split-0006|wordCount.py -of _concurrent/wcfile-17-R/[3] -cf  -cdmfile -status files -a wordCount.py input/split-0006
2014-10-22 05:03:54,680+0000 INFO  Execute TASK_STATUS_CHANGE taskid=urn:R-7-1-1413954232462 status=1
2014-10-22 05:03:54,680+0000 INFO  Execute TASK_STATUS_CHANGE taskid=urn:R-7x2-1413954232464 status=8
2014-10-22 05:03:54,680+0000 INFO  Execute TASK_STATUS_CHANGE taskid=urn:R-7x2-1413954232464 status=1
2014-10-22 05:03:54,680+0000 INFO  Execute TASK_STATUS_CHANGE taskid=urn:R-7-4-1413954232471 status=8
2014-10-22 05:03:54,681+0000 INFO  Execute TASK_STATUS_CHANGE taskid=urn:R-7-4-1413954232471 status=1
2014-10-22 05:03:54,686+0000 INFO  LateBindingScheduler jobs queued: 0
2014-10-22 05:03:54,687+0000 DEBUG swift FILE_STAGE_IN_END file=split-0010 srchost=localhost srcdir=input srcname=split-0010 desthost=local destdir=wordCount-run001/shared/input provider=file
2014-10-22 05:03:54,687+0000 INFO  swift END jobid=python-pbej86zl - Staging in finished
2014-10-22 05:03:54,687+0000 DEBUG swift JOB_START jobid=python-pbej86zl tr=python arguments=[wordCount.py, input/split-0010] tmpdir=wordCount-run001/jobs/p/python-pbej86zl host=local
2014-10-22 05:03:54,687+0000 INFO  Execute JOB_TASK jobid=python-pbej86zl taskid=urn:R-7-6-1413954232486 exec=/bin/bash dir=wordCount-run001 args=shared/_swiftwrap python-pbej86zl -jobdir p -scratch  -e python -out _concurrent/wcfile-17-R/[6] -err stderr.txt -i -d input|_concurrent/wcfile-17-R -if wordCount.py|input/split-0010 -of _concurrent/wcfile-17-R/[6] -cf  -cdmfile -status files -a wordCount.py input/split-0010
2014-10-22 05:03:54,690+0000 INFO  AbstractCoasterChannel TCPChannel[client, http://127.0.0.1:50010] setting name to http://127.0.0.1:50010
2014-10-22 05:03:54,697+0000 INFO  Execute TASK_STATUS_CHANGE taskid=urn:R-7-10-1413954232450 status=2
2014-10-22 05:03:54,696+0000 INFO  Execute TASK_STATUS_CHANGE taskid=urn:R-7-1-1413954232462 status=2
2014-10-22 05:03:54,694+0000 INFO  LateBindingScheduler jobs queued: 0
2014-10-22 05:03:54,693+0000 INFO  Execute TASK_STATUS_CHANGE taskid=urn:R-7x2-1413954232464 status=2
2014-10-22 05:03:54,692+0000 INFO  Execute TASK_STATUS_CHANGE taskid=urn:R-7-4-1413954232471 status=2
2014-10-22 05:03:54,690+0000 INFO  Execute TASK_STATUS_CHANGE taskid=urn:R-7-9-1413954232475 status=8
2014-10-22 05:03:54,701+0000 DEBUG swift FILE_STAGE_IN_END file=split-0002 srchost=localhost srcdir=input srcname=split-0002 desthost=local destdir=wordCount-run001/shared/input provider=file
2014-10-22 05:03:54,701+0000 INFO  swift END jobid=python-obej86zl - Staging in finished
2014-10-22 05:03:54,702+0000 DEBUG swift JOB_START jobid=python-obej86zl tr=python arguments=[wordCount.py, input/split-0002] tmpdir=wordCount-run001/jobs/o/python-obej86zl host=local
2014-10-22 05:03:54,702+0000 INFO  Execute JOB_TASK jobid=python-obej86zl taskid=urn:R-7-5-1413954232489 exec=/bin/bash dir=wordCount-run001 args=shared/_swiftwrap python-obej86zl -jobdir o -scratch  -e python -out _concurrent/wcfile-17-R/[5] -err stderr.txt -i -d input|_concurrent/wcfile-17-R -if wordCount.py|input/split-0002 -of _concurrent/wcfile-17-R/[5] -cf  -cdmfile -status files -a wordCount.py input/split-0002
2014-10-22 05:03:54,712+0000 INFO  Execute TASK_STATUS_CHANGE taskid=urn:R-7-9-1413954232475 status=1
2014-10-22 05:03:54,713+0000 INFO  Execute TASK_STATUS_CHANGE taskid=urn:R-7-0-1413954232477 status=8
2014-10-22 05:03:54,713+0000 INFO  Execute TASK_STATUS_CHANGE taskid=urn:R-7-0-1413954232477 status=1
2014-10-22 05:03:54,713+0000 INFO  Execute TASK_STATUS_CHANGE taskid=urn:R-7-2-1413954232480 status=8
2014-10-22 05:03:54,715+0000 INFO  Execute TASK_STATUS_CHANGE taskid=urn:R-7-2-1413954232480 status=1
2014-10-22 05:03:54,716+0000 INFO  Execute TASK_STATUS_CHANGE taskid=urn:R-7-3-1413954232483 status=8
2014-10-22 05:03:54,724+0000 INFO  Execute TASK_STATUS_CHANGE taskid=urn:R-7-3-1413954232483 status=1
2014-10-22 05:03:54,724+0000 INFO  Execute TASK_STATUS_CHANGE taskid=urn:R-7-6-1413954232486 status=8
2014-10-22 05:03:54,730+0000 INFO  Execute TASK_STATUS_CHANGE taskid=urn:R-7-6-1413954232486 status=1
2014-10-22 05:03:54,730+0000 INFO  Execute TASK_STATUS_CHANGE taskid=urn:R-7-5-1413954232489 status=8
2014-10-22 05:03:54,735+0000 INFO  Execute TASK_STATUS_CHANGE taskid=urn:R-7-5-1413954232489 status=1
2014-10-22 05:03:54,772+0000 INFO  Execute TASK_STATUS_CHANGE taskid=urn:R-7-2-1413954232480 status=2
2014-10-22 05:03:54,781+0000 INFO  Execute TASK_STATUS_CHANGE taskid=urn:R-7-0-1413954232477 status=2
2014-10-22 05:03:54,786+0000 INFO  Execute TASK_STATUS_CHANGE taskid=urn:R-7-9-1413954232475 status=2
2014-10-22 05:03:54,843+0000 INFO  Execute TASK_STATUS_CHANGE taskid=urn:R-7-3-1413954232483 status=2
2014-10-22 05:03:54,867+0000 INFO  Execute TASK_STATUS_CHANGE taskid=urn:R-7-5-1413954232489 status=2
2014-10-22 05:03:54,899+0000 INFO  Execute TASK_STATUS_CHANGE taskid=urn:R-7-6-1413954232486 status=2
2014-10-22 05:03:54,942+0000 INFO  AbstractTCPChannel http://127.0.0.1:50010: channel started
2014-10-22 05:03:54,949+0000 INFO  AbstractCoasterChannel Timeout check started for http://127.0.0.1:50010
2014-10-22 05:03:54,954+0000 INFO  AbstractStreamCoasterChannel Using NIO sender for http://127.0.0.1:50010
2014-10-22 05:03:55,114+0000 INFO  Execute TASK_STATUS_CHANGE taskid=urn:R-7-8-1413954232390 status=1
2014-10-22 05:03:55,117+0000 INFO  Execute TASK_STATUS_CHANGE taskid=urn:R-7-8-1413954232390 status=16 workerid=0099:000000
2014-10-22 05:03:55,120+0000 INFO  GetFileHandler Handler(tag: 4, GET) request complete; src=file://localhost//usr/local/bin/swift-trunk/libexec/_swiftwrap.staging
2014-10-22 05:03:55,160+0000 INFO  GetFileHandler Handler(tag: 4, GET) reader: LR-Handler(tag: 4, GET)
2014-10-22 05:03:55,168+0000 INFO  GetFileHandler Handler(tag: 4, GET) sending length: 6253, 183511542
2014-10-22 05:03:55,246+0000 INFO  ReadBuffer RB-LR-Handler(tag: 4, GET) will ask for 1 buffers for a size of 6253
2014-10-22 05:03:55,247+0000 INFO  ReadBuffer RB-LR-Handler(tag: 4, GET) actual allocated buffers 1(0 queued)
2014-10-22 05:03:55,247+0000 INFO  LocalIOProvider LR-Handler(tag: 4, GET) rbuf: RB-LR-Handler(tag: 4, GET)
2014-10-22 05:03:55,253+0000 INFO  GetFileHandler Handler(tag: 4, GET) unregistering (last)
2014-10-22 05:03:55,254+0000 INFO  ReadBuffer RB-LR-Handler(tag: -1, GET) de-allocating 1 buffers
2014-10-22 05:03:55,297+0000 INFO  GetFileHandler Handler(tag: 5, GET) request complete; src=file://localhost//home/ubuntu/swift-cloud-tutorial/cs553-a2/wordCount-adv/input/split-0003
2014-10-22 05:03:55,297+0000 INFO  GetFileHandler Handler(tag: 5, GET) reader: LR-Handler(tag: 5, GET)
2014-10-22 05:03:55,297+0000 INFO  GetFileHandler Handler(tag: 5, GET) sending length: 104139, 2009565035
2014-10-22 05:03:55,297+0000 INFO  ReadBuffer RB-LR-Handler(tag: 5, GET) will ask for 4 buffers for a size of 104139
2014-10-22 05:03:55,298+0000 INFO  ReadBuffer RB-LR-Handler(tag: 5, GET) actual allocated buffers 4(0 queued)
2014-10-22 05:03:55,298+0000 INFO  LocalIOProvider LR-Handler(tag: 5, GET) rbuf: RB-LR-Handler(tag: 5, GET)
2014-10-22 05:03:55,299+0000 INFO  GetFileHandler Handler(tag: 5, GET) unregistering (last)
2014-10-22 05:03:55,299+0000 INFO  ReadBuffer RB-LR-Handler(tag: -1, GET) de-allocating 4 buffers
2014-10-22 05:03:55,381+0000 INFO  GetFileHandler Handler(tag: 6, GET) request complete; src=file://localhost//home/ubuntu/swift-cloud-tutorial/cs553-a2/wordCount-adv/wordCount.py
2014-10-22 05:03:55,381+0000 INFO  GetFileHandler Handler(tag: 6, GET) reader: LR-Handler(tag: 6, GET)
2014-10-22 05:03:55,381+0000 INFO  GetFileHandler Handler(tag: 6, GET) sending length: 584, 883691634
2014-10-22 05:03:55,381+0000 INFO  ReadBuffer RB-LR-Handler(tag: 6, GET) will ask for 1 buffers for a size of 584
2014-10-22 05:03:55,381+0000 INFO  ReadBuffer RB-LR-Handler(tag: 6, GET) actual allocated buffers 1(0 queued)
2014-10-22 05:03:55,382+0000 INFO  LocalIOProvider LR-Handler(tag: 6, GET) rbuf: RB-LR-Handler(tag: 6, GET)
2014-10-22 05:03:55,383+0000 INFO  GetFileHandler Handler(tag: 6, GET) unregistering (last)
2014-10-22 05:03:55,383+0000 INFO  ReadBuffer RB-LR-Handler(tag: -1, GET) de-allocating 1 buffers
2014-10-22 05:03:55,435+0000 INFO  LateBindingScheduler jobs queued: 0
2014-10-22 05:03:55,435+0000 INFO  Execute TASK_STATUS_CHANGE taskid=urn:R-7-4-1413954232471 status=7
2014-10-22 05:03:55,436+0000 DEBUG swift START jobid=python-nbej86zl
2014-10-22 05:03:55,437+0000 INFO  LateBindingScheduler jobs queued: 0
2014-10-22 05:03:55,437+0000 INFO  swift SUCCESS jobid=python-nbej86zl - Success file found
2014-10-22 05:03:55,437+0000 DEBUG swift STAGING_OUT jobid=python-nbej86zl
2014-10-22 05:03:55,437+0000 INFO  swift START jobid=python-nbej86zl - Staging out files
2014-10-22 05:03:55,437+0000 DEBUG swift stageouts: [file://localhost/_concurrent/wcfile-17-R/[4]]
2014-10-22 05:03:55,439+0000 DEBUG swift FILE_STAGE_OUT_START srcname=[4] srcdir=wordCount-run001/shared/_concurrent/wcfile-17-R srchost=local destdir=_concurrent/wcfile-17-R desthost=localhost provider=file jobid=python-nbej86zl
2014-10-22 05:03:55,440+0000 INFO  LateBindingScheduler jobs queued: 0
2014-10-22 05:03:55,441+0000 DEBUG swift CDM: file://localhost/_concurrent/wcfile-17-R/[4] : DEFAULT
2014-10-22 05:03:55,448+0000 INFO  LateBindingScheduler jobs queued: 0
2014-10-22 05:03:55,449+0000 DEBUG swift FILE_STAGE_OUT_END srcname=[4] srcdir=wordCount-run001/shared/_concurrent/wcfile-17-R srchost=local destdir=_concurrent/wcfile-17-R desthost=localhost provider=file
2014-10-22 05:03:55,449+0000 INFO  LateBindingScheduler jobs queued: 0
2014-10-22 05:03:55,450+0000 INFO  swift END jobid=python-nbej86zl - Staging out finished
2014-10-22 05:03:55,451+0000 INFO  LateBindingScheduler jobs queued: 0
2014-10-22 05:03:55,451+0000 INFO  Execute TASK_STATUS_CHANGE taskid=urn:R-7-1-1413954232462 status=7
2014-10-22 05:03:55,452+0000 DEBUG swift START jobid=python-mbej86zl
2014-10-22 05:03:55,452+0000 INFO  LateBindingScheduler jobs queued: 0
2014-10-22 05:03:55,452+0000 INFO  swift SUCCESS jobid=python-mbej86zl - Success file found
2014-10-22 05:03:55,452+0000 DEBUG swift STAGING_OUT jobid=python-mbej86zl
2014-10-22 05:03:55,453+0000 INFO  swift START jobid=python-mbej86zl - Staging out files
2014-10-22 05:03:55,453+0000 DEBUG swift stageouts: [file://localhost/_concurrent/wcfile-17-R/[1]]
2014-10-22 05:03:55,453+0000 DEBUG swift FILE_STAGE_OUT_START srcname=[1] srcdir=wordCount-run001/shared/_concurrent/wcfile-17-R srchost=local destdir=_concurrent/wcfile-17-R desthost=localhost provider=file jobid=python-mbej86zl
2014-10-22 05:03:55,454+0000 INFO  LateBindingScheduler jobs queued: 0
2014-10-22 05:03:55,454+0000 DEBUG swift CDM: file://localhost/_concurrent/wcfile-17-R/[1] : DEFAULT
2014-10-22 05:03:55,456+0000 INFO  LateBindingScheduler jobs queued: 0
2014-10-22 05:03:55,457+0000 DEBUG swift JOB_END jobid=python-nbej86zl
2014-10-22 05:03:55,457+0000 INFO  swift END_SUCCESS thread=R-7-4 tr=python
2014-10-22 05:03:55,457+0000 DEBUG swift PROCEDURE_END line=6 thread=R-7-4 name=wordCount
2014-10-22 05:03:55,457+0000 DEBUG swift FOREACH_IT_END line=21 thread=R-7-4
2014-10-22 05:03:55,469+0000 INFO  Execute TASK_STATUS_CHANGE taskid=urn:R-7-8-1413954232390 status=2 workerid=0099:000000
2014-10-22 05:03:55,471+0000 INFO  LateBindingScheduler jobs queued: 0
2014-10-22 05:03:55,471+0000 DEBUG swift FILE_STAGE_OUT_END srcname=[1] srcdir=wordCount-run001/shared/_concurrent/wcfile-17-R srchost=local destdir=_concurrent/wcfile-17-R desthost=localhost provider=file
2014-10-22 05:03:55,472+0000 INFO  LateBindingScheduler jobs queued: 0
2014-10-22 05:03:55,473+0000 INFO  swift END jobid=python-mbej86zl - Staging out finished
2014-10-22 05:03:55,483+0000 INFO  LateBindingScheduler jobs queued: 0
2014-10-22 05:03:55,487+0000 DEBUG swift JOB_END jobid=python-mbej86zl
2014-10-22 05:03:55,488+0000 INFO  swift END_SUCCESS thread=R-7-1 tr=python
2014-10-22 05:03:55,488+0000 DEBUG swift PROCEDURE_END line=6 thread=R-7-1 name=wordCount
2014-10-22 05:03:55,488+0000 DEBUG swift FOREACH_IT_END line=21 thread=R-7-1
2014-10-22 05:03:55,491+0000 INFO  LateBindingScheduler jobs queued: 0
2014-10-22 05:03:55,491+0000 INFO  Execute TASK_STATUS_CHANGE taskid=urn:R-7-9-1413954232475 status=7
2014-10-22 05:03:55,492+0000 DEBUG swift START jobid=python-rbej86zl
2014-10-22 05:03:55,492+0000 INFO  LateBindingScheduler jobs queued: 0
2014-10-22 05:03:55,494+0000 INFO  swift SUCCESS jobid=python-rbej86zl - Success file found
2014-10-22 05:03:55,494+0000 DEBUG swift STAGING_OUT jobid=python-rbej86zl
2014-10-22 05:03:55,494+0000 INFO  swift START jobid=python-rbej86zl - Staging out files
2014-10-22 05:03:55,494+0000 DEBUG swift stageouts: [file://localhost/_concurrent/wcfile-17-R/[9]]
2014-10-22 05:03:55,494+0000 DEBUG swift FILE_STAGE_OUT_START srcname=[9] srcdir=wordCount-run001/shared/_concurrent/wcfile-17-R srchost=local destdir=_concurrent/wcfile-17-R desthost=localhost provider=file jobid=python-rbej86zl
2014-10-22 05:03:55,495+0000 INFO  LateBindingScheduler jobs queued: 0
2014-10-22 05:03:55,495+0000 DEBUG swift CDM: file://localhost/_concurrent/wcfile-17-R/[9] : DEFAULT
2014-10-22 05:03:55,506+0000 INFO  LateBindingScheduler jobs queued: 0
2014-10-22 05:03:55,507+0000 DEBUG swift FILE_STAGE_OUT_END srcname=[9] srcdir=wordCount-run001/shared/_concurrent/wcfile-17-R srchost=local destdir=_concurrent/wcfile-17-R desthost=localhost provider=file
2014-10-22 05:03:55,507+0000 INFO  LateBindingScheduler jobs queued: 0
2014-10-22 05:03:55,508+0000 INFO  swift END jobid=python-rbej86zl - Staging out finished
2014-10-22 05:03:55,509+0000 INFO  LateBindingScheduler jobs queued: 1
2014-10-22 05:03:55,509+0000 INFO  Execute TASK_STATUS_CHANGE taskid=urn:R-7-10-1413954232450 status=7
2014-10-22 05:03:55,509+0000 DEBUG swift START jobid=python-sbej86zl
2014-10-22 05:03:55,510+0000 INFO  LateBindingScheduler jobs queued: 0
2014-10-22 05:03:55,510+0000 INFO  swift SUCCESS jobid=python-sbej86zl - Success file found
2014-10-22 05:03:55,510+0000 DEBUG swift STAGING_OUT jobid=python-sbej86zl
2014-10-22 05:03:55,510+0000 INFO  swift START jobid=python-sbej86zl - Staging out files
2014-10-22 05:03:55,510+0000 DEBUG swift stageouts: [file://localhost/_concurrent/wcfile-17-R/[10-19]/[10]]
2014-10-22 05:03:55,510+0000 DEBUG swift FILE_STAGE_OUT_START srcname=[10] srcdir=wordCount-run001/shared/_concurrent/wcfile-17-R/[10-19] srchost=local destdir=_concurrent/wcfile-17-R/[10-19] desthost=localhost provider=file jobid=python-sbej86zl
2014-10-22 05:03:55,511+0000 INFO  LateBindingScheduler jobs queued: 0
2014-10-22 05:03:55,511+0000 DEBUG swift CDM: file://localhost/_concurrent/wcfile-17-R/[10-19]/[10] : DEFAULT
2014-10-22 05:03:55,512+0000 INFO  LateBindingScheduler jobs queued: 0
2014-10-22 05:03:55,512+0000 INFO  Execute TASK_STATUS_CHANGE taskid=urn:R-7x2-1413954232464 status=7
2014-10-22 05:03:55,512+0000 DEBUG swift START jobid=python-qbej86zl
2014-10-22 05:03:55,514+0000 INFO  LateBindingScheduler jobs queued: 0
2014-10-22 05:03:55,515+0000 INFO  swift SUCCESS jobid=python-qbej86zl - Success file found
2014-10-22 05:03:55,515+0000 DEBUG swift STAGING_OUT jobid=python-qbej86zl
2014-10-22 05:03:55,515+0000 INFO  swift START jobid=python-qbej86zl - Staging out files
2014-10-22 05:03:55,515+0000 DEBUG swift stageouts: [file://localhost/_concurrent/wcfile-17-R/[7]]
2014-10-22 05:03:55,515+0000 DEBUG swift FILE_STAGE_OUT_START srcname=[7] srcdir=wordCount-run001/shared/_concurrent/wcfile-17-R srchost=local destdir=_concurrent/wcfile-17-R desthost=localhost provider=file jobid=python-qbej86zl
2014-10-22 05:03:55,515+0000 INFO  LateBindingScheduler jobs queued: 0
2014-10-22 05:03:55,516+0000 INFO  Execute TASK_STATUS_CHANGE taskid=urn:R-7-2-1413954232480 status=7
2014-10-22 05:03:55,516+0000 DEBUG swift START jobid=python-tbej86zl
2014-10-22 05:03:55,517+0000 INFO  Execute TASK_STATUS_CHANGE taskid=urn:R-7-8-1413954232390 status=17
2014-10-22 05:03:55,518+0000 INFO  PutFileHandler Handler(tag: 9, PUT) source: /tmp/swiftwork/wordCount-run001/jobs/l/python-lbej86zl/wrapper.log
2014-10-22 05:03:55,519+0000 INFO  PutFileHandler Handler(tag: 9, PUT) destination: file://localhost/run001/wordCount-run001.d/python-lbej86zl.info
2014-10-22 05:03:55,521+0000 INFO  LateBindingScheduler jobs queued: 0
2014-10-22 05:03:55,521+0000 INFO  PutFileHandler Handler(tag: 9, PUT) Transfer done
2014-10-22 05:03:55,521+0000 INFO  LateBindingScheduler jobs queued: 0
2014-10-22 05:03:55,522+0000 DEBUG swift CDM: file://localhost/_concurrent/wcfile-17-R/[7] : DEFAULT
2014-10-22 05:03:55,522+0000 INFO  PutFileHandler Handler(tag: 10, PUT) source: /tmp/swiftwork/wordCount-run001/jobs/l/python-lbej86zl/_concurrent/wcfile-17-R/[8]
2014-10-22 05:03:55,522+0000 INFO  PutFileHandler Handler(tag: 10, PUT) destination: file://localhost//home/ubuntu/swift-cloud-tutorial/cs553-a2/wordCount-adv/_concurrent/wcfile-17-R/[8]
2014-10-22 05:03:55,522+0000 INFO  swift SUCCESS jobid=python-tbej86zl - Success file found
2014-10-22 05:03:55,522+0000 DEBUG swift STAGING_OUT jobid=python-tbej86zl
2014-10-22 05:03:55,522+0000 INFO  swift START jobid=python-tbej86zl - Staging out files
2014-10-22 05:03:55,522+0000 DEBUG swift stageouts: [file://localhost/_concurrent/wcfile-17-R/[2]]
2014-10-22 05:03:55,522+0000 INFO  PutFileHandler Handler(tag: 10, PUT) Transfer done
2014-10-22 05:03:55,522+0000 DEBUG swift FILE_STAGE_OUT_START srcname=[2] srcdir=wordCount-run001/shared/_concurrent/wcfile-17-R srchost=local destdir=_concurrent/wcfile-17-R desthost=localhost provider=file jobid=python-tbej86zl
2014-10-22 05:03:55,524+0000 INFO  LateBindingScheduler jobs queued: 0
2014-10-22 05:03:55,525+0000 DEBUG swift CDM: file://localhost/_concurrent/wcfile-17-R/[2] : DEFAULT
2014-10-22 05:03:55,528+0000 INFO  LateBindingScheduler jobs queued: 0
2014-10-22 05:03:55,528+0000 INFO  LateBindingScheduler jobs queued: 0
2014-10-22 05:03:55,528+0000 DEBUG swift JOB_END jobid=python-rbej86zl
2014-10-22 05:03:55,529+0000 INFO  swift END_SUCCESS thread=R-7-9 tr=python
2014-10-22 05:03:55,529+0000 DEBUG swift FILE_STAGE_OUT_END srcname=[10] srcdir=wordCount-run001/shared/_concurrent/wcfile-17-R/[10-19] srchost=local destdir=_concurrent/wcfile-17-R/[10-19] desthost=localhost provider=file
2014-10-22 05:03:55,529+0000 DEBUG swift PROCEDURE_END line=6 thread=R-7-9 name=wordCount
2014-10-22 05:03:55,529+0000 DEBUG swift FOREACH_IT_END line=21 thread=R-7-9
2014-10-22 05:03:55,532+0000 INFO  LateBindingScheduler jobs queued: 0
2014-10-22 05:03:55,532+0000 INFO  swift END jobid=python-sbej86zl - Staging out finished
2014-10-22 05:03:55,534+0000 INFO  LateBindingScheduler jobs queued: 0
2014-10-22 05:03:55,535+0000 DEBUG swift FILE_STAGE_OUT_END srcname=[7] srcdir=wordCount-run001/shared/_concurrent/wcfile-17-R srchost=local destdir=_concurrent/wcfile-17-R desthost=localhost provider=file
2014-10-22 05:03:55,535+0000 INFO  LateBindingScheduler jobs queued: 0
2014-10-22 05:03:55,536+0000 INFO  swift END jobid=python-qbej86zl - Staging out finished
2014-10-22 05:03:55,537+0000 INFO  LateBindingScheduler jobs queued: 0
2014-10-22 05:03:55,537+0000 DEBUG swift JOB_END jobid=python-sbej86zl
2014-10-22 05:03:55,537+0000 INFO  swift END_SUCCESS thread=R-7-10 tr=python
2014-10-22 05:03:55,538+0000 DEBUG swift PROCEDURE_END line=6 thread=R-7-10 name=wordCount
2014-10-22 05:03:55,538+0000 DEBUG swift FOREACH_IT_END line=21 thread=R-7-10
2014-10-22 05:03:55,555+0000 INFO  LateBindingScheduler jobs queued: 0
2014-10-22 05:03:55,555+0000 INFO  Execute TASK_STATUS_CHANGE taskid=urn:R-7-5-1413954232489 status=7
2014-10-22 05:03:55,556+0000 INFO  LateBindingScheduler jobs queued: 0
2014-10-22 05:03:55,556+0000 INFO  Execute TASK_STATUS_CHANGE taskid=urn:R-7-3-1413954232483 status=7
2014-10-22 05:03:55,556+0000 INFO  LateBindingScheduler jobs queued: 0
2014-10-22 05:03:55,556+0000 DEBUG swift START jobid=python-obej86zl
2014-10-22 05:03:55,557+0000 DEBUG swift START jobid=python-vbej86zl
2014-10-22 05:03:55,557+0000 DEBUG swift FILE_STAGE_OUT_END srcname=[2] srcdir=wordCount-run001/shared/_concurrent/wcfile-17-R srchost=local destdir=_concurrent/wcfile-17-R desthost=localhost provider=file
2014-10-22 05:03:55,558+0000 INFO  LateBindingScheduler jobs queued: 0
2014-10-22 05:03:55,558+0000 INFO  LateBindingScheduler jobs queued: 0
2014-10-22 05:03:55,558+0000 INFO  LateBindingScheduler jobs queued: 0
2014-10-22 05:03:55,558+0000 INFO  LateBindingScheduler jobs queued: 0
2014-10-22 05:03:55,558+0000 INFO  swift SUCCESS jobid=python-obej86zl - Success file found
2014-10-22 05:03:55,558+0000 DEBUG swift STAGING_OUT jobid=python-obej86zl
2014-10-22 05:03:55,558+0000 INFO  swift START jobid=python-obej86zl - Staging out files
2014-10-22 05:03:55,559+0000 DEBUG swift stageouts: [file://localhost/_concurrent/wcfile-17-R/[5]]
2014-10-22 05:03:55,559+0000 DEBUG swift JOB_END jobid=python-qbej86zl
2014-10-22 05:03:55,559+0000 INFO  swift SUCCESS jobid=python-vbej86zl - Success file found
2014-10-22 05:03:55,559+0000 DEBUG swift STAGING_OUT jobid=python-vbej86zl
2014-10-22 05:03:55,559+0000 INFO  swift END_SUCCESS thread=R-7x2 tr=python
2014-10-22 05:03:55,559+0000 INFO  swift START jobid=python-vbej86zl - Staging out files
2014-10-22 05:03:55,559+0000 DEBUG swift stageouts: [file://localhost/_concurrent/wcfile-17-R/[3]]
2014-10-22 05:03:55,559+0000 DEBUG swift PROCEDURE_END line=6 thread=R-7x2 name=wordCount
2014-10-22 05:03:55,559+0000 DEBUG swift FOREACH_IT_END line=21 thread=R-7x2
2014-10-22 05:03:55,559+0000 DEBUG swift FILE_STAGE_OUT_START srcname=[5] srcdir=wordCount-run001/shared/_concurrent/wcfile-17-R srchost=local destdir=_concurrent/wcfile-17-R desthost=localhost provider=file jobid=python-obej86zl
2014-10-22 05:03:55,559+0000 DEBUG swift FILE_STAGE_OUT_START srcname=[3] srcdir=wordCount-run001/shared/_concurrent/wcfile-17-R srchost=local destdir=_concurrent/wcfile-17-R desthost=localhost provider=file jobid=python-vbej86zl
2014-10-22 05:03:55,560+0000 INFO  swift END jobid=python-tbej86zl - Staging out finished
2014-10-22 05:03:55,561+0000 INFO  LateBindingScheduler jobs queued: 0
2014-10-22 05:03:55,561+0000 INFO  LateBindingScheduler jobs queued: 0
2014-10-22 05:03:55,561+0000 DEBUG swift CDM: file://localhost/_concurrent/wcfile-17-R/[3] : DEFAULT
2014-10-22 05:03:55,561+0000 DEBUG swift CDM: file://localhost/_concurrent/wcfile-17-R/[5] : DEFAULT
2014-10-22 05:03:55,563+0000 INFO  LateBindingScheduler jobs queued: 0
2014-10-22 05:03:55,563+0000 DEBUG swift FILE_STAGE_OUT_END srcname=[5] srcdir=wordCount-run001/shared/_concurrent/wcfile-17-R srchost=local destdir=_concurrent/wcfile-17-R desthost=localhost provider=file
2014-10-22 05:03:55,564+0000 INFO  LateBindingScheduler jobs queued: 0
2014-10-22 05:03:55,564+0000 INFO  LateBindingScheduler jobs queued: 0
2014-10-22 05:03:55,564+0000 INFO  swift END jobid=python-obej86zl - Staging out finished
2014-10-22 05:03:55,564+0000 INFO  LateBindingScheduler jobs queued: 1
2014-10-22 05:03:55,565+0000 DEBUG swift JOB_END jobid=python-tbej86zl
2014-10-22 05:03:55,565+0000 INFO  swift END_SUCCESS thread=R-7-2 tr=python
2014-10-22 05:03:55,565+0000 DEBUG swift PROCEDURE_END line=6 thread=R-7-2 name=wordCount
2014-10-22 05:03:55,565+0000 DEBUG swift FOREACH_IT_END line=21 thread=R-7-2
2014-10-22 05:03:55,567+0000 INFO  RuntimeStats$ProgressTicker HeapMax: 954728448, CrtHeap: 75497472, UsedHeap: 15676768, JVMThreads: 42
2014-10-22 05:03:55,567+0000 INFO  RuntimeStats$ProgressTicker   Active:2  Stage out:3  Finished successfully:6
2014-10-22 05:03:55,569+0000 DEBUG swift FILE_STAGE_OUT_END srcname=[3] srcdir=wordCount-run001/shared/_concurrent/wcfile-17-R srchost=local destdir=_concurrent/wcfile-17-R desthost=localhost provider=file
2014-10-22 05:03:55,569+0000 INFO  LateBindingScheduler jobs queued: 0
2014-10-22 05:03:55,571+0000 INFO  LateBindingScheduler jobs queued: 0
2014-10-22 05:03:55,572+0000 DEBUG swift JOB_END jobid=python-obej86zl
2014-10-22 05:03:55,572+0000 INFO  swift END_SUCCESS thread=R-7-5 tr=python
2014-10-22 05:03:55,572+0000 DEBUG swift PROCEDURE_END line=6 thread=R-7-5 name=wordCount
2014-10-22 05:03:55,572+0000 DEBUG swift FOREACH_IT_END line=21 thread=R-7-5
2014-10-22 05:03:55,574+0000 INFO  swift END jobid=python-vbej86zl - Staging out finished
2014-10-22 05:03:55,575+0000 INFO  LateBindingScheduler jobs queued: 0
2014-10-22 05:03:55,575+0000 DEBUG swift JOB_END jobid=python-vbej86zl
2014-10-22 05:03:55,575+0000 INFO  swift END_SUCCESS thread=R-7-3 tr=python
2014-10-22 05:03:55,576+0000 DEBUG swift PROCEDURE_END line=6 thread=R-7-3 name=wordCount
2014-10-22 05:03:55,576+0000 DEBUG swift FOREACH_IT_END line=21 thread=R-7-3
2014-10-22 05:03:55,576+0000 INFO  LateBindingScheduler jobs queued: 0
2014-10-22 05:03:55,576+0000 INFO  Execute TASK_STATUS_CHANGE taskid=urn:R-7-0-1413954232477 status=7
2014-10-22 05:03:55,577+0000 DEBUG swift START jobid=python-ubej86zl
2014-10-22 05:03:55,577+0000 INFO  LateBindingScheduler jobs queued: 0
2014-10-22 05:03:55,577+0000 INFO  Execute TASK_STATUS_CHANGE taskid=urn:R-7-6-1413954232486 status=7
2014-10-22 05:03:55,577+0000 INFO  LateBindingScheduler jobs queued: 0
2014-10-22 05:03:55,577+0000 DEBUG swift START jobid=python-pbej86zl
2014-10-22 05:03:55,577+0000 INFO  swift SUCCESS jobid=python-ubej86zl - Success file found
2014-10-22 05:03:55,578+0000 DEBUG swift STAGING_OUT jobid=python-ubej86zl
2014-10-22 05:03:55,578+0000 INFO  swift START jobid=python-ubej86zl - Staging out files
2014-10-22 05:03:55,578+0000 DEBUG swift stageouts: [file://localhost/_concurrent/wcfile-17-R/[0]]
2014-10-22 05:03:55,578+0000 DEBUG swift FILE_STAGE_OUT_START srcname=[0] srcdir=wordCount-run001/shared/_concurrent/wcfile-17-R srchost=local destdir=_concurrent/wcfile-17-R desthost=localhost provider=file jobid=python-ubej86zl
2014-10-22 05:03:55,578+0000 INFO  LateBindingScheduler jobs queued: 0
2014-10-22 05:03:55,578+0000 DEBUG swift CDM: file://localhost/_concurrent/wcfile-17-R/[0] : DEFAULT
2014-10-22 05:03:55,578+0000 INFO  LateBindingScheduler jobs queued: 0
2014-10-22 05:03:55,579+0000 INFO  swift SUCCESS jobid=python-pbej86zl - Success file found
2014-10-22 05:03:55,579+0000 DEBUG swift STAGING_OUT jobid=python-pbej86zl
2014-10-22 05:03:55,579+0000 INFO  swift START jobid=python-pbej86zl - Staging out files
2014-10-22 05:03:55,579+0000 DEBUG swift stageouts: [file://localhost/_concurrent/wcfile-17-R/[6]]
2014-10-22 05:03:55,579+0000 DEBUG swift FILE_STAGE_OUT_START srcname=[6] srcdir=wordCount-run001/shared/_concurrent/wcfile-17-R srchost=local destdir=_concurrent/wcfile-17-R desthost=localhost provider=file jobid=python-pbej86zl
2014-10-22 05:03:55,579+0000 INFO  LateBindingScheduler jobs queued: 0
2014-10-22 05:03:55,579+0000 DEBUG swift CDM: file://localhost/_concurrent/wcfile-17-R/[6] : DEFAULT
2014-10-22 05:03:55,581+0000 INFO  LateBindingScheduler jobs queued: 0
2014-10-22 05:03:55,581+0000 DEBUG swift FILE_STAGE_OUT_END srcname=[6] srcdir=wordCount-run001/shared/_concurrent/wcfile-17-R srchost=local destdir=_concurrent/wcfile-17-R desthost=localhost provider=file
2014-10-22 05:03:55,582+0000 INFO  LateBindingScheduler jobs queued: 0
2014-10-22 05:03:55,582+0000 INFO  LateBindingScheduler jobs queued: 0
2014-10-22 05:03:55,582+0000 DEBUG swift FILE_STAGE_OUT_END srcname=[0] srcdir=wordCount-run001/shared/_concurrent/wcfile-17-R srchost=local destdir=_concurrent/wcfile-17-R desthost=localhost provider=file
2014-10-22 05:03:55,582+0000 INFO  swift END jobid=python-pbej86zl - Staging out finished
2014-10-22 05:03:55,583+0000 INFO  LateBindingScheduler jobs queued: 0
2014-10-22 05:03:55,584+0000 INFO  swift END jobid=python-ubej86zl - Staging out finished
2014-10-22 05:03:55,585+0000 INFO  LateBindingScheduler jobs queued: 0
2014-10-22 05:03:55,585+0000 INFO  LateBindingScheduler jobs queued: 0
2014-10-22 05:03:55,585+0000 DEBUG swift JOB_END jobid=python-ubej86zl
2014-10-22 05:03:55,586+0000 INFO  swift END_SUCCESS thread=R-7-0 tr=python
2014-10-22 05:03:55,586+0000 DEBUG swift PROCEDURE_END line=6 thread=R-7-0 name=wordCount
2014-10-22 05:03:55,586+0000 DEBUG swift FOREACH_IT_END line=21 thread=R-7-0
2014-10-22 05:03:55,586+0000 DEBUG swift JOB_END jobid=python-pbej86zl
2014-10-22 05:03:55,586+0000 INFO  swift END_SUCCESS thread=R-7-6 tr=python
2014-10-22 05:03:55,586+0000 DEBUG swift PROCEDURE_END line=6 thread=R-7-6 name=wordCount
2014-10-22 05:03:55,586+0000 DEBUG swift FOREACH_IT_END line=21 thread=R-7-6
2014-10-22 05:03:55,609+0000 INFO  LateBindingScheduler jobs queued: 0
2014-10-22 05:03:55,609+0000 INFO  Execute TASK_STATUS_CHANGE taskid=urn:R-7-8-1413954232390 status=7
2014-10-22 05:03:55,611+0000 DEBUG swift JOB_END jobid=python-lbej86zl
2014-10-22 05:03:55,611+0000 INFO  swift END_SUCCESS thread=R-7-8 tr=python
2014-10-22 05:03:55,611+0000 DEBUG swift PROCEDURE_END line=6 thread=R-7-8 name=wordCount
2014-10-22 05:03:55,611+0000 DEBUG swift FOREACH_IT_END line=21 thread=R-7-8
2014-10-22 05:03:55,612+0000 DEBUG swift THREAD_ASSOCIATION jobid=m_script-xbej86zl thread=R-8 host=cloud-static replicationGroup=null
2014-10-22 05:03:55,614+0000 DEBUG swift JOB_START jobid=m_script-xbej86zl tr=m_script arguments=[_concurrent/wcfile-17-R/[0], _concurrent/wcfile-17-R/[1], _concurrent/wcfile-17-R/[2], _concurrent/wcfile-17-R/[3], _concurrent/wcfile-17-R/[4], _concurrent/wcfile-17-R/[5], _concurrent/wcfile-17-R/[6], _concurrent/wcfile-17-R/[7], _concurrent/wcfile-17-R/[8], _concurrent/wcfile-17-R/[9], _concurrent/wcfile-17-R/[10-19]/[10]] tmpdir=wordCount-run001/jobs/x/m_script-xbej86zl host=cloud-static
2014-10-22 05:03:55,614+0000 INFO  Execute JOB_TASK jobid=m_script-xbej86zl taskid=urn:R-8-1413954232612 exec=/bin/bash dir=wordCount-run001/jobs/x/m_script-xbej86zl args=_swiftwrap.staging -e m_script -out output/result.txt -err stderr.txt -i -d _concurrent/wcfile-17-R|_concurrent/wcfile-17-R/[10-19]|output -if _concurrent/wcfile-17-R/[9]|_concurrent/wcfile-17-R/[5]|_concurrent/wcfile-17-R/[0]|_concurrent/wcfile-17-R/[10-19]/[10]|_concurrent/wcfile-17-R/[1]|_concurrent/wcfile-17-R/[4]|_concurrent/wcfile-17-R/[6]|_concurrent/wcfile-17-R/[3]|merge.py|_concurrent/wcfile-17-R/[7]|_concurrent/wcfile-17-R/[2]|_concurrent/wcfile-17-R/[8] -of output/result.txt -cf  -cdmfile  -status provider -a _concurrent/wcfile-17-R/[0] _concurrent/wcfile-17-R/[1] _concurrent/wcfile-17-R/[2] _concurrent/wcfile-17-R/[3] _concurrent/wcfile-17-R/[4] _concurrent/wcfile-17-R/[5] _concurrent/wcfile-17-R/[6] _concurrent/wcfile-17-R/[7] _concurrent/wcfile-17-R/[8] _concurrent/wcfile-17-R/[9] _concurrent/wcfile-17-R/[10-19]/[10]
2014-10-22 05:03:55,615+0000 INFO  Execute TASK_STATUS_CHANGE taskid=urn:R-8-1413954232612 status=8
2014-10-22 05:03:55,705+0000 INFO  Execute TASK_STATUS_CHANGE taskid=urn:R-8-1413954232612 status=1
2014-10-22 05:03:55,706+0000 INFO  Execute TASK_STATUS_CHANGE taskid=urn:R-8-1413954232612 status=16 workerid=0099:000000
2014-10-22 05:03:55,707+0000 INFO  GetFileHandler Handler(tag: 15, GET) request complete; src=file://localhost//usr/local/bin/swift-trunk/libexec/_swiftwrap.staging
2014-10-22 05:03:55,707+0000 INFO  GetFileHandler Handler(tag: 15, GET) reader: LR-Handler(tag: 15, GET)
2014-10-22 05:03:55,707+0000 INFO  GetFileHandler Handler(tag: 15, GET) sending length: 6253, 582399713
2014-10-22 05:03:55,707+0000 INFO  ReadBuffer RB-LR-Handler(tag: 15, GET) will ask for 1 buffers for a size of 6253
2014-10-22 05:03:55,707+0000 INFO  GetFileHandler Handler(tag: 15, GET) unregistering (last)
2014-10-22 05:03:55,707+0000 INFO  ReadBuffer RB-LR-Handler(tag: -1, GET) actual allocated buffers 1(0 queued)
2014-10-22 05:03:55,707+0000 INFO  ReadBuffer RB-LR-Handler(tag: -1, GET) de-allocating 1 buffers
2014-10-22 05:03:55,707+0000 INFO  LocalIOProvider LR-Handler(tag: -1, GET) rbuf: RB-LR-Handler(tag: -1, GET)
2014-10-22 05:03:55,789+0000 INFO  GetFileHandler Handler(tag: 16, GET) request complete; src=file://localhost//home/ubuntu/swift-cloud-tutorial/cs553-a2/wordCount-adv/_concurrent/wcfile-17-R/[7]
2014-10-22 05:03:55,789+0000 INFO  GetFileHandler Handler(tag: 16, GET) reader: LR-Handler(tag: 16, GET)
2014-10-22 05:03:55,789+0000 INFO  GetFileHandler Handler(tag: 16, GET) sending length: 8755, 1691486715
2014-10-22 05:03:55,789+0000 INFO  ReadBuffer RB-LR-Handler(tag: 16, GET) will ask for 1 buffers for a size of 8755
2014-10-22 05:03:55,790+0000 INFO  ReadBuffer RB-LR-Handler(tag: 16, GET) actual allocated buffers 1(0 queued)
2014-10-22 05:03:55,790+0000 INFO  LocalIOProvider LR-Handler(tag: 16, GET) rbuf: RB-LR-Handler(tag: 16, GET)
2014-10-22 05:03:55,790+0000 INFO  GetFileHandler Handler(tag: 16, GET) unregistering (last)
2014-10-22 05:03:55,790+0000 INFO  ReadBuffer RB-LR-Handler(tag: -1, GET) de-allocating 1 buffers
2014-10-22 05:03:55,869+0000 INFO  GetFileHandler Handler(tag: 17, GET) request complete; src=file://localhost//home/ubuntu/swift-cloud-tutorial/cs553-a2/wordCount-adv/merge.py
2014-10-22 05:03:55,869+0000 INFO  GetFileHandler Handler(tag: 17, GET) reader: LR-Handler(tag: 17, GET)
2014-10-22 05:03:55,869+0000 INFO  GetFileHandler Handler(tag: 17, GET) sending length: 655, 2107780682
2014-10-22 05:03:55,869+0000 INFO  ReadBuffer RB-LR-Handler(tag: 17, GET) will ask for 1 buffers for a size of 655
2014-10-22 05:03:55,869+0000 INFO  ReadBuffer RB-LR-Handler(tag: 17, GET) actual allocated buffers 1(0 queued)
2014-10-22 05:03:55,869+0000 INFO  LocalIOProvider LR-Handler(tag: 17, GET) rbuf: RB-LR-Handler(tag: 17, GET)
2014-10-22 05:03:55,869+0000 INFO  GetFileHandler Handler(tag: 17, GET) unregistering (last)
2014-10-22 05:03:55,869+0000 INFO  ReadBuffer RB-LR-Handler(tag: -1, GET) de-allocating 1 buffers
2014-10-22 05:03:55,953+0000 INFO  GetFileHandler Handler(tag: 18, GET) request complete; src=file://localhost//home/ubuntu/swift-cloud-tutorial/cs553-a2/wordCount-adv/_concurrent/wcfile-17-R/[6]
2014-10-22 05:03:55,953+0000 INFO  GetFileHandler Handler(tag: 18, GET) reader: LR-Handler(tag: 18, GET)
2014-10-22 05:03:55,953+0000 INFO  GetFileHandler Handler(tag: 18, GET) sending length: 8541, 1857568867
2014-10-22 05:03:55,953+0000 INFO  ReadBuffer RB-LR-Handler(tag: 18, GET) will ask for 1 buffers for a size of 8541
2014-10-22 05:03:55,953+0000 INFO  GetFileHandler Handler(tag: 18, GET) unregistering (last)
2014-10-22 05:03:55,954+0000 INFO  ReadBuffer RB-LR-Handler(tag: -1, GET) actual allocated buffers 1(0 queued)
2014-10-22 05:03:55,954+0000 INFO  LocalIOProvider LR-Handler(tag: -1, GET) rbuf: RB-LR-Handler(tag: -1, GET)
2014-10-22 05:03:55,954+0000 INFO  ReadBuffer RB-LR-Handler(tag: -1, GET) de-allocating 1 buffers
2014-10-22 05:03:56,033+0000 INFO  GetFileHandler Handler(tag: 19, GET) request complete; src=file://localhost//home/ubuntu/swift-cloud-tutorial/cs553-a2/wordCount-adv/_concurrent/wcfile-17-R/[8]
2014-10-22 05:03:56,033+0000 INFO  GetFileHandler Handler(tag: 19, GET) reader: LR-Handler(tag: 19, GET)
2014-10-22 05:03:56,033+0000 INFO  GetFileHandler Handler(tag: 19, GET) sending length: 8771, 2060207812
2014-10-22 05:03:56,033+0000 INFO  ReadBuffer RB-LR-Handler(tag: 19, GET) will ask for 1 buffers for a size of 8771
2014-10-22 05:03:56,034+0000 INFO  ReadBuffer RB-LR-Handler(tag: 19, GET) actual allocated buffers 1(0 queued)
2014-10-22 05:03:56,034+0000 INFO  LocalIOProvider LR-Handler(tag: 19, GET) rbuf: RB-LR-Handler(tag: 19, GET)
2014-10-22 05:03:56,034+0000 INFO  GetFileHandler Handler(tag: 19, GET) unregistering (last)
2014-10-22 05:03:56,034+0000 INFO  ReadBuffer RB-LR-Handler(tag: -1, GET) de-allocating 1 buffers
2014-10-22 05:03:56,113+0000 INFO  GetFileHandler Handler(tag: 20, GET) request complete; src=file://localhost//home/ubuntu/swift-cloud-tutorial/cs553-a2/wordCount-adv/_concurrent/wcfile-17-R/[1]
2014-10-22 05:03:56,113+0000 INFO  GetFileHandler Handler(tag: 20, GET) reader: LR-Handler(tag: 20, GET)
2014-10-22 05:03:56,113+0000 INFO  GetFileHandler Handler(tag: 20, GET) sending length: 9772, 2111575312
2014-10-22 05:03:56,113+0000 INFO  ReadBuffer RB-LR-Handler(tag: 20, GET) will ask for 1 buffers for a size of 9772
2014-10-22 05:03:56,113+0000 INFO  GetFileHandler Handler(tag: 20, GET) unregistering (last)
2014-10-22 05:03:56,115+0000 INFO  ReadBuffer RB-LR-Handler(tag: -1, GET) actual allocated buffers 1(0 queued)
2014-10-22 05:03:56,115+0000 INFO  LocalIOProvider LR-Handler(tag: -1, GET) rbuf: RB-LR-Handler(tag: -1, GET)
2014-10-22 05:03:56,115+0000 INFO  ReadBuffer RB-LR-Handler(tag: -1, GET) de-allocating 1 buffers
2014-10-22 05:03:56,197+0000 INFO  GetFileHandler Handler(tag: 21, GET) request complete; src=file://localhost//home/ubuntu/swift-cloud-tutorial/cs553-a2/wordCount-adv/_concurrent/wcfile-17-R/[2]
2014-10-22 05:03:56,197+0000 INFO  GetFileHandler Handler(tag: 21, GET) reader: LR-Handler(tag: 21, GET)
2014-10-22 05:03:56,197+0000 INFO  GetFileHandler Handler(tag: 21, GET) sending length: 8754, 702253464
2014-10-22 05:03:56,197+0000 INFO  ReadBuffer RB-LR-Handler(tag: 21, GET) will ask for 1 buffers for a size of 8754
2014-10-22 05:03:56,197+0000 INFO  ReadBuffer RB-LR-Handler(tag: 21, GET) actual allocated buffers 1(0 queued)
2014-10-22 05:03:56,197+0000 INFO  LocalIOProvider LR-Handler(tag: 21, GET) rbuf: RB-LR-Handler(tag: 21, GET)
2014-10-22 05:03:56,197+0000 INFO  GetFileHandler Handler(tag: 21, GET) unregistering (last)
2014-10-22 05:03:56,198+0000 INFO  ReadBuffer RB-LR-Handler(tag: -1, GET) de-allocating 1 buffers
2014-10-22 05:03:56,277+0000 INFO  GetFileHandler Handler(tag: 22, GET) request complete; src=file://localhost//home/ubuntu/swift-cloud-tutorial/cs553-a2/wordCount-adv/_concurrent/wcfile-17-R/[5]
2014-10-22 05:03:56,277+0000 INFO  GetFileHandler Handler(tag: 22, GET) reader: LR-Handler(tag: 22, GET)
2014-10-22 05:03:56,277+0000 INFO  GetFileHandler Handler(tag: 22, GET) sending length: 10181, 157889199
2014-10-22 05:03:56,277+0000 INFO  ReadBuffer RB-LR-Handler(tag: 22, GET) will ask for 1 buffers for a size of 10181
2014-10-22 05:03:56,278+0000 INFO  ReadBuffer RB-LR-Handler(tag: 22, GET) actual allocated buffers 1(0 queued)
2014-10-22 05:03:56,278+0000 INFO  LocalIOProvider LR-Handler(tag: 22, GET) rbuf: RB-LR-Handler(tag: 22, GET)
2014-10-22 05:03:56,278+0000 INFO  GetFileHandler Handler(tag: 22, GET) unregistering (last)
2014-10-22 05:03:56,278+0000 INFO  ReadBuffer RB-LR-Handler(tag: -1, GET) de-allocating 1 buffers
2014-10-22 05:03:56,357+0000 INFO  GetFileHandler Handler(tag: 23, GET) request complete; src=file://localhost//home/ubuntu/swift-cloud-tutorial/cs553-a2/wordCount-adv/_concurrent/wcfile-17-R/[0]
2014-10-22 05:03:56,357+0000 INFO  GetFileHandler Handler(tag: 23, GET) reader: LR-Handler(tag: 23, GET)
2014-10-22 05:03:56,357+0000 INFO  GetFileHandler Handler(tag: 23, GET) sending length: 8456, 1166156498
2014-10-22 05:03:56,357+0000 INFO  ReadBuffer RB-LR-Handler(tag: 23, GET) will ask for 1 buffers for a size of 8456
2014-10-22 05:03:56,357+0000 INFO  ReadBuffer RB-LR-Handler(tag: 23, GET) actual allocated buffers 1(0 queued)
2014-10-22 05:03:56,358+0000 INFO  LocalIOProvider LR-Handler(tag: 23, GET) rbuf: RB-LR-Handler(tag: 23, GET)
2014-10-22 05:03:56,358+0000 INFO  GetFileHandler Handler(tag: 23, GET) unregistering (last)
2014-10-22 05:03:56,358+0000 INFO  ReadBuffer RB-LR-Handler(tag: -1, GET) de-allocating 1 buffers
2014-10-22 05:03:56,441+0000 INFO  GetFileHandler Handler(tag: 24, GET) request complete; src=file://localhost//home/ubuntu/swift-cloud-tutorial/cs553-a2/wordCount-adv/_concurrent/wcfile-17-R/[3]
2014-10-22 05:03:56,441+0000 INFO  GetFileHandler Handler(tag: 24, GET) reader: LR-Handler(tag: 24, GET)
2014-10-22 05:03:56,441+0000 INFO  GetFileHandler Handler(tag: 24, GET) sending length: 8177, 2004236437
2014-10-22 05:03:56,442+0000 INFO  ReadBuffer RB-LR-Handler(tag: 24, GET) will ask for 1 buffers for a size of 8177
2014-10-22 05:03:56,442+0000 INFO  ReadBuffer RB-LR-Handler(tag: 24, GET) actual allocated buffers 1(0 queued)
2014-10-22 05:03:56,442+0000 INFO  LocalIOProvider LR-Handler(tag: 24, GET) rbuf: RB-LR-Handler(tag: 24, GET)
2014-10-22 05:03:56,442+0000 INFO  GetFileHandler Handler(tag: 24, GET) unregistering (last)
2014-10-22 05:03:56,442+0000 INFO  ReadBuffer RB-LR-Handler(tag: -1, GET) de-allocating 1 buffers
2014-10-22 05:03:56,521+0000 INFO  GetFileHandler Handler(tag: 25, GET) request complete; src=file://localhost//home/ubuntu/swift-cloud-tutorial/cs553-a2/wordCount-adv/_concurrent/wcfile-17-R/[4]
2014-10-22 05:03:56,521+0000 INFO  GetFileHandler Handler(tag: 25, GET) reader: LR-Handler(tag: 25, GET)
2014-10-22 05:03:56,521+0000 INFO  GetFileHandler Handler(tag: 25, GET) sending length: 8549, 1420129087
2014-10-22 05:03:56,521+0000 INFO  ReadBuffer RB-LR-Handler(tag: 25, GET) will ask for 1 buffers for a size of 8549
2014-10-22 05:03:56,522+0000 INFO  GetFileHandler Handler(tag: 25, GET) unregistering (last)
2014-10-22 05:03:56,522+0000 INFO  ReadBuffer RB-LR-Handler(tag: -1, GET) actual allocated buffers 1(0 queued)
2014-10-22 05:03:56,522+0000 INFO  LocalIOProvider LR-Handler(tag: -1, GET) rbuf: RB-LR-Handler(tag: -1, GET)
2014-10-22 05:03:56,522+0000 INFO  ReadBuffer RB-LR-Handler(tag: -1, GET) de-allocating 1 buffers
2014-10-22 05:03:56,567+0000 INFO  RuntimeStats$ProgressTicker HeapMax: 954728448, CrtHeap: 75497472, UsedHeap: 17539528, JVMThreads: 40
2014-10-22 05:03:56,567+0000 INFO  RuntimeStats$ProgressTicker   Stage in:1  Finished successfully:11
2014-10-22 05:03:56,601+0000 INFO  GetFileHandler Handler(tag: 26, GET) request complete; src=file://localhost//home/ubuntu/swift-cloud-tutorial/cs553-a2/wordCount-adv/_concurrent/wcfile-17-R/[9]
2014-10-22 05:03:56,601+0000 INFO  GetFileHandler Handler(tag: 26, GET) reader: LR-Handler(tag: 26, GET)
2014-10-22 05:03:56,601+0000 INFO  GetFileHandler Handler(tag: 26, GET) sending length: 8121, 795371741
2014-10-22 05:03:56,601+0000 INFO  ReadBuffer RB-LR-Handler(tag: 26, GET) will ask for 1 buffers for a size of 8121
2014-10-22 05:03:56,601+0000 INFO  GetFileHandler Handler(tag: 26, GET) unregistering (last)
2014-10-22 05:03:56,602+0000 INFO  ReadBuffer RB-LR-Handler(tag: -1, GET) actual allocated buffers 1(0 queued)
2014-10-22 05:03:56,602+0000 INFO  ReadBuffer RB-LR-Handler(tag: -1, GET) de-allocating 1 buffers
2014-10-22 05:03:56,602+0000 INFO  LocalIOProvider LR-Handler(tag: -1, GET) rbuf: RB-LR-Handler(tag: -1, GET)
2014-10-22 05:03:56,685+0000 INFO  GetFileHandler Handler(tag: 27, GET) request complete; src=file://localhost//home/ubuntu/swift-cloud-tutorial/cs553-a2/wordCount-adv/_concurrent/wcfile-17-R/[10-19]/[10]
2014-10-22 05:03:56,686+0000 INFO  GetFileHandler Handler(tag: 27, GET) reader: LR-Handler(tag: 27, GET)
2014-10-22 05:03:56,686+0000 INFO  GetFileHandler Handler(tag: 27, GET) sending length: 8496, 2072984835
2014-10-22 05:03:56,686+0000 INFO  ReadBuffer RB-LR-Handler(tag: 27, GET) will ask for 1 buffers for a size of 8496
2014-10-22 05:03:56,686+0000 INFO  GetFileHandler Handler(tag: 27, GET) unregistering (last)
2014-10-22 05:03:56,689+0000 INFO  ReadBuffer RB-LR-Handler(tag: -1, GET) actual allocated buffers 1(0 queued)
2014-10-22 05:03:56,689+0000 INFO  LocalIOProvider LR-Handler(tag: -1, GET) rbuf: RB-LR-Handler(tag: -1, GET)
2014-10-22 05:03:56,689+0000 INFO  ReadBuffer RB-LR-Handler(tag: -1, GET) de-allocating 1 buffers
2014-10-22 05:03:56,769+0000 INFO  Execute TASK_STATUS_CHANGE taskid=urn:R-8-1413954232612 status=2 workerid=0099:000000
2014-10-22 05:03:56,770+0000 INFO  Execute TASK_STATUS_CHANGE taskid=urn:R-8-1413954232612 status=17
2014-10-22 05:03:56,770+0000 INFO  PutFileHandler Handler(tag: 30, PUT) source: /tmp/swiftwork/wordCount-run001/jobs/x/m_script-xbej86zl/wrapper.log
2014-10-22 05:03:56,770+0000 INFO  PutFileHandler Handler(tag: 30, PUT) destination: file://localhost/run001/wordCount-run001.d/m_script-xbej86zl.info
2014-10-22 05:03:56,771+0000 INFO  PutFileHandler Handler(tag: 30, PUT) Transfer done
2014-10-22 05:03:56,771+0000 INFO  PutFileHandler Handler(tag: 31, PUT) source: /tmp/swiftwork/wordCount-run001/jobs/x/m_script-xbej86zl/wrapper.error
2014-10-22 05:03:56,771+0000 INFO  PutFileHandler Handler(tag: 31, PUT) destination: file://localhost/run001/wordCount-run001.d/m_script-xbej86zl.error
2014-10-22 05:03:56,771+0000 INFO  PutFileHandler Handler(tag: 31, PUT) Transfer done
2014-10-22 05:03:56,869+0000 INFO  Execute TASK_STATUS_CHANGE taskid=urn:R-8-1413954232612 status=5 Block task failed: Connection to worker lost
java.io.EOFException
	at org.globus.cog.coaster.channels.AbstractStreamCoasterChannel.readFromChannel(AbstractStreamCoasterChannel.java:253)
	at org.globus.cog.coaster.channels.AbstractStreamCoasterChannel.stepNIO(AbstractStreamCoasterChannel.java:186)
	at org.globus.cog.coaster.channels.NIOMultiplexer.loop(NIOMultiplexer.java:116)
	at org.globus.cog.coaster.channels.NIOMultiplexer.run(NIOMultiplexer.java:75)

2014-10-22 05:03:56,872+0000 INFO  LateBindingScheduler jobs queued: 0
2014-10-22 05:03:56,872+0000 INFO  ResourceUpdateHandler job-capacity: 2
2014-10-22 05:03:56,874+0000 INFO  LateBindingScheduler jobs queued: 0
2014-10-22 05:03:56,880+0000 INFO  LateBindingScheduler jobs queued: 0
2014-10-22 05:03:56,882+0000 DEBUG swift APPLICATION_EXCEPTION jobid=m_script-xbej86zl - Application exception: Block task failed: Connection to worker lost
java.io.EOFException
	at org.globus.cog.coaster.channels.AbstractStreamCoasterChannel.readFromChannel(AbstractStreamCoasterChannel.java:253)
	at org.globus.cog.coaster.channels.AbstractStreamCoasterChannel.stepNIO(AbstractStreamCoasterChannel.java:186)
	at org.globus.cog.coaster.channels.NIOMultiplexer.loop(NIOMultiplexer.java:116)
	at org.globus.cog.coaster.channels.NIOMultiplexer.run(NIOMultiplexer.java:75)


2014-10-22 05:03:56,883+0000 INFO  RemoteLogHandler WORKER_LOST blockid=0099 id=000000
2014-10-22 05:03:56,883+0000 INFO  swift END_FAILURE thread=R-8 tr=m_script
2014-10-22 05:03:56,884+0000 INFO  Loader Swift finished with errors
