Swift trunk git-rev: 2d334140f2c288e5aeb3d354de0ecda35b4b3aac heads/master 6130 (modified locally)
RunID: run001
Warning: The @ syntax for function invocation is deprecated
Progress: Wed, 22 Oct 2014 05:03:54+0000
test
Progress: Wed, 22 Oct 2014 05:03:55+0000  Active:2  Stage out:3  Finished successfully:6
Progress: Wed, 22 Oct 2014 05:03:56+0000  Stage in:1  Finished successfully:11

Execution failed:
Exception in m_script:
    Arguments: [_concurrent/wcfile-17-R/[0] _concurrent/wcfile-17-R/[1] _concurrent/wcfile-17-R/[2] _concurrent/wcfile-17-R/[3] _concurrent/wcfile-17-R/[4] _concurrent/wcfile-17-R/[5] _concurrent/wcfile-17-R/[6] _concurrent/wcfile-17-R/[7] _concurrent/wcfile-17-R/[8] _concurrent/wcfile-17-R/[9] _concurrent/wcfile-17-R/[10-19]/[10]]
    Host: cloud-static
    Directory: wordCount-run001/jobs/x/m_script-xbej86zl
	exception @ swift-int-staging.k, line: 167
Caused by: Block task failed: Connection to worker lost
java.io.EOFException
	at org.globus.cog.coaster.channels.AbstractStreamCoasterChannel.readFromChannel(AbstractStreamCoasterChannel.java:253)
	at org.globus.cog.coaster.channels.AbstractStreamCoasterChannel.stepNIO(AbstractStreamCoasterChannel.java:186)
	at org.globus.cog.coaster.channels.NIOMultiplexer.loop(NIOMultiplexer.java:116)
	at org.globus.cog.coaster.channels.NIOMultiplexer.run(NIOMultiplexer.java:75)


	k:assign @ swift.k, line: 171
Caused by: Exception in m_script:
    Arguments: [_concurrent/wcfile-17-R/[0] _concurrent/wcfile-17-R/[1] _concurrent/wcfile-17-R/[2] _concurrent/wcfile-17-R/[3] _concurrent/wcfile-17-R/[4] _concurrent/wcfile-17-R/[5] _concurrent/wcfile-17-R/[6] _concurrent/wcfile-17-R/[7] _concurrent/wcfile-17-R/[8] _concurrent/wcfile-17-R/[9] _concurrent/wcfile-17-R/[10-19]/[10]]
    Host: cloud-static
    Directory: wordCount-run001/jobs/x/m_script-xbej86zl
	exception @ swift-int-staging.k, line: 167
Caused by: Block task failed: Connection to worker lost
java.io.EOFException
	at org.globus.cog.coaster.channels.AbstractStreamCoasterChannel.readFromChannel(AbstractStreamCoasterChannel.java:253)
	at org.globus.cog.coaster.channels.AbstractStreamCoasterChannel.stepNIO(AbstractStreamCoasterChannel.java:186)
	at org.globus.cog.coaster.channels.NIOMultiplexer.loop(NIOMultiplexer.java:116)
	at org.globus.cog.coaster.channels.NIOMultiplexer.run(NIOMultiplexer.java:75)


