checking for paramfile
no paramfile: using command line arguments
Progress  2014-10-23 05:00:53.348983309+0000  LOG_START

_____________________________________________________________________________

        Wrapper (_swiftwrap.staging)
_____________________________________________________________________________

python -out /s3/wordCount-s3fs-mapreduce/output/result-4.txt -err stderr.txt -i -d /s3/wordCount-s3fs-mapreduce/output/9|/s3/wordCount-s3fs-mapreduce/output/8|/s3/wordCount-s3fs-mapreduce/output|/s3/wordCount-s3fs-mapreduce/output/7|/s3/wordCount-s3fs-mapreduce/output/10|/s3/wordCount-s3fs-mapreduce/output/2|/s3/wordCount-s3fs-mapreduce/output/1|/s3/wordCount-s3fs-mapreduce/output/0|/s3/wordCount-s3fs-mapreduce/output/6|/s3/wordCount-s3fs-mapreduce/output/5|/s3/wordCount-s3fs-mapreduce/output/4|/s3/wordCount-s3fs-mapreduce/output/3 -if /s3/wordCount-s3fs-mapreduce/output/8/4.txt|/s3/wordCount-s3fs-mapreduce/output/9/4.txt|/s3/wordCount-s3fs-mapreduce/output/1/4.txt|/s3/wordCount-s3fs-mapreduce/output/0/4.txt|/s3/wordCount-s3fs-mapreduce/output/3/4.txt|/s3/wordCount-s3fs-mapreduce/output/2/4.txt|/s3/wordCount-s3fs-mapreduce/output/5/4.txt|/s3/wordCount-s3fs-mapreduce/output/4/4.txt|/s3/wordCount-s3fs-mapreduce/output/7/4.txt|/s3/wordCount-s3fs-mapreduce/output/10/4.txt|/s3/wordCount-s3fs-mapreduce/output/6/4.txt -of /s3/wordCount-s3fs-mapreduce/output/result-4.txt -cf -cdmfile -status provider -a /s3/wordCount-s3fs-mapreduce/merge.py /s3/wordCount-s3fs-mapreduce/output/0/4.txt /s3/wordCount-s3fs-mapreduce/output/1/4.txt /s3/wordCount-s3fs-mapreduce/output/2/4.txt /s3/wordCount-s3fs-mapreduce/output/3/4.txt /s3/wordCount-s3fs-mapreduce/output/4/4.txt /s3/wordCount-s3fs-mapreduce/output/5/4.txt /s3/wordCount-s3fs-mapreduce/output/6/4.txt /s3/wordCount-s3fs-mapreduce/output/7/4.txt /s3/wordCount-s3fs-mapreduce/output/8/4.txt /s3/wordCount-s3fs-mapreduce/output/9/4.txt /s3/wordCount-s3fs-mapreduce/output/10/4.txt
PWD=/s3/wordCount-s3fs-mapreduce/wordCount-run003/jobs/b/python-bt8yu7zl
EXEC=/usr/bin/python
STDIN=
STDOUT=/s3/wordCount-s3fs-mapreduce/output/result-4.txt
STDERR=stderr.txt
DIRS=/s3/wordCount-s3fs-mapreduce/output/9|/s3/wordCount-s3fs-mapreduce/output/8|/s3/wordCount-s3fs-mapreduce/output|/s3/wordCount-s3fs-mapreduce/output/7|/s3/wordCount-s3fs-mapreduce/output/10|/s3/wordCount-s3fs-mapreduce/output/2|/s3/wordCount-s3fs-mapreduce/output/1|/s3/wordCount-s3fs-mapreduce/output/0|/s3/wordCount-s3fs-mapreduce/output/6|/s3/wordCount-s3fs-mapreduce/output/5|/s3/wordCount-s3fs-mapreduce/output/4|/s3/wordCount-s3fs-mapreduce/output/3
INF=/s3/wordCount-s3fs-mapreduce/output/8/4.txt|/s3/wordCount-s3fs-mapreduce/output/9/4.txt|/s3/wordCount-s3fs-mapreduce/output/1/4.txt|/s3/wordCount-s3fs-mapreduce/output/0/4.txt|/s3/wordCount-s3fs-mapreduce/output/3/4.txt|/s3/wordCount-s3fs-mapreduce/output/2/4.txt|/s3/wordCount-s3fs-mapreduce/output/5/4.txt|/s3/wordCount-s3fs-mapreduce/output/4/4.txt|/s3/wordCount-s3fs-mapreduce/output/7/4.txt|/s3/wordCount-s3fs-mapreduce/output/10/4.txt|/s3/wordCount-s3fs-mapreduce/output/6/4.txt
OUTF=/s3/wordCount-s3fs-mapreduce/output/result-4.txt
COLLECT=
ARGS=/s3/wordCount-s3fs-mapreduce/merge.py /s3/wordCount-s3fs-mapreduce/output/0/4.txt /s3/wordCount-s3fs-mapreduce/output/1/4.txt /s3/wordCount-s3fs-mapreduce/output/2/4.txt /s3/wordCount-s3fs-mapreduce/output/3/4.txt /s3/wordCount-s3fs-mapreduce/output/4/4.txt /s3/wordCount-s3fs-mapreduce/output/5/4.txt /s3/wordCount-s3fs-mapreduce/output/6/4.txt /s3/wordCount-s3fs-mapreduce/output/7/4.txt /s3/wordCount-s3fs-mapreduce/output/8/4.txt /s3/wordCount-s3fs-mapreduce/output/9/4.txt /s3/wordCount-s3fs-mapreduce/output/10/4.txt
ARGC=12
Progress  2014-10-23 05:00:53.951266613+0000  CREATE_INPUTDIR
Created output directory: /s3/wordCount-s3fs-mapreduce/output/9
Created output directory: /s3/wordCount-s3fs-mapreduce/output/8
Created output directory: /s3/wordCount-s3fs-mapreduce/output
Created output directory: /s3/wordCount-s3fs-mapreduce/output/7
Created output directory: /s3/wordCount-s3fs-mapreduce/output/10
Created output directory: /s3/wordCount-s3fs-mapreduce/output/2
Created output directory: /s3/wordCount-s3fs-mapreduce/output/1
Created output directory: /s3/wordCount-s3fs-mapreduce/output/0
Created output directory: /s3/wordCount-s3fs-mapreduce/output/6
Created output directory: /s3/wordCount-s3fs-mapreduce/output/5
Created output directory: /s3/wordCount-s3fs-mapreduce/output/4
Created output directory: /s3/wordCount-s3fs-mapreduce/output/3
Progress  2014-10-23 05:00:54.757731923+0000  EXECUTE
Progress  2014-10-23 05:00:57.602871716+0000  EXECUTE_DONE
Job ran successfully
Progress  2014-10-23 05:00:57.678418983+0000  END
