checking for paramfile
no paramfile: using command line arguments
Progress  2014-10-23 04:59:27.693967985+0000  LOG_START

_____________________________________________________________________________

        Wrapper (_swiftwrap.staging)
_____________________________________________________________________________

python -out stdout.txt -err stderr.txt -i -d /s3/wordCount-s3fs-mapreduce/output/2|/s3/wordCount-s3fs-mapreduce/input -if /s3/wordCount-s3fs-mapreduce/input/split-0002 -of -cf /s3/wordCount-s3fs-mapreduce/output/2/*.txt -cdmfile -status provider -a /s3/wordCount-s3fs-mapreduce/wordCount.py 2 16 /s3/wordCount-s3fs-mapreduce/input/split-0002
PWD=/s3/wordCount-s3fs-mapreduce/wordCount-run003/jobs/v/python-vs8yu7zl
EXEC=/usr/bin/python
STDIN=
STDOUT=stdout.txt
STDERR=stderr.txt
DIRS=/s3/wordCount-s3fs-mapreduce/output/2|/s3/wordCount-s3fs-mapreduce/input
INF=/s3/wordCount-s3fs-mapreduce/input/split-0002
OUTF=
COLLECT=/s3/wordCount-s3fs-mapreduce/output/2/*.txt
ARGS=/s3/wordCount-s3fs-mapreduce/wordCount.py 2 16 /s3/wordCount-s3fs-mapreduce/input/split-0002
ARGC=4
Progress  2014-10-23 04:59:28.442212149+0000  CREATE_INPUTDIR
Created output directory: /s3/wordCount-s3fs-mapreduce/output/2
Created output directory: /s3/wordCount-s3fs-mapreduce/input
Progress  2014-10-23 04:59:29.243648115+0000  EXECUTE
Progress  2014-10-23 04:59:35.261234829+0000  COLLECT
Collect list is /s3/wordCount-s3fs-mapreduce/output/2/*.txt
Collecting /s3/wordCount-s3fs-mapreduce/output/2/*.txt
Progress  2014-10-23 04:59:35.680367105+0000  EXECUTE_DONE
Job ran successfully
Progress  2014-10-23 04:59:35.734515871+0000  END
