2014-10-23 02:01:33,289+0000 INFO  Loader JAVA Oracle Corporation Java HotSpot(TM) 64-Bit Server VM 1.7.0_51
2014-10-23 02:01:33,294+0000 INFO  Loader VERSION Swift trunk git-rev: 2d334140f2c288e5aeb3d354de0ecda35b4b3aac heads/master 6130 (modified locally)
2014-10-23 02:01:33,294+0000 INFO  Loader RUN_ID run002
2014-10-23 02:01:33,294+0000 INFO  Loader ARGUMENTS [-runid, run002, -logfile, /home/ubuntu/swift-cloud-tutorial/cs553-a2/wordCount-mapreduce/run002/swift.log, wordCount.swift]
2014-10-23 02:01:33,294+0000 INFO  Loader MAX_HEAP 954728448
2014-10-23 02:01:33,294+0000 INFO  Loader GLOBUS_HOSTNAME ip-172-31-3-79
2014-10-23 02:01:33,295+0000 INFO  Loader CWD /home/ubuntu/swift-cloud-tutorial/cs553-a2/wordCount-mapreduce/.
2014-10-23 02:01:33,297+0000 DEBUG Loader SWIFT_CONFIGURATION 
[D] /usr/local/bin/swift-trunk/etc/swift.conf
[R] swift.conf
[C] <Command Line>
{
    TCPPortRange: "50000, 50100"                            # [D] line 27
    alwaysTransferWrapperLog: true                          # [R] line 44
    executionRetries: 0                                     # [R] line 41
    fileOperationsThrottle: 8                               # [D] line 121
    fileTransfersThrottle: 4                                # [D] line 107
    hostJobSubmitThrottle: 2                                # [D] line 95
    jobSubmitThrottle: 4                                    # [D] line 83
    keepSiteDir: true                                       # [R] line 42
    lazyErrors: false                                       # [R] line 40
    logProvenance: false                                    # [D] line 200
    maxForeachThreads: 16384                                # [D] line 194
    providerStagingPinSwiftFiles: false                     # [R] line 43
    replicationEnabled: false                               # [D] line 146
    replicationLimit: 3                                     # [D] line 157
    replicationMinQueueTime: 60                             # [D] line 153
	site {
		cloud-static {
            app.python.executable: "/usr/bin/python"        # [R] line 31
			execution {
                URL: "http://127.0.0.1:50010"               # [R] line 23
                jobManager: "local:local"                   # [R] line 24
				options {
                    maxJobs: 10                             # [R] line 26
                    tasksPerNode: 4                         # [R] line 27
				}
                type: "coaster-persistent"                  # [R] line 22
			}
            filesystem.type: "local"                        # [R] line 35
            initialParallelTasks: 20                        # [R] line 33
            maxParallelTasks: 20                            # [R] line 34
            staging: "local"                                # [R] line 37
            workDirectory: "/tmp/swiftwork"                 # [R] line 36
		}
		local {
            app.f_script.executable: "/home/ubuntu/swift-cloud-tutorial/cs553-a2/wordCount-mapreduce/final.sh"# [C]
			execution {
                URL: "localhost"                            # [R] line 10
                type: "local"                               # [R] line 9
			}
			filesystem {
                URL: "localhost"                            # [R] line 6
                type: "local"                               # [R] line 5
			}
            initialParallelTasks: 31                        # [R] line 17
            maxParallelTasks: 32                            # [R] line 16
            workDirectory: "/tmp/ubuntu/swiftwork"          # [C]
		}
	}
    sites: [local, cloud-static]                            # [R] line 1
    tracingEnabled: false                                   # [D] line 51
}

2014-10-23 02:01:33,300+0000 DEBUG textfiles BEGIN SWIFTSCRIPT:
type file;

file wc_script <"wordCount.py">;
file m_script <"merge.py">;
file f_py <"final.py">;

app (file outfile[]) wordCount (file infile, int index, int reduceNum, file wc_script)
{
    python @wc_script index reduceNum @infile;
}

app (file outfile) merge (file[] infiles, file m_script)
{
    python @m_script @filenames(infiles) stdout=@outfile;
}

app (file outfile) final (file[] infiles, file f_py)
{
    f_script @filenames(infiles) stdout=@outfile;
}

int reduceNum = toInt(arg("reduceNum",   "16"));

file infile[] <filesys_mapper;pattern="split-*", location="input">;

tracef("test\n");

file reduceinfiles[][];

foreach f,i in infile {
//    tracef("%s\n",@f);
    string loc="output/"+toString(i);
    tracef("infile location=%s\n",loc);
    file interfiles[] <filesys_mapper; pattern="*.txt", location=loc>;
    interfiles=wordCount(f,i,reduceNum,wc_script);
    foreach ff in interfiles {
        reduceinfiles[toInt(@ff)][i]=ff;
    }
}

file finalinputs[];

foreach i in [0:reduceNum] {
    string ofn="output/result-"+toString(i)+".txt";
    tracef("reduceNum ofn=%s\n",ofn);
    file mfile <single_file_mapper;file=ofn>;
    mfile=merge(reduceinfiles[i],m_script);
    finalinputs[i]=mfile;
}

file ffile <"output/finalresult.txt">;

ffile=merge(finalinputs, f_py);


2014-10-23 02:01:33,300+0000 DEBUG textfiles END SWIFTSCRIPT:
2014-10-23 02:01:33,300+0000 INFO  Loader wordCount.swift: source file is new. Recompiling.
2014-10-23 02:01:34,272+0000 INFO  Warnings Warning: The @ syntax for function invocation is deprecated
2014-10-23 02:01:35,338+0000 INFO  Loader RUN_START
2014-10-23 02:01:35,341+0000 INFO  SwiftExecutor swift.home = /usr/local/bin/swift-trunk
2014-10-23 02:01:35,371+0000 INFO  AbstractScheduler Setting resources to: {cloud-static=cloud-static, local=local}
2014-10-23 02:01:35,380+0000 INFO  GlobalSubmitQueue No global submit throttle set. Using default (1024)
2014-10-23 02:01:35,411+0000 INFO  LateBindingScheduler jobs queued: 0
2014-10-23 02:01:35,412+0000 INFO  LateBindingScheduler jobs queued: 0
2014-10-23 02:01:35,432+0000 INFO  RuntimeStats$ProgressTicker HeapMax: 954728448, CrtHeap: 75497472, UsedHeap: 22787272, JVMThreads: 14
2014-10-23 02:01:35,433+0000 INFO  RuntimeStats$ProgressTicker 
2014-10-23 02:01:35,435+0000 DEBUG swift INTERNALPROC_START thread=R-3 name=tracef
2014-10-23 02:01:35,435+0000 INFO  Tracef test

2014-10-23 02:01:35,436+0000 DEBUG swift INTERNALPROC_END thread=R-3 name=tracef
2014-10-23 02:01:35,443+0000 DEBUG swift FOREACH_IT_START line=30 thread=R-4-1
2014-10-23 02:01:35,444+0000 DEBUG swift FOREACH_IT_START line=30 thread=R-4-0
2014-10-23 02:01:35,444+0000 DEBUG swift PROCEDURE line=12 thread=R-6 name=merge
2014-10-23 02:01:35,444+0000 DEBUG swift FOREACH_IT_START line=30 thread=R-4-2
2014-10-23 02:01:35,447+0000 DEBUG swift FOREACH_IT_START line=30 thread=R-4-3
2014-10-23 02:01:35,447+0000 DEBUG swift SCOPE thread=R-4-3
2014-10-23 02:01:35,447+0000 DEBUG swift SCOPE thread=R-4-2
2014-10-23 02:01:35,447+0000 DEBUG swift FOREACH_IT_START line=30 thread=R-4x2
2014-10-23 02:01:35,447+0000 DEBUG swift SCOPE thread=R-4x2
2014-10-23 02:01:35,448+0000 DEBUG swift FOREACH_IT_START line=30 thread=R-4-5
2014-10-23 02:01:35,448+0000 DEBUG swift SCOPE thread=R-4-5
2014-10-23 02:01:35,448+0000 DEBUG swift FOREACH_IT_START line=30 thread=R-4-6
2014-10-23 02:01:35,448+0000 DEBUG swift FOREACH_IT_START line=30 thread=R-4-7
2014-10-23 02:01:35,448+0000 DEBUG swift SCOPE thread=R-4-7
2014-10-23 02:01:35,448+0000 DEBUG swift FOREACH_IT_START line=30 thread=R-4-8
2014-10-23 02:01:35,448+0000 DEBUG swift SCOPE thread=R-4-8
2014-10-23 02:01:35,449+0000 DEBUG swift FOREACH_IT_START line=30 thread=R-4-9
2014-10-23 02:01:35,449+0000 DEBUG swift SCOPE thread=R-4-9
2014-10-23 02:01:35,449+0000 DEBUG swift FOREACH_IT_START line=30 thread=R-4-10
2014-10-23 02:01:35,449+0000 DEBUG swift SCOPE thread=R-4-10
2014-10-23 02:01:35,449+0000 DEBUG swift FOREACH_IT_START line=43 thread=R-5-0
2014-10-23 02:01:35,449+0000 DEBUG swift SCOPE thread=R-5-0
2014-10-23 02:01:35,449+0000 DEBUG swift FOREACH_IT_START line=43 thread=R-5-1
2014-10-23 02:01:35,449+0000 DEBUG swift SCOPE thread=R-5-1
2014-10-23 02:01:35,449+0000 DEBUG swift FOREACH_IT_START line=43 thread=R-5-2
2014-10-23 02:01:35,449+0000 DEBUG swift SCOPE thread=R-5-2
2014-10-23 02:01:35,450+0000 DEBUG swift FOREACH_IT_START line=43 thread=R-5-3
2014-10-23 02:01:35,450+0000 DEBUG swift SCOPE thread=R-5-3
2014-10-23 02:01:35,450+0000 DEBUG swift FOREACH_IT_START line=43 thread=R-5-4
2014-10-23 02:01:35,450+0000 DEBUG swift SCOPE thread=R-5-4
2014-10-23 02:01:35,450+0000 DEBUG swift FOREACH_IT_START line=43 thread=R-5x2
2014-10-23 02:01:35,450+0000 DEBUG swift SCOPE thread=R-5x2
2014-10-23 02:01:35,450+0000 DEBUG swift FOREACH_IT_START line=43 thread=R-5-6
2014-10-23 02:01:35,450+0000 DEBUG swift SCOPE thread=R-5-6
2014-10-23 02:01:35,450+0000 DEBUG swift FOREACH_IT_START line=43 thread=R-5-7
2014-10-23 02:01:35,450+0000 DEBUG swift SCOPE thread=R-5-7
2014-10-23 02:01:35,451+0000 DEBUG swift FOREACH_IT_START line=43 thread=R-5-8
2014-10-23 02:01:35,451+0000 DEBUG swift SCOPE thread=R-5-8
2014-10-23 02:01:35,451+0000 DEBUG swift FOREACH_IT_START line=43 thread=R-5-9
2014-10-23 02:01:35,451+0000 DEBUG swift SCOPE thread=R-5-9
2014-10-23 02:01:35,451+0000 DEBUG swift FOREACH_IT_START line=43 thread=R-5-10
2014-10-23 02:01:35,451+0000 DEBUG swift SCOPE thread=R-5-10
2014-10-23 02:01:35,452+0000 DEBUG swift FOREACH_IT_START line=43 thread=R-5-11
2014-10-23 02:01:35,452+0000 DEBUG swift SCOPE thread=R-5-11
2014-10-23 02:01:35,452+0000 DEBUG swift FOREACH_IT_START line=43 thread=R-5-12
2014-10-23 02:01:35,452+0000 DEBUG swift SCOPE thread=R-5-12
2014-10-23 02:01:35,452+0000 DEBUG swift FOREACH_IT_START line=43 thread=R-5-13
2014-10-23 02:01:35,452+0000 DEBUG swift SCOPE thread=R-5-13
2014-10-23 02:01:35,452+0000 DEBUG swift FOREACH_IT_START line=43 thread=R-5-14
2014-10-23 02:01:35,452+0000 DEBUG swift SCOPE thread=R-5-14
2014-10-23 02:01:35,452+0000 DEBUG swift FOREACH_IT_START line=43 thread=R-5-15
2014-10-23 02:01:35,452+0000 DEBUG swift SCOPE thread=R-5-15
2014-10-23 02:01:35,453+0000 DEBUG swift FOREACH_IT_START line=43 thread=R-5-16
2014-10-23 02:01:35,453+0000 DEBUG swift SCOPE thread=R-5-16
2014-10-23 02:01:35,455+0000 DEBUG swift SCOPE thread=R-4-0
2014-10-23 02:01:35,455+0000 DEBUG swift INTERNALPROC_START thread=R-4-3-1 name=tracef
2014-10-23 02:01:35,455+0000 DEBUG swift PROCEDURE line=7 thread=R-4-3x2 name=wordCount
2014-10-23 02:01:35,457+0000 DEBUG swift SCOPE thread=R-4-1
2014-10-23 02:01:35,457+0000 DEBUG swift INTERNALPROC_START thread=R-4x2-1 name=tracef
2014-10-23 02:01:35,457+0000 DEBUG swift PROCEDURE line=7 thread=R-4x2-3 name=wordCount
2014-10-23 02:01:35,458+0000 DEBUG swift SCOPE thread=R-4-6
2014-10-23 02:01:35,458+0000 DEBUG swift INTERNALPROC_START thread=R-4-2-1 name=tracef
2014-10-23 02:01:35,458+0000 DEBUG swift PROCEDURE line=7 thread=R-4-2-3 name=wordCount
2014-10-23 02:01:35,460+0000 DEBUG swift INTERNALPROC_START thread=R-4-5-1 name=tracef
2014-10-23 02:01:35,460+0000 INFO  Tracef infile location=output/5

2014-10-23 02:01:35,460+0000 DEBUG swift PROCEDURE line=7 thread=R-4-7-3 name=wordCount
2014-10-23 02:01:35,461+0000 DEBUG swift INTERNALPROC_END thread=R-4-5-1 name=tracef
2014-10-23 02:01:35,461+0000 DEBUG swift INTERNALPROC_START thread=R-4-8-1 name=tracef
2014-10-23 02:01:35,461+0000 INFO  Tracef infile location=output/8

2014-10-23 02:01:35,461+0000 DEBUG swift INTERNALPROC_END thread=R-4-8-1 name=tracef
2014-10-23 02:01:35,461+0000 DEBUG swift PROCEDURE line=7 thread=R-4-8-3 name=wordCount
2014-10-23 02:01:35,460+0000 DEBUG swift INTERNALPROC_START thread=R-4-7-1 name=tracef
2014-10-23 02:01:35,460+0000 DEBUG swift PROCEDURE line=7 thread=R-4-5-3 name=wordCount
2014-10-23 02:01:35,467+0000 INFO  Tracef infile location=output/7

2014-10-23 02:01:35,467+0000 DEBUG swift INTERNALPROC_END thread=R-4-7-1 name=tracef
2014-10-23 02:01:35,467+0000 DEBUG swift INTERNALPROC_START thread=R-4-9-1 name=tracef
2014-10-23 02:01:35,468+0000 INFO  Tracef infile location=output/9

2014-10-23 02:01:35,468+0000 DEBUG swift INTERNALPROC_END thread=R-4-9-1 name=tracef
2014-10-23 02:01:35,468+0000 DEBUG swift PROCEDURE line=7 thread=R-4-9-3 name=wordCount
2014-10-23 02:01:35,470+0000 DEBUG swift INTERNALPROC_START thread=R-4-10-1 name=tracef
2014-10-23 02:01:35,471+0000 DEBUG swift INTERNALPROC_START thread=R-5-0-1 name=tracef
2014-10-23 02:01:35,471+0000 INFO  Tracef reduceNum ofn=output/result-0.txt

2014-10-23 02:01:35,471+0000 DEBUG swift INTERNALPROC_END thread=R-5-0-1 name=tracef
2014-10-23 02:01:35,472+0000 DEBUG swift PROCEDURE line=12 thread=R-5-0-2 name=merge
2014-10-23 02:01:35,472+0000 DEBUG swift INTERNALPROC_START thread=R-5-1x2 name=tracef
2014-10-23 02:01:35,472+0000 DEBUG swift PROCEDURE line=12 thread=R-5-1-2 name=merge
2014-10-23 02:01:35,472+0000 DEBUG swift INTERNALPROC_START thread=R-5-2-1 name=tracef
2014-10-23 02:01:35,472+0000 INFO  Tracef reduceNum ofn=output/result-2.txt

2014-10-23 02:01:35,470+0000 DEBUG swift PROCEDURE line=7 thread=R-4-10-3 name=wordCount
2014-10-23 02:01:35,472+0000 DEBUG swift INTERNALPROC_START thread=R-5-3-1 name=tracef
2014-10-23 02:01:35,473+0000 INFO  Tracef reduceNum ofn=output/result-3.txt

2014-10-23 02:01:35,473+0000 DEBUG swift PROCEDURE line=12 thread=R-5-2x2 name=merge
2014-10-23 02:01:35,473+0000 DEBUG swift PROCEDURE line=12 thread=R-5-3-2 name=merge
2014-10-23 02:01:35,473+0000 DEBUG swift INTERNALPROC_END thread=R-5-2-1 name=tracef
2014-10-23 02:01:35,473+0000 DEBUG swift INTERNALPROC_START thread=R-5-4-1 name=tracef
2014-10-23 02:01:35,473+0000 INFO  Tracef reduceNum ofn=output/result-4.txt

2014-10-23 02:01:35,473+0000 DEBUG swift INTERNALPROC_END thread=R-5-4-1 name=tracef
2014-10-23 02:01:35,473+0000 DEBUG swift PROCEDURE line=12 thread=R-5-4-2 name=merge
2014-10-23 02:01:35,473+0000 DEBUG swift INTERNALPROC_START thread=R-5x2-1 name=tracef
2014-10-23 02:01:35,473+0000 DEBUG swift PROCEDURE line=12 thread=R-5x2-2 name=merge
2014-10-23 02:01:35,473+0000 DEBUG swift INTERNALPROC_START thread=R-5-6-1 name=tracef
2014-10-23 02:01:35,473+0000 INFO  Tracef reduceNum ofn=output/result-6.txt

2014-10-23 02:01:35,473+0000 DEBUG swift INTERNALPROC_END thread=R-5-6-1 name=tracef
2014-10-23 02:01:35,473+0000 DEBUG swift PROCEDURE line=12 thread=R-5-6-2 name=merge
2014-10-23 02:01:35,473+0000 DEBUG swift INTERNALPROC_START thread=R-5-7-1 name=tracef
2014-10-23 02:01:35,474+0000 DEBUG swift PROCEDURE line=12 thread=R-5-7-2 name=merge
2014-10-23 02:01:35,474+0000 DEBUG swift INTERNALPROC_START thread=R-5-8-1 name=tracef
2014-10-23 02:01:35,474+0000 INFO  Tracef reduceNum ofn=output/result-8.txt

2014-10-23 02:01:35,474+0000 DEBUG swift INTERNALPROC_END thread=R-5-8-1 name=tracef
2014-10-23 02:01:35,474+0000 DEBUG swift PROCEDURE line=12 thread=R-5-8-2 name=merge
2014-10-23 02:01:35,474+0000 DEBUG swift INTERNALPROC_START thread=R-5-9-1 name=tracef
2014-10-23 02:01:35,474+0000 DEBUG swift PROCEDURE line=12 thread=R-5-9-2 name=merge
2014-10-23 02:01:35,474+0000 DEBUG swift INTERNALPROC_START thread=R-5-10-1 name=tracef
2014-10-23 02:01:35,474+0000 INFO  Tracef reduceNum ofn=output/result-10.txt

2014-10-23 02:01:35,474+0000 DEBUG swift INTERNALPROC_END thread=R-5-10-1 name=tracef
2014-10-23 02:01:35,474+0000 DEBUG swift PROCEDURE line=12 thread=R-5-10-2 name=merge
2014-10-23 02:01:35,474+0000 DEBUG swift INTERNALPROC_START thread=R-5-11-1 name=tracef
2014-10-23 02:01:35,474+0000 DEBUG swift PROCEDURE line=12 thread=R-5-11-2 name=merge
2014-10-23 02:01:35,475+0000 DEBUG swift INTERNALPROC_START thread=R-5-12-1 name=tracef
2014-10-23 02:01:35,475+0000 DEBUG swift PROCEDURE line=12 thread=R-5-12-2 name=merge
2014-10-23 02:01:35,475+0000 DEBUG swift INTERNALPROC_START thread=R-5-13-1 name=tracef
2014-10-23 02:01:35,475+0000 INFO  Tracef reduceNum ofn=output/result-13.txt

2014-10-23 02:01:35,475+0000 DEBUG swift INTERNALPROC_END thread=R-5-13-1 name=tracef
2014-10-23 02:01:35,475+0000 DEBUG swift PROCEDURE line=12 thread=R-5-13-2 name=merge
2014-10-23 02:01:35,475+0000 DEBUG swift INTERNALPROC_END thread=R-5-3-1 name=tracef
2014-10-23 02:01:35,475+0000 DEBUG swift INTERNALPROC_START thread=R-5-14-1 name=tracef
2014-10-23 02:01:35,475+0000 INFO  Tracef reduceNum ofn=output/result-14.txt

2014-10-23 02:01:35,475+0000 DEBUG swift INTERNALPROC_END thread=R-5-14-1 name=tracef
2014-10-23 02:01:35,476+0000 DEBUG swift PROCEDURE line=12 thread=R-5-14-2 name=merge
2014-10-23 02:01:35,476+0000 DEBUG swift INTERNALPROC_START thread=R-5-15-1 name=tracef
2014-10-23 02:01:35,476+0000 INFO  Tracef reduceNum ofn=output/result-15.txt

2014-10-23 02:01:35,476+0000 DEBUG swift INTERNALPROC_END thread=R-5-15-1 name=tracef
2014-10-23 02:01:35,476+0000 DEBUG swift PROCEDURE line=12 thread=R-5-15-2 name=merge
2014-10-23 02:01:35,476+0000 DEBUG swift INTERNALPROC_START thread=R-5-16-1 name=tracef
2014-10-23 02:01:35,476+0000 INFO  Tracef reduceNum ofn=output/result-16.txt

2014-10-23 02:01:35,476+0000 DEBUG swift INTERNALPROC_END thread=R-5-16-1 name=tracef
2014-10-23 02:01:35,477+0000 DEBUG swift PROCEDURE line=12 thread=R-5-16-2 name=merge
2014-10-23 02:01:35,477+0000 DEBUG swift INTERNALPROC_START thread=R-4-0-1 name=tracef
2014-10-23 02:01:35,477+0000 INFO  Tracef infile location=output/0

2014-10-23 02:01:35,477+0000 DEBUG swift INTERNALPROC_END thread=R-4-0-1 name=tracef
2014-10-23 02:01:35,477+0000 DEBUG swift PROCEDURE line=7 thread=R-4-0-3 name=wordCount
2014-10-23 02:01:35,477+0000 DEBUG swift INTERNALPROC_START thread=R-4-1x2 name=tracef
2014-10-23 02:01:35,477+0000 INFO  Tracef infile location=output/1

2014-10-23 02:01:35,477+0000 DEBUG swift INTERNALPROC_END thread=R-4-1x2 name=tracef
2014-10-23 02:01:35,478+0000 DEBUG swift PROCEDURE line=7 thread=R-4-1-3 name=wordCount
2014-10-23 02:01:35,478+0000 DEBUG swift INTERNALPROC_START thread=R-4-6-1 name=tracef
2014-10-23 02:01:35,478+0000 INFO  Tracef infile location=output/6

2014-10-23 02:01:35,478+0000 DEBUG swift INTERNALPROC_END thread=R-4-6-1 name=tracef
2014-10-23 02:01:35,478+0000 DEBUG swift PROCEDURE line=7 thread=R-4-6-3 name=wordCount
2014-10-23 02:01:35,479+0000 INFO  Tracef infile location=output/3

2014-10-23 02:01:35,479+0000 DEBUG swift INTERNALPROC_END thread=R-4-3-1 name=tracef
2014-10-23 02:01:35,479+0000 INFO  Tracef infile location=output/2

2014-10-23 02:01:35,479+0000 DEBUG swift INTERNALPROC_END thread=R-4-2-1 name=tracef
2014-10-23 02:01:35,479+0000 INFO  Tracef infile location=output/4

2014-10-23 02:01:35,479+0000 DEBUG swift INTERNALPROC_END thread=R-4x2-1 name=tracef
2014-10-23 02:01:35,480+0000 DEBUG swift THREAD_ASSOCIATION jobid=python-o4ftn7zl thread=R-4-5-3 host=cloud-static replicationGroup=null
2014-10-23 02:01:35,481+0000 DEBUG swift THREAD_ASSOCIATION jobid=python-p4ftn7zl thread=R-4-9-3 host=cloud-static replicationGroup=null
2014-10-23 02:01:35,481+0000 INFO  Tracef infile location=output/10

2014-10-23 02:01:35,482+0000 DEBUG swift INTERNALPROC_END thread=R-4-10-1 name=tracef
2014-10-23 02:01:35,482+0000 DEBUG swift JOB_START jobid=python-p4ftn7zl tr=python arguments=[wordCount.py, 9, 16, input/split-0000] tmpdir=wordCount-run002/jobs/p/python-p4ftn7zl host=cloud-static
2014-10-23 02:01:35,482+0000 DEBUG swift THREAD_ASSOCIATION jobid=python-q4ftn7zl thread=R-4-8-3 host=cloud-static replicationGroup=null
2014-10-23 02:01:35,482+0000 DEBUG swift JOB_START jobid=python-q4ftn7zl tr=python arguments=[wordCount.py, 8, 16, input/split-0003] tmpdir=wordCount-run002/jobs/q/python-q4ftn7zl host=cloud-static
2014-10-23 02:01:35,483+0000 INFO  Tracef reduceNum ofn=output/result-1.txt

2014-10-23 02:01:35,483+0000 DEBUG swift INTERNALPROC_END thread=R-5-1x2 name=tracef
2014-10-23 02:01:35,483+0000 INFO  Tracef reduceNum ofn=output/result-5.txt

2014-10-23 02:01:35,483+0000 DEBUG swift INTERNALPROC_END thread=R-5x2-1 name=tracef
2014-10-23 02:01:35,483+0000 INFO  Tracef reduceNum ofn=output/result-7.txt

2014-10-23 02:01:35,483+0000 DEBUG swift INTERNALPROC_END thread=R-5-7-1 name=tracef
2014-10-23 02:01:35,483+0000 INFO  Tracef reduceNum ofn=output/result-9.txt

2014-10-23 02:01:35,483+0000 DEBUG swift INTERNALPROC_END thread=R-5-9-1 name=tracef
2014-10-23 02:01:35,483+0000 INFO  Tracef reduceNum ofn=output/result-11.txt

2014-10-23 02:01:35,483+0000 DEBUG swift INTERNALPROC_END thread=R-5-11-1 name=tracef
2014-10-23 02:01:35,483+0000 INFO  Tracef reduceNum ofn=output/result-12.txt

2014-10-23 02:01:35,484+0000 DEBUG swift INTERNALPROC_END thread=R-5-12-1 name=tracef
2014-10-23 02:01:35,484+0000 DEBUG swift THREAD_ASSOCIATION jobid=python-r4ftn7zl thread=R-4-7-3 host=cloud-static replicationGroup=null
2014-10-23 02:01:35,484+0000 DEBUG swift JOB_START jobid=python-r4ftn7zl tr=python arguments=[wordCount.py, 7, 16, input/split-0004] tmpdir=wordCount-run002/jobs/r/python-r4ftn7zl host=cloud-static
2014-10-23 02:01:35,485+0000 DEBUG swift JOB_START jobid=python-o4ftn7zl tr=python arguments=[wordCount.py, 5, 16, input/split-0002] tmpdir=wordCount-run002/jobs/o/python-o4ftn7zl host=cloud-static
2014-10-23 02:01:35,499+0000 INFO  Execute JOB_TASK jobid=python-r4ftn7zl taskid=urn:R-4-7-3-1414029693286 exec=/bin/bash dir=wordCount-run002/jobs/r/python-r4ftn7zl args=_swiftwrap.staging -e /usr/bin/python -out stdout.txt -err stderr.txt -i -d input|output/7 -if wordCount.py|input/split-0004 -of  -cf output/7/*.txt -cdmfile  -status provider -a wordCount.py 7 16 input/split-0004
2014-10-23 02:01:35,500+0000 INFO  Execute JOB_TASK jobid=python-q4ftn7zl taskid=urn:R-4-8-3-1414029693287 exec=/bin/bash dir=wordCount-run002/jobs/q/python-q4ftn7zl args=_swiftwrap.staging -e /usr/bin/python -out stdout.txt -err stderr.txt -i -d output/8||input -if wordCount.py|input/split-0003 -of  -cf output/8/*.txt -cdmfile  -status provider -a wordCount.py 8 16 input/split-0003
2014-10-23 02:01:35,500+0000 INFO  Execute JOB_TASK jobid=python-o4ftn7zl taskid=urn:R-4-5-3-1414029693288 exec=/bin/bash dir=wordCount-run002/jobs/o/python-o4ftn7zl args=_swiftwrap.staging -e /usr/bin/python -out stdout.txt -err stderr.txt -i -d output/5||input -if wordCount.py|input/split-0002 -of  -cf output/5/*.txt -cdmfile  -status provider -a wordCount.py 5 16 input/split-0002
2014-10-23 02:01:35,501+0000 DEBUG swift THREAD_ASSOCIATION jobid=python-s4ftn7zl thread=R-4-10-3 host=cloud-static replicationGroup=null
2014-10-23 02:01:35,502+0000 DEBUG swift JOB_START jobid=python-s4ftn7zl tr=python arguments=[wordCount.py, 10, 16, input/split-0007] tmpdir=wordCount-run002/jobs/s/python-s4ftn7zl host=cloud-static
2014-10-23 02:01:35,502+0000 INFO  Execute JOB_TASK jobid=python-s4ftn7zl taskid=urn:R-4-10-3-1414029693290 exec=/bin/bash dir=wordCount-run002/jobs/s/python-s4ftn7zl args=_swiftwrap.staging -e /usr/bin/python -out stdout.txt -err stderr.txt -i -d input|output/10 -if wordCount.py|input/split-0007 -of  -cf output/10/*.txt -cdmfile  -status provider -a wordCount.py 10 16 input/split-0007
2014-10-23 02:01:35,503+0000 DEBUG swift THREAD_ASSOCIATION jobid=python-t4ftn7zl thread=R-4-0-3 host=cloud-static replicationGroup=null
2014-10-23 02:01:35,503+0000 DEBUG swift JOB_START jobid=python-t4ftn7zl tr=python arguments=[wordCount.py, 0, 16, input/split-0005] tmpdir=wordCount-run002/jobs/t/python-t4ftn7zl host=cloud-static
2014-10-23 02:01:35,504+0000 INFO  Execute JOB_TASK jobid=python-t4ftn7zl taskid=urn:R-4-0-3-1414029693292 exec=/bin/bash dir=wordCount-run002/jobs/t/python-t4ftn7zl args=_swiftwrap.staging -e /usr/bin/python -out stdout.txt -err stderr.txt -i -d input|output/0 -if input/split-0005|wordCount.py -of  -cf output/0/*.txt -cdmfile  -status provider -a wordCount.py 0 16 input/split-0005
2014-10-23 02:01:35,504+0000 DEBUG swift THREAD_ASSOCIATION jobid=python-u4ftn7zl thread=R-4-1-3 host=cloud-static replicationGroup=null
2014-10-23 02:01:35,505+0000 DEBUG swift JOB_START jobid=python-u4ftn7zl tr=python arguments=[wordCount.py, 1, 16, input/split-0001] tmpdir=wordCount-run002/jobs/u/python-u4ftn7zl host=cloud-static
2014-10-23 02:01:35,505+0000 DEBUG swift THREAD_ASSOCIATION jobid=python-v4ftn7zl thread=R-4-6-3 host=cloud-static replicationGroup=null
2014-10-23 02:01:35,506+0000 DEBUG swift JOB_START jobid=python-v4ftn7zl tr=python arguments=[wordCount.py, 6, 16, input/split-0010] tmpdir=wordCount-run002/jobs/v/python-v4ftn7zl host=cloud-static
2014-10-23 02:01:35,506+0000 INFO  Execute JOB_TASK jobid=python-v4ftn7zl taskid=urn:R-4-6-3-1414029693294 exec=/bin/bash dir=wordCount-run002/jobs/v/python-v4ftn7zl args=_swiftwrap.staging -e /usr/bin/python -out stdout.txt -err stderr.txt -i -d output/6||input -if wordCount.py|input/split-0010 -of  -cf output/6/*.txt -cdmfile  -status provider -a wordCount.py 6 16 input/split-0010
2014-10-23 02:01:35,507+0000 DEBUG swift THREAD_ASSOCIATION jobid=python-x4ftn7zl thread=R-4-3x2 host=cloud-static replicationGroup=null
2014-10-23 02:01:35,507+0000 DEBUG swift JOB_START jobid=python-x4ftn7zl tr=python arguments=[wordCount.py, 3, 16, input/split-0006] tmpdir=wordCount-run002/jobs/x/python-x4ftn7zl host=cloud-static
2014-10-23 02:01:35,508+0000 DEBUG swift THREAD_ASSOCIATION jobid=python-y4ftn7zl thread=R-4-2-3 host=cloud-static replicationGroup=null
2014-10-23 02:01:35,508+0000 DEBUG swift JOB_START jobid=python-y4ftn7zl tr=python arguments=[wordCount.py, 2, 16, input/split-0008] tmpdir=wordCount-run002/jobs/y/python-y4ftn7zl host=cloud-static
2014-10-23 02:01:35,509+0000 INFO  Execute JOB_TASK jobid=python-y4ftn7zl taskid=urn:R-4-2-3-1414029693296 exec=/bin/bash dir=wordCount-run002/jobs/y/python-y4ftn7zl args=_swiftwrap.staging -e /usr/bin/python -out stdout.txt -err stderr.txt -i -d input|output/2 -if wordCount.py|input/split-0008 -of  -cf output/2/*.txt -cdmfile  -status provider -a wordCount.py 2 16 input/split-0008
2014-10-23 02:01:35,509+0000 DEBUG swift THREAD_ASSOCIATION jobid=python-z4ftn7zl thread=R-4x2-3 host=cloud-static replicationGroup=null
2014-10-23 02:01:35,509+0000 DEBUG swift JOB_START jobid=python-z4ftn7zl tr=python arguments=[wordCount.py, 4, 16, input/split-0009] tmpdir=wordCount-run002/jobs/z/python-z4ftn7zl host=cloud-static
2014-10-23 02:01:35,510+0000 INFO  Execute TASK_STATUS_CHANGE taskid=urn:R-4-7-3-1414029693286 status=8
2014-10-23 02:01:35,510+0000 INFO  Execute JOB_TASK jobid=python-z4ftn7zl taskid=urn:R-4x2-3-1414029693298 exec=/bin/bash dir=wordCount-run002/jobs/z/python-z4ftn7zl args=_swiftwrap.staging -e /usr/bin/python -out stdout.txt -err stderr.txt -i -d input|output/4 -if wordCount.py|input/split-0009 -of  -cf output/4/*.txt -cdmfile  -status provider -a wordCount.py 4 16 input/split-0009
2014-10-23 02:01:35,511+0000 INFO  Execute JOB_TASK jobid=python-x4ftn7zl taskid=urn:R-4-3x2-1414029693300 exec=/bin/bash dir=wordCount-run002/jobs/x/python-x4ftn7zl args=_swiftwrap.staging -e /usr/bin/python -out stdout.txt -err stderr.txt -i -d input|output/3 -if input/split-0006|wordCount.py -of  -cf output/3/*.txt -cdmfile  -status provider -a wordCount.py 3 16 input/split-0006
2014-10-23 02:01:35,512+0000 INFO  Execute JOB_TASK jobid=python-u4ftn7zl taskid=urn:R-4-1-3-1414029693302 exec=/bin/bash dir=wordCount-run002/jobs/u/python-u4ftn7zl args=_swiftwrap.staging -e /usr/bin/python -out stdout.txt -err stderr.txt -i -d input|output/1 -if wordCount.py|input/split-0001 -of  -cf output/1/*.txt -cdmfile  -status provider -a wordCount.py 1 16 input/split-0001
2014-10-23 02:01:35,512+0000 INFO  Execute JOB_TASK jobid=python-p4ftn7zl taskid=urn:R-4-9-3-1414029693303 exec=/bin/bash dir=wordCount-run002/jobs/p/python-p4ftn7zl args=_swiftwrap.staging -e /usr/bin/python -out stdout.txt -err stderr.txt -i -d input|output/9 -if wordCount.py|input/split-0000 -of  -cf output/9/*.txt -cdmfile  -status provider -a wordCount.py 9 16 input/split-0000
2014-10-23 02:01:35,512+0000 INFO  Execute TASK_STATUS_CHANGE taskid=urn:R-4-10-3-1414029693290 status=8
2014-10-23 02:01:35,535+0000 INFO  AbstractCoasterChannel TCPChannel[client, http://127.0.0.1:50010] setting name to http://127.0.0.1:50010
2014-10-23 02:01:35,543+0000 INFO  AbstractTCPChannel http://127.0.0.1:50010: channel started
2014-10-23 02:01:35,544+0000 INFO  AbstractCoasterChannel Timeout check started for http://127.0.0.1:50010
2014-10-23 02:01:35,547+0000 INFO  AbstractStreamCoasterChannel Using NIO sender for http://127.0.0.1:50010
2014-10-23 02:01:35,574+0000 INFO  Execute TASK_STATUS_CHANGE taskid=urn:R-4-0-3-1414029693292 status=8
2014-10-23 02:01:35,575+0000 INFO  Execute TASK_STATUS_CHANGE taskid=urn:R-4-8-3-1414029693287 status=8
2014-10-23 02:01:35,575+0000 INFO  Execute TASK_STATUS_CHANGE taskid=urn:R-4-6-3-1414029693294 status=8
2014-10-23 02:01:35,575+0000 INFO  Execute TASK_STATUS_CHANGE taskid=urn:R-4-5-3-1414029693288 status=8
2014-10-23 02:01:35,576+0000 INFO  Execute TASK_STATUS_CHANGE taskid=urn:R-4-2-3-1414029693296 status=8
2014-10-23 02:01:35,576+0000 INFO  Execute TASK_STATUS_CHANGE taskid=urn:R-4x2-3-1414029693298 status=8
2014-10-23 02:01:35,577+0000 INFO  Execute TASK_STATUS_CHANGE taskid=urn:R-4-3x2-1414029693300 status=8
2014-10-23 02:01:35,577+0000 INFO  Execute TASK_STATUS_CHANGE taskid=urn:R-4-1-3-1414029693302 status=8
2014-10-23 02:01:35,578+0000 INFO  Execute TASK_STATUS_CHANGE taskid=urn:R-4-9-3-1414029693303 status=8
2014-10-23 02:01:35,687+0000 INFO  Execute TASK_STATUS_CHANGE taskid=urn:R-4-7-3-1414029693286 status=1
2014-10-23 02:01:35,687+0000 INFO  Execute TASK_STATUS_CHANGE taskid=urn:R-4-0-3-1414029693292 status=1
2014-10-23 02:01:35,688+0000 INFO  Execute TASK_STATUS_CHANGE taskid=urn:R-4-8-3-1414029693287 status=1
2014-10-23 02:01:35,688+0000 INFO  Execute TASK_STATUS_CHANGE taskid=urn:R-4-6-3-1414029693294 status=1
2014-10-23 02:01:35,688+0000 INFO  Execute TASK_STATUS_CHANGE taskid=urn:R-4-5-3-1414029693288 status=1
2014-10-23 02:01:35,688+0000 INFO  Execute TASK_STATUS_CHANGE taskid=urn:R-4-2-3-1414029693296 status=1
2014-10-23 02:01:35,688+0000 INFO  Execute TASK_STATUS_CHANGE taskid=urn:R-4x2-3-1414029693298 status=1
2014-10-23 02:01:35,688+0000 INFO  Execute TASK_STATUS_CHANGE taskid=urn:R-4-3x2-1414029693300 status=1
2014-10-23 02:01:35,693+0000 INFO  Execute TASK_STATUS_CHANGE taskid=urn:R-4-7-3-1414029693286 status=16 workerid=0099:000000
2014-10-23 02:01:35,693+0000 INFO  Execute TASK_STATUS_CHANGE taskid=urn:R-4-1-3-1414029693302 status=1
2014-10-23 02:01:35,700+0000 INFO  Execute TASK_STATUS_CHANGE taskid=urn:R-4-9-3-1414029693303 status=1
2014-10-23 02:01:35,739+0000 INFO  Execute TASK_STATUS_CHANGE taskid=urn:R-4-10-3-1414029693290 status=1
2014-10-23 02:01:35,741+0000 INFO  GetFileHandler Handler(tag: 6, GET) request complete; src=file://localhost//home/ubuntu/swift-cloud-tutorial/cs553-a2/wordCount-mapreduce/input/split-0004
2014-10-23 02:01:35,748+0000 INFO  GetFileHandler Handler(tag: 6, GET) reader: LR-Handler(tag: 6, GET)
2014-10-23 02:01:35,751+0000 INFO  GetFileHandler Handler(tag: 6, GET) sending length: 104682, 2103173291
2014-10-23 02:01:35,760+0000 INFO  ReadBuffer RB-LR-Handler(tag: 6, GET) will ask for 4 buffers for a size of 104682
2014-10-23 02:01:35,761+0000 INFO  ReadBuffer RB-LR-Handler(tag: 6, GET) actual allocated buffers 4(0 queued)
2014-10-23 02:01:35,761+0000 INFO  LocalIOProvider LR-Handler(tag: 6, GET) rbuf: RB-LR-Handler(tag: 6, GET)
2014-10-23 02:01:35,762+0000 INFO  Execute TASK_STATUS_CHANGE taskid=urn:R-4-0-3-1414029693292 status=16 workerid=0099:000000
2014-10-23 02:01:35,762+0000 INFO  GetFileHandler Handler(tag: 9, GET) request complete; src=file://localhost//home/ubuntu/swift-cloud-tutorial/cs553-a2/wordCount-mapreduce/input/split-0005
2014-10-23 02:01:35,762+0000 INFO  GetFileHandler Handler(tag: 9, GET) reader: LR-Handler(tag: 9, GET)
2014-10-23 02:01:35,762+0000 INFO  GetFileHandler Handler(tag: 9, GET) sending length: 97029, 1477170431
2014-10-23 02:01:35,762+0000 INFO  ReadBuffer RB-LR-Handler(tag: 9, GET) will ask for 3 buffers for a size of 97029
2014-10-23 02:01:35,763+0000 INFO  ReadBuffer RB-LR-Handler(tag: 9, GET) actual allocated buffers 3(0 queued)
2014-10-23 02:01:35,763+0000 INFO  LocalIOProvider LR-Handler(tag: 9, GET) rbuf: RB-LR-Handler(tag: 9, GET)
2014-10-23 02:01:35,765+0000 INFO  GetFileHandler Handler(tag: 6, GET) unregistering (last)
2014-10-23 02:01:35,765+0000 INFO  ReadBuffer RB-LR-Handler(tag: -1, GET) de-allocating 4 buffers
2014-10-23 02:01:35,766+0000 INFO  GetFileHandler Handler(tag: 9, GET) unregistering (last)
2014-10-23 02:01:35,766+0000 INFO  ReadBuffer RB-LR-Handler(tag: -1, GET) de-allocating 3 buffers
2014-10-23 02:01:35,766+0000 INFO  NIOChannelReadBuffer Transfer done. De-allocating one unused buffer
2014-10-23 02:01:35,766+0000 INFO  NIOChannelReadBuffer Transfer done. De-allocating one unused buffer
2014-10-23 02:01:35,766+0000 INFO  NIOChannelReadBuffer Transfer done. De-allocating one unused buffer
2014-10-23 02:01:35,766+0000 INFO  NIOChannelReadBuffer Transfer done. De-allocating one unused buffer
2014-10-23 02:01:35,811+0000 INFO  GetFileHandler Handler(tag: 10, GET) request complete; src=file://localhost//usr/local/bin/swift-trunk/libexec/_swiftwrap.staging
2014-10-23 02:01:35,811+0000 INFO  GetFileHandler Handler(tag: 10, GET) reader: LR-Handler(tag: 10, GET)
2014-10-23 02:01:35,811+0000 INFO  GetFileHandler Handler(tag: 10, GET) sending length: 6253, 2039144150
2014-10-23 02:01:35,811+0000 INFO  ReadBuffer RB-LR-Handler(tag: 10, GET) will ask for 1 buffers for a size of 6253
2014-10-23 02:01:35,811+0000 INFO  ReadBuffer RB-LR-Handler(tag: 10, GET) actual allocated buffers 1(0 queued)
2014-10-23 02:01:35,811+0000 INFO  LocalIOProvider LR-Handler(tag: 10, GET) rbuf: RB-LR-Handler(tag: 10, GET)
2014-10-23 02:01:35,812+0000 INFO  GetFileHandler Handler(tag: 11, GET) request complete; src=file://localhost//usr/local/bin/swift-trunk/libexec/_swiftwrap.staging
2014-10-23 02:01:35,812+0000 INFO  GetFileHandler Handler(tag: 11, GET) reader: LR-Handler(tag: 11, GET)
2014-10-23 02:01:35,812+0000 INFO  GetFileHandler Handler(tag: 11, GET) sending length: 6253, 993999666
2014-10-23 02:01:35,812+0000 INFO  ReadBuffer RB-LR-Handler(tag: 11, GET) will ask for 1 buffers for a size of 6253
2014-10-23 02:01:35,812+0000 INFO  ReadBuffer RB-LR-Handler(tag: 11, GET) actual allocated buffers 1(0 queued)
2014-10-23 02:01:35,812+0000 INFO  LocalIOProvider LR-Handler(tag: 11, GET) rbuf: RB-LR-Handler(tag: 11, GET)
2014-10-23 02:01:35,812+0000 INFO  GetFileHandler Handler(tag: 10, GET) unregistering (last)
2014-10-23 02:01:35,813+0000 INFO  ReadBuffer RB-LR-Handler(tag: -1, GET) de-allocating 1 buffers
2014-10-23 02:01:35,813+0000 INFO  GetFileHandler Handler(tag: 11, GET) unregistering (last)
2014-10-23 02:01:35,813+0000 INFO  ReadBuffer RB-LR-Handler(tag: -1, GET) de-allocating 1 buffers
2014-10-23 02:01:35,891+0000 INFO  GetFileHandler Handler(tag: 12, GET) request complete; src=file://localhost//home/ubuntu/swift-cloud-tutorial/cs553-a2/wordCount-mapreduce/wordCount.py
2014-10-23 02:01:35,891+0000 INFO  GetFileHandler Handler(tag: 12, GET) reader: LR-Handler(tag: 12, GET)
2014-10-23 02:01:35,891+0000 INFO  GetFileHandler Handler(tag: 12, GET) sending length: 958, 93284348
2014-10-23 02:01:35,891+0000 INFO  ReadBuffer RB-LR-Handler(tag: 12, GET) will ask for 1 buffers for a size of 958
2014-10-23 02:01:35,891+0000 INFO  ReadBuffer RB-LR-Handler(tag: 12, GET) actual allocated buffers 1(0 queued)
2014-10-23 02:01:35,891+0000 INFO  LocalIOProvider LR-Handler(tag: 12, GET) rbuf: RB-LR-Handler(tag: 12, GET)
2014-10-23 02:01:35,892+0000 INFO  GetFileHandler Handler(tag: 13, GET) request complete; src=file://localhost//home/ubuntu/swift-cloud-tutorial/cs553-a2/wordCount-mapreduce/wordCount.py
2014-10-23 02:01:35,892+0000 INFO  GetFileHandler Handler(tag: 13, GET) reader: LR-Handler(tag: 13, GET)
2014-10-23 02:01:35,892+0000 INFO  GetFileHandler Handler(tag: 13, GET) sending length: 958, 1774452001
2014-10-23 02:01:35,892+0000 INFO  ReadBuffer RB-LR-Handler(tag: 13, GET) will ask for 1 buffers for a size of 958
2014-10-23 02:01:35,892+0000 INFO  ReadBuffer RB-LR-Handler(tag: 13, GET) actual allocated buffers 1(0 queued)
2014-10-23 02:01:35,892+0000 INFO  LocalIOProvider LR-Handler(tag: 13, GET) rbuf: RB-LR-Handler(tag: 13, GET)
2014-10-23 02:01:35,892+0000 INFO  GetFileHandler Handler(tag: 12, GET) unregistering (last)
2014-10-23 02:01:35,893+0000 INFO  ReadBuffer RB-LR-Handler(tag: -1, GET) de-allocating 1 buffers
2014-10-23 02:01:35,893+0000 INFO  GetFileHandler Handler(tag: 13, GET) unregistering (last)
2014-10-23 02:01:35,893+0000 INFO  ReadBuffer RB-LR-Handler(tag: -1, GET) de-allocating 1 buffers
2014-10-23 02:01:35,987+0000 INFO  Execute TASK_STATUS_CHANGE taskid=urn:R-4-7-3-1414029693286 status=2 workerid=0099:000000
2014-10-23 02:01:35,988+0000 INFO  Execute TASK_STATUS_CHANGE taskid=urn:R-4-0-3-1414029693292 status=2 workerid=0099:000000
2014-10-23 02:01:36,075+0000 INFO  Execute TASK_STATUS_CHANGE taskid=urn:R-4-7-3-1414029693286 status=17
2014-10-23 02:01:36,077+0000 INFO  PutFileHandler Handler(tag: 17, PUT) source: /tmp/swiftwork/wordCount-run002/jobs/r/python-r4ftn7zl/_collect
2014-10-23 02:01:36,078+0000 INFO  PutFileHandler Handler(tag: 17, PUT) destination: file://localhost/run002/wordCount-run002.d/python-r4ftn7zl.collect
2014-10-23 02:01:36,080+0000 INFO  PutFileHandler Handler(tag: 17, PUT) Transfer done
2014-10-23 02:01:36,081+0000 INFO  PutFileHandler Handler(tag: 18, PUT) source: /tmp/swiftwork/wordCount-run002/jobs/r/python-r4ftn7zl/wrapper.log
2014-10-23 02:01:36,081+0000 INFO  PutFileHandler Handler(tag: 18, PUT) destination: file://localhost/run002/wordCount-run002.d/python-r4ftn7zl.info
2014-10-23 02:01:36,082+0000 INFO  PutFileHandler Handler(tag: 18, PUT) Transfer done
2014-10-23 02:01:36,082+0000 INFO  PutFileHandler Handler(tag: 19, PUT) source: /tmp/swiftwork/wordCount-run002/jobs/r/python-r4ftn7zl/output/7/4.txt
2014-10-23 02:01:36,083+0000 INFO  PutFileHandler Handler(tag: 19, PUT) destination: file://localhost//home/ubuntu/swift-cloud-tutorial/cs553-a2/wordCount-mapreduce/output/7/4.txt
2014-10-23 02:01:36,084+0000 INFO  PutFileHandler Handler(tag: 20, PUT) source: /tmp/swiftwork/wordCount-run002/jobs/r/python-r4ftn7zl/output/7/3.txt
2014-10-23 02:01:36,084+0000 INFO  PutFileHandler Handler(tag: 20, PUT) destination: file://localhost//home/ubuntu/swift-cloud-tutorial/cs553-a2/wordCount-mapreduce/output/7/3.txt
2014-10-23 02:01:36,084+0000 INFO  PutFileHandler Handler(tag: 19, PUT) Transfer done
2014-10-23 02:01:36,084+0000 INFO  PutFileHandler Handler(tag: 20, PUT) Transfer done
2014-10-23 02:01:36,085+0000 INFO  PutFileHandler Handler(tag: 21, PUT) source: /tmp/swiftwork/wordCount-run002/jobs/r/python-r4ftn7zl/output/7/9.txt
2014-10-23 02:01:36,085+0000 INFO  PutFileHandler Handler(tag: 21, PUT) destination: file://localhost//home/ubuntu/swift-cloud-tutorial/cs553-a2/wordCount-mapreduce/output/7/9.txt
2014-10-23 02:01:36,085+0000 INFO  PutFileHandler Handler(tag: 21, PUT) Transfer done
2014-10-23 02:01:36,085+0000 INFO  PutFileHandler Handler(tag: 22, PUT) source: /tmp/swiftwork/wordCount-run002/jobs/r/python-r4ftn7zl/output/7/14.txt
2014-10-23 02:01:36,085+0000 INFO  PutFileHandler Handler(tag: 22, PUT) destination: file://localhost//home/ubuntu/swift-cloud-tutorial/cs553-a2/wordCount-mapreduce/output/7/14.txt
2014-10-23 02:01:36,086+0000 INFO  PutFileHandler Handler(tag: 22, PUT) Transfer done
2014-10-23 02:01:36,086+0000 INFO  Execute TASK_STATUS_CHANGE taskid=urn:R-4-0-3-1414029693292 status=17
2014-10-23 02:01:36,087+0000 INFO  PutFileHandler Handler(tag: 24, PUT) source: /tmp/swiftwork/wordCount-run002/jobs/t/python-t4ftn7zl/_collect
2014-10-23 02:01:36,087+0000 INFO  PutFileHandler Handler(tag: 24, PUT) destination: file://localhost/run002/wordCount-run002.d/python-t4ftn7zl.collect
2014-10-23 02:01:36,087+0000 INFO  PutFileHandler Handler(tag: 24, PUT) Transfer done
2014-10-23 02:01:36,087+0000 INFO  PutFileHandler Handler(tag: 25, PUT) source: /tmp/swiftwork/wordCount-run002/jobs/r/python-r4ftn7zl/output/7/12.txt
2014-10-23 02:01:36,087+0000 INFO  PutFileHandler Handler(tag: 25, PUT) destination: file://localhost//home/ubuntu/swift-cloud-tutorial/cs553-a2/wordCount-mapreduce/output/7/12.txt
2014-10-23 02:01:36,088+0000 INFO  PutFileHandler Handler(tag: 25, PUT) Transfer done
2014-10-23 02:01:36,088+0000 INFO  PutFileHandler Handler(tag: 26, PUT) source: /tmp/swiftwork/wordCount-run002/jobs/t/python-t4ftn7zl/wrapper.log
2014-10-23 02:01:36,088+0000 INFO  PutFileHandler Handler(tag: 26, PUT) destination: file://localhost/run002/wordCount-run002.d/python-t4ftn7zl.info
2014-10-23 02:01:36,088+0000 INFO  PutFileHandler Handler(tag: 26, PUT) Transfer done
2014-10-23 02:01:36,088+0000 INFO  PutFileHandler Handler(tag: 27, PUT) source: /tmp/swiftwork/wordCount-run002/jobs/r/python-r4ftn7zl/output/7/7.txt
2014-10-23 02:01:36,088+0000 INFO  PutFileHandler Handler(tag: 27, PUT) destination: file://localhost//home/ubuntu/swift-cloud-tutorial/cs553-a2/wordCount-mapreduce/output/7/7.txt
2014-10-23 02:01:36,089+0000 INFO  PutFileHandler Handler(tag: 28, PUT) source: /tmp/swiftwork/wordCount-run002/jobs/t/python-t4ftn7zl/output/0/4.txt
2014-10-23 02:01:36,089+0000 INFO  PutFileHandler Handler(tag: 28, PUT) destination: file://localhost//home/ubuntu/swift-cloud-tutorial/cs553-a2/wordCount-mapreduce/output/0/4.txt
2014-10-23 02:01:36,089+0000 INFO  PutFileHandler Handler(tag: 27, PUT) Transfer done
2014-10-23 02:01:36,089+0000 INFO  PutFileHandler Handler(tag: 29, PUT) source: /tmp/swiftwork/wordCount-run002/jobs/r/python-r4ftn7zl/output/7/1.txt
2014-10-23 02:01:36,089+0000 INFO  PutFileHandler Handler(tag: 28, PUT) Transfer done
2014-10-23 02:01:36,089+0000 INFO  PutFileHandler Handler(tag: 29, PUT) destination: file://localhost//home/ubuntu/swift-cloud-tutorial/cs553-a2/wordCount-mapreduce/output/7/1.txt
2014-10-23 02:01:36,090+0000 INFO  PutFileHandler Handler(tag: 30, PUT) source: /tmp/swiftwork/wordCount-run002/jobs/t/python-t4ftn7zl/output/0/3.txt
2014-10-23 02:01:36,090+0000 INFO  PutFileHandler Handler(tag: 30, PUT) destination: file://localhost//home/ubuntu/swift-cloud-tutorial/cs553-a2/wordCount-mapreduce/output/0/3.txt
2014-10-23 02:01:36,090+0000 INFO  PutFileHandler Handler(tag: 29, PUT) Transfer done
2014-10-23 02:01:36,090+0000 INFO  PutFileHandler Handler(tag: 31, PUT) source: /tmp/swiftwork/wordCount-run002/jobs/r/python-r4ftn7zl/output/7/6.txt
2014-10-23 02:01:36,090+0000 INFO  PutFileHandler Handler(tag: 31, PUT) destination: file://localhost//home/ubuntu/swift-cloud-tutorial/cs553-a2/wordCount-mapreduce/output/7/6.txt
2014-10-23 02:01:36,090+0000 INFO  PutFileHandler Handler(tag: 30, PUT) Transfer done
2014-10-23 02:01:36,091+0000 INFO  PutFileHandler Handler(tag: 32, PUT) source: /tmp/swiftwork/wordCount-run002/jobs/t/python-t4ftn7zl/output/0/9.txt
2014-10-23 02:01:36,091+0000 INFO  PutFileHandler Handler(tag: 32, PUT) destination: file://localhost//home/ubuntu/swift-cloud-tutorial/cs553-a2/wordCount-mapreduce/output/0/9.txt
2014-10-23 02:01:36,092+0000 INFO  PutFileHandler Handler(tag: 31, PUT) Transfer done
2014-10-23 02:01:36,092+0000 INFO  PutFileHandler Handler(tag: 32, PUT) Transfer done
2014-10-23 02:01:36,092+0000 INFO  PutFileHandler Handler(tag: 33, PUT) source: /tmp/swiftwork/wordCount-run002/jobs/r/python-r4ftn7zl/output/7/13.txt
2014-10-23 02:01:36,092+0000 INFO  PutFileHandler Handler(tag: 33, PUT) destination: file://localhost//home/ubuntu/swift-cloud-tutorial/cs553-a2/wordCount-mapreduce/output/7/13.txt
2014-10-23 02:01:36,092+0000 INFO  PutFileHandler Handler(tag: 34, PUT) source: /tmp/swiftwork/wordCount-run002/jobs/t/python-t4ftn7zl/output/0/14.txt
2014-10-23 02:01:36,092+0000 INFO  PutFileHandler Handler(tag: 34, PUT) destination: file://localhost//home/ubuntu/swift-cloud-tutorial/cs553-a2/wordCount-mapreduce/output/0/14.txt
2014-10-23 02:01:36,093+0000 INFO  PutFileHandler Handler(tag: 35, PUT) source: /tmp/swiftwork/wordCount-run002/jobs/r/python-r4ftn7zl/output/7/10.txt
2014-10-23 02:01:36,093+0000 INFO  PutFileHandler Handler(tag: 35, PUT) destination: file://localhost//home/ubuntu/swift-cloud-tutorial/cs553-a2/wordCount-mapreduce/output/7/10.txt
2014-10-23 02:01:36,093+0000 INFO  PutFileHandler Handler(tag: 33, PUT) Transfer done
2014-10-23 02:01:36,093+0000 INFO  PutFileHandler Handler(tag: 34, PUT) Transfer done
2014-10-23 02:01:36,093+0000 INFO  PutFileHandler Handler(tag: 35, PUT) Transfer done
2014-10-23 02:01:36,093+0000 INFO  PutFileHandler Handler(tag: 36, PUT) source: /tmp/swiftwork/wordCount-run002/jobs/t/python-t4ftn7zl/output/0/12.txt
2014-10-23 02:01:36,093+0000 INFO  PutFileHandler Handler(tag: 36, PUT) destination: file://localhost//home/ubuntu/swift-cloud-tutorial/cs553-a2/wordCount-mapreduce/output/0/12.txt
2014-10-23 02:01:36,094+0000 INFO  PutFileHandler Handler(tag: 37, PUT) source: /tmp/swiftwork/wordCount-run002/jobs/r/python-r4ftn7zl/output/7/0.txt
2014-10-23 02:01:36,094+0000 INFO  PutFileHandler Handler(tag: 37, PUT) destination: file://localhost//home/ubuntu/swift-cloud-tutorial/cs553-a2/wordCount-mapreduce/output/7/0.txt
2014-10-23 02:01:36,094+0000 INFO  PutFileHandler Handler(tag: 38, PUT) source: /tmp/swiftwork/wordCount-run002/jobs/t/python-t4ftn7zl/output/0/7.txt
2014-10-23 02:01:36,095+0000 INFO  PutFileHandler Handler(tag: 38, PUT) destination: file://localhost//home/ubuntu/swift-cloud-tutorial/cs553-a2/wordCount-mapreduce/output/0/7.txt
2014-10-23 02:01:36,095+0000 INFO  PutFileHandler Handler(tag: 39, PUT) source: /tmp/swiftwork/wordCount-run002/jobs/r/python-r4ftn7zl/output/7/5.txt
2014-10-23 02:01:36,095+0000 INFO  PutFileHandler Handler(tag: 39, PUT) destination: file://localhost//home/ubuntu/swift-cloud-tutorial/cs553-a2/wordCount-mapreduce/output/7/5.txt
2014-10-23 02:01:36,095+0000 INFO  PutFileHandler Handler(tag: 36, PUT) Transfer done
2014-10-23 02:01:36,095+0000 INFO  PutFileHandler Handler(tag: 37, PUT) Transfer done
2014-10-23 02:01:36,095+0000 INFO  PutFileHandler Handler(tag: 40, PUT) source: /tmp/swiftwork/wordCount-run002/jobs/t/python-t4ftn7zl/output/0/1.txt
2014-10-23 02:01:36,096+0000 INFO  PutFileHandler Handler(tag: 40, PUT) destination: file://localhost//home/ubuntu/swift-cloud-tutorial/cs553-a2/wordCount-mapreduce/output/0/1.txt
2014-10-23 02:01:36,096+0000 INFO  PutFileHandler Handler(tag: 38, PUT) Transfer done
2014-10-23 02:01:36,096+0000 INFO  PutFileHandler Handler(tag: 39, PUT) Transfer done
2014-10-23 02:01:36,096+0000 INFO  PutFileHandler Handler(tag: 40, PUT) Transfer done
2014-10-23 02:01:36,096+0000 INFO  PutFileHandler Handler(tag: 41, PUT) source: /tmp/swiftwork/wordCount-run002/jobs/r/python-r4ftn7zl/output/7/15.txt
2014-10-23 02:01:36,096+0000 INFO  PutFileHandler Handler(tag: 41, PUT) destination: file://localhost//home/ubuntu/swift-cloud-tutorial/cs553-a2/wordCount-mapreduce/output/7/15.txt
2014-10-23 02:01:36,096+0000 INFO  PutFileHandler Handler(tag: 42, PUT) source: /tmp/swiftwork/wordCount-run002/jobs/t/python-t4ftn7zl/output/0/6.txt
2014-10-23 02:01:36,097+0000 INFO  PutFileHandler Handler(tag: 42, PUT) destination: file://localhost//home/ubuntu/swift-cloud-tutorial/cs553-a2/wordCount-mapreduce/output/0/6.txt
2014-10-23 02:01:36,097+0000 INFO  PutFileHandler Handler(tag: 43, PUT) source: /tmp/swiftwork/wordCount-run002/jobs/r/python-r4ftn7zl/output/7/11.txt
2014-10-23 02:01:36,097+0000 INFO  PutFileHandler Handler(tag: 43, PUT) destination: file://localhost//home/ubuntu/swift-cloud-tutorial/cs553-a2/wordCount-mapreduce/output/7/11.txt
2014-10-23 02:01:36,097+0000 INFO  PutFileHandler Handler(tag: 41, PUT) Transfer done
2014-10-23 02:01:36,097+0000 INFO  PutFileHandler Handler(tag: 42, PUT) Transfer done
2014-10-23 02:01:36,097+0000 INFO  PutFileHandler Handler(tag: 44, PUT) source: /tmp/swiftwork/wordCount-run002/jobs/t/python-t4ftn7zl/output/0/13.txt
2014-10-23 02:01:36,098+0000 INFO  PutFileHandler Handler(tag: 44, PUT) destination: file://localhost//home/ubuntu/swift-cloud-tutorial/cs553-a2/wordCount-mapreduce/output/0/13.txt
2014-10-23 02:01:36,098+0000 INFO  PutFileHandler Handler(tag: 45, PUT) source: /tmp/swiftwork/wordCount-run002/jobs/r/python-r4ftn7zl/output/7/8.txt
2014-10-23 02:01:36,098+0000 INFO  PutFileHandler Handler(tag: 45, PUT) destination: file://localhost//home/ubuntu/swift-cloud-tutorial/cs553-a2/wordCount-mapreduce/output/7/8.txt
2014-10-23 02:01:36,099+0000 INFO  PutFileHandler Handler(tag: 46, PUT) source: /tmp/swiftwork/wordCount-run002/jobs/t/python-t4ftn7zl/output/0/10.txt
2014-10-23 02:01:36,099+0000 INFO  PutFileHandler Handler(tag: 46, PUT) destination: file://localhost//home/ubuntu/swift-cloud-tutorial/cs553-a2/wordCount-mapreduce/output/0/10.txt
2014-10-23 02:01:36,099+0000 INFO  PutFileHandler Handler(tag: 47, PUT) source: /tmp/swiftwork/wordCount-run002/jobs/r/python-r4ftn7zl/output/7/2.txt
2014-10-23 02:01:36,099+0000 INFO  PutFileHandler Handler(tag: 47, PUT) destination: file://localhost//home/ubuntu/swift-cloud-tutorial/cs553-a2/wordCount-mapreduce/output/7/2.txt
2014-10-23 02:01:36,100+0000 INFO  PutFileHandler Handler(tag: 48, PUT) source: /tmp/swiftwork/wordCount-run002/jobs/t/python-t4ftn7zl/output/0/0.txt
2014-10-23 02:01:36,100+0000 INFO  PutFileHandler Handler(tag: 48, PUT) destination: file://localhost//home/ubuntu/swift-cloud-tutorial/cs553-a2/wordCount-mapreduce/output/0/0.txt
2014-10-23 02:01:36,100+0000 INFO  PutFileHandler Handler(tag: 49, PUT) source: /tmp/swiftwork/wordCount-run002/jobs/t/python-t4ftn7zl/output/0/5.txt
2014-10-23 02:01:36,100+0000 INFO  PutFileHandler Handler(tag: 49, PUT) destination: file://localhost//home/ubuntu/swift-cloud-tutorial/cs553-a2/wordCount-mapreduce/output/0/5.txt
2014-10-23 02:01:36,097+0000 INFO  PutFileHandler Handler(tag: 43, PUT) Transfer done
2014-10-23 02:01:36,101+0000 INFO  PutFileHandler Handler(tag: 50, PUT) source: /tmp/swiftwork/wordCount-run002/jobs/t/python-t4ftn7zl/output/0/15.txt
2014-10-23 02:01:36,101+0000 INFO  PutFileHandler Handler(tag: 44, PUT) Transfer done
2014-10-23 02:01:36,101+0000 INFO  PutFileHandler Handler(tag: 50, PUT) destination: file://localhost//home/ubuntu/swift-cloud-tutorial/cs553-a2/wordCount-mapreduce/output/0/15.txt
2014-10-23 02:01:36,101+0000 INFO  PutFileHandler Handler(tag: 45, PUT) Transfer done
2014-10-23 02:01:36,101+0000 INFO  PutFileHandler Handler(tag: 46, PUT) Transfer done
2014-10-23 02:01:36,101+0000 INFO  PutFileHandler Handler(tag: 51, PUT) source: /tmp/swiftwork/wordCount-run002/jobs/t/python-t4ftn7zl/output/0/11.txt
2014-10-23 02:01:36,101+0000 INFO  PutFileHandler Handler(tag: 47, PUT) Transfer done
2014-10-23 02:01:36,101+0000 INFO  PutFileHandler Handler(tag: 51, PUT) destination: file://localhost//home/ubuntu/swift-cloud-tutorial/cs553-a2/wordCount-mapreduce/output/0/11.txt
2014-10-23 02:01:36,101+0000 INFO  PutFileHandler Handler(tag: 48, PUT) Transfer done
2014-10-23 02:01:36,102+0000 INFO  PutFileHandler Handler(tag: 49, PUT) Transfer done
2014-10-23 02:01:36,102+0000 INFO  PutFileHandler Handler(tag: 52, PUT) source: /tmp/swiftwork/wordCount-run002/jobs/t/python-t4ftn7zl/output/0/8.txt
2014-10-23 02:01:36,102+0000 INFO  PutFileHandler Handler(tag: 50, PUT) Transfer done
2014-10-23 02:01:36,102+0000 INFO  PutFileHandler Handler(tag: 52, PUT) destination: file://localhost//home/ubuntu/swift-cloud-tutorial/cs553-a2/wordCount-mapreduce/output/0/8.txt
2014-10-23 02:01:36,102+0000 INFO  PutFileHandler Handler(tag: 51, PUT) Transfer done
2014-10-23 02:01:36,102+0000 INFO  PutFileHandler Handler(tag: 52, PUT) Transfer done
2014-10-23 02:01:36,102+0000 INFO  PutFileHandler Handler(tag: 53, PUT) source: /tmp/swiftwork/wordCount-run002/jobs/t/python-t4ftn7zl/output/0/2.txt
2014-10-23 02:01:36,102+0000 INFO  PutFileHandler Handler(tag: 53, PUT) destination: file://localhost//home/ubuntu/swift-cloud-tutorial/cs553-a2/wordCount-mapreduce/output/0/2.txt
2014-10-23 02:01:36,104+0000 INFO  PutFileHandler Handler(tag: 53, PUT) Transfer done
2014-10-23 02:01:36,175+0000 INFO  LateBindingScheduler jobs queued: 0
2014-10-23 02:01:36,175+0000 INFO  Execute TASK_STATUS_CHANGE taskid=urn:R-4-7-3-1414029693286 status=7
2014-10-23 02:01:36,177+0000 DEBUG swift JOB_END jobid=python-r4ftn7zl
2014-10-23 02:01:36,178+0000 INFO  LateBindingScheduler jobs queued: 0
2014-10-23 02:01:36,178+0000 INFO  Execute TASK_STATUS_CHANGE taskid=urn:R-4-0-3-1414029693292 status=7
2014-10-23 02:01:36,179+0000 DEBUG swift JOB_END jobid=python-t4ftn7zl
2014-10-23 02:01:36,181+0000 DEBUG swift FOREACH_IT_START line=36 thread=R-4-0-4-0
2014-10-23 02:01:36,181+0000 DEBUG swift SCOPE thread=R-4-0-4-0
2014-10-23 02:01:36,181+0000 INFO  swift END_SUCCESS thread=R-4-0-3 tr=python
2014-10-23 02:01:36,182+0000 DEBUG swift PROCEDURE_END line=7 thread=R-4-0-3 name=wordCount
2014-10-23 02:01:36,182+0000 DEBUG swift FOREACH_IT_START line=36 thread=R-4-0-4-1
2014-10-23 02:01:36,182+0000 DEBUG swift SCOPE thread=R-4-0-4-1
2014-10-23 02:01:36,183+0000 INFO  swift END_SUCCESS thread=R-4-7-3 tr=python
2014-10-23 02:01:36,184+0000 DEBUG swift FOREACH_IT_START line=36 thread=R-4-7-4-0
2014-10-23 02:01:36,184+0000 DEBUG swift SCOPE thread=R-4-7-4-0
2014-10-23 02:01:36,186+0000 INFO  Execute TASK_STATUS_CHANGE taskid=urn:R-4-8-3-1414029693287 status=16 workerid=0099:000000
2014-10-23 02:01:36,187+0000 INFO  Loader Swift finished with errors
2014-10-23 02:01:36,187+0000 DEBUG swift PROCEDURE_END line=7 thread=R-4-7-3 name=wordCount
2014-10-23 02:01:36,190+0000 INFO  GetFileHandler Handler(tag: 60, GET) request complete; src=file://localhost//home/ubuntu/swift-cloud-tutorial/cs553-a2/wordCount-mapreduce/input/split-0003
2014-10-23 02:01:36,190+0000 INFO  GetFileHandler Handler(tag: 60, GET) reader: LR-Handler(tag: 60, GET)
2014-10-23 02:01:36,190+0000 INFO  GetFileHandler Handler(tag: 60, GET) sending length: 104139, 1988913297
2014-10-23 02:01:36,190+0000 INFO  ReadBuffer RB-LR-Handler(tag: 60, GET) will ask for 4 buffers for a size of 104139
