Swift trunk git-rev: 2d334140f2c288e5aeb3d354de0ecda35b4b3aac heads/master 6130 (modified locally)
RunID: run002
Warning: The @ syntax for function invocation is deprecated
Progress: Thu, 23 Oct 2014 02:01:35+0000
test
infile location=output/5
infile location=output/8
infile location=output/7
infile location=output/9
reduceNum ofn=output/result-0.txt
reduceNum ofn=output/result-2.txt
reduceNum ofn=output/result-4.txt
reduceNum ofn=output/result-6.txt
reduceNum ofn=output/result-8.txt
reduceNum ofn=output/result-10.txt
reduceNum ofn=output/result-13.txt
reduceNum ofn=output/result-3.txt
reduceNum ofn=output/result-14.txt
reduceNum ofn=output/result-15.txt
reduceNum ofn=output/result-16.txt
infile location=output/0
infile location=output/1
infile location=output/6
infile location=output/3
infile location=output/2
infile location=output/4
infile location=output/10
reduceNum ofn=output/result-1.txt
reduceNum ofn=output/result-5.txt
reduceNum ofn=output/result-7.txt
reduceNum ofn=output/result-9.txt
reduceNum ofn=output/result-11.txt
reduceNum ofn=output/result-12.txt

Execution failed:
Could not convert value to float: "output/0/0.txt"
	swiftscript:toInt @ wordCount, line: 224

