2014-10-23 00:59:33,776+0000 INFO  Loader JAVA Oracle Corporation Java HotSpot(TM) 64-Bit Server VM 1.7.0_51
2014-10-23 00:59:33,781+0000 INFO  Loader VERSION Swift trunk git-rev: 2d334140f2c288e5aeb3d354de0ecda35b4b3aac heads/master 6130 (modified locally)
2014-10-23 00:59:33,781+0000 INFO  Loader RUN_ID run003
2014-10-23 00:59:33,781+0000 INFO  Loader ARGUMENTS [-runid, run003, -logfile, /home/ubuntu/swift-cloud-tutorial/cs553-a2/wordCount-mapreduce/run003/swift.log, wordCount.swift]
2014-10-23 00:59:33,781+0000 INFO  Loader MAX_HEAP 954728448
2014-10-23 00:59:33,781+0000 INFO  Loader GLOBUS_HOSTNAME ip-172-31-3-79
2014-10-23 00:59:33,782+0000 INFO  Loader CWD /home/ubuntu/swift-cloud-tutorial/cs553-a2/wordCount-mapreduce/.
2014-10-23 00:59:33,784+0000 DEBUG Loader SWIFT_CONFIGURATION 
[D] /usr/local/bin/swift-trunk/etc/swift.conf
[R] swift.conf
[C] <Command Line>
{
    TCPPortRange: "50000, 50100"                            # [D] line 27
    alwaysTransferWrapperLog: true                          # [R] line 44
    executionRetries: 0                                     # [R] line 41
    fileOperationsThrottle: 8                               # [D] line 121
    fileTransfersThrottle: 4                                # [D] line 107
    hostJobSubmitThrottle: 2                                # [D] line 95
    jobSubmitThrottle: 4                                    # [D] line 83
    keepSiteDir: true                                       # [R] line 42
    lazyErrors: false                                       # [R] line 40
    logProvenance: false                                    # [D] line 200
    maxForeachThreads: 16384                                # [D] line 194
    providerStagingPinSwiftFiles: false                     # [R] line 43
    replicationEnabled: false                               # [D] line 146
    replicationLimit: 3                                     # [D] line 157
    replicationMinQueueTime: 60                             # [D] line 153
	site {
		cloud-static {
            app.python.executable: "/usr/bin/python"        # [R] line 31
			execution {
                URL: "http://127.0.0.1:50010"               # [R] line 23
                jobManager: "local:local"                   # [R] line 24
				options {
                    maxJobs: 10                             # [R] line 26
                    tasksPerNode: 4                         # [R] line 27
				}
                type: "coaster-persistent"                  # [R] line 22
			}
            filesystem.type: "local"                        # [R] line 35
            initialParallelTasks: 20                        # [R] line 33
            maxParallelTasks: 20                            # [R] line 34
            staging: "local"                                # [R] line 37
            workDirectory: "/tmp/swiftwork"                 # [R] line 36
		}
		local {
            app.f_script.executable: "/home/ubuntu/swift-cloud-tutorial/cs553-a2/wordCount-mapreduce/final.sh"# [C]
			execution {
                URL: "localhost"                            # [R] line 10
                type: "local"                               # [R] line 9
			}
			filesystem {
                URL: "localhost"                            # [R] line 6
                type: "local"                               # [R] line 5
			}
            initialParallelTasks: 31                        # [R] line 17
            maxParallelTasks: 32                            # [R] line 16
            workDirectory: "/tmp/ubuntu/swiftwork"          # [C]
		}
	}
    sites: [local, cloud-static]                            # [R] line 1
    tracingEnabled: false                                   # [D] line 51
}

2014-10-23 00:59:33,787+0000 DEBUG textfiles BEGIN SWIFTSCRIPT:
type file;

file wc_script <"wordCount.py">;
file m_script <"merge.py">;
file f_py <"final.py">;

app (file outfile[]) wordCount (file infile, int index, int reduceNum, file wc_script)
{
    python @wc_script index reduceNum @infile;
}

app (file outfile) merge (file[] infiles, file m_script)
{
    python @m_script @filenames(infiles) stdout=@outfile;
}

app (file outfile) final (file[] infiles, file f_py)
{
    f_script @filenames(infiles) stdout=@outfile;
}

int reduceNum = toInt(arg("reduceNum",   "16"));

file infile[] <filesys_mapper;pattern="split-*", location="input">;

tracef("test\n");

file reduceinfiles[][];

foreach f,i in infile {
//    tracef("%s\n",@f);
    string loc="output/"+@toString(i)+"/";
    tracef("infile location=%s\n",loc);
    file interfiles[] <filesys_mapper; pattern="*", location=loc>;
    interfiles=wordCount(f,i,reduceNum,wc_script);
    foreach ff in interfiles {
        reduceinfiles[@toInt(@ff)][i]=ff;
    }
}

file finalinputs[];

foreach i in [0:reduceNum] {
    string ofn="output/result-"+@toString(i);
    tracef("reduceNum ofn=%s\n",ofn);
    file mfile <single_file_mapper;file=ofn>;
    mfile=merge(reduceinfiles[i],m_script);
    finalinputs[i]=mfile;
}

file ffile <"output/finalresult.txt">;

ffile=merge(finalinputs, f_py);


2014-10-23 00:59:33,787+0000 DEBUG textfiles END SWIFTSCRIPT:
2014-10-23 00:59:33,787+0000 INFO  Loader wordCount.swift: source file is new. Recompiling.
2014-10-23 00:59:34,737+0000 INFO  Warnings Warning: The @ syntax for function invocation is deprecated
2014-10-23 00:59:35,794+0000 INFO  Loader RUN_START
2014-10-23 00:59:35,798+0000 INFO  SwiftExecutor swift.home = /usr/local/bin/swift-trunk
2014-10-23 00:59:35,839+0000 INFO  AbstractScheduler Setting resources to: {cloud-static=cloud-static, local=local}
2014-10-23 00:59:35,852+0000 INFO  GlobalSubmitQueue No global submit throttle set. Using default (1024)
2014-10-23 00:59:35,901+0000 INFO  LateBindingScheduler jobs queued: 0
2014-10-23 00:59:35,902+0000 INFO  LateBindingScheduler jobs queued: 0
2014-10-23 00:59:35,926+0000 INFO  RuntimeStats$ProgressTicker HeapMax: 954728448, CrtHeap: 75497472, UsedHeap: 23211904, JVMThreads: 14
2014-10-23 00:59:35,927+0000 INFO  RuntimeStats$ProgressTicker 
2014-10-23 00:59:35,931+0000 DEBUG swift INTERNALPROC_START thread=R-3 name=tracef
2014-10-23 00:59:35,931+0000 INFO  Tracef test

2014-10-23 00:59:35,931+0000 DEBUG swift INTERNALPROC_END thread=R-3 name=tracef
2014-10-23 00:59:35,933+0000 DEBUG swift PROCEDURE line=12 thread=R-6 name=merge
2014-10-23 00:59:35,939+0000 DEBUG swift FOREACH_IT_START line=43 thread=R-5-0
2014-10-23 00:59:35,939+0000 DEBUG swift SCOPE thread=R-5-0
2014-10-23 00:59:35,939+0000 DEBUG swift FOREACH_IT_START line=30 thread=R-4-0
2014-10-23 00:59:35,939+0000 DEBUG swift SCOPE thread=R-4-0
2014-10-23 00:59:35,940+0000 DEBUG swift FOREACH_IT_START line=30 thread=R-4-1
2014-10-23 00:59:35,940+0000 DEBUG swift SCOPE thread=R-4-1
2014-10-23 00:59:35,940+0000 DEBUG swift FOREACH_IT_START line=30 thread=R-4-3
2014-10-23 00:59:35,940+0000 DEBUG swift SCOPE thread=R-4-3
2014-10-23 00:59:35,941+0000 DEBUG swift FOREACH_IT_START line=30 thread=R-4x2
2014-10-23 00:59:35,941+0000 DEBUG swift SCOPE thread=R-4x2
2014-10-23 00:59:35,941+0000 DEBUG swift FOREACH_IT_START line=30 thread=R-4-5
2014-10-23 00:59:35,941+0000 DEBUG swift SCOPE thread=R-4-5
2014-10-23 00:59:35,941+0000 DEBUG swift FOREACH_IT_START line=30 thread=R-4-6
2014-10-23 00:59:35,941+0000 DEBUG swift SCOPE thread=R-4-6
2014-10-23 00:59:35,941+0000 DEBUG swift FOREACH_IT_START line=30 thread=R-4-7
2014-10-23 00:59:35,941+0000 DEBUG swift SCOPE thread=R-4-7
2014-10-23 00:59:35,941+0000 DEBUG swift FOREACH_IT_START line=30 thread=R-4-8
2014-10-23 00:59:35,941+0000 DEBUG swift SCOPE thread=R-4-8
2014-10-23 00:59:35,941+0000 DEBUG swift FOREACH_IT_START line=30 thread=R-4-9
2014-10-23 00:59:35,941+0000 DEBUG swift SCOPE thread=R-4-9
2014-10-23 00:59:35,941+0000 DEBUG swift FOREACH_IT_START line=30 thread=R-4-10
2014-10-23 00:59:35,941+0000 DEBUG swift SCOPE thread=R-4-10
2014-10-23 00:59:35,942+0000 DEBUG swift INTERNALPROC_START thread=R-5-0-1 name=tracef
2014-10-23 00:59:35,942+0000 DEBUG swift PROCEDURE line=12 thread=R-5-0-2 name=merge
2014-10-23 00:59:35,943+0000 DEBUG swift INTERNALPROC_START thread=R-4-0-1 name=tracef
2014-10-23 00:59:35,944+0000 DEBUG swift PROCEDURE line=7 thread=R-4-0-3 name=wordCount
2014-10-23 00:59:35,940+0000 DEBUG swift FOREACH_IT_START line=30 thread=R-4-2
2014-10-23 00:59:35,944+0000 DEBUG swift SCOPE thread=R-4-2
2014-10-23 00:59:35,944+0000 DEBUG swift INTERNALPROC_START thread=R-4-1x2 name=tracef
2014-10-23 00:59:35,945+0000 INFO  Tracef infile location=output/1/

2014-10-23 00:59:35,945+0000 DEBUG swift INTERNALPROC_END thread=R-4-1x2 name=tracef
2014-10-23 00:59:35,945+0000 DEBUG swift PROCEDURE line=7 thread=R-4-1-3 name=wordCount
2014-10-23 00:59:35,945+0000 DEBUG swift FOREACH_IT_START line=43 thread=R-5-1
2014-10-23 00:59:35,945+0000 DEBUG swift SCOPE thread=R-5-1
2014-10-23 00:59:35,945+0000 DEBUG swift FOREACH_IT_START line=43 thread=R-5-2
2014-10-23 00:59:35,945+0000 DEBUG swift SCOPE thread=R-5-2
2014-10-23 00:59:35,946+0000 DEBUG swift FOREACH_IT_START line=43 thread=R-5-3
2014-10-23 00:59:35,946+0000 DEBUG swift SCOPE thread=R-5-3
2014-10-23 00:59:35,946+0000 DEBUG swift FOREACH_IT_START line=43 thread=R-5-4
2014-10-23 00:59:35,946+0000 DEBUG swift SCOPE thread=R-5-4
2014-10-23 00:59:35,946+0000 DEBUG swift FOREACH_IT_START line=43 thread=R-5x2
2014-10-23 00:59:35,946+0000 DEBUG swift SCOPE thread=R-5x2
2014-10-23 00:59:35,946+0000 DEBUG swift FOREACH_IT_START line=43 thread=R-5-6
2014-10-23 00:59:35,946+0000 DEBUG swift SCOPE thread=R-5-6
2014-10-23 00:59:35,946+0000 DEBUG swift FOREACH_IT_START line=43 thread=R-5-7
2014-10-23 00:59:35,946+0000 DEBUG swift SCOPE thread=R-5-7
2014-10-23 00:59:35,947+0000 DEBUG swift FOREACH_IT_START line=43 thread=R-5-8
2014-10-23 00:59:35,947+0000 DEBUG swift SCOPE thread=R-5-8
2014-10-23 00:59:35,947+0000 DEBUG swift FOREACH_IT_START line=43 thread=R-5-9
2014-10-23 00:59:35,947+0000 DEBUG swift SCOPE thread=R-5-9
2014-10-23 00:59:35,949+0000 DEBUG swift FOREACH_IT_START line=43 thread=R-5-10
2014-10-23 00:59:35,949+0000 DEBUG swift SCOPE thread=R-5-10
2014-10-23 00:59:35,950+0000 DEBUG swift FOREACH_IT_START line=43 thread=R-5-12
2014-10-23 00:59:35,950+0000 DEBUG swift SCOPE thread=R-5-12
2014-10-23 00:59:35,951+0000 DEBUG swift PROCEDURE line=7 thread=R-4-3x2 name=wordCount
2014-10-23 00:59:35,949+0000 DEBUG swift INTERNALPROC_START thread=R-4-3-1 name=tracef
2014-10-23 00:59:35,949+0000 DEBUG swift FOREACH_IT_START line=43 thread=R-5-11
2014-10-23 00:59:35,951+0000 DEBUG swift SCOPE thread=R-5-11
2014-10-23 00:59:35,952+0000 DEBUG swift FOREACH_IT_START line=43 thread=R-5-13
2014-10-23 00:59:35,952+0000 DEBUG swift SCOPE thread=R-5-13
2014-10-23 00:59:35,952+0000 DEBUG swift FOREACH_IT_START line=43 thread=R-5-14
2014-10-23 00:59:35,952+0000 DEBUG swift SCOPE thread=R-5-14
2014-10-23 00:59:35,952+0000 DEBUG swift FOREACH_IT_START line=43 thread=R-5-15
2014-10-23 00:59:35,952+0000 DEBUG swift SCOPE thread=R-5-15
2014-10-23 00:59:35,952+0000 DEBUG swift FOREACH_IT_START line=43 thread=R-5-16
2014-10-23 00:59:35,952+0000 DEBUG swift SCOPE thread=R-5-16
2014-10-23 00:59:35,952+0000 DEBUG swift INTERNALPROC_START thread=R-4x2-1 name=tracef
2014-10-23 00:59:35,952+0000 INFO  Tracef infile location=output/4/

2014-10-23 00:59:35,954+0000 DEBUG swift INTERNALPROC_END thread=R-4x2-1 name=tracef
2014-10-23 00:59:35,954+0000 DEBUG swift PROCEDURE line=7 thread=R-4x2-3 name=wordCount
2014-10-23 00:59:35,954+0000 DEBUG swift INTERNALPROC_START thread=R-4-5-1 name=tracef
2014-10-23 00:59:35,954+0000 INFO  Tracef infile location=output/5/

2014-10-23 00:59:35,954+0000 DEBUG swift PROCEDURE line=7 thread=R-4-5-3 name=wordCount
2014-10-23 00:59:35,954+0000 DEBUG swift INTERNALPROC_END thread=R-4-5-1 name=tracef
2014-10-23 00:59:35,954+0000 DEBUG swift INTERNALPROC_START thread=R-4-6-1 name=tracef
2014-10-23 00:59:35,954+0000 INFO  Tracef infile location=output/6/

2014-10-23 00:59:35,955+0000 DEBUG swift PROCEDURE line=7 thread=R-4-6-3 name=wordCount
2014-10-23 00:59:35,955+0000 DEBUG swift INTERNALPROC_END thread=R-4-6-1 name=tracef
2014-10-23 00:59:35,955+0000 DEBUG swift INTERNALPROC_START thread=R-4-7-1 name=tracef
2014-10-23 00:59:35,955+0000 INFO  Tracef infile location=output/7/

2014-10-23 00:59:35,955+0000 DEBUG swift INTERNALPROC_END thread=R-4-7-1 name=tracef
2014-10-23 00:59:35,955+0000 DEBUG swift INTERNALPROC_START thread=R-4-8-1 name=tracef
2014-10-23 00:59:35,955+0000 INFO  Tracef infile location=output/8/

2014-10-23 00:59:35,955+0000 DEBUG swift INTERNALPROC_END thread=R-4-8-1 name=tracef
2014-10-23 00:59:35,955+0000 DEBUG swift PROCEDURE line=7 thread=R-4-8-3 name=wordCount
2014-10-23 00:59:35,956+0000 DEBUG swift PROCEDURE line=7 thread=R-4-7-3 name=wordCount
2014-10-23 00:59:35,956+0000 DEBUG swift INTERNALPROC_START thread=R-4-9-1 name=tracef
2014-10-23 00:59:35,956+0000 INFO  Tracef infile location=output/9/

2014-10-23 00:59:35,956+0000 DEBUG swift INTERNALPROC_END thread=R-4-9-1 name=tracef
2014-10-23 00:59:35,956+0000 DEBUG swift PROCEDURE line=7 thread=R-4-9-3 name=wordCount
2014-10-23 00:59:35,956+0000 DEBUG swift INTERNALPROC_START thread=R-4-10-1 name=tracef
2014-10-23 00:59:35,957+0000 INFO  Tracef infile location=output/10/

2014-10-23 00:59:35,957+0000 DEBUG swift INTERNALPROC_END thread=R-4-10-1 name=tracef
2014-10-23 00:59:35,957+0000 DEBUG swift PROCEDURE line=7 thread=R-4-10-3 name=wordCount
2014-10-23 00:59:35,957+0000 DEBUG swift INTERNALPROC_START thread=R-4-2-1 name=tracef
2014-10-23 00:59:35,957+0000 INFO  Tracef infile location=output/2/

2014-10-23 00:59:35,957+0000 DEBUG swift INTERNALPROC_END thread=R-4-2-1 name=tracef
2014-10-23 00:59:35,957+0000 DEBUG swift PROCEDURE line=7 thread=R-4-2-3 name=wordCount
2014-10-23 00:59:35,958+0000 INFO  Tracef infile location=output/0/

2014-10-23 00:59:35,958+0000 DEBUG swift INTERNALPROC_END thread=R-4-0-1 name=tracef
2014-10-23 00:59:35,958+0000 DEBUG swift INTERNALPROC_START thread=R-5-1x2 name=tracef
2014-10-23 00:59:35,958+0000 INFO  Tracef reduceNum ofn=output/result-1

2014-10-23 00:59:35,958+0000 DEBUG swift INTERNALPROC_END thread=R-5-1x2 name=tracef
2014-10-23 00:59:35,958+0000 DEBUG swift INTERNALPROC_START thread=R-5-2-1 name=tracef
2014-10-23 00:59:35,958+0000 INFO  Tracef reduceNum ofn=output/result-2

2014-10-23 00:59:35,958+0000 DEBUG swift INTERNALPROC_END thread=R-5-2-1 name=tracef
2014-10-23 00:59:35,958+0000 DEBUG swift PROCEDURE line=12 thread=R-5-1-2 name=merge
2014-10-23 00:59:35,958+0000 DEBUG swift PROCEDURE line=12 thread=R-5-2x2 name=merge
2014-10-23 00:59:35,959+0000 DEBUG swift INTERNALPROC_START thread=R-5-3-1 name=tracef
2014-10-23 00:59:35,959+0000 DEBUG swift PROCEDURE line=12 thread=R-5-3-2 name=merge
2014-10-23 00:59:35,959+0000 DEBUG swift INTERNALPROC_START thread=R-5-4-1 name=tracef
2014-10-23 00:59:35,959+0000 INFO  Tracef reduceNum ofn=output/result-4

2014-10-23 00:59:35,959+0000 DEBUG swift PROCEDURE line=12 thread=R-5-4-2 name=merge
2014-10-23 00:59:35,959+0000 DEBUG swift INTERNALPROC_END thread=R-5-4-1 name=tracef
2014-10-23 00:59:35,959+0000 DEBUG swift INTERNALPROC_START thread=R-5x2-1 name=tracef
2014-10-23 00:59:35,959+0000 INFO  Tracef reduceNum ofn=output/result-5

2014-10-23 00:59:35,959+0000 DEBUG swift INTERNALPROC_END thread=R-5x2-1 name=tracef
2014-10-23 00:59:35,960+0000 DEBUG swift PROCEDURE line=12 thread=R-5x2-2 name=merge
2014-10-23 00:59:35,960+0000 DEBUG swift INTERNALPROC_START thread=R-5-6-1 name=tracef
2014-10-23 00:59:35,960+0000 INFO  Tracef reduceNum ofn=output/result-6

2014-10-23 00:59:35,960+0000 DEBUG swift INTERNALPROC_END thread=R-5-6-1 name=tracef
2014-10-23 00:59:35,960+0000 DEBUG swift PROCEDURE line=12 thread=R-5-6-2 name=merge
2014-10-23 00:59:35,960+0000 DEBUG swift INTERNALPROC_START thread=R-5-7-1 name=tracef
2014-10-23 00:59:35,960+0000 INFO  Tracef reduceNum ofn=output/result-7

2014-10-23 00:59:35,960+0000 DEBUG swift INTERNALPROC_END thread=R-5-7-1 name=tracef
2014-10-23 00:59:35,961+0000 DEBUG swift INTERNALPROC_START thread=R-5-8-1 name=tracef
2014-10-23 00:59:35,961+0000 INFO  Tracef reduceNum ofn=output/result-8

2014-10-23 00:59:35,961+0000 DEBUG swift INTERNALPROC_END thread=R-5-8-1 name=tracef
2014-10-23 00:59:35,961+0000 DEBUG swift PROCEDURE line=12 thread=R-5-7-2 name=merge
2014-10-23 00:59:35,961+0000 DEBUG swift PROCEDURE line=12 thread=R-5-8-2 name=merge
2014-10-23 00:59:35,961+0000 DEBUG swift INTERNALPROC_START thread=R-5-9-1 name=tracef
2014-10-23 00:59:35,961+0000 INFO  Tracef reduceNum ofn=output/result-9

2014-10-23 00:59:35,961+0000 DEBUG swift INTERNALPROC_END thread=R-5-9-1 name=tracef
2014-10-23 00:59:35,961+0000 INFO  Tracef reduceNum ofn=output/result-0

2014-10-23 00:59:35,961+0000 DEBUG swift INTERNALPROC_END thread=R-5-0-1 name=tracef
2014-10-23 00:59:35,961+0000 DEBUG swift PROCEDURE line=12 thread=R-5-9-2 name=merge
2014-10-23 00:59:35,961+0000 DEBUG swift INTERNALPROC_START thread=R-5-10-1 name=tracef
2014-10-23 00:59:35,961+0000 INFO  Tracef reduceNum ofn=output/result-10

2014-10-23 00:59:35,961+0000 DEBUG swift PROCEDURE line=12 thread=R-5-10-2 name=merge
2014-10-23 00:59:35,962+0000 INFO  Tracef infile location=output/3/

2014-10-23 00:59:35,962+0000 DEBUG swift INTERNALPROC_START thread=R-5-12-1 name=tracef
2014-10-23 00:59:35,962+0000 INFO  Tracef reduceNum ofn=output/result-12

2014-10-23 00:59:35,962+0000 DEBUG swift INTERNALPROC_END thread=R-5-12-1 name=tracef
2014-10-23 00:59:35,961+0000 DEBUG swift INTERNALPROC_END thread=R-5-10-1 name=tracef
2014-10-23 00:59:35,962+0000 DEBUG swift PROCEDURE line=12 thread=R-5-12-2 name=merge
2014-10-23 00:59:35,962+0000 DEBUG swift INTERNALPROC_START thread=R-5-11-1 name=tracef
2014-10-23 00:59:35,962+0000 INFO  Tracef reduceNum ofn=output/result-11

2014-10-23 00:59:35,962+0000 DEBUG swift INTERNALPROC_END thread=R-4-3-1 name=tracef
2014-10-23 00:59:35,962+0000 DEBUG swift INTERNALPROC_START thread=R-5-13-1 name=tracef
2014-10-23 00:59:35,963+0000 INFO  Tracef reduceNum ofn=output/result-13

2014-10-23 00:59:35,963+0000 DEBUG swift PROCEDURE line=12 thread=R-5-13-2 name=merge
2014-10-23 00:59:35,963+0000 DEBUG swift INTERNALPROC_END thread=R-5-13-1 name=tracef
2014-10-23 00:59:35,963+0000 DEBUG swift INTERNALPROC_START thread=R-5-14-1 name=tracef
2014-10-23 00:59:35,963+0000 INFO  Tracef reduceNum ofn=output/result-14

2014-10-23 00:59:35,962+0000 DEBUG swift INTERNALPROC_END thread=R-5-11-1 name=tracef
2014-10-23 00:59:35,963+0000 DEBUG swift PROCEDURE line=12 thread=R-5-14-2 name=merge
2014-10-23 00:59:35,963+0000 DEBUG swift INTERNALPROC_START thread=R-5-15-1 name=tracef
2014-10-23 00:59:35,963+0000 DEBUG swift PROCEDURE line=12 thread=R-5-15-2 name=merge
2014-10-23 00:59:35,964+0000 DEBUG swift INTERNALPROC_START thread=R-5-16-1 name=tracef
2014-10-23 00:59:35,964+0000 INFO  Tracef reduceNum ofn=output/result-16

2014-10-23 00:59:35,964+0000 DEBUG swift PROCEDURE line=12 thread=R-5-11-2 name=merge
2014-10-23 00:59:35,964+0000 DEBUG swift PROCEDURE line=12 thread=R-5-16-2 name=merge
2014-10-23 00:59:35,965+0000 INFO  Tracef reduceNum ofn=output/result-15

2014-10-23 00:59:35,965+0000 DEBUG swift INTERNALPROC_END thread=R-5-14-1 name=tracef
2014-10-23 00:59:35,965+0000 DEBUG swift THREAD_ASSOCIATION jobid=python-1sncl7zl thread=R-4-1-3 host=cloud-static replicationGroup=null
2014-10-23 00:59:35,965+0000 DEBUG swift THREAD_ASSOCIATION jobid=python-2sncl7zl thread=R-4x2-3 host=cloud-static replicationGroup=null
2014-10-23 00:59:35,965+0000 DEBUG swift INTERNALPROC_END thread=R-5-15-1 name=tracef
2014-10-23 00:59:35,966+0000 DEBUG swift THREAD_ASSOCIATION jobid=python-3sncl7zl thread=R-4-5-3 host=cloud-static replicationGroup=null
2014-10-23 00:59:35,966+0000 DEBUG swift INTERNALPROC_END thread=R-5-16-1 name=tracef
2014-10-23 00:59:35,966+0000 DEBUG swift THREAD_ASSOCIATION jobid=python-4sncl7zl thread=R-4-6-3 host=cloud-static replicationGroup=null
2014-10-23 00:59:35,968+0000 DEBUG swift JOB_START jobid=python-4sncl7zl tr=python arguments=[wordCount.py, 6, 16, input/split-0010] tmpdir=wordCount-run003/jobs/4/python-4sncl7zl host=cloud-static
2014-10-23 00:59:35,973+0000 DEBUG swift JOB_START jobid=python-1sncl7zl tr=python arguments=[wordCount.py, 1, 16, input/split-0001] tmpdir=wordCount-run003/jobs/1/python-1sncl7zl host=cloud-static
2014-10-23 00:59:35,976+0000 DEBUG swift JOB_START jobid=python-3sncl7zl tr=python arguments=[wordCount.py, 5, 16, input/split-0002] tmpdir=wordCount-run003/jobs/3/python-3sncl7zl host=cloud-static
2014-10-23 00:59:35,981+0000 DEBUG swift JOB_START jobid=python-2sncl7zl tr=python arguments=[wordCount.py, 4, 16, input/split-0009] tmpdir=wordCount-run003/jobs/2/python-2sncl7zl host=cloud-static
2014-10-23 00:59:35,981+0000 INFO  Execute JOB_TASK jobid=python-3sncl7zl taskid=urn:R-4-5-3-1414025973772 exec=/bin/bash dir=wordCount-run003/jobs/3/python-3sncl7zl args=_swiftwrap.staging -e /usr/bin/python -out stdout.txt -err stderr.txt -i -d input|output/5/ -if wordCount.py|input/split-0002 -of  -cf output/5/* -cdmfile  -status provider -a wordCount.py 5 16 input/split-0002
2014-10-23 00:59:35,981+0000 INFO  Execute JOB_TASK jobid=python-2sncl7zl taskid=urn:R-4x2-3-1414025973774 exec=/bin/bash dir=wordCount-run003/jobs/2/python-2sncl7zl args=_swiftwrap.staging -e /usr/bin/python -out stdout.txt -err stderr.txt -i -d input|output/4/ -if wordCount.py|input/split-0009 -of  -cf output/4/* -cdmfile  -status provider -a wordCount.py 4 16 input/split-0009
2014-10-23 00:59:35,982+0000 DEBUG swift THREAD_ASSOCIATION jobid=python-5sncl7zl thread=R-4-8-3 host=cloud-static replicationGroup=null
2014-10-23 00:59:35,982+0000 DEBUG swift JOB_START jobid=python-5sncl7zl tr=python arguments=[wordCount.py, 8, 16, input/split-0003] tmpdir=wordCount-run003/jobs/5/python-5sncl7zl host=cloud-static
2014-10-23 00:59:35,983+0000 INFO  Execute JOB_TASK jobid=python-5sncl7zl taskid=urn:R-4-8-3-1414025973776 exec=/bin/bash dir=wordCount-run003/jobs/5/python-5sncl7zl args=_swiftwrap.staging -e /usr/bin/python -out stdout.txt -err stderr.txt -i -d output/8/||input -if wordCount.py|input/split-0003 -of  -cf output/8/* -cdmfile  -status provider -a wordCount.py 8 16 input/split-0003
2014-10-23 00:59:35,983+0000 DEBUG swift THREAD_ASSOCIATION jobid=python-6sncl7zl thread=R-4-9-3 host=cloud-static replicationGroup=null
2014-10-23 00:59:35,984+0000 DEBUG swift JOB_START jobid=python-6sncl7zl tr=python arguments=[wordCount.py, 9, 16, input/split-0000] tmpdir=wordCount-run003/jobs/6/python-6sncl7zl host=cloud-static
2014-10-23 00:59:35,984+0000 INFO  Execute JOB_TASK jobid=python-6sncl7zl taskid=urn:R-4-9-3-1414025973778 exec=/bin/bash dir=wordCount-run003/jobs/6/python-6sncl7zl args=_swiftwrap.staging -e /usr/bin/python -out stdout.txt -err stderr.txt -i -d input|output/9/ -if wordCount.py|input/split-0000 -of  -cf output/9/* -cdmfile  -status provider -a wordCount.py 9 16 input/split-0000
2014-10-23 00:59:35,984+0000 DEBUG swift THREAD_ASSOCIATION jobid=python-7sncl7zl thread=R-4-7-3 host=cloud-static replicationGroup=null
2014-10-23 00:59:35,985+0000 INFO  Execute JOB_TASK jobid=python-4sncl7zl taskid=urn:R-4-6-3-1414025973780 exec=/bin/bash dir=wordCount-run003/jobs/4/python-4sncl7zl args=_swiftwrap.staging -e /usr/bin/python -out stdout.txt -err stderr.txt -i -d input|output/6/ -if wordCount.py|input/split-0010 -of  -cf output/6/* -cdmfile  -status provider -a wordCount.py 6 16 input/split-0010
2014-10-23 00:59:35,985+0000 DEBUG swift THREAD_ASSOCIATION jobid=python-8sncl7zl thread=R-4-10-3 host=cloud-static replicationGroup=null
2014-10-23 00:59:35,986+0000 DEBUG swift JOB_START jobid=python-8sncl7zl tr=python arguments=[wordCount.py, 10, 16, input/split-0007] tmpdir=wordCount-run003/jobs/8/python-8sncl7zl host=cloud-static
2014-10-23 00:59:35,986+0000 INFO  Execute JOB_TASK jobid=python-8sncl7zl taskid=urn:R-4-10-3-1414025973782 exec=/bin/bash dir=wordCount-run003/jobs/8/python-8sncl7zl args=_swiftwrap.staging -e /usr/bin/python -out stdout.txt -err stderr.txt -i -d input|output/10/ -if wordCount.py|input/split-0007 -of  -cf output/10/* -cdmfile  -status provider -a wordCount.py 10 16 input/split-0007
2014-10-23 00:59:35,987+0000 DEBUG swift THREAD_ASSOCIATION jobid=python-9sncl7zl thread=R-4-2-3 host=cloud-static replicationGroup=null
2014-10-23 00:59:35,987+0000 DEBUG swift JOB_START jobid=python-9sncl7zl tr=python arguments=[wordCount.py, 2, 16, input/split-0008] tmpdir=wordCount-run003/jobs/9/python-9sncl7zl host=cloud-static
2014-10-23 00:59:35,987+0000 DEBUG swift JOB_START jobid=python-7sncl7zl tr=python arguments=[wordCount.py, 7, 16, input/split-0004] tmpdir=wordCount-run003/jobs/7/python-7sncl7zl host=cloud-static
2014-10-23 00:59:35,988+0000 INFO  Execute JOB_TASK jobid=python-7sncl7zl taskid=urn:R-4-7-3-1414025973784 exec=/bin/bash dir=wordCount-run003/jobs/7/python-7sncl7zl args=_swiftwrap.staging -e /usr/bin/python -out stdout.txt -err stderr.txt -i -d input|output/7/ -if wordCount.py|input/split-0004 -of  -cf output/7/* -cdmfile  -status provider -a wordCount.py 7 16 input/split-0004
2014-10-23 00:59:35,988+0000 DEBUG swift THREAD_ASSOCIATION jobid=python-asncl7zl thread=R-4-0-3 host=cloud-static replicationGroup=null
2014-10-23 00:59:35,988+0000 DEBUG swift JOB_START jobid=python-asncl7zl tr=python arguments=[wordCount.py, 0, 16, input/split-0005] tmpdir=wordCount-run003/jobs/a/python-asncl7zl host=cloud-static
2014-10-23 00:59:35,989+0000 INFO  Execute TASK_STATUS_CHANGE taskid=urn:R-4-5-3-1414025973772 status=8
2014-10-23 00:59:35,993+0000 INFO  Execute TASK_STATUS_CHANGE taskid=urn:R-4-8-3-1414025973776 status=8
2014-10-23 00:59:35,996+0000 INFO  Execute JOB_TASK jobid=python-9sncl7zl taskid=urn:R-4-2-3-1414025973788 exec=/bin/bash dir=wordCount-run003/jobs/9/python-9sncl7zl args=_swiftwrap.staging -e /usr/bin/python -out stdout.txt -err stderr.txt -i -d input|output/2/ -if wordCount.py|input/split-0008 -of  -cf output/2/* -cdmfile  -status provider -a wordCount.py 2 16 input/split-0008
2014-10-23 00:59:35,996+0000 INFO  Execute JOB_TASK jobid=python-1sncl7zl taskid=urn:R-4-1-3-1414025973787 exec=/bin/bash dir=wordCount-run003/jobs/1/python-1sncl7zl args=_swiftwrap.staging -e /usr/bin/python -out stdout.txt -err stderr.txt -i -d input|output/1/ -if wordCount.py|input/split-0001 -of  -cf output/1/* -cdmfile  -status provider -a wordCount.py 1 16 input/split-0001
2014-10-23 00:59:35,996+0000 INFO  Tracef reduceNum ofn=output/result-3

2014-10-23 00:59:35,996+0000 INFO  Execute JOB_TASK jobid=python-asncl7zl taskid=urn:R-4-0-3-1414025973790 exec=/bin/bash dir=wordCount-run003/jobs/a/python-asncl7zl args=_swiftwrap.staging -e /usr/bin/python -out stdout.txt -err stderr.txt -i -d input|output/0/ -if input/split-0005|wordCount.py -of  -cf output/0/* -cdmfile  -status provider -a wordCount.py 0 16 input/split-0005
2014-10-23 00:59:35,996+0000 DEBUG swift INTERNALPROC_END thread=R-5-3-1 name=tracef
2014-10-23 00:59:35,996+0000 DEBUG swift THREAD_ASSOCIATION jobid=python-bsncl7zl thread=R-4-3x2 host=cloud-static replicationGroup=null
2014-10-23 00:59:35,997+0000 DEBUG swift JOB_START jobid=python-bsncl7zl tr=python arguments=[wordCount.py, 3, 16, input/split-0006] tmpdir=wordCount-run003/jobs/b/python-bsncl7zl host=cloud-static
2014-10-23 00:59:35,997+0000 INFO  Execute JOB_TASK jobid=python-bsncl7zl taskid=urn:R-4-3x2-1414025973792 exec=/bin/bash dir=wordCount-run003/jobs/b/python-bsncl7zl args=_swiftwrap.staging -e /usr/bin/python -out stdout.txt -err stderr.txt -i -d input|output/3/ -if input/split-0006|wordCount.py -of  -cf output/3/* -cdmfile  -status provider -a wordCount.py 3 16 input/split-0006
2014-10-23 00:59:36,020+0000 INFO  AbstractCoasterChannel TCPChannel[client, http://127.0.0.1:50010] setting name to http://127.0.0.1:50010
2014-10-23 00:59:36,026+0000 INFO  AbstractTCPChannel http://127.0.0.1:50010: channel started
2014-10-23 00:59:36,028+0000 INFO  AbstractCoasterChannel Timeout check started for http://127.0.0.1:50010
2014-10-23 00:59:36,030+0000 INFO  AbstractStreamCoasterChannel Using NIO sender for http://127.0.0.1:50010
2014-10-23 00:59:36,067+0000 INFO  Execute TASK_STATUS_CHANGE taskid=urn:R-4-9-3-1414025973778 status=8
2014-10-23 00:59:36,067+0000 INFO  Execute TASK_STATUS_CHANGE taskid=urn:R-4-6-3-1414025973780 status=8
2014-10-23 00:59:36,068+0000 INFO  Execute TASK_STATUS_CHANGE taskid=urn:R-4-10-3-1414025973782 status=8
2014-10-23 00:59:36,068+0000 INFO  Execute TASK_STATUS_CHANGE taskid=urn:R-4-7-3-1414025973784 status=8
2014-10-23 00:59:36,068+0000 INFO  Execute TASK_STATUS_CHANGE taskid=urn:R-4x2-3-1414025973774 status=8
2014-10-23 00:59:36,069+0000 INFO  Execute TASK_STATUS_CHANGE taskid=urn:R-4-2-3-1414025973788 status=8
2014-10-23 00:59:36,069+0000 INFO  Execute TASK_STATUS_CHANGE taskid=urn:R-4-1-3-1414025973787 status=8
2014-10-23 00:59:36,071+0000 INFO  Execute TASK_STATUS_CHANGE taskid=urn:R-4-0-3-1414025973790 status=8
2014-10-23 00:59:36,072+0000 INFO  Execute TASK_STATUS_CHANGE taskid=urn:R-4-3x2-1414025973792 status=8
2014-10-23 00:59:36,161+0000 INFO  Execute TASK_STATUS_CHANGE taskid=urn:R-4-5-3-1414025973772 status=1
2014-10-23 00:59:36,161+0000 INFO  Execute TASK_STATUS_CHANGE taskid=urn:R-4-9-3-1414025973778 status=1
2014-10-23 00:59:36,161+0000 INFO  Execute TASK_STATUS_CHANGE taskid=urn:R-4-6-3-1414025973780 status=1
2014-10-23 00:59:36,161+0000 INFO  Execute TASK_STATUS_CHANGE taskid=urn:R-4-10-3-1414025973782 status=1
2014-10-23 00:59:36,162+0000 INFO  Execute TASK_STATUS_CHANGE taskid=urn:R-4-7-3-1414025973784 status=1
2014-10-23 00:59:36,162+0000 INFO  Execute TASK_STATUS_CHANGE taskid=urn:R-4x2-3-1414025973774 status=1
2014-10-23 00:59:36,162+0000 INFO  Execute TASK_STATUS_CHANGE taskid=urn:R-4-8-3-1414025973776 status=1
2014-10-23 00:59:36,162+0000 INFO  Execute TASK_STATUS_CHANGE taskid=urn:R-4-2-3-1414025973788 status=1
2014-10-23 00:59:36,162+0000 INFO  Execute TASK_STATUS_CHANGE taskid=urn:R-4-0-3-1414025973790 status=1
2014-10-23 00:59:36,164+0000 INFO  Execute TASK_STATUS_CHANGE taskid=urn:R-4-3x2-1414025973792 status=1
2014-10-23 00:59:36,164+0000 INFO  Execute TASK_STATUS_CHANGE taskid=urn:R-4-1-3-1414025973787 status=1
2014-10-23 00:59:36,165+0000 INFO  Execute TASK_STATUS_CHANGE taskid=urn:R-4-5-3-1414025973772 status=16 workerid=0099:000000
2014-10-23 00:59:36,167+0000 INFO  GetFileHandler Handler(tag: 5, GET) request complete; src=file://localhost//home/ubuntu/swift-cloud-tutorial/cs553-a2/wordCount-mapreduce/input/split-0002
2014-10-23 00:59:36,171+0000 INFO  GetFileHandler Handler(tag: 5, GET) reader: LR-Handler(tag: 5, GET)
2014-10-23 00:59:36,171+0000 INFO  GetFileHandler Handler(tag: 5, GET) sending length: 99447, 798167714
2014-10-23 00:59:36,178+0000 INFO  ReadBuffer RB-LR-Handler(tag: 5, GET) will ask for 4 buffers for a size of 99447
2014-10-23 00:59:36,179+0000 INFO  ReadBuffer RB-LR-Handler(tag: 5, GET) actual allocated buffers 4(0 queued)
2014-10-23 00:59:36,179+0000 INFO  LocalIOProvider LR-Handler(tag: 5, GET) rbuf: RB-LR-Handler(tag: 5, GET)
2014-10-23 00:59:36,180+0000 INFO  Execute TASK_STATUS_CHANGE taskid=urn:R-4-9-3-1414025973778 status=16 workerid=0099:000000
2014-10-23 00:59:36,180+0000 INFO  GetFileHandler Handler(tag: 5, GET) unregistering (last)
2014-10-23 00:59:36,181+0000 INFO  ReadBuffer RB-LR-Handler(tag: -1, GET) de-allocating 4 buffers
2014-10-23 00:59:36,180+0000 INFO  GetFileHandler Handler(tag: 8, GET) request complete; src=file://localhost//home/ubuntu/swift-cloud-tutorial/cs553-a2/wordCount-mapreduce/input/split-0000
2014-10-23 00:59:36,181+0000 INFO  GetFileHandler Handler(tag: 8, GET) reader: LR-Handler(tag: 8, GET)
2014-10-23 00:59:36,181+0000 INFO  GetFileHandler Handler(tag: 8, GET) sending length: 105405, 1009313191
2014-10-23 00:59:36,181+0000 INFO  ReadBuffer RB-LR-Handler(tag: 8, GET) will ask for 4 buffers for a size of 105405
2014-10-23 00:59:36,181+0000 INFO  ReadBuffer RB-LR-Handler(tag: 8, GET) actual allocated buffers 4(0 queued)
2014-10-23 00:59:36,181+0000 INFO  LocalIOProvider LR-Handler(tag: 8, GET) rbuf: RB-LR-Handler(tag: 8, GET)
2014-10-23 00:59:36,182+0000 INFO  GetFileHandler Handler(tag: 8, GET) unregistering (last)
2014-10-23 00:59:36,182+0000 INFO  ReadBuffer RB-LR-Handler(tag: -1, GET) de-allocating 4 buffers
2014-10-23 00:59:36,249+0000 INFO  GetFileHandler Handler(tag: 9, GET) request complete; src=file://localhost//home/ubuntu/swift-cloud-tutorial/cs553-a2/wordCount-mapreduce/wordCount.py
2014-10-23 00:59:36,249+0000 INFO  GetFileHandler Handler(tag: 9, GET) reader: LR-Handler(tag: 9, GET)
2014-10-23 00:59:36,249+0000 INFO  GetFileHandler Handler(tag: 9, GET) sending length: 950, 438575362
2014-10-23 00:59:36,249+0000 INFO  ReadBuffer RB-LR-Handler(tag: 9, GET) will ask for 1 buffers for a size of 950
2014-10-23 00:59:36,249+0000 INFO  ReadBuffer RB-LR-Handler(tag: 9, GET) actual allocated buffers 1(0 queued)
2014-10-23 00:59:36,249+0000 INFO  LocalIOProvider LR-Handler(tag: 9, GET) rbuf: RB-LR-Handler(tag: 9, GET)
2014-10-23 00:59:36,250+0000 INFO  GetFileHandler Handler(tag: 10, GET) request complete; src=file://localhost//home/ubuntu/swift-cloud-tutorial/cs553-a2/wordCount-mapreduce/wordCount.py
2014-10-23 00:59:36,250+0000 INFO  GetFileHandler Handler(tag: 10, GET) reader: LR-Handler(tag: 10, GET)
2014-10-23 00:59:36,250+0000 INFO  GetFileHandler Handler(tag: 10, GET) sending length: 950, 110742387
2014-10-23 00:59:36,250+0000 INFO  ReadBuffer RB-LR-Handler(tag: 10, GET) will ask for 1 buffers for a size of 950
2014-10-23 00:59:36,250+0000 INFO  ReadBuffer RB-LR-Handler(tag: 10, GET) actual allocated buffers 1(0 queued)
2014-10-23 00:59:36,250+0000 INFO  LocalIOProvider LR-Handler(tag: 10, GET) rbuf: RB-LR-Handler(tag: 10, GET)
2014-10-23 00:59:36,251+0000 INFO  GetFileHandler Handler(tag: 9, GET) unregistering (last)
2014-10-23 00:59:36,251+0000 INFO  ReadBuffer RB-LR-Handler(tag: -1, GET) de-allocating 1 buffers
2014-10-23 00:59:36,251+0000 INFO  GetFileHandler Handler(tag: 10, GET) unregistering (last)
2014-10-23 00:59:36,251+0000 INFO  ReadBuffer RB-LR-Handler(tag: -1, GET) de-allocating 1 buffers
2014-10-23 00:59:36,345+0000 INFO  GetFileHandler Handler(tag: 11, GET) request complete; src=file://localhost//usr/local/bin/swift-trunk/libexec/_swiftwrap.staging
2014-10-23 00:59:36,345+0000 INFO  GetFileHandler Handler(tag: 11, GET) reader: LR-Handler(tag: 11, GET)
2014-10-23 00:59:36,345+0000 INFO  GetFileHandler Handler(tag: 11, GET) sending length: 6253, 1259325905
2014-10-23 00:59:36,345+0000 INFO  ReadBuffer RB-LR-Handler(tag: 11, GET) will ask for 1 buffers for a size of 6253
2014-10-23 00:59:36,345+0000 INFO  ReadBuffer RB-LR-Handler(tag: 11, GET) actual allocated buffers 1(0 queued)
2014-10-23 00:59:36,345+0000 INFO  LocalIOProvider LR-Handler(tag: 11, GET) rbuf: RB-LR-Handler(tag: 11, GET)
2014-10-23 00:59:36,346+0000 INFO  GetFileHandler Handler(tag: 12, GET) request complete; src=file://localhost//usr/local/bin/swift-trunk/libexec/_swiftwrap.staging
2014-10-23 00:59:36,346+0000 INFO  GetFileHandler Handler(tag: 12, GET) reader: LR-Handler(tag: 12, GET)
2014-10-23 00:59:36,346+0000 INFO  GetFileHandler Handler(tag: 12, GET) sending length: 6253, 421071733
2014-10-23 00:59:36,346+0000 INFO  ReadBuffer RB-LR-Handler(tag: 12, GET) will ask for 1 buffers for a size of 6253
2014-10-23 00:59:36,346+0000 INFO  ReadBuffer RB-LR-Handler(tag: 12, GET) actual allocated buffers 1(0 queued)
2014-10-23 00:59:36,346+0000 INFO  LocalIOProvider LR-Handler(tag: 12, GET) rbuf: RB-LR-Handler(tag: 12, GET)
2014-10-23 00:59:36,346+0000 INFO  GetFileHandler Handler(tag: 11, GET) unregistering (last)
2014-10-23 00:59:36,346+0000 INFO  ReadBuffer RB-LR-Handler(tag: -1, GET) de-allocating 1 buffers
2014-10-23 00:59:36,346+0000 INFO  GetFileHandler Handler(tag: 12, GET) unregistering (last)
2014-10-23 00:59:36,346+0000 INFO  ReadBuffer RB-LR-Handler(tag: -1, GET) de-allocating 1 buffers
2014-10-23 00:59:36,437+0000 INFO  Execute TASK_STATUS_CHANGE taskid=urn:R-4-5-3-1414025973772 status=2 workerid=0099:000000
2014-10-23 00:59:36,438+0000 INFO  Execute TASK_STATUS_CHANGE taskid=urn:R-4-9-3-1414025973778 status=2 workerid=0099:000000
2014-10-23 00:59:36,529+0000 INFO  Execute TASK_STATUS_CHANGE taskid=urn:R-4-9-3-1414025973778 status=17
2014-10-23 00:59:36,530+0000 INFO  PutFileHandler Handler(tag: 16, PUT) source: /tmp/swiftwork/wordCount-run003/jobs/6/python-6sncl7zl/stderr.txt
2014-10-23 00:59:36,530+0000 INFO  PutFileHandler Handler(tag: 16, PUT) destination: file://localhost/run003/wordCount-run003.d/python-6sncl7zl.stderr
2014-10-23 00:59:36,532+0000 INFO  PutFileHandler Handler(tag: 16, PUT) Transfer done
2014-10-23 00:59:36,532+0000 INFO  Execute TASK_STATUS_CHANGE taskid=urn:R-4-9-3-1414025973778 status=5 Block task failed: Connection to worker lost
java.io.EOFException
	at org.globus.cog.coaster.channels.AbstractStreamCoasterChannel.readFromChannel(AbstractStreamCoasterChannel.java:253)
	at org.globus.cog.coaster.channels.AbstractStreamCoasterChannel.stepNIO(AbstractStreamCoasterChannel.java:186)
	at org.globus.cog.coaster.channels.NIOMultiplexer.loop(NIOMultiplexer.java:116)
	at org.globus.cog.coaster.channels.NIOMultiplexer.run(NIOMultiplexer.java:75)

2014-10-23 00:59:36,533+0000 INFO  Execute TASK_STATUS_CHANGE taskid=urn:R-4-5-3-1414025973772 status=5 Block task failed: Connection to worker lost
java.io.EOFException
	at org.globus.cog.coaster.channels.AbstractStreamCoasterChannel.readFromChannel(AbstractStreamCoasterChannel.java:253)
	at org.globus.cog.coaster.channels.AbstractStreamCoasterChannel.stepNIO(AbstractStreamCoasterChannel.java:186)
	at org.globus.cog.coaster.channels.NIOMultiplexer.loop(NIOMultiplexer.java:116)
	at org.globus.cog.coaster.channels.NIOMultiplexer.run(NIOMultiplexer.java:75)

2014-10-23 00:59:36,534+0000 INFO  LateBindingScheduler jobs queued: 0
2014-10-23 00:59:36,534+0000 INFO  LateBindingScheduler jobs queued: 0
2014-10-23 00:59:36,535+0000 INFO  LateBindingScheduler jobs queued: 0
2014-10-23 00:59:36,535+0000 INFO  ResourceUpdateHandler job-capacity: 2
2014-10-23 00:59:36,535+0000 DEBUG swift APPLICATION_EXCEPTION jobid=python-6sncl7zl - Application exception: 

------- Application STDERR --------
Traceback (most recent call last):
  File "wordCount.py", line 19, in <module>
    if not os.path.exist(filePath):
AttributeError: 'module' object has no attribute 'exist'
-----------------------------------

	exception @ swift-int-staging.k, line: 163
Caused by: Block task failed: Connection to worker lost
java.io.EOFException
	at org.globus.cog.coaster.channels.AbstractStreamCoasterChannel.readFromChannel(AbstractStreamCoasterChannel.java:253)
	at org.globus.cog.coaster.channels.AbstractStreamCoasterChannel.stepNIO(AbstractStreamCoasterChannel.java:186)
	at org.globus.cog.coaster.channels.NIOMultiplexer.loop(NIOMultiplexer.java:116)
	at org.globus.cog.coaster.channels.NIOMultiplexer.run(NIOMultiplexer.java:75)


2014-10-23 00:59:36,536+0000 INFO  swift END_FAILURE thread=R-4-9-3 tr=python
2014-10-23 00:59:36,541+0000 INFO  LateBindingScheduler jobs queued: 0
2014-10-23 00:59:36,545+0000 INFO  Loader Swift finished with errors
2014-10-23 00:59:36,546+0000 INFO  LateBindingScheduler jobs queued: 0
2014-10-23 00:59:36,546+0000 DEBUG swift APPLICATION_EXCEPTION jobid=python-3sncl7zl - Application exception: 
	exception @ swift-int-staging.k, line: 163
Caused by: Block task failed: Connection to worker lost
java.io.EOFException
	at org.globus.cog.coaster.channels.AbstractStreamCoasterChannel.readFromChannel(AbstractStreamCoasterChannel.java:253)
	at org.globus.cog.coaster.channels.AbstractStreamCoasterChannel.stepNIO(AbstractStreamCoasterChannel.java:186)
	at org.globus.cog.coaster.channels.NIOMultiplexer.loop(NIOMultiplexer.java:116)
	at org.globus.cog.coaster.channels.NIOMultiplexer.run(NIOMultiplexer.java:75)


2014-10-23 00:59:36,546+0000 INFO  swift END_FAILURE thread=R-4-5-3 tr=python
2014-10-23 00:59:36,547+0000 INFO  RemoteLogHandler WORKER_LOST blockid=0099 id=000000
