checking for paramfile
no paramfile: using command line arguments
Progress  2014-10-23 04:59:38.449285885+0000  LOG_START

_____________________________________________________________________________

        Wrapper (_swiftwrap.staging)
_____________________________________________________________________________

python -out stdout.txt -err stderr.txt -i -d /s3/wordCount-s3fs-mapreduce/output/9|/s3/wordCount-s3fs-mapreduce/input -if /s3/wordCount-s3fs-mapreduce/input/split-0009 -of -cf /s3/wordCount-s3fs-mapreduce/output/9/*.txt -cdmfile -status provider -a /s3/wordCount-s3fs-mapreduce/wordCount.py 9 16 /s3/wordCount-s3fs-mapreduce/input/split-0009
PWD=/s3/wordCount-s3fs-mapreduce/wordCount-run003/jobs/y/python-ys8yu7zl
EXEC=/usr/bin/python
STDIN=
STDOUT=stdout.txt
STDERR=stderr.txt
DIRS=/s3/wordCount-s3fs-mapreduce/output/9|/s3/wordCount-s3fs-mapreduce/input
INF=/s3/wordCount-s3fs-mapreduce/input/split-0009
OUTF=
COLLECT=/s3/wordCount-s3fs-mapreduce/output/9/*.txt
ARGS=/s3/wordCount-s3fs-mapreduce/wordCount.py 9 16 /s3/wordCount-s3fs-mapreduce/input/split-0009
ARGC=4
Progress  2014-10-23 04:59:39.075231070+0000  CREATE_INPUTDIR
Created output directory: /s3/wordCount-s3fs-mapreduce/output/9
Created output directory: /s3/wordCount-s3fs-mapreduce/input
Progress  2014-10-23 04:59:39.514301269+0000  EXECUTE
Progress  2014-10-23 04:59:44.760825744+0000  COLLECT
Collect list is /s3/wordCount-s3fs-mapreduce/output/9/*.txt
Collecting /s3/wordCount-s3fs-mapreduce/output/9/*.txt
Progress  2014-10-23 04:59:45.139303489+0000  EXECUTE_DONE
Job ran successfully
Progress  2014-10-23 04:59:45.194606031+0000  END
